#
# A fatal error has been detected by the Java Runtime Environment:
#
#  SIGSEGV (0xb) at pc=0x00007f23875b29cc, pid=7612, tid=139792134481664
#
# JRE version: OpenJDK Runtime Environment (8.0_45-b14) (build 1.8.0_45-b14)
# Java VM: OpenJDK 64-Bit Server VM (25.45-b02 mixed mode linux-amd64 compressed oops)
# Problematic frame:
# C  [i965_dri.so+0x39c9cc]
#
# Failed to write core dump. Core dumps have been disabled. To enable core dumping, try "ulimit -c unlimited" before starting Java again
#
# If you would like to submit a bug report, please visit:
#   http://bugreport.java.com/bugreport/crash.jsp
# The crash happened outside the Java Virtual Machine in native code.
# See problematic frame for where to report the bug.
#

---------------  T H R E A D  ---------------

Current thread (0x00007f23dc008800):  JavaThread "main" [_thread_in_native, id=7617, stack(0x00007f23e474a000,0x00007f23e484b000)]

siginfo: si_signo: 11 (SIGSEGV), si_code: 1 (SEGV_MAPERR), si_addr: 0x0000000000000208

Registers:
RAX=0x0000000000000000, RBX=0x00007f23dc41ea70, RCX=0x0000000000000001, RDX=0x0000000000000006
RSP=0x00007f23e4849610, RBP=0x00007f23dc6f01f8, RSI=0x00007f23dc3e20b0, RDI=0x00007f23dc6f01f8
R8 =0x0000000000000001, R9 =0x0000000000000010, R10=0x000000000000000b, R11=0x000000005f991000
R12=0x0000000000000001, R13=0x00007f23dc3e20b0, R14=0x00007f23dc3e2470, R15=0x00007f23dc41eb30
RIP=0x00007f23875b29cc, EFLAGS=0x0000000000010202, CSGSFS=0x0000000000000033, ERR=0x0000000000000004
  TRAPNO=0x000000000000000e

Top of Stack: (sp=0x00007f23e4849610)
0x00007f23e4849610:   0000000000000000 00000000dc2678f0
0x00007f23e4849620:   00007f23dc3e2498 00007f23dc6f1b30
0x00007f23e4849630:   0000000200000002 00007f2387359338
0x00007f23e4849640:   0000000000000001 0000000000000000
0x00007f23e4849650:   00007f23dc6f01f8 0000000000004000
0x00007f23e4849660:   0000000000000000 00007f23876055ab
0x00007f23e4849670:   00007f23e4849670 0000000100000000
0x00007f23e4849680:   00007f23dc6f01f8 85fe15f37501d600
0x00007f23e4849690:   0000000000000000 00007f23dc6f01f8
0x00007f23e48496a0:   0000000000000002 0000000000000000
0x00007f23e48496b0:   00007f23dc3e20b0 0000000000000002
0x00007f23e48496c0:   00007f23dc41eb30 00007f238753e0cc
0x00007f23e48496d0:   00ffffffdc6f01fc 00007f23dc522b60
0x00007f23e48496e0:   00007f23e4849758 00007f23e0f36e98
0x00007f23e48496f0:   00007f23e4849780 0000000000000000
0x00007f23e4849700:   00007f23e0f36e98 00007f23e48497b0
0x00007f23e4849710:   00007f23dc008800 00007f23cd0156d4
0x00007f23e4849720:   00007f23844d6e47 00007f23e4849780
0x00007f23e4849730:   00007f23844d73e8 0000000000000000
0x00007f23e4849740:   00007f23e4849740 0000000000000000
0x00007f23e4849750:   00007f23e48497b0 00007f23e0f53c28
0x00007f23e4849760:   0000000000000000 00007f23e0f36e98
0x00007f23e4849770:   0000000000000000 00007f23e48497a0
0x00007f23e4849780:   00007f23e48497f8 00007f23cd00798d
0x00007f23e4849790:   00000000ed33ea28 00007f23cd00f2b8
0x00007f23e48497a0:   00007f23bdb36280 00007f23bdb36280
0x00007f23e48497b0:   0000000000004100 00007f23e48497b8
0x00007f23e48497c0:   00007f23e0f36dd7 00007f23e4849820
0x00007f23e48497d0:   00007f23e0f53c28 0000000000000000
0x00007f23e48497e0:   00007f23e0f36e10 00007f23e48497a0
0x00007f23e48497f0:   00007f23e4849820 00007f23e4849868
0x00007f23e4849800:   00007f23cd00798d 00007f23bdb36280 

Instructions: (pc=0x00007f23875b29cc)
0x00007f23875b29ac:   44 24 24 89 44 24 20 0f 84 9f 02 00 00 48 8b 83
0x00007f23875b29bc:   88 00 00 00 8b 95 c8 3f 02 00 41 bc 01 00 00 00
0x00007f23875b29cc:   8b 88 08 02 00 00 85 c9 74 0a 45 31 e4 83 fa 06
0x00007f23875b29dc:   41 0f 9e c4 80 7c 24 33 00 8b 70 14 ba 01 00 00 

Register to memory mapping:

RAX=0x0000000000000000 is an unknown value
RBX=0x00007f23dc41ea70 is an unknown value
RCX=0x0000000000000001 is an unknown value
RDX=0x0000000000000006 is an unknown value
RSP=0x00007f23e4849610 is pointing into the stack for thread: 0x00007f23dc008800
RBP=0x00007f23dc6f01f8 is an unknown value
RSI=0x00007f23dc3e20b0 is an unknown value
RDI=0x00007f23dc6f01f8 is an unknown value
R8 =0x0000000000000001 is an unknown value
R9 =0x0000000000000010 is an unknown value
R10=0x000000000000000b is an unknown value
R11=0x000000005f991000 is an unknown value
R12=0x0000000000000001 is an unknown value
R13=0x00007f23dc3e20b0 is an unknown value
R14=0x00007f23dc3e2470 is an unknown value
R15=0x00007f23dc41eb30 is an unknown value


Stack: [0x00007f23e474a000,0x00007f23e484b000],  sp=0x00007f23e4849610,  free space=1021k
Native frames: (J=compiled Java code, j=interpreted, Vv=VM code, C=native code)
C  [i965_dri.so+0x39c9cc]

Java frames: (J=compiled Java code, j=interpreted, Vv=VM code)
j  org.lwjgl.opengl.GL11.nglClear(IJ)V+0
j  org.lwjgl.opengl.GL11.glClear(I)V+15
j  org.newdawn.slick.opengl.renderer.ImmediateModeOGLRenderer.glClear(I)V+1
j  org.newdawn.slick.GameContainer.updateAndRender(I)V+259
j  org.newdawn.slick.AppGameContainer.gameLoop()V+33
j  org.newdawn.slick.AppGameContainer.start()V+17
j  driver.Driver.main([Ljava/lang/String;)V+82
v  ~StubRoutines::call_stub

---------------  P R O C E S S  ---------------

Java Threads: ( => current thread )
  0x00007f23dc9e2000 JavaThread "Thread-1" daemon [_thread_blocked, id=7637, stack(0x00007f2384bfc000,0x00007f2384cfd000)]
  0x00007f23dc220000 JavaThread "process reaper" daemon [_thread_blocked, id=7634, stack(0x00007f23c4071000,0x00007f23c40aa000)]
  0x00007f23dc214000 JavaThread "AWT-XAWT" daemon [_thread_in_native, id=7632, stack(0x00007f23bea9a000,0x00007f23beb9b000)]
  0x00007f23dc1f3000 JavaThread "Java2D Disposer" daemon [_thread_blocked, id=7631, stack(0x00007f23c40aa000,0x00007f23c41ab000)]
  0x00007f23dc0d0000 JavaThread "Service Thread" daemon [_thread_blocked, id=7629, stack(0x00007f23c5efd000,0x00007f23c5ffe000)]
  0x00007f23dc0bb000 JavaThread "C1 CompilerThread2" daemon [_thread_blocked, id=7628, stack(0x00007f23c5ffe000,0x00007f23c60ff000)]
  0x00007f23dc0b9000 JavaThread "C2 CompilerThread1" daemon [_thread_blocked, id=7627, stack(0x00007f23c60ff000,0x00007f23c6200000)]
  0x00007f23dc0b6000 JavaThread "C2 CompilerThread0" daemon [_thread_blocked, id=7626, stack(0x00007f23cc006000,0x00007f23cc107000)]
  0x00007f23dc0b4800 JavaThread "Signal Dispatcher" daemon [_thread_blocked, id=7625, stack(0x00007f23cc107000,0x00007f23cc208000)]
  0x00007f23dc07d000 JavaThread "Finalizer" daemon [_thread_blocked, id=7624, stack(0x00007f23cc391000,0x00007f23cc492000)]
  0x00007f23dc07b000 JavaThread "Reference Handler" daemon [_thread_blocked, id=7623, stack(0x00007f23cc492000,0x00007f23cc593000)]
=>0x00007f23dc008800 JavaThread "main" [_thread_in_native, id=7617, stack(0x00007f23e474a000,0x00007f23e484b000)]

Other Threads:
  0x00007f23dc076000 VMThread [stack: 0x00007f23cc593000,0x00007f23cc694000] [id=7622]
  0x00007f23dc0d2800 WatcherThread [stack: 0x00007f23c5dfc000,0x00007f23c5efd000] [id=7630]

VM state:not at safepoint (normal execution)

VM Mutex/Monitor currently owned by a thread: None

Heap:
 PSYoungGen      total 17920K, used 14420K [0x00000000ec000000, 0x00000000ee300000, 0x0000000100000000)
  eden space 15360K, 77% used [0x00000000ec000000,0x00000000ecba6928,0x00000000ecf00000)
  from space 2560K, 97% used [0x00000000ed180000,0x00000000ed3ee9c0,0x00000000ed400000)
  to   space 2560K, 0% used [0x00000000ecf00000,0x00000000ecf00000,0x00000000ed180000)
 ParOldGen       total 40960K, used 5668K [0x00000000c4000000, 0x00000000c6800000, 0x00000000ec000000)
  object space 40960K, 13% used [0x00000000c4000000,0x00000000c4589150,0x00000000c6800000)
 Metaspace       used 10359K, capacity 10541K, committed 10624K, reserved 1058816K
  class space    used 1028K, capacity 1093K, committed 1152K, reserved 1048576K

Card table byte_map: [0x00007f23e17bf000,0x00007f23e19a0000] byte_map_base: 0x00007f23e119f000

Marking Bits: (ParMarkBitMap*) 0x00007f23e3a3e680
 Begin Bits: [0x00007f23c6200000, 0x00007f23c7100000)
 End Bits:   [0x00007f23c7100000, 0x00007f23c8000000)

Polling page: 0x00007f23e4872000

CodeCache: size=245760Kb used=4052Kb max_used=4062Kb free=241707Kb
 bounds [0x00007f23cd000000, 0x00007f23cd400000, 0x00007f23dc000000]
 total_blobs=1658 nmethods=1069 adapters=504
 compilation: enabled

Compilation events (10 events):
Event: 4.230 Thread 0x00007f23dc0bb000 1063       3       org.lwjgl.input.Mouse::read (26 bytes)
Event: 4.233 Thread 0x00007f23dc0bb000 nmethod 1063 0x00007f23cd3f6dd0 code [0x00007f23cd3f71a0, 0x00007f23cd3f9258]
Event: 4.364 Thread 0x00007f23dc0bb000 1066       3       org.lwjgl.opengl.Sync$RunningAvg::dampenForLowResTicker (42 bytes)
Event: 4.366 Thread 0x00007f23dc0bb000 nmethod 1066 0x00007f23cd3d6dd0 code [0x00007f23cd3d6f80, 0x00007f23cd3d7248]
Event: 4.433 Thread 0x00007f23dc0b6000 1067       4       org.newdawn.slick.Graphics::setColor (33 bytes)
Event: 4.443 Thread 0x00007f23dc0b6000 nmethod 1067 0x00007f23cd3e39d0 code [0x00007f23cd3e3b60, 0x00007f23cd3e3ec8]
Event: 4.516 Thread 0x00007f23dc0bb000 1068       3       org.lwjgl.util.vector.Vector2f::getX (5 bytes)
Event: 4.516 Thread 0x00007f23dc0bb000 nmethod 1068 0x00007f23cd3e3690 code [0x00007f23cd3e37e0, 0x00007f23cd3e3930]
Event: 4.549 Thread 0x00007f23dc0bb000 1069       3       org.lwjgl.util.vector.Vector2f::getY (5 bytes)
Event: 4.549 Thread 0x00007f23dc0bb000 nmethod 1069 0x00007f23cd3e3290 code [0x00007f23cd3e33e0, 0x00007f23cd3e3530]

GC Heap History (4 events):
Event: 0.656 GC heap before
{Heap before GC invocations=1 (full 0):
 PSYoungGen      total 17920K, used 15360K [0x00000000ec000000, 0x00000000ed400000, 0x0000000100000000)
  eden space 15360K, 100% used [0x00000000ec000000,0x00000000ecf00000,0x00000000ecf00000)
  from space 2560K, 0% used [0x00000000ed180000,0x00000000ed180000,0x00000000ed400000)
  to   space 2560K, 0% used [0x00000000ecf00000,0x00000000ecf00000,0x00000000ed180000)
 ParOldGen       total 40960K, used 0K [0x00000000c4000000, 0x00000000c6800000, 0x00000000ec000000)
  object space 40960K, 0% used [0x00000000c4000000,0x00000000c4000000,0x00000000c6800000)
 Metaspace       used 9954K, capacity 10125K, committed 10368K, reserved 1058816K
  class space    used 999K, capacity 1061K, committed 1152K, reserved 1048576K
Event: 0.662 GC heap after
Heap after GC invocations=1 (full 0):
 PSYoungGen      total 17920K, used 2538K [0x00000000ec000000, 0x00000000ed400000, 0x0000000100000000)
  eden space 15360K, 0% used [0x00000000ec000000,0x00000000ec000000,0x00000000ecf00000)
  from space 2560K, 99% used [0x00000000ecf00000,0x00000000ed17a9b0,0x00000000ed180000)
  to   space 2560K, 0% used [0x00000000ed180000,0x00000000ed180000,0x00000000ed400000)
 ParOldGen       total 40960K, used 2588K [0x00000000c4000000, 0x00000000c6800000, 0x00000000ec000000)
  object space 40960K, 6% used [0x00000000c4000000,0x00000000c4287120,0x00000000c6800000)
 Metaspace       used 9954K, capacity 10125K, committed 10368K, reserved 1058816K
  class space    used 999K, capacity 1061K, committed 1152K, reserved 1048576K
}
Event: 0.729 GC heap before
{Heap before GC invocations=2 (full 0):
 PSYoungGen      total 17920K, used 17898K [0x00000000ec000000, 0x00000000ed400000, 0x0000000100000000)
  eden space 15360K, 100% used [0x00000000ec000000,0x00000000ecf00000,0x00000000ecf00000)
  from space 2560K, 99% used [0x00000000ecf00000,0x00000000ed17a9b0,0x00000000ed180000)
  to   space 2560K, 0% used [0x00000000ed180000,0x00000000ed180000,0x00000000ed400000)
 ParOldGen       total 40960K, used 2588K [0x00000000c4000000, 0x00000000c6800000, 0x00000000ec000000)
  object space 40960K, 6% used [0x00000000c4000000,0x00000000c4287120,0x00000000c6800000)
 Metaspace       used 9982K, capacity 10189K, committed 10368K, reserved 1058816K
  class space    used 999K, capacity 1061K, committed 1152K, reserved 1048576K
Event: 0.732 GC heap after
Heap after GC invocations=2 (full 0):
 PSYoungGen      total 17920K, used 2490K [0x00000000ec000000, 0x00000000ee300000, 0x0000000100000000)
  eden space 15360K, 0% used [0x00000000ec000000,0x00000000ec000000,0x00000000ecf00000)
  from space 2560K, 97% used [0x00000000ed180000,0x00000000ed3ee9c0,0x00000000ed400000)
  to   space 2560K, 0% used [0x00000000ecf00000,0x00000000ecf00000,0x00000000ed180000)
 ParOldGen       total 40960K, used 5668K [0x00000000c4000000, 0x00000000c6800000, 0x00000000ec000000)
  object space 40960K, 13% used [0x00000000c4000000,0x00000000c4589150,0x00000000c6800000)
 Metaspace       used 9982K, capacity 10189K, committed 10368K, reserved 1058816K
  class space    used 999K, capacity 1061K, committed 1152K, reserved 1048576K
}

Deoptimization events (6 events):
Event: 0.163 Thread 0x00007f23dc008800 Uncommon trap: reason=unstable_if action=reinterpret pc=0x00007f23cd152044 method=java.lang.String.indexOf(II)I @ 49
Event: 0.240 Thread 0x00007f23dc008800 Uncommon trap: reason=unstable_if action=reinterpret pc=0x00007f23cd1ad1d4 method=java.lang.String.replace(CC)Ljava/lang/String; @ 26
Event: 0.517 Thread 0x00007f23dc008800 Uncommon trap: reason=unstable_if action=reinterpret pc=0x00007f23cd1bc690 method=java.lang.String.indexOf([CII[CIII)I @ 3
Event: 0.627 Thread 0x00007f23dc008800 Uncommon trap: reason=unstable_if action=reinterpret pc=0x00007f23cd2b7834 method=sun.java2d.loops.GraphicsPrimitiveMgr.locate(Lsun/java2d/loops/GraphicsPrimitiveMgr$PrimitiveSpec;)Lsun/java2d/loops/GraphicsPrimitive; @ 85
Event: 2.835 Thread 0x00007f23dc008800 Uncommon trap: reason=unstable_if action=reinterpret pc=0x00007f23cd3952e4 method=org.newdawn.slick.geom.NeatTriangulator.basicTriangulation()V @ 126
Event: 2.835 Thread 0x00007f23dc008800 Uncommon trap: reason=unstable_if action=reinterpret pc=0x00007f23cd36ec84 method=org.newdawn.slick.geom.NeatTriangulator.addEdge(III)V @ 22

Internal exceptions (10 events):
Event: 0.667 Thread 0x00007f23dc9e2000 Exception <a 'java/io/IOException'> (0x00000000ec0bf1a0) thrown at [/build/java8-openjdk/src/jdk8u-jdk8u45-b14/hotspot/src/share/vm/prims/jni.cpp, line 709]
Event: 0.667 Thread 0x00007f23dc9e2000 Exception <a 'java/io/IOException'> (0x00000000ec0bf3b0) thrown at [/build/java8-openjdk/src/jdk8u-jdk8u45-b14/hotspot/src/share/vm/prims/jni.cpp, line 709]
Event: 0.667 Thread 0x00007f23dc9e2000 Exception <a 'java/io/IOException'> (0x00000000ec0bf5c0) thrown at [/build/java8-openjdk/src/jdk8u-jdk8u45-b14/hotspot/src/share/vm/prims/jni.cpp, line 709]
Event: 0.667 Thread 0x00007f23dc9e2000 Exception <a 'java/io/IOException'> (0x00000000ec0bf7d0) thrown at [/build/java8-openjdk/src/jdk8u-jdk8u45-b14/hotspot/src/share/vm/prims/jni.cpp, line 709]
Event: 0.667 Thread 0x00007f23dc9e2000 Exception <a 'java/io/IOException'> (0x00000000ec0bf9e0) thrown at [/build/java8-openjdk/src/jdk8u-jdk8u45-b14/hotspot/src/share/vm/prims/jni.cpp, line 709]
Event: 0.667 Thread 0x00007f23dc9e2000 Exception <a 'java/io/IOException'> (0x00000000ec0bfbf0) thrown at [/build/java8-openjdk/src/jdk8u-jdk8u45-b14/hotspot/src/share/vm/prims/jni.cpp, line 709]
Event: 0.667 Thread 0x00007f23dc9e2000 Exception <a 'java/io/IOException'> (0x00000000ec0bfe00) thrown at [/build/java8-openjdk/src/jdk8u-jdk8u45-b14/hotspot/src/share/vm/prims/jni.cpp, line 709]
Event: 0.667 Thread 0x00007f23dc9e2000 Exception <a 'java/io/IOException'> (0x00000000ec0c0010) thrown at [/build/java8-openjdk/src/jdk8u-jdk8u45-b14/hotspot/src/share/vm/prims/jni.cpp, line 709]
Event: 0.667 Thread 0x00007f23dc9e2000 Exception <a 'java/io/IOException'> (0x00000000ec0c0220) thrown at [/build/java8-openjdk/src/jdk8u-jdk8u45-b14/hotspot/src/share/vm/prims/jni.cpp, line 709]
Event: 0.746 Thread 0x00007f23dc008800 Exception <a 'java/lang/ArrayIndexOutOfBoundsException': 6> (0x00000000ec193a68) thrown at [/build/java8-openjdk/src/jdk8u-jdk8u45-b14/hotspot/src/share/vm/interpreter/interpreterRuntime.cpp, line 366]

Events (10 events):
Event: 3.331 loading class utils/Inventory
Event: 3.331 loading class utils/Inventory done
Event: 3.333 loading class org/newdawn/slick/geom/Line
Event: 3.333 loading class org/newdawn/slick/geom/Line done
Event: 3.632 loading class org/lwjgl/opengl/LinuxKeycodes
Event: 3.632 loading class org/lwjgl/opengl/LinuxKeycodes done
Event: 3.634 loading class org/lwjgl/input/Cursor
Event: 3.634 loading class org/lwjgl/input/Cursor done
Event: 4.073 Executing VM operation: EnableBiasedLocking
Event: 4.074 Executing VM operation: EnableBiasedLocking done


Dynamic libraries:
00400000-00401000 r-xp 00000000 08:01 11156087                           /usr/lib/jvm/java-8-openjdk/jre/bin/java
00600000-00601000 rw-p 00000000 08:01 11156087                           /usr/lib/jvm/java-8-openjdk/jre/bin/java
013ee000-0140f000 rw-p 00000000 00:00 0                                  [heap]
c4000000-c6800000 rw-p 00000000 00:00 0 
c6800000-ec000000 ---p 00000000 00:00 0 
ec000000-ee300000 rw-p 00000000 00:00 0 
ee300000-100000000 ---p 00000000 00:00 0 
100000000-100120000 rw-p 00000000 00:00 0 
100120000-140000000 ---p 00000000 00:00 0 
7f237bf00000-7f237c000000 rw-s 00000000 00:05 123783                     /drm mm object (deleted)
7f237c000000-7f237c021000 rw-p 00000000 00:00 0 
7f237c021000-7f2380000000 ---p 00000000 00:00 0 
7f2380000000-7f2380021000 rw-p 00000000 00:00 0 
7f2380021000-7f2384000000 ---p 00000000 00:00 0 
7f23840c9000-7f23841ca000 rw-p 00000000 00:00 0 
7f23841ca000-7f23841cf000 r-xp 00000000 08:01 10226819                   /usr/lib/libnss_dns-2.21.so
7f23841cf000-7f23843ce000 ---p 00005000 08:01 10226819                   /usr/lib/libnss_dns-2.21.so
7f23843ce000-7f23843cf000 r--p 00004000 08:01 10226819                   /usr/lib/libnss_dns-2.21.so
7f23843cf000-7f23843d0000 rw-p 00005000 08:01 10226819                   /usr/lib/libnss_dns-2.21.so
7f23843d0000-7f2384510000 rw-p 00000000 00:00 0 
7f2384510000-7f23845d0000 ---p 00000000 00:00 0 
7f23845d0000-7f23845e6000 r-xp 00000000 08:01 11156057                   /usr/lib/jvm/java-8-openjdk/jre/lib/amd64/libnet.so
7f23845e6000-7f23847e6000 ---p 00016000 08:01 11156057                   /usr/lib/jvm/java-8-openjdk/jre/lib/amd64/libnet.so
7f23847e6000-7f23847e7000 rw-p 00016000 08:01 11156057                   /usr/lib/jvm/java-8-openjdk/jre/lib/amd64/libnet.so
7f23847e7000-7f23847f8000 r-xp 00000000 08:01 11156068                   /usr/lib/jvm/java-8-openjdk/jre/lib/amd64/libnio.so
7f23847f8000-7f23849f7000 ---p 00011000 08:01 11156068                   /usr/lib/jvm/java-8-openjdk/jre/lib/amd64/libnio.so
7f23849f7000-7f23849f8000 rw-p 00010000 08:01 11156068                   /usr/lib/jvm/java-8-openjdk/jre/lib/amd64/libnio.so
7f23849f8000-7f23849fb000 r-xp 00000000 08:01 16385621                   /home/michael/workspace/Slick2D-Project/lwjgl-2.9.3/native/linux/libjinput-linux64.so
7f23849fb000-7f2384bfa000 ---p 00003000 08:01 16385621                   /home/michael/workspace/Slick2D-Project/lwjgl-2.9.3/native/linux/libjinput-linux64.so
7f2384bfa000-7f2384bfb000 r--p 00002000 08:01 16385621                   /home/michael/workspace/Slick2D-Project/lwjgl-2.9.3/native/linux/libjinput-linux64.so
7f2384bfb000-7f2384bfc000 rw-p 00003000 08:01 16385621                   /home/michael/workspace/Slick2D-Project/lwjgl-2.9.3/native/linux/libjinput-linux64.so
7f2384bfc000-7f2384bff000 ---p 00000000 00:00 0 
7f2384bff000-7f2385e9b000 rw-p 00000000 00:00 0                          [stack:7637]
7f2385e9b000-7f2385e9f000 r-xp 00000000 08:01 10248003                   /usr/lib/libtxc_dxtn.so
7f2385e9f000-7f238609e000 ---p 00004000 08:01 10248003                   /usr/lib/libtxc_dxtn.so
7f238609e000-7f238609f000 r--p 00003000 08:01 10248003                   /usr/lib/libtxc_dxtn.so
7f238609f000-7f23860a0000 rw-p 00004000 08:01 10248003                   /usr/lib/libtxc_dxtn.so
7f23860a0000-7f2386114000 rw-p 00000000 00:00 0 
7f2386161000-7f2386169000 r-xp 00000000 08:01 10247759                   /usr/lib/libpciaccess.so.0.11.1
7f2386169000-7f2386369000 ---p 00008000 08:01 10247759                   /usr/lib/libpciaccess.so.0.11.1
7f2386369000-7f238636a000 r--p 00008000 08:01 10247759                   /usr/lib/libpciaccess.so.0.11.1
7f238636a000-7f238636b000 rw-p 00009000 08:01 10247759                   /usr/lib/libpciaccess.so.0.11.1
7f238636b000-7f238637d000 r-xp 00000000 08:01 10234919                   /usr/lib/libgpg-error.so.0.15.0
7f238637d000-7f238657c000 ---p 00012000 08:01 10234919                   /usr/lib/libgpg-error.so.0.15.0
7f238657c000-7f238657d000 r--p 00011000 08:01 10234919                   /usr/lib/libgpg-error.so.0.15.0
7f238657d000-7f238657e000 rw-p 00012000 08:01 10234919                   /usr/lib/libgpg-error.so.0.15.0
7f238657e000-7f23866f0000 r-xp 00000000 08:01 10227159                   /usr/lib/libstdc++.so.6.0.21
7f23866f0000-7f23868f0000 ---p 00172000 08:01 10227159                   /usr/lib/libstdc++.so.6.0.21
7f23868f0000-7f23868fa000 r--p 00172000 08:01 10227159                   /usr/lib/libstdc++.so.6.0.21
7f23868fa000-7f23868fc000 rw-p 0017c000 08:01 10227159                   /usr/lib/libstdc++.so.6.0.21
7f23868fc000-7f2386900000 rw-p 00000000 00:00 0 
7f2386900000-7f238690b000 r-xp 00000000 08:01 10247779                   /usr/lib/libdrm_radeon.so.1.0.1
7f238690b000-7f2386b0a000 ---p 0000b000 08:01 10247779                   /usr/lib/libdrm_radeon.so.1.0.1
7f2386b0a000-7f2386b0b000 r--p 0000a000 08:01 10247779                   /usr/lib/libdrm_radeon.so.1.0.1
7f2386b0b000-7f2386b0c000 rw-p 0000b000 08:01 10247779                   /usr/lib/libdrm_radeon.so.1.0.1
7f2386b0c000-7f2386b12000 r-xp 00000000 08:01 10247778                   /usr/lib/libdrm_nouveau.so.2.0.0
7f2386b12000-7f2386d11000 ---p 00006000 08:01 10247778                   /usr/lib/libdrm_nouveau.so.2.0.0
7f2386d11000-7f2386d12000 r--p 00005000 08:01 10247778                   /usr/lib/libdrm_nouveau.so.2.0.0
7f2386d12000-7f2386d13000 rw-p 00006000 08:01 10247778                   /usr/lib/libdrm_nouveau.so.2.0.0
7f2386d13000-7f2386d34000 r-xp 00000000 08:01 10247777                   /usr/lib/libdrm_intel.so.1.0.0
7f2386d34000-7f2386f33000 ---p 00021000 08:01 10247777                   /usr/lib/libdrm_intel.so.1.0.0
7f2386f33000-7f2386f34000 r--p 00020000 08:01 10247777                   /usr/lib/libdrm_intel.so.1.0.0
7f2386f34000-7f2386f35000 rw-p 00021000 08:01 10247777                   /usr/lib/libdrm_intel.so.1.0.0
7f2386f35000-7f238700c000 r-xp 00000000 08:01 10234950                   /usr/lib/libgcrypt.so.20.0.3
7f238700c000-7f238720c000 ---p 000d7000 08:01 10234950                   /usr/lib/libgcrypt.so.20.0.3
7f238720c000-7f238720d000 r--p 000d7000 08:01 10234950                   /usr/lib/libgcrypt.so.20.0.3
7f238720d000-7f2387216000 rw-p 000d8000 08:01 10234950                   /usr/lib/libgcrypt.so.20.0.3
7f2387216000-7f23877a8000 r-xp 00000000 08:01 10756932                   /usr/lib/xorg/modules/dri/i965_dri.so
7f23877a8000-7f23879a7000 ---p 00592000 08:01 10756932                   /usr/lib/xorg/modules/dri/i965_dri.so
7f23879a7000-7f23879d2000 r--p 00591000 08:01 10756932                   /usr/lib/xorg/modules/dri/i965_dri.so
7f23879d2000-7f23879d8000 rw-p 005bc000 08:01 10756932                   /usr/lib/xorg/modules/dri/i965_dri.so
7f23879d8000-7f23879e0000 rw-p 00000000 00:00 0 
7f23879e0000-7f23879e4000 r-xp 00000000 08:01 10229889                   /usr/lib/libattr.so.1.1.0
7f23879e4000-7f2387be3000 ---p 00004000 08:01 10229889                   /usr/lib/libattr.so.1.1.0
7f2387be3000-7f2387be4000 r--p 00003000 08:01 10229889                   /usr/lib/libattr.so.1.1.0
7f2387be4000-7f2387be5000 rw-p 00004000 08:01 10229889                   /usr/lib/libattr.so.1.1.0
7f2387be5000-7f2387be9000 r-xp 00000000 08:01 10230035                   /usr/lib/libcap.so.2.24
7f2387be9000-7f2387de8000 ---p 00004000 08:01 10230035                   /usr/lib/libcap.so.2.24
7f2387de8000-7f2387de9000 rw-p 00003000 08:01 10230035                   /usr/lib/libcap.so.2.24
7f2387de9000-7f2387dfd000 r-xp 00000000 08:01 10226773                   /usr/lib/libresolv-2.21.so
7f2387dfd000-7f2387ffc000 ---p 00014000 08:01 10226773                   /usr/lib/libresolv-2.21.so
7f2387ffc000-7f2387ffd000 r--p 00013000 08:01 10226773                   /usr/lib/libresolv-2.21.so
7f2387ffd000-7f2387ffe000 rw-p 00014000 08:01 10226773                   /usr/lib/libresolv-2.21.so
7f2387ffe000-7f2388000000 rw-p 00000000 00:00 0 
7f2388000000-7f2388021000 rw-p 00000000 00:00 0 
7f2388021000-7f238c000000 ---p 00000000 00:00 0 
7f238c000000-7f238c021000 rw-p 00000000 00:00 0 
7f238c021000-7f2390000000 ---p 00000000 00:00 0 
7f2390000000-7f2390021000 rw-p 00000000 00:00 0 
7f2390021000-7f2394000000 ---p 00000000 00:00 0 
7f2394000000-7f2394021000 rw-p 00000000 00:00 0 
7f2394021000-7f2398000000 ---p 00000000 00:00 0 
7f2398000000-7f2398573000 rw-p 00000000 00:00 0 
7f2398573000-7f239c000000 ---p 00000000 00:00 0 
7f239c000000-7f239c270000 rw-p 00000000 00:00 0 
7f239c270000-7f23a0000000 ---p 00000000 00:00 0 
7f23a0000000-7f23a0021000 rw-p 00000000 00:00 0 
7f23a0021000-7f23a4000000 ---p 00000000 00:00 0 
7f23a4000000-7f23a446f000 rw-p 00000000 00:00 0 
7f23a446f000-7f23a8000000 ---p 00000000 00:00 0 
7f23a8000000-7f23a8021000 rw-p 00000000 00:00 0 
7f23a8021000-7f23ac000000 ---p 00000000 00:00 0 
7f23ac000000-7f23ac021000 rw-p 00000000 00:00 0 
7f23ac021000-7f23b0000000 ---p 00000000 00:00 0 
7f23b0000000-7f23b0021000 rw-p 00000000 00:00 0 
7f23b0021000-7f23b4000000 ---p 00000000 00:00 0 
7f23b4000000-7f23b4021000 rw-p 00000000 00:00 0 
7f23b4021000-7f23b8000000 ---p 00000000 00:00 0 
7f23b8000000-7f23b8021000 rw-p 00000000 00:00 0 
7f23b8021000-7f23bc000000 ---p 00000000 00:00 0 
7f23bc084000-7f23bc0c4000 rw-s 00000000 00:05 125619                     /drm mm object (deleted)
7f23bc0c4000-7f23bc0d1000 r-xp 00000000 08:01 10247772                   /usr/lib/libdrm.so.2.4.0
7f23bc0d1000-7f23bc2d0000 ---p 0000d000 08:01 10247772                   /usr/lib/libdrm.so.2.4.0
7f23bc2d0000-7f23bc2d1000 r--p 0000c000 08:01 10247772                   /usr/lib/libdrm.so.2.4.0
7f23bc2d1000-7f23bc2d2000 rw-p 0000d000 08:01 10247772                   /usr/lib/libdrm.so.2.4.0
7f23bc2d2000-7f23bc2d3000 r-xp 00000000 08:01 10247936                   /usr/lib/libxshmfence.so.1.0.0
7f23bc2d3000-7f23bc4d3000 ---p 00001000 08:01 10247936                   /usr/lib/libxshmfence.so.1.0.0
7f23bc4d3000-7f23bc4d4000 r--p 00001000 08:01 10247936                   /usr/lib/libxshmfence.so.1.0.0
7f23bc4d4000-7f23bc4d5000 rw-p 00002000 08:01 10247936                   /usr/lib/libxshmfence.so.1.0.0
7f23bc4d5000-7f23bc4da000 r-xp 00000000 08:01 10246497                   /usr/lib/libxcb-sync.so.1.0.0
7f23bc4da000-7f23bc6da000 ---p 00005000 08:01 10246497                   /usr/lib/libxcb-sync.so.1.0.0
7f23bc6da000-7f23bc6db000 r--p 00005000 08:01 10246497                   /usr/lib/libxcb-sync.so.1.0.0
7f23bc6db000-7f23bc6dc000 rw-p 00006000 08:01 10246497                   /usr/lib/libxcb-sync.so.1.0.0
7f23bc6dc000-7f23bc6df000 r-xp 00000000 08:01 10246466                   /usr/lib/libxcb-shape.so.0.0.0
7f23bc6df000-7f23bc8de000 ---p 00003000 08:01 10246466                   /usr/lib/libxcb-shape.so.0.0.0
7f23bc8de000-7f23bc8df000 r--p 00002000 08:01 10246466                   /usr/lib/libxcb-shape.so.0.0.0
7f23bc8df000-7f23bc8e0000 rw-p 00003000 08:01 10246466                   /usr/lib/libxcb-shape.so.0.0.0
7f23bc8e0000-7f23bc8e9000 r-xp 00000000 08:01 10246451                   /usr/lib/libxcb-render.so.0.0.0
7f23bc8e9000-7f23bcae8000 ---p 00009000 08:01 10246451                   /usr/lib/libxcb-render.so.0.0.0
7f23bcae8000-7f23bcae9000 r--p 00008000 08:01 10246451                   /usr/lib/libxcb-render.so.0.0.0
7f23bcae9000-7f23bcaea000 rw-p 00009000 08:01 10246451                   /usr/lib/libxcb-render.so.0.0.0
7f23bcaea000-7f23bcaf0000 r-xp 00000000 08:01 10246448                   /usr/lib/libxcb-xfixes.so.0.0.0
7f23bcaf0000-7f23bccf0000 ---p 00006000 08:01 10246448                   /usr/lib/libxcb-xfixes.so.0.0.0
7f23bccf0000-7f23bccf1000 r--p 00006000 08:01 10246448                   /usr/lib/libxcb-xfixes.so.0.0.0
7f23bccf1000-7f23bccf2000 rw-p 00007000 08:01 10246448                   /usr/lib/libxcb-xfixes.so.0.0.0
7f23bccf2000-7f23bccff000 r-xp 00000000 08:01 10246505                   /usr/lib/libxcb-randr.so.0.1.0
7f23bccff000-7f23bcefe000 ---p 0000d000 08:01 10246505                   /usr/lib/libxcb-randr.so.0.1.0
7f23bcefe000-7f23bceff000 r--p 0000c000 08:01 10246505                   /usr/lib/libxcb-randr.so.0.1.0
7f23bceff000-7f23bcf00000 rw-p 0000d000 08:01 10246505                   /usr/lib/libxcb-randr.so.0.1.0
7f23bcf00000-7f23bcf02000 r-xp 00000000 08:01 10246484                   /usr/lib/libxcb-present.so.0.0.0
7f23bcf02000-7f23bd101000 ---p 00002000 08:01 10246484                   /usr/lib/libxcb-present.so.0.0.0
7f23bd101000-7f23bd102000 r--p 00001000 08:01 10246484                   /usr/lib/libxcb-present.so.0.0.0
7f23bd102000-7f23bd103000 rw-p 00002000 08:01 10246484                   /usr/lib/libxcb-present.so.0.0.0
7f23bd103000-7f23bd105000 r-xp 00000000 08:01 10246456                   /usr/lib/libxcb-dri3.so.0.0.0
7f23bd105000-7f23bd304000 ---p 00002000 08:01 10246456                   /usr/lib/libxcb-dri3.so.0.0.0
7f23bd304000-7f23bd305000 r--p 00001000 08:01 10246456                   /usr/lib/libxcb-dri3.so.0.0.0
7f23bd305000-7f23bd306000 rw-p 00002000 08:01 10246456                   /usr/lib/libxcb-dri3.so.0.0.0
7f23bd306000-7f23bd30a000 r-xp 00000000 08:01 10246481                   /usr/lib/libxcb-dri2.so.0.0.0
7f23bd30a000-7f23bd509000 ---p 00004000 08:01 10246481                   /usr/lib/libxcb-dri2.so.0.0.0
7f23bd509000-7f23bd50a000 r--p 00003000 08:01 10246481                   /usr/lib/libxcb-dri2.so.0.0.0
7f23bd50a000-7f23bd50b000 rw-p 00004000 08:01 10246481                   /usr/lib/libxcb-dri2.so.0.0.0
7f23bd50b000-7f23bd522000 r-xp 00000000 08:01 10246455                   /usr/lib/libxcb-glx.so.0.0.0
7f23bd522000-7f23bd722000 ---p 00017000 08:01 10246455                   /usr/lib/libxcb-glx.so.0.0.0
7f23bd722000-7f23bd724000 r--p 00017000 08:01 10246455                   /usr/lib/libxcb-glx.so.0.0.0
7f23bd724000-7f23bd725000 rw-p 00019000 08:01 10246455                   /usr/lib/libxcb-glx.so.0.0.0
7f23bd725000-7f23bd726000 r-xp 00000000 08:01 10246551                   /usr/lib/libX11-xcb.so.1.0.0
7f23bd726000-7f23bd925000 ---p 00001000 08:01 10246551                   /usr/lib/libX11-xcb.so.1.0.0
7f23bd925000-7f23bd926000 r--p 00000000 08:01 10246551                   /usr/lib/libX11-xcb.so.1.0.0
7f23bd926000-7f23bd927000 rw-p 00001000 08:01 10246551                   /usr/lib/libX11-xcb.so.1.0.0
7f23bd927000-7f23bd929000 r-xp 00000000 08:01 10247932                   /usr/lib/libXdamage.so.1.1.0
7f23bd929000-7f23bdb28000 ---p 00002000 08:01 10247932                   /usr/lib/libXdamage.so.1.1.0
7f23bdb28000-7f23bdb29000 r--p 00001000 08:01 10247932                   /usr/lib/libXdamage.so.1.1.0
7f23bdb29000-7f23bdb2a000 rw-p 00002000 08:01 10247932                   /usr/lib/libXdamage.so.1.1.0
7f23bdb2a000-7f23bdb52000 r-xp 00000000 08:01 10248057                   /usr/lib/libglapi.so.0.0.0
7f23bdb52000-7f23bdd52000 ---p 00028000 08:01 10248057                   /usr/lib/libglapi.so.0.0.0
7f23bdd52000-7f23bdd56000 r--p 00028000 08:01 10248057                   /usr/lib/libglapi.so.0.0.0
7f23bdd56000-7f23bdd57000 rw-p 0002c000 08:01 10248057                   /usr/lib/libglapi.so.0.0.0
7f23bdd57000-7f23bdd58000 rw-p 00000000 00:00 0 
7f23bdd58000-7f23bdd7f000 r-xp 00000000 08:01 10233727                   /usr/lib/libexpat.so.1.6.0
7f23bdd7f000-7f23bdf7e000 ---p 00027000 08:01 10233727                   /usr/lib/libexpat.so.1.6.0
7f23bdf7e000-7f23bdf81000 r--p 00026000 08:01 10233727                   /usr/lib/libexpat.so.1.6.0
7f23bdf81000-7f23bdf82000 rw-p 00029000 08:01 10233727                   /usr/lib/libexpat.so.1.6.0
7f23bdf82000-7f23be016000 r-xp 00000000 08:01 10753234                   /usr/lib/mesa/libGL.so.1.2.0
7f23be016000-7f23be215000 ---p 00094000 08:01 10753234                   /usr/lib/mesa/libGL.so.1.2.0
7f23be215000-7f23be218000 r--p 00093000 08:01 10753234                   /usr/lib/mesa/libGL.so.1.2.0
7f23be218000-7f23be219000 rw-p 00096000 08:01 10753234                   /usr/lib/mesa/libGL.so.1.2.0
7f23be219000-7f23be21a000 rw-p 00000000 00:00 0 
7f23be21a000-7f23be21f000 r-xp 00000000 08:01 10247921                   /usr/lib/libXxf86vm.so.1.0.0
7f23be21f000-7f23be41e000 ---p 00005000 08:01 10247921                   /usr/lib/libXxf86vm.so.1.0.0
7f23be41e000-7f23be41f000 r--p 00004000 08:01 10247921                   /usr/lib/libXxf86vm.so.1.0.0
7f23be41f000-7f23be420000 rw-p 00005000 08:01 10247921                   /usr/lib/libXxf86vm.so.1.0.0
7f23be420000-7f23be42a000 r-xp 00000000 08:01 10248858                   /usr/lib/libXrandr.so.2.2.0
7f23be42a000-7f23be629000 ---p 0000a000 08:01 10248858                   /usr/lib/libXrandr.so.2.2.0
7f23be629000-7f23be62a000 r--p 00009000 08:01 10248858                   /usr/lib/libXrandr.so.2.2.0
7f23be62a000-7f23be62b000 rw-p 0000a000 08:01 10248858                   /usr/lib/libXrandr.so.2.2.0
7f23be62b000-7f23be697000 r-xp 00000000 08:01 16385623                   /home/michael/workspace/Slick2D-Project/lwjgl-2.9.3/native/linux/liblwjgl64.so
7f23be697000-7f23be896000 ---p 0006c000 08:01 16385623                   /home/michael/workspace/Slick2D-Project/lwjgl-2.9.3/native/linux/liblwjgl64.so
7f23be896000-7f23be898000 r--p 0006b000 08:01 16385623                   /home/michael/workspace/Slick2D-Project/lwjgl-2.9.3/native/linux/liblwjgl64.so
7f23be898000-7f23be899000 rw-p 0006d000 08:01 16385623                   /home/michael/workspace/Slick2D-Project/lwjgl-2.9.3/native/linux/liblwjgl64.so
7f23be899000-7f23be89a000 r-xp 00000000 08:01 11156074                   /usr/lib/jvm/java-8-openjdk/jre/lib/amd64/libjawt.so
7f23be89a000-7f23bea99000 ---p 00001000 08:01 11156074                   /usr/lib/jvm/java-8-openjdk/jre/lib/amd64/libjawt.so
7f23bea99000-7f23bea9a000 rw-p 00000000 08:01 11156074                   /usr/lib/jvm/java-8-openjdk/jre/lib/amd64/libjawt.so
7f23bea9a000-7f23bea9d000 ---p 00000000 00:00 0 
7f23bea9d000-7f23beb9b000 rw-p 00000000 00:00 0                          [stack:7632]
7f23beb9b000-7f23beba0000 r-xp 00000000 08:01 10247926                   /usr/lib/libXfixes.so.3.1.0
7f23beba0000-7f23bed9f000 ---p 00005000 08:01 10247926                   /usr/lib/libXfixes.so.3.1.0
7f23bed9f000-7f23beda0000 r--p 00004000 08:01 10247926                   /usr/lib/libXfixes.so.3.1.0
7f23beda0000-7f23beda1000 rw-p 00005000 08:01 10247926                   /usr/lib/libXfixes.so.3.1.0
7f23beda1000-7f23bedab000 r-xp 00000000 08:01 10248828                   /usr/lib/libXcursor.so.1.0.2
7f23bedab000-7f23befaa000 ---p 0000a000 08:01 10248828                   /usr/lib/libXcursor.so.1.0.2
7f23befaa000-7f23befab000 r--p 00009000 08:01 10248828                   /usr/lib/libXcursor.so.1.0.2
7f23befab000-7f23befac000 rw-p 0000a000 08:01 10248828                   /usr/lib/libXcursor.so.1.0.2
7f23befac000-7f23bf01a000 r-xp 00000000 08:01 10233756                   /usr/lib/libpcre.so.1.2.5
7f23bf01a000-7f23bf21a000 ---p 0006e000 08:01 10233756                   /usr/lib/libpcre.so.1.2.5
7f23bf21a000-7f23bf21b000 r--p 0006e000 08:01 10233756                   /usr/lib/libpcre.so.1.2.5
7f23bf21b000-7f23bf21c000 rw-p 0006f000 08:01 10233756                   /usr/lib/libpcre.so.1.2.5
7f23bf21c000-7f23bf238000 r-xp 00000000 08:01 10247519                   /usr/lib/libgraphite2.so.3.0.1
7f23bf238000-7f23bf437000 ---p 0001c000 08:01 10247519                   /usr/lib/libgraphite2.so.3.0.1
7f23bf437000-7f23bf439000 r--p 0001b000 08:01 10247519                   /usr/lib/libgraphite2.so.3.0.1
7f23bf439000-7f23bf43a000 rw-p 0001d000 08:01 10247519                   /usr/lib/libgraphite2.so.3.0.1
7f23bf43a000-7f23bf546000 r-xp 00000000 08:01 10233950                   /usr/lib/libglib-2.0.so.0.4400.1
7f23bf546000-7f23bf745000 ---p 0010c000 08:01 10233950                   /usr/lib/libglib-2.0.so.0.4400.1
7f23bf745000-7f23bf746000 r--p 0010b000 08:01 10233950                   /usr/lib/libglib-2.0.so.0.4400.1
7f23bf746000-7f23bf747000 rw-p 0010c000 08:01 10233950                   /usr/lib/libglib-2.0.so.0.4400.1
7f23bf747000-7f23bf748000 rw-p 00000000 00:00 0 
7f23bf748000-7f23bf7a2000 r-xp 00000000 08:01 10233470                   /usr/lib/libharfbuzz.so.0.941.0
7f23bf7a2000-7f23bf9a2000 ---p 0005a000 08:01 10233470                   /usr/lib/libharfbuzz.so.0.941.0
7f23bf9a2000-7f23bf9a3000 r--p 0005a000 08:01 10233470                   /usr/lib/libharfbuzz.so.0.941.0
7f23bf9a3000-7f23bf9a4000 rw-p 0005b000 08:01 10233470                   /usr/lib/libharfbuzz.so.0.941.0
7f23bf9a4000-7f23bf9d9000 r-xp 00000000 08:01 10244029                   /usr/lib/libpng16.so.16.16.0
7f23bf9d9000-7f23bfbd8000 ---p 00035000 08:01 10244029                   /usr/lib/libpng16.so.16.16.0
7f23bfbd8000-7f23bfbd9000 r--p 00034000 08:01 10244029                   /usr/lib/libpng16.so.16.16.0
7f23bfbd9000-7f23bfbda000 rw-p 00035000 08:01 10244029                   /usr/lib/libpng16.so.16.16.0
7f23bfbda000-7f23bfbe9000 r-xp 00000000 08:01 10229879                   /usr/lib/libbz2.so.1.0.6
7f23bfbe9000-7f23bfde8000 ---p 0000f000 08:01 10229879                   /usr/lib/libbz2.so.1.0.6
7f23bfde8000-7f23bfdea000 rw-p 0000e000 08:01 10229879                   /usr/lib/libbz2.so.1.0.6
7f23bfdea000-7f23bfe00000 r-xp 00000000 08:01 10227124                   /usr/lib/libgcc_s.so.1
7f23bfe00000-7f23bffff000 ---p 00016000 08:01 10227124                   /usr/lib/libgcc_s.so.1
7f23bffff000-7f23c0000000 rw-p 00015000 08:01 10227124                   /usr/lib/libgcc_s.so.1
7f23c0000000-7f23c0021000 rw-p 00000000 00:00 0 
7f23c0021000-7f23c4000000 ---p 00000000 00:00 0 
7f23c400d000-7f23c401d000 rw-s 101fb4000 00:06 9426                      /dev/dri/card0
7f23c401d000-7f23c402d000 rw-s 101fa4000 00:06 9426                      /dev/dri/card0
7f23c402d000-7f23c404b000 r-xp 00000000 08:01 10247526                   /usr/lib/libudev.so.1.6.4
7f23c404b000-7f23c404c000 r--p 0001d000 08:01 10247526                   /usr/lib/libudev.so.1.6.4
7f23c404c000-7f23c404d000 rw-p 0001e000 08:01 10247526                   /usr/lib/libudev.so.1.6.4
7f23c4051000-7f23c4061000 rw-s 101f94000 00:06 9426                      /dev/dri/card0
7f23c4061000-7f23c4069000 rw-s 00000000 00:05 127246                     /drm mm object (deleted)
7f23c4069000-7f23c4071000 rw-s 00000000 00:05 127239                     /drm mm object (deleted)
7f23c4071000-7f23c4074000 ---p 00000000 00:00 0 
7f23c4074000-7f23c40aa000 rw-p 00000000 00:00 0                          [stack:7634]
7f23c40aa000-7f23c40ad000 ---p 00000000 00:00 0 
7f23c40ad000-7f23c41ab000 rw-p 00000000 00:00 0                          [stack:7631]
7f23c41ab000-7f23c4260000 r-xp 00000000 08:01 10233478                   /usr/lib/libfreetype.so.6.12.0
7f23c4260000-7f23c445f000 ---p 000b5000 08:01 10233478                   /usr/lib/libfreetype.so.6.12.0
7f23c445f000-7f23c4465000 r--p 000b4000 08:01 10233478                   /usr/lib/libfreetype.so.6.12.0
7f23c4465000-7f23c4466000 rw-p 000ba000 08:01 10233478                   /usr/lib/libfreetype.so.6.12.0
7f23c4466000-7f23c446e000 rw-s 00000000 00:05 127235                     /drm mm object (deleted)
7f23c446e000-7f23c448a000 r--s 00393000 08:01 11146710                   /usr/lib/jvm/java-8-openjdk/jre/lib/ext/cldrdata.jar
7f23c448a000-7f23c44eb000 r-xp 00000000 08:01 11156072                   /usr/lib/jvm/java-8-openjdk/jre/lib/amd64/libfontmanager.so
7f23c44eb000-7f23c46eb000 ---p 00061000 08:01 11156072                   /usr/lib/jvm/java-8-openjdk/jre/lib/amd64/libfontmanager.so
7f23c46eb000-7f23c46ef000 rw-p 00061000 08:01 11156072                   /usr/lib/jvm/java-8-openjdk/jre/lib/amd64/libfontmanager.so
7f23c46ef000-7f23c4702000 rw-p 00000000 00:00 0 
7f23c4702000-7f23c4707000 r-xp 00000000 08:01 10244175                   /usr/lib/libXdmcp.so.6.0.0
7f23c4707000-7f23c4906000 ---p 00005000 08:01 10244175                   /usr/lib/libXdmcp.so.6.0.0
7f23c4906000-7f23c4907000 r--p 00004000 08:01 10244175                   /usr/lib/libXdmcp.so.6.0.0
7f23c4907000-7f23c4908000 rw-p 00005000 08:01 10244175                   /usr/lib/libXdmcp.so.6.0.0
7f23c4908000-7f23c490a000 r-xp 00000000 08:01 10244179                   /usr/lib/libXau.so.6.0.0
7f23c490a000-7f23c4b0a000 ---p 00002000 08:01 10244179                   /usr/lib/libXau.so.6.0.0
7f23c4b0a000-7f23c4b0b000 r--p 00002000 08:01 10244179                   /usr/lib/libXau.so.6.0.0
7f23c4b0b000-7f23c4b0c000 rw-p 00003000 08:01 10244179                   /usr/lib/libXau.so.6.0.0
7f23c4b0c000-7f23c4b2d000 r-xp 00000000 08:01 10246469                   /usr/lib/libxcb.so.1.1.0
7f23c4b2d000-7f23c4d2c000 ---p 00021000 08:01 10246469                   /usr/lib/libxcb.so.1.1.0
7f23c4d2c000-7f23c4d2d000 r--p 00020000 08:01 10246469                   /usr/lib/libxcb.so.1.1.0
7f23c4d2d000-7f23c4d2e000 rw-p 00021000 08:01 10246469                   /usr/lib/libxcb.so.1.1.0
7f23c4d2e000-7f23c4d3d000 r-xp 00000000 08:01 10248936                   /usr/lib/libXi.so.6.1.0
7f23c4d3d000-7f23c4f3d000 ---p 0000f000 08:01 10248936                   /usr/lib/libXi.so.6.1.0
7f23c4f3d000-7f23c4f3e000 r--p 0000f000 08:01 10248936                   /usr/lib/libXi.so.6.1.0
7f23c4f3e000-7f23c4f3f000 rw-p 00010000 08:01 10248936                   /usr/lib/libXi.so.6.1.0
7f23c4f3f000-7f23c4f44000 r-xp 00000000 08:01 10249137                   /usr/lib/libXtst.so.6.1.0
7f23c4f44000-7f23c5143000 ---p 00005000 08:01 10249137                   /usr/lib/libXtst.so.6.1.0
7f23c5143000-7f23c5144000 r--p 00004000 08:01 10249137                   /usr/lib/libXtst.so.6.1.0
7f23c5144000-7f23c5145000 rw-p 00005000 08:01 10249137                   /usr/lib/libXtst.so.6.1.0
7f23c5145000-7f23c514e000 r-xp 00000000 08:01 10247450                   /usr/lib/libXrender.so.1.3.0
7f23c514e000-7f23c534d000 ---p 00009000 08:01 10247450                   /usr/lib/libXrender.so.1.3.0
7f23c534d000-7f23c534e000 r--p 00008000 08:01 10247450                   /usr/lib/libXrender.so.1.3.0
7f23c534e000-7f23c534f000 rw-p 00009000 08:01 10247450                   /usr/lib/libXrender.so.1.3.0
7f23c534f000-7f23c548a000 r-xp 00000000 08:01 10246550                   /usr/lib/libX11.so.6.3.0
7f23c548a000-7f23c5689000 ---p 0013b000 08:01 10246550                   /usr/lib/libX11.so.6.3.0
7f23c5689000-7f23c568b000 r--p 0013a000 08:01 10246550                   /usr/lib/libX11.so.6.3.0
7f23c568b000-7f23c5690000 rw-p 0013c000 08:01 10246550                   /usr/lib/libX11.so.6.3.0
7f23c5690000-7f23c5691000 rw-p 00000000 00:00 0 
7f23c5691000-7f23c56a2000 r-xp 00000000 08:01 10247516                   /usr/lib/libXext.so.6.4.0
7f23c56a2000-7f23c58a1000 ---p 00011000 08:01 10247516                   /usr/lib/libXext.so.6.4.0
7f23c58a1000-7f23c58a2000 r--p 00010000 08:01 10247516                   /usr/lib/libXext.so.6.4.0
7f23c58a2000-7f23c58a3000 rw-p 00011000 08:01 10247516                   /usr/lib/libXext.so.6.4.0
7f23c58a9000-7f23c58b4000 r--s 00116000 08:01 11146709                   /usr/lib/jvm/java-8-openjdk/jre/lib/ext/localedata.jar
7f23c58b4000-7f23c58c7000 r--s 00345000 08:01 11146687                   /usr/lib/jvm/java-8-openjdk/jre/lib/resources.jar
7f23c58c7000-7f23c591a000 r-xp 00000000 08:01 11156073                   /usr/lib/jvm/java-8-openjdk/jre/lib/amd64/libawt_xawt.so
7f23c591a000-7f23c5b19000 ---p 00053000 08:01 11156073                   /usr/lib/jvm/java-8-openjdk/jre/lib/amd64/libawt_xawt.so
7f23c5b19000-7f23c5b1d000 rw-p 00052000 08:01 11156073                   /usr/lib/jvm/java-8-openjdk/jre/lib/amd64/libawt_xawt.so
7f23c5b1d000-7f23c5b1e000 rw-p 00000000 00:00 0 
7f23c5b1e000-7f23c5bbe000 r-xp 00000000 08:01 11156067                   /usr/lib/jvm/java-8-openjdk/jre/lib/amd64/libawt.so
7f23c5bbe000-7f23c5dbe000 ---p 000a0000 08:01 11156067                   /usr/lib/jvm/java-8-openjdk/jre/lib/amd64/libawt.so
7f23c5dbe000-7f23c5dca000 rw-p 000a0000 08:01 11156067                   /usr/lib/jvm/java-8-openjdk/jre/lib/amd64/libawt.so
7f23c5dca000-7f23c5dee000 rw-p 00000000 00:00 0 
7f23c5dee000-7f23c5dfc000 r--s 000f2000 08:01 16385036                   /home/michael/workspace/Slick2D-Project/Slick/lib/lwjgl.jar
7f23c5dfc000-7f23c5dfd000 ---p 00000000 00:00 0 
7f23c5dfd000-7f23c5efd000 rw-p 00000000 00:00 0                          [stack:7630]
7f23c5efd000-7f23c5f00000 ---p 00000000 00:00 0 
7f23c5f00000-7f23c5ffe000 rw-p 00000000 00:00 0                          [stack:7629]
7f23c5ffe000-7f23c6001000 ---p 00000000 00:00 0 
7f23c6001000-7f23c60ff000 rw-p 00000000 00:00 0                          [stack:7628]
7f23c60ff000-7f23c6102000 ---p 00000000 00:00 0 
7f23c6102000-7f23c8000000 rw-p 00000000 00:00 0                          [stack:7627]
7f23c8000000-7f23c8021000 rw-p 00000000 00:00 0 
7f23c8021000-7f23cc000000 ---p 00000000 00:00 0 
7f23cc005000-7f23cc006000 rw-p 00000000 00:00 0 
7f23cc006000-7f23cc009000 ---p 00000000 00:00 0 
7f23cc009000-7f23cc107000 rw-p 00000000 00:00 0                          [stack:7626]
7f23cc107000-7f23cc10a000 ---p 00000000 00:00 0 
7f23cc10a000-7f23cc208000 rw-p 00000000 00:00 0                          [stack:7625]
7f23cc208000-7f23cc391000 r--p 00000000 08:01 10243821                   /usr/lib/locale/locale-archive
7f23cc391000-7f23cc394000 ---p 00000000 00:00 0 
7f23cc394000-7f23cc492000 rw-p 00000000 00:00 0                          [stack:7624]
7f23cc492000-7f23cc495000 ---p 00000000 00:00 0 
7f23cc495000-7f23cc593000 rw-p 00000000 00:00 0                          [stack:7623]
7f23cc593000-7f23cc594000 ---p 00000000 00:00 0 
7f23cc594000-7f23cd000000 rw-p 00000000 00:00 0                          [stack:7622]
7f23cd000000-7f23cd400000 rwxp 00000000 00:00 0 
7f23cd400000-7f23dc000000 ---p 00000000 00:00 0 
7f23dc000000-7f23dcbfe000 rw-p 00000000 00:00 0 
7f23dcbfe000-7f23e0000000 ---p 00000000 00:00 0 
7f23e0000000-7f23e0005000 r--s 00094000 08:01 11146692                   /usr/lib/jvm/java-8-openjdk/jre/lib/jsse.jar
7f23e0005000-7f23e0010000 r--s 00099000 08:01 16385043                   /home/michael/workspace/Slick2D-Project/Slick/lib/slick.jar
7f23e0010000-7f23e0658000 rw-p 00000000 00:00 0 
7f23e0658000-7f23e0825000 r--s 03bd3000 08:01 11146689                   /usr/lib/jvm/java-8-openjdk/jre/lib/rt.jar
7f23e0825000-7f23e127b000 rw-p 00000000 00:00 0 
7f23e127b000-7f23e127c000 ---p 00000000 00:00 0 
7f23e127c000-7f23e137c000 rw-p 00000000 00:00 0                          [stack:7621]
7f23e137c000-7f23e137d000 ---p 00000000 00:00 0 
7f23e137d000-7f23e147d000 rw-p 00000000 00:00 0                          [stack:7620]
7f23e147d000-7f23e147e000 ---p 00000000 00:00 0 
7f23e147e000-7f23e157e000 rw-p 00000000 00:00 0                          [stack:7619]
7f23e157e000-7f23e157f000 ---p 00000000 00:00 0 
7f23e157f000-7f23e1693000 rw-p 00000000 00:00 0                          [stack:7618]
7f23e1693000-7f23e17bf000 ---p 00000000 00:00 0 
7f23e17bf000-7f23e17d3000 rw-p 00000000 00:00 0 
7f23e17d3000-7f23e18ff000 ---p 00000000 00:00 0 
7f23e18ff000-7f23e1911000 rw-p 00000000 00:00 0 
7f23e1911000-7f23e199f000 ---p 00000000 00:00 0 
7f23e199f000-7f23e19b0000 rw-p 00000000 00:00 0 
7f23e19b0000-7f23e1d60000 ---p 00000000 00:00 0 
7f23e1d60000-7f23e1d68000 r-xp 00000000 08:01 11156054                   /usr/lib/jvm/java-8-openjdk/jre/lib/amd64/libzip.so
7f23e1d68000-7f23e1f67000 ---p 00008000 08:01 11156054                   /usr/lib/jvm/java-8-openjdk/jre/lib/amd64/libzip.so
7f23e1f67000-7f23e1f68000 rw-p 00007000 08:01 11156054                   /usr/lib/jvm/java-8-openjdk/jre/lib/amd64/libzip.so
7f23e1f68000-7f23e1f73000 r-xp 00000000 08:01 10226777                   /usr/lib/libnss_files-2.21.so
7f23e1f73000-7f23e2173000 ---p 0000b000 08:01 10226777                   /usr/lib/libnss_files-2.21.so
7f23e2173000-7f23e2174000 r--p 0000b000 08:01 10226777                   /usr/lib/libnss_files-2.21.so
7f23e2174000-7f23e2175000 rw-p 0000c000 08:01 10226777                   /usr/lib/libnss_files-2.21.so
7f23e2175000-7f23e21a2000 r-xp 00000000 08:01 11156055                   /usr/lib/jvm/java-8-openjdk/jre/lib/amd64/libjava.so
7f23e21a2000-7f23e23a2000 ---p 0002d000 08:01 11156055                   /usr/lib/jvm/java-8-openjdk/jre/lib/amd64/libjava.so
7f23e23a2000-7f23e23a4000 rw-p 0002d000 08:01 11156055                   /usr/lib/jvm/java-8-openjdk/jre/lib/amd64/libjava.so
7f23e23a4000-7f23e23b1000 r-xp 00000000 08:01 11156046                   /usr/lib/jvm/java-8-openjdk/jre/lib/amd64/libverify.so
7f23e23b1000-7f23e25b0000 ---p 0000d000 08:01 11156046                   /usr/lib/jvm/java-8-openjdk/jre/lib/amd64/libverify.so
7f23e25b0000-7f23e25b2000 rw-p 0000c000 08:01 11156046                   /usr/lib/jvm/java-8-openjdk/jre/lib/amd64/libverify.so
7f23e25b2000-7f23e25b9000 r-xp 00000000 08:01 10226809                   /usr/lib/librt-2.21.so
7f23e25b9000-7f23e27b8000 ---p 00007000 08:01 10226809                   /usr/lib/librt-2.21.so
7f23e27b8000-7f23e27b9000 r--p 00006000 08:01 10226809                   /usr/lib/librt-2.21.so
7f23e27b9000-7f23e27ba000 rw-p 00007000 08:01 10226809                   /usr/lib/librt-2.21.so
7f23e27ba000-7f23e28bd000 r-xp 00000000 08:01 10226836                   /usr/lib/libm-2.21.so
7f23e28bd000-7f23e2abc000 ---p 00103000 08:01 10226836                   /usr/lib/libm-2.21.so
7f23e2abc000-7f23e2abd000 r--p 00102000 08:01 10226836                   /usr/lib/libm-2.21.so
7f23e2abd000-7f23e2abe000 rw-p 00103000 08:01 10226836                   /usr/lib/libm-2.21.so
7f23e2abe000-7f23e375f000 r-xp 00000000 08:01 11156078                   /usr/lib/jvm/java-8-openjdk/jre/lib/amd64/server/libjvm.so
7f23e375f000-7f23e395e000 ---p 00ca1000 08:01 11156078                   /usr/lib/jvm/java-8-openjdk/jre/lib/amd64/server/libjvm.so
7f23e395e000-7f23e3a2a000 rw-p 00ca0000 08:01 11156078                   /usr/lib/jvm/java-8-openjdk/jre/lib/amd64/server/libjvm.so
7f23e3a2a000-7f23e3a6c000 rw-p 00000000 00:00 0 
7f23e3a6c000-7f23e3c05000 r-xp 00000000 08:01 10226788                   /usr/lib/libc-2.21.so
7f23e3c05000-7f23e3e04000 ---p 00199000 08:01 10226788                   /usr/lib/libc-2.21.so
7f23e3e04000-7f23e3e08000 r--p 00198000 08:01 10226788                   /usr/lib/libc-2.21.so
7f23e3e08000-7f23e3e0a000 rw-p 0019c000 08:01 10226788                   /usr/lib/libc-2.21.so
7f23e3e0a000-7f23e3e0e000 rw-p 00000000 00:00 0 
7f23e3e0e000-7f23e3e11000 r-xp 00000000 08:01 10226818                   /usr/lib/libdl-2.21.so
7f23e3e11000-7f23e4010000 ---p 00003000 08:01 10226818                   /usr/lib/libdl-2.21.so
7f23e4010000-7f23e4011000 r--p 00002000 08:01 10226818                   /usr/lib/libdl-2.21.so
7f23e4011000-7f23e4012000 rw-p 00003000 08:01 10226818                   /usr/lib/libdl-2.21.so
7f23e4012000-7f23e401f000 r-xp 00000000 08:01 11156075                   /usr/lib/jvm/java-8-openjdk/jre/lib/amd64/jli/libjli.so
7f23e401f000-7f23e421f000 ---p 0000d000 08:01 11156075                   /usr/lib/jvm/java-8-openjdk/jre/lib/amd64/jli/libjli.so
7f23e421f000-7f23e4220000 rw-p 0000d000 08:01 11156075                   /usr/lib/jvm/java-8-openjdk/jre/lib/amd64/jli/libjli.so
7f23e4220000-7f23e4235000 r-xp 00000000 08:01 10230040                   /usr/lib/libz.so.1.2.8
7f23e4235000-7f23e4434000 ---p 00015000 08:01 10230040                   /usr/lib/libz.so.1.2.8
7f23e4434000-7f23e4435000 r--p 00014000 08:01 10230040                   /usr/lib/libz.so.1.2.8
7f23e4435000-7f23e4436000 rw-p 00015000 08:01 10230040                   /usr/lib/libz.so.1.2.8
7f23e4436000-7f23e444e000 r-xp 00000000 08:01 10226808                   /usr/lib/libpthread-2.21.so
7f23e444e000-7f23e464d000 ---p 00018000 08:01 10226808                   /usr/lib/libpthread-2.21.so
7f23e464d000-7f23e464e000 r--p 00017000 08:01 10226808                   /usr/lib/libpthread-2.21.so
7f23e464e000-7f23e464f000 rw-p 00018000 08:01 10226808                   /usr/lib/libpthread-2.21.so
7f23e464f000-7f23e4653000 rw-p 00000000 00:00 0 
7f23e4653000-7f23e4675000 r-xp 00000000 08:01 10226832                   /usr/lib/ld-2.21.so
7f23e4675000-7f23e4676000 rwxp 00000000 00:00 0 
7f23e4676000-7f23e467a000 r--s 00027000 08:01 16385037                   /home/michael/workspace/Slick2D-Project/Slick/lib/lwjgl_util.jar
7f23e467a000-7f23e474a000 rw-p 00000000 00:00 0 
7f23e474a000-7f23e474d000 ---p 00000000 00:00 0 
7f23e474d000-7f23e484f000 rw-p 00000000 00:00 0                          [stack:7617]
7f23e484f000-7f23e4850000 rw-s 00000000 00:05 127236                     /drm mm object (deleted)
7f23e4850000-7f23e4851000 rw-s 101b73000 00:06 9426                      /dev/dri/card0
7f23e4851000-7f23e4856000 r--s 00030000 08:01 16385032                   /home/michael/workspace/Slick2D-Project/Slick/lib/jinput.jar
7f23e4856000-7f23e4869000 rw-p 00000000 00:00 0 
7f23e4869000-7f23e4871000 rw-s 00000000 00:1e 128077                     /tmp/hsperfdata_michael/7612
7f23e4871000-7f23e4872000 rw-p 00000000 00:00 0 
7f23e4872000-7f23e4873000 r--p 00000000 00:00 0 
7f23e4873000-7f23e4874000 rw-p 00000000 00:00 0 
7f23e4874000-7f23e4875000 r--p 00021000 08:01 10226832                   /usr/lib/ld-2.21.so
7f23e4875000-7f23e4876000 rw-p 00022000 08:01 10226832                   /usr/lib/ld-2.21.so
7f23e4876000-7f23e4877000 rw-p 00000000 00:00 0 
7ffc9f328000-7ffc9f349000 rw-p 00000000 00:00 0                          [stack]
7ffc9f349000-7ffc9f34b000 r--p 00000000 00:00 0                          [vvar]
7ffc9f34b000-7ffc9f34d000 r-xp 00000000 00:00 0                          [vdso]
ffffffffff600000-ffffffffff601000 r-xp 00000000 00:00 0                  [vsyscall]

VM Arguments:
jvm_args: -Djava.library.path=/home/michael/workspace/Slick2D-Project/lwjgl-2.9.3/native/linux -Dfile.encoding=UTF-8 
java_command: driver.Driver
java_class_path (initial): /home/michael/workspace/Slick2D-Project/bin:/home/michael/workspace/Slick2D-Project/Slick/lib/slick.jar:/home/michael/workspace/Slick2D-Project/Slick/lib/jinput.jar:/home/michael/workspace/Slick2D-Project/Slick/lib/lwjgl_util.jar:/home/michael/workspace/Slick2D-Project/Slick/lib/lwjgl.jar
Launcher Type: SUN_STANDARD

Environment Variables:
PATH=/usr/local/sbin:/usr/local/bin:/usr/bin:/usr/lib/jvm/default/bin:/usr/bin/site_perl:/usr/bin/vendor_perl:/usr/bin/core_perl
SHELL=/usr/bin/zsh
DISPLAY=:0

Signal Handlers:
SIGSEGV: [libjvm.so+0xa90890], sa_mask[0]=11111111011111111101111111111110, sa_flags=SA_RESTART|SA_SIGINFO
SIGBUS: [libjvm.so+0xa90890], sa_mask[0]=11111111011111111101111111111110, sa_flags=SA_RESTART|SA_SIGINFO
SIGFPE: [libjvm.so+0x8dac20], sa_mask[0]=11111111011111111101111111111110, sa_flags=SA_RESTART|SA_SIGINFO
SIGPIPE: [libjvm.so+0x8dac20], sa_mask[0]=11111111011111111101111111111110, sa_flags=SA_RESTART|SA_SIGINFO
SIGXFSZ: [libjvm.so+0x8dac20], sa_mask[0]=11111111011111111101111111111110, sa_flags=SA_RESTART|SA_SIGINFO
SIGILL: [libjvm.so+0x8dac20], sa_mask[0]=11111111011111111101111111111110, sa_flags=SA_RESTART|SA_SIGINFO
SIGUSR1: SIG_DFL, sa_mask[0]=00000000000000000000000000000000, sa_flags=none
SIGUSR2: [libjvm.so+0x8daad0], sa_mask[0]=00100000000000000000000000000000, sa_flags=SA_RESTART|SA_SIGINFO
SIGHUP: [libjvm.so+0x8dacf0], sa_mask[0]=11111111011111111101111111111110, sa_flags=SA_RESTART|SA_SIGINFO
SIGINT: SIG_IGN, sa_mask[0]=00000000000000000000000000000000, sa_flags=none
SIGTERM: [libjvm.so+0x8dacf0], sa_mask[0]=11111111011111111101111111111110, sa_flags=SA_RESTART|SA_SIGINFO
SIGQUIT: [libjvm.so+0x8dacf0], sa_mask[0]=11111111011111111101111111111110, sa_flags=SA_RESTART|SA_SIGINFO


---------------  S Y S T E M  ---------------

OS:NAME="Arch Linux"
ID=arch
PRETTY_NAME="Arch Linux"
ANSI_COLOR="0;36"
HOME_URL="https://www.archlinux.org/"
SUPPORT_URL="https://bbs.archlinux.org/"
BUG_REPORT_URL="https://bugs.archlinux.org/"


uname:Linux 4.0.7-2-ARCH #1 SMP PREEMPT Tue Jun 30 07:50:21 UTC 2015 x86_64
libc:glibc 2.21 NPTL 2.21 
rlimit: STACK 8192k, CORE 0k, NPROC 15337, NOFILE 4096, AS infinity
load average:0.51 0.44 0.36

/proc/meminfo:
MemTotal:        3931796 kB
MemFree:          974608 kB
MemAvailable:    1676844 kB
Buffers:           54832 kB
Cached:          1137128 kB
SwapCached:            0 kB
Active:          1912860 kB
Inactive:         854196 kB
Active(anon):    1606256 kB
Inactive(anon):   332092 kB
Active(file):     306604 kB
Inactive(file):   522104 kB
Unevictable:           0 kB
Mlocked:               0 kB
SwapTotal:             0 kB
SwapFree:              0 kB
Dirty:                96 kB
Writeback:           124 kB
AnonPages:       1575176 kB
Mapped:           583636 kB
Shmem:            363256 kB
Slab:             108276 kB
SReclaimable:      84924 kB
SUnreclaim:        23352 kB
KernelStack:        5264 kB
PageTables:        20076 kB
NFS_Unstable:          0 kB
Bounce:                0 kB
WritebackTmp:          0 kB
CommitLimit:     1965896 kB
Committed_AS:    4051760 kB
VmallocTotal:   34359738367 kB
VmallocUsed:      367712 kB
VmallocChunk:   34359362504 kB
HardwareCorrupted:     0 kB
AnonHugePages:    706560 kB
HugePages_Total:       0
HugePages_Free:        0
HugePages_Rsvd:        0
HugePages_Surp:        0
Hugepagesize:       2048 kB
DirectMap4k:      108160 kB
DirectMap2M:     3966976 kB


CPU:total 4 (2 cores per cpu, 2 threads per core) family 6 model 42 stepping 7, cmov, cx8, fxsr, mmx, sse, sse2, sse3, ssse3, sse4.1, sse4.2, popcnt, avx, aes, clmul, ht, tsc, tscinvbit

/proc/cpuinfo:
processor	: 0
vendor_id	: GenuineIntel
cpu family	: 6
model		: 42
model name	: Intel(R) Core(TM) i5-2520M CPU @ 2.50GHz
stepping	: 7
microcode	: 0x25
cpu MHz		: 1256.933
cache size	: 3072 KB
physical id	: 0
siblings	: 4
core id		: 0
cpu cores	: 2
apicid		: 0
initial apicid	: 0
fpu		: yes
fpu_exception	: yes
cpuid level	: 13
wp		: yes
flags		: fpu vme de pse tsc msr pae mce cx8 apic sep mtrr pge mca cmov pat pse36 clflush dts acpi mmx fxsr sse sse2 ss ht tm pbe syscall nx rdtscp lm constant_tsc arch_perfmon pebs bts nopl xtopology nonstop_tsc aperfmperf eagerfpu pni pclmulqdq dtes64 monitor ds_cpl vmx smx est tm2 ssse3 cx16 xtpr pdcm pcid sse4_1 sse4_2 x2apic popcnt tsc_deadline_timer aes xsave avx lahf_lm ida arat epb pln pts dtherm tpr_shadow vnmi flexpriority ept vpid xsaveopt
bugs		:
bogomips	: 4985.60
clflush size	: 64
cache_alignment	: 64
address sizes	: 36 bits physical, 48 bits virtual
power management:

processor	: 1
vendor_id	: GenuineIntel
cpu family	: 6
model		: 42
model name	: Intel(R) Core(TM) i5-2520M CPU @ 2.50GHz
stepping	: 7
microcode	: 0x25
cpu MHz		: 1690.234
cache size	: 3072 KB
physical id	: 0
siblings	: 4
core id		: 0
cpu cores	: 2
apicid		: 1
initial apicid	: 1
fpu		: yes
fpu_exception	: yes
cpuid level	: 13
wp		: yes
flags		: fpu vme de pse tsc msr pae mce cx8 apic sep mtrr pge mca cmov pat pse36 clflush dts acpi mmx fxsr sse sse2 ss ht tm pbe syscall nx rdtscp lm constant_tsc arch_perfmon pebs bts nopl xtopology nonstop_tsc aperfmperf eagerfpu pni pclmulqdq dtes64 monitor ds_cpl vmx smx est tm2 ssse3 cx16 xtpr pdcm pcid sse4_1 sse4_2 x2apic popcnt tsc_deadline_timer aes xsave avx lahf_lm ida arat epb pln pts dtherm tpr_shadow vnmi flexpriority ept vpid xsaveopt
bugs		:
bogomips	: 4985.60
clflush size	: 64
cache_alignment	: 64
address sizes	: 36 bits physical, 48 bits virtual
power management:

processor	: 2
vendor_id	: GenuineIntel
cpu family	: 6
model		: 42
model name	: Intel(R) Core(TM) i5-2520M CPU @ 2.50GHz
stepping	: 7
microcode	: 0x25
cpu MHz		: 1514.257
cache size	: 3072 KB
physical id	: 0
siblings	: 4
core id		: 1
cpu cores	: 2
apicid		: 2
initial apicid	: 2
fpu		: yes
fpu_exception	: yes
cpuid level	: 13
wp		: yes
flags		: fpu vme de pse tsc msr pae mce cx8 apic sep mtrr pge mca cmov pat pse36 clflush dts acpi mmx fxsr sse sse2 ss ht tm pbe syscall nx rdtscp lm constant_tsc arch_perfmon pebs bts nopl xtopology nonstop_tsc aperfmperf eagerfpu pni pclmulqdq dtes64 monitor ds_cpl vmx smx est tm2 ssse3 cx16 xtpr pdcm pcid sse4_1 sse4_2 x2apic popcnt tsc_deadline_timer aes xsave avx lahf_lm ida arat epb pln pts dtherm tpr_shadow vnmi flexpriority ept vpid xsaveopt
bugs		:
bogomips	: 4985.60
clflush size	: 64
cache_alignment	: 64
address sizes	: 36 bits physical, 48 bits virtual
power management:

processor	: 3
vendor_id	: GenuineIntel
cpu family	: 6
model		: 42
model name	: Intel(R) Core(TM) i5-2520M CPU @ 2.50GHz
stepping	: 7
microcode	: 0x25
cpu MHz		: 1301.757
cache size	: 3072 KB
physical id	: 0
siblings	: 4
core id		: 1
cpu cores	: 2
apicid		: 3
initial apicid	: 3
fpu		: yes
fpu_exception	: yes
cpuid level	: 13
wp		: yes
flags		: fpu vme de pse tsc msr pae mce cx8 apic sep mtrr pge mca cmov pat pse36 clflush dts acpi mmx fxsr sse sse2 ss ht tm pbe syscall nx rdtscp lm constant_tsc arch_perfmon pebs bts nopl xtopology nonstop_tsc aperfmperf eagerfpu pni pclmulqdq dtes64 monitor ds_cpl vmx smx est tm2 ssse3 cx16 xtpr pdcm pcid sse4_1 sse4_2 x2apic popcnt tsc_deadline_timer aes xsave avx lahf_lm ida arat epb pln pts dtherm tpr_shadow vnmi flexpriority ept vpid xsaveopt
bugs		:
bogomips	: 4985.60
clflush size	: 64
cache_alignment	: 64
address sizes	: 36 bits physical, 48 bits virtual
power management:



Memory: 4k page, physical 3931796k(974608k free), swap 0k(0k free)

vm_info: OpenJDK 64-Bit Server VM (25.45-b02) for linux-amd64 JRE (1.8.0_45-b14), built on Apr 20 2015 17:04:34 by "builduser" with gcc 4.9.2 20150304 (prerelease)

time: Thu Jul 16 11:05:46 2015
elapsed time: 4 seconds (0d 0h 0m 4s)

