#
# A fatal error has been detected by the Java Runtime Environment:
#
#  SIGSEGV (0xb) at pc=0x00007f1056d969cc, pid=8026, tid=139708843222784
#
# JRE version: OpenJDK Runtime Environment (8.0_45-b14) (build 1.8.0_45-b14)
# Java VM: OpenJDK 64-Bit Server VM (25.45-b02 mixed mode linux-amd64 compressed oops)
# Problematic frame:
# C  [i965_dri.so+0x39c9cc]
#
# Failed to write core dump. Core dumps have been disabled. To enable core dumping, try "ulimit -c unlimited" before starting Java again
#
# If you would like to submit a bug report, please visit:
#   http://bugreport.java.com/bugreport/crash.jsp
# The crash happened outside the Java Virtual Machine in native code.
# See problematic frame for where to report the bug.
#

---------------  T H R E A D  ---------------

Current thread (0x00007f1078008800):  JavaThread "main" [_thread_in_native, id=8031, stack(0x00007f107fe8e000,0x00007f107ff8f000)]

siginfo: si_signo: 11 (SIGSEGV), si_code: 1 (SEGV_MAPERR), si_addr: 0x0000000000000208

Registers:
RAX=0x0000000000000000, RBX=0x00007f107845f590, RCX=0x0000000000000001, RDX=0x0000000000000006
RSP=0x00007f107ff8d610, RBP=0x00007f1078730c78, RSI=0x00007f10784aa150, RDI=0x00007f1078730c78
R8 =0x0000000000000001, R9 =0x0000000000000010, R10=0x000000000000000b, R11=0x000000005f991000
R12=0x0000000000000001, R13=0x00007f10784aa150, R14=0x00007f10784aa510, R15=0x00007f107845f650
RIP=0x00007f1056d969cc, EFLAGS=0x0000000000010202, CSGSFS=0x0000000000000033, ERR=0x0000000000000004
  TRAPNO=0x000000000000000e

Top of Stack: (sp=0x00007f107ff8d610)
0x00007f107ff8d610:   0000000000000000 0000000078569540
0x00007f107ff8d620:   00007f10784aa538 00007f10787325b0
0x00007f107ff8d630:   0000000200000002 00007f1056b3d338
0x00007f107ff8d640:   0000000000000001 0000000000000000
0x00007f107ff8d650:   00007f1078730c78 0000000000004000
0x00007f107ff8d660:   0000000000000000 00007f1056de95ab
0x00007f107ff8d670:   00007f1066e41898 0000000100000000
0x00007f107ff8d680:   00007f1078730c78 1e17278c37c91b00
0x00007f107ff8d690:   0000000000000000 00007f1078730c78
0x00007f107ff8d6a0:   0000000000000002 0000000000000000
0x00007f107ff8d6b0:   00007f10784aa150 0000000000000002
0x00007f107ff8d6c0:   00007f107845f650 00007f1056d220cc
0x00007f107ff8d6d0:   00ffffff78730c7c 00007f10784a4d30
0x00007f107ff8d6e0:   00007f107ff8d6e0 00007f106709de98
0x00007f107ff8d6f0:   00007f107ff8d780 0000000000000000
0x00007f107ff8d700:   00007f106709de98 00007f107ff8d7b0
0x00007f107ff8d710:   00007f1078008800 00007f10690156d4
0x00007f107ff8d720:   00007f107ff8d788 00007f106900798d
0x00007f107ff8d730:   00000000ed3d5e70 00000000ec6d4ed8
0x00007f107ff8d740:   00007f107ff8d740 0000000000000000
0x00007f107ff8d750:   00007f107ff8d7b0 00007f10670bac28
0x00007f107ff8d760:   0000000000000000 00007f106709de98
0x00007f107ff8d770:   0000000000000000 00007f107ff8d7a0
0x00007f107ff8d780:   00007f107ff8d7f8 00007f106900798d
0x00007f107ff8d790:   00000000ed23b280 00007f106900f2b8
0x00007f107ff8d7a0:   00007f105d2d8280 00007f105d2d8280
0x00007f107ff8d7b0:   0000000000004100 00007f107ff8d7b8
0x00007f107ff8d7c0:   00007f106709ddd7 00007f107ff8d820
0x00007f107ff8d7d0:   00007f10670bac28 0000000000000000
0x00007f107ff8d7e0:   00007f106709de10 00007f107ff8d7a0
0x00007f107ff8d7f0:   00007f107ff8d820 00007f107ff8d868
0x00007f107ff8d800:   00007f106900798d 00007f105d2d8280 

Instructions: (pc=0x00007f1056d969cc)
0x00007f1056d969ac:   44 24 24 89 44 24 20 0f 84 9f 02 00 00 48 8b 83
0x00007f1056d969bc:   88 00 00 00 8b 95 c8 3f 02 00 41 bc 01 00 00 00
0x00007f1056d969cc:   8b 88 08 02 00 00 85 c9 74 0a 45 31 e4 83 fa 06
0x00007f1056d969dc:   41 0f 9e c4 80 7c 24 33 00 8b 70 14 ba 01 00 00 

Register to memory mapping:

RAX=0x0000000000000000 is an unknown value
RBX=0x00007f107845f590 is an unknown value
RCX=0x0000000000000001 is an unknown value
RDX=0x0000000000000006 is an unknown value
RSP=0x00007f107ff8d610 is pointing into the stack for thread: 0x00007f1078008800
RBP=0x00007f1078730c78 is an unknown value
RSI=0x00007f10784aa150 is an unknown value
RDI=0x00007f1078730c78 is an unknown value
R8 =0x0000000000000001 is an unknown value
R9 =0x0000000000000010 is an unknown value
R10=0x000000000000000b is an unknown value
R11=0x000000005f991000 is an unknown value
R12=0x0000000000000001 is an unknown value
R13=0x00007f10784aa150 is an unknown value
R14=0x00007f10784aa510 is an unknown value
R15=0x00007f107845f650 is an unknown value


Stack: [0x00007f107fe8e000,0x00007f107ff8f000],  sp=0x00007f107ff8d610,  free space=1021k
Native frames: (J=compiled Java code, j=interpreted, Vv=VM code, C=native code)
C  [i965_dri.so+0x39c9cc]

Java frames: (J=compiled Java code, j=interpreted, Vv=VM code)
j  org.lwjgl.opengl.GL11.nglClear(IJ)V+0
j  org.lwjgl.opengl.GL11.glClear(I)V+15
j  org.newdawn.slick.opengl.renderer.ImmediateModeOGLRenderer.glClear(I)V+1
j  org.newdawn.slick.GameContainer.updateAndRender(I)V+259
j  org.newdawn.slick.AppGameContainer.gameLoop()V+33
j  org.newdawn.slick.AppGameContainer.start()V+17
j  driver.Driver.main([Ljava/lang/String;)V+82
v  ~StubRoutines::call_stub

---------------  P R O C E S S  ---------------

Java Threads: ( => current thread )
  0x00007f10789e3800 JavaThread "Thread-1" daemon [_thread_blocked, id=8051, stack(0x00007f1054356000,0x00007f1054457000)]
  0x00007f1078267000 JavaThread "process reaper" daemon [_thread_blocked, id=8048, stack(0x00007f1064016000,0x00007f106404f000)]
  0x00007f107825c800 JavaThread "AWT-XAWT" daemon [_thread_in_native, id=8046, stack(0x00007f105e260000,0x00007f105e361000)]
  0x00007f107823b800 JavaThread "Java2D Disposer" daemon [_thread_blocked, id=8045, stack(0x00007f105e772000,0x00007f105e873000)]
  0x00007f10780c8000 JavaThread "Service Thread" daemon [_thread_blocked, id=8043, stack(0x00007f1065644000,0x00007f1065745000)]
  0x00007f10780bb000 JavaThread "C1 CompilerThread2" daemon [_thread_blocked, id=8042, stack(0x00007f1065745000,0x00007f1065846000)]
  0x00007f10780b9800 JavaThread "C2 CompilerThread1" daemon [_thread_blocked, id=8041, stack(0x00007f1065846000,0x00007f1065947000)]
  0x00007f10780b6800 JavaThread "C2 CompilerThread0" daemon [_thread_blocked, id=8040, stack(0x00007f1065947000,0x00007f1065a48000)]
  0x00007f10780b5000 JavaThread "Signal Dispatcher" daemon [_thread_blocked, id=8039, stack(0x00007f1065a48000,0x00007f1065b49000)]
  0x00007f107807d000 JavaThread "Finalizer" daemon [_thread_blocked, id=8038, stack(0x00007f1065cd2000,0x00007f1065dd3000)]
  0x00007f107807b000 JavaThread "Reference Handler" daemon [_thread_blocked, id=8037, stack(0x00007f1065dd3000,0x00007f1065ed4000)]
=>0x00007f1078008800 JavaThread "main" [_thread_in_native, id=8031, stack(0x00007f107fe8e000,0x00007f107ff8f000)]

Other Threads:
  0x00007f1078076000 VMThread [stack: 0x00007f1065ed4000,0x00007f1065fd5000] [id=8036]
  0x00007f10780ca800 WatcherThread [stack: 0x00007f1065543000,0x00007f1065644000] [id=8044]

VM state:not at safepoint (normal execution)

VM Mutex/Monitor currently owned by a thread: None

Heap:
 PSYoungGen      total 17920K, used 9568K [0x00000000ec000000, 0x00000000ee300000, 0x0000000100000000)
  eden space 15360K, 46% used [0x00000000ec000000,0x00000000ec6f5838,0x00000000ecf00000)
  from space 2560K, 95% used [0x00000000ed180000,0x00000000ed3e29b0,0x00000000ed400000)
  to   space 2560K, 0% used [0x00000000ecf00000,0x00000000ecf00000,0x00000000ed180000)
 ParOldGen       total 40960K, used 7679K [0x00000000c4000000, 0x00000000c6800000, 0x00000000ec000000)
  object space 40960K, 18% used [0x00000000c4000000,0x00000000c477fcd8,0x00000000c6800000)
 Metaspace       used 10368K, capacity 10581K, committed 10624K, reserved 1058816K
  class space    used 1033K, capacity 1125K, committed 1152K, reserved 1048576K

Card table byte_map: [0x00007f107cf03000,0x00007f107d0e4000] byte_map_base: 0x00007f107c8e3000

Marking Bits: (ParMarkBitMap*) 0x00007f107f182680
 Begin Bits: [0x00007f1067200000, 0x00007f1068100000)
 End Bits:   [0x00007f1068100000, 0x00007f1069000000)

Polling page: 0x00007f107ffb6000

CodeCache: size=245760Kb used=3613Kb max_used=3617Kb free=242146Kb
 bounds [0x00007f1069000000, 0x00007f1069390000, 0x00007f1078000000]
 total_blobs=1561 nmethods=966 adapters=510
 compilation: enabled

Compilation events (10 events):
Event: 2.427 Thread 0x00007f10780bb000  963       1       java.lang.Integer::intValue (5 bytes)
Event: 2.427 Thread 0x00007f10780bb000 nmethod 963 0x00007f1069378f10 code [0x00007f1069379060, 0x00007f1069379170]
Event: 2.443 Thread 0x00007f10780b6800  964       4       org.newdawn.slick.Color::<init> (49 bytes)
Event: 2.444 Thread 0x00007f10780b6800 nmethod 964 0x00007f106937cc50 code [0x00007f106937cda0, 0x00007f106937ce58]
Event: 2.545 Thread 0x00007f10780bb000  965       3       java.util.ArrayList::iterator (10 bytes)
Event: 2.546 Thread 0x00007f10780bb000 nmethod 965 0x00007f1069389e90 code [0x00007f106938a000, 0x00007f106938a2f0]
Event: 2.546 Thread 0x00007f10780bb000  966       3       java.util.ArrayList$Itr::<init> (6 bytes)
Event: 2.546 Thread 0x00007f10780bb000 nmethod 966 0x00007f10693899d0 code [0x00007f1069389b40, 0x00007f1069389d70]
Event: 2.582 Thread 0x00007f10780bb000  967       3       java.util.regex.Pattern::has (15 bytes)
Event: 2.582 Thread 0x00007f10780bb000 nmethod 967 0x00007f1069389650 code [0x00007f10693897c0, 0x00007f1069389970]

GC Heap History (4 events):
Event: 0.685 GC heap before
{Heap before GC invocations=1 (full 0):
 PSYoungGen      total 17920K, used 15360K [0x00000000ec000000, 0x00000000ed400000, 0x0000000100000000)
  eden space 15360K, 100% used [0x00000000ec000000,0x00000000ecf00000,0x00000000ecf00000)
  from space 2560K, 0% used [0x00000000ed180000,0x00000000ed180000,0x00000000ed400000)
  to   space 2560K, 0% used [0x00000000ecf00000,0x00000000ecf00000,0x00000000ed180000)
 ParOldGen       total 40960K, used 0K [0x00000000c4000000, 0x00000000c6800000, 0x00000000ec000000)
  object space 40960K, 0% used [0x00000000c4000000,0x00000000c4000000,0x00000000c6800000)
 Metaspace       used 9956K, capacity 10133K, committed 10368K, reserved 1058816K
  class space    used 997K, capacity 1061K, committed 1152K, reserved 1048576K
Event: 0.690 GC heap after
Heap after GC invocations=1 (full 0):
 PSYoungGen      total 17920K, used 2538K [0x00000000ec000000, 0x00000000ed400000, 0x0000000100000000)
  eden space 15360K, 0% used [0x00000000ec000000,0x00000000ec000000,0x00000000ecf00000)
  from space 2560K, 99% used [0x00000000ecf00000,0x00000000ed17a9b0,0x00000000ed180000)
  to   space 2560K, 0% used [0x00000000ed180000,0x00000000ed180000,0x00000000ed400000)
 ParOldGen       total 40960K, used 2551K [0x00000000c4000000, 0x00000000c6800000, 0x00000000ec000000)
  object space 40960K, 6% used [0x00000000c4000000,0x00000000c427dc88,0x00000000c6800000)
 Metaspace       used 9956K, capacity 10133K, committed 10368K, reserved 1058816K
  class space    used 997K, capacity 1061K, committed 1152K, reserved 1048576K
}
Event: 0.751 GC heap before
{Heap before GC invocations=2 (full 0):
 PSYoungGen      total 17920K, used 17898K [0x00000000ec000000, 0x00000000ed400000, 0x0000000100000000)
  eden space 15360K, 100% used [0x00000000ec000000,0x00000000ecf00000,0x00000000ecf00000)
  from space 2560K, 99% used [0x00000000ecf00000,0x00000000ed17a9b0,0x00000000ed180000)
  to   space 2560K, 0% used [0x00000000ed180000,0x00000000ed180000,0x00000000ed400000)
 ParOldGen       total 40960K, used 2551K [0x00000000c4000000, 0x00000000c6800000, 0x00000000ec000000)
  object space 40960K, 6% used [0x00000000c4000000,0x00000000c427dc88,0x00000000c6800000)
 Metaspace       used 9982K, capacity 10133K, committed 10368K, reserved 1058816K
  class space    used 997K, capacity 1061K, committed 1152K, reserved 1048576K
Event: 0.756 GC heap after
Heap after GC invocations=2 (full 0):
 PSYoungGen      total 17920K, used 2442K [0x00000000ec000000, 0x00000000ee300000, 0x0000000100000000)
  eden space 15360K, 0% used [0x00000000ec000000,0x00000000ec000000,0x00000000ecf00000)
  from space 2560K, 95% used [0x00000000ed180000,0x00000000ed3e29b0,0x00000000ed400000)
  to   space 2560K, 0% used [0x00000000ecf00000,0x00000000ecf00000,0x00000000ed180000)
 ParOldGen       total 40960K, used 7679K [0x00000000c4000000, 0x00000000c6800000, 0x00000000ec000000)
  object space 40960K, 18% used [0x00000000c4000000,0x00000000c477fcd8,0x00000000c6800000)
 Metaspace       used 9982K, capacity 10133K, committed 10368K, reserved 1058816K
  class space    used 997K, capacity 1061K, committed 1152K, reserved 1048576K
}

Deoptimization events (5 events):
Event: 0.183 Thread 0x00007f1078008800 Uncommon trap: reason=unstable_if action=reinterpret pc=0x00007f1069159ec4 method=java.lang.String.indexOf(II)I @ 49
Event: 0.263 Thread 0x00007f1078008800 Uncommon trap: reason=unstable_if action=reinterpret pc=0x00007f10691aa154 method=java.lang.String.replace(CC)Ljava/lang/String; @ 26
Event: 0.549 Thread 0x00007f1078008800 Uncommon trap: reason=unstable_if action=reinterpret pc=0x00007f10691bfa14 method=java.lang.String.indexOf([CII[CIII)I @ 3
Event: 0.653 Thread 0x00007f1078008800 Uncommon trap: reason=unstable_if action=reinterpret pc=0x00007f10692b84f4 method=sun.java2d.loops.GraphicsPrimitiveMgr.locate(Lsun/java2d/loops/GraphicsPrimitiveMgr$PrimitiveSpec;)Lsun/java2d/loops/GraphicsPrimitive; @ 85
Event: 2.114 Thread 0x00007f1078008800 Uncommon trap: reason=unstable_if action=reinterpret pc=0x00007f1069366b04 method=org.newdawn.slick.geom.NeatTriangulator.addEdge(III)V @ 22

Internal exceptions (10 events):
Event: 0.695 Thread 0x00007f10789e3800 Exception <a 'java/io/IOException'> (0x00000000ec107ab0) thrown at [/build/java8-openjdk/src/jdk8u-jdk8u45-b14/hotspot/src/share/vm/prims/jni.cpp, line 709]
Event: 0.695 Thread 0x00007f10789e3800 Exception <a 'java/io/IOException'> (0x00000000ec107cc0) thrown at [/build/java8-openjdk/src/jdk8u-jdk8u45-b14/hotspot/src/share/vm/prims/jni.cpp, line 709]
Event: 0.695 Thread 0x00007f10789e3800 Exception <a 'java/io/IOException'> (0x00000000ec107ed0) thrown at [/build/java8-openjdk/src/jdk8u-jdk8u45-b14/hotspot/src/share/vm/prims/jni.cpp, line 709]
Event: 0.695 Thread 0x00007f10789e3800 Exception <a 'java/io/IOException'> (0x00000000ec1080e0) thrown at [/build/java8-openjdk/src/jdk8u-jdk8u45-b14/hotspot/src/share/vm/prims/jni.cpp, line 709]
Event: 0.695 Thread 0x00007f10789e3800 Exception <a 'java/io/IOException'> (0x00000000ec1082f0) thrown at [/build/java8-openjdk/src/jdk8u-jdk8u45-b14/hotspot/src/share/vm/prims/jni.cpp, line 709]
Event: 0.695 Thread 0x00007f10789e3800 Exception <a 'java/io/IOException'> (0x00000000ec108500) thrown at [/build/java8-openjdk/src/jdk8u-jdk8u45-b14/hotspot/src/share/vm/prims/jni.cpp, line 709]
Event: 0.695 Thread 0x00007f10789e3800 Exception <a 'java/io/IOException'> (0x00000000ec108710) thrown at [/build/java8-openjdk/src/jdk8u-jdk8u45-b14/hotspot/src/share/vm/prims/jni.cpp, line 709]
Event: 0.695 Thread 0x00007f10789e3800 Exception <a 'java/io/IOException'> (0x00000000ec108920) thrown at [/build/java8-openjdk/src/jdk8u-jdk8u45-b14/hotspot/src/share/vm/prims/jni.cpp, line 709]
Event: 0.695 Thread 0x00007f10789e3800 Exception <a 'java/io/IOException'> (0x00000000ec108b30) thrown at [/build/java8-openjdk/src/jdk8u-jdk8u45-b14/hotspot/src/share/vm/prims/jni.cpp, line 709]
Event: 0.765 Thread 0x00007f1078008800 Exception <a 'java/lang/ArrayIndexOutOfBoundsException': 6> (0x00000000ec193b18) thrown at [/build/java8-openjdk/src/jdk8u-jdk8u45-b14/hotspot/src/share/vm/interpreter/interpreterRuntime.cpp, line 366]

Events (10 events):
Event: 2.585 loading class java/util/Formatter$Conversion
Event: 2.585 loading class java/util/Formatter$Conversion done
Event: 2.586 loading class sun/misc/FormattedFloatingDecimal$Form
Event: 2.586 loading class sun/misc/FormattedFloatingDecimal$Form done
Event: 2.586 loading class sun/misc/FormattedFloatingDecimal
Event: 2.586 loading class sun/misc/FormattedFloatingDecimal done
Event: 2.586 loading class sun/misc/FormattedFloatingDecimal$1
Event: 2.586 loading class sun/misc/FormattedFloatingDecimal$1 done
Event: 2.587 loading class sun/misc/FormattedFloatingDecimal$2
Event: 2.587 loading class sun/misc/FormattedFloatingDecimal$2 done


Dynamic libraries:
00400000-00401000 r-xp 00000000 08:01 11156087                           /usr/lib/jvm/java-8-openjdk/jre/bin/java
00600000-00601000 rw-p 00000000 08:01 11156087                           /usr/lib/jvm/java-8-openjdk/jre/bin/java
01f61000-01f82000 rw-p 00000000 00:00 0                                  [heap]
c4000000-c6800000 rw-p 00000000 00:00 0 
c6800000-ec000000 ---p 00000000 00:00 0 
ec000000-ee300000 rw-p 00000000 00:00 0 
ee300000-100000000 ---p 00000000 00:00 0 
100000000-100120000 rw-p 00000000 00:00 0 
100120000-140000000 ---p 00000000 00:00 0 
7f10176d2000-7f10177d2000 rw-s 00000000 00:05 160228                     /drm mm object (deleted)
7f10177d2000-7f10177d7000 r-xp 00000000 08:01 10226819                   /usr/lib/libnss_dns-2.21.so
7f10177d7000-7f10179d6000 ---p 00005000 08:01 10226819                   /usr/lib/libnss_dns-2.21.so
7f10179d6000-7f10179d7000 r--p 00004000 08:01 10226819                   /usr/lib/libnss_dns-2.21.so
7f10179d7000-7f10179d8000 rw-p 00005000 08:01 10226819                   /usr/lib/libnss_dns-2.21.so
7f10179d8000-7f1017b18000 rw-p 00000000 00:00 0 
7f1017b18000-7f1017bd8000 ---p 00000000 00:00 0 
7f1017bd8000-7f1017bee000 r-xp 00000000 08:01 11156057                   /usr/lib/jvm/java-8-openjdk/jre/lib/amd64/libnet.so
7f1017bee000-7f1017dee000 ---p 00016000 08:01 11156057                   /usr/lib/jvm/java-8-openjdk/jre/lib/amd64/libnet.so
7f1017dee000-7f1017def000 rw-p 00016000 08:01 11156057                   /usr/lib/jvm/java-8-openjdk/jre/lib/amd64/libnet.so
7f1017def000-7f1017e00000 r-xp 00000000 08:01 11156068                   /usr/lib/jvm/java-8-openjdk/jre/lib/amd64/libnio.so
7f1017e00000-7f1017fff000 ---p 00011000 08:01 11156068                   /usr/lib/jvm/java-8-openjdk/jre/lib/amd64/libnio.so
7f1017fff000-7f1018000000 rw-p 00010000 08:01 11156068                   /usr/lib/jvm/java-8-openjdk/jre/lib/amd64/libnio.so
7f1018000000-7f1018021000 rw-p 00000000 00:00 0 
7f1018021000-7f101c000000 ---p 00000000 00:00 0 
7f101c000000-7f101c021000 rw-p 00000000 00:00 0 
7f101c021000-7f1020000000 ---p 00000000 00:00 0 
7f1020000000-7f1020021000 rw-p 00000000 00:00 0 
7f1020021000-7f1024000000 ---p 00000000 00:00 0 
7f1024000000-7f1024021000 rw-p 00000000 00:00 0 
7f1024021000-7f1028000000 ---p 00000000 00:00 0 
7f1028000000-7f1028021000 rw-p 00000000 00:00 0 
7f1028021000-7f102c000000 ---p 00000000 00:00 0 
7f102c000000-7f102c021000 rw-p 00000000 00:00 0 
7f102c021000-7f1030000000 ---p 00000000 00:00 0 
7f1030000000-7f10303fa000 rw-p 00000000 00:00 0 
7f10303fa000-7f1034000000 ---p 00000000 00:00 0 
7f1034000000-7f1034352000 rw-p 00000000 00:00 0 
7f1034352000-7f1038000000 ---p 00000000 00:00 0 
7f1038000000-7f1038021000 rw-p 00000000 00:00 0 
7f1038021000-7f103c000000 ---p 00000000 00:00 0 
7f103c000000-7f103c444000 rw-p 00000000 00:00 0 
7f103c444000-7f1040000000 ---p 00000000 00:00 0 
7f1040000000-7f1040021000 rw-p 00000000 00:00 0 
7f1040021000-7f1044000000 ---p 00000000 00:00 0 
7f1044000000-7f1044021000 rw-p 00000000 00:00 0 
7f1044021000-7f1048000000 ---p 00000000 00:00 0 
7f1048000000-7f1048021000 rw-p 00000000 00:00 0 
7f1048021000-7f104c000000 ---p 00000000 00:00 0 
7f104c000000-7f104c021000 rw-p 00000000 00:00 0 
7f104c021000-7f1050000000 ---p 00000000 00:00 0 
7f1050000000-7f1050021000 rw-p 00000000 00:00 0 
7f1050021000-7f1054000000 ---p 00000000 00:00 0 
7f1054051000-7f1054152000 rw-p 00000000 00:00 0 
7f1054152000-7f1054155000 r-xp 00000000 08:01 16385621                   /home/michael/workspace/Slick2D-Project/lwjgl-2.9.3/native/linux/libjinput-linux64.so
7f1054155000-7f1054354000 ---p 00003000 08:01 16385621                   /home/michael/workspace/Slick2D-Project/lwjgl-2.9.3/native/linux/libjinput-linux64.so
7f1054354000-7f1054355000 r--p 00002000 08:01 16385621                   /home/michael/workspace/Slick2D-Project/lwjgl-2.9.3/native/linux/libjinput-linux64.so
7f1054355000-7f1054356000 rw-p 00003000 08:01 16385621                   /home/michael/workspace/Slick2D-Project/lwjgl-2.9.3/native/linux/libjinput-linux64.so
7f1054356000-7f1054359000 ---p 00000000 00:00 0 
7f1054359000-7f10555f5000 rw-p 00000000 00:00 0                          [stack:8051]
7f10555f5000-7f10555f9000 r-xp 00000000 08:01 10248003                   /usr/lib/libtxc_dxtn.so
7f10555f9000-7f10557f8000 ---p 00004000 08:01 10248003                   /usr/lib/libtxc_dxtn.so
7f10557f8000-7f10557f9000 r--p 00003000 08:01 10248003                   /usr/lib/libtxc_dxtn.so
7f10557f9000-7f10557fa000 rw-p 00004000 08:01 10248003                   /usr/lib/libtxc_dxtn.so
7f10557fa000-7f105586e000 rw-p 00000000 00:00 0 
7f1055905000-7f1055945000 rw-s 00000000 00:05 162131                     /drm mm object (deleted)
7f1055945000-7f105594d000 r-xp 00000000 08:01 10247759                   /usr/lib/libpciaccess.so.0.11.1
7f105594d000-7f1055b4d000 ---p 00008000 08:01 10247759                   /usr/lib/libpciaccess.so.0.11.1
7f1055b4d000-7f1055b4e000 r--p 00008000 08:01 10247759                   /usr/lib/libpciaccess.so.0.11.1
7f1055b4e000-7f1055b4f000 rw-p 00009000 08:01 10247759                   /usr/lib/libpciaccess.so.0.11.1
7f1055b4f000-7f1055b61000 r-xp 00000000 08:01 10234919                   /usr/lib/libgpg-error.so.0.15.0
7f1055b61000-7f1055d60000 ---p 00012000 08:01 10234919                   /usr/lib/libgpg-error.so.0.15.0
7f1055d60000-7f1055d61000 r--p 00011000 08:01 10234919                   /usr/lib/libgpg-error.so.0.15.0
7f1055d61000-7f1055d62000 rw-p 00012000 08:01 10234919                   /usr/lib/libgpg-error.so.0.15.0
7f1055d62000-7f1055ed4000 r-xp 00000000 08:01 10227159                   /usr/lib/libstdc++.so.6.0.21
7f1055ed4000-7f10560d4000 ---p 00172000 08:01 10227159                   /usr/lib/libstdc++.so.6.0.21
7f10560d4000-7f10560de000 r--p 00172000 08:01 10227159                   /usr/lib/libstdc++.so.6.0.21
7f10560de000-7f10560e0000 rw-p 0017c000 08:01 10227159                   /usr/lib/libstdc++.so.6.0.21
7f10560e0000-7f10560e4000 rw-p 00000000 00:00 0 
7f10560e4000-7f10560ef000 r-xp 00000000 08:01 10247779                   /usr/lib/libdrm_radeon.so.1.0.1
7f10560ef000-7f10562ee000 ---p 0000b000 08:01 10247779                   /usr/lib/libdrm_radeon.so.1.0.1
7f10562ee000-7f10562ef000 r--p 0000a000 08:01 10247779                   /usr/lib/libdrm_radeon.so.1.0.1
7f10562ef000-7f10562f0000 rw-p 0000b000 08:01 10247779                   /usr/lib/libdrm_radeon.so.1.0.1
7f10562f0000-7f10562f6000 r-xp 00000000 08:01 10247778                   /usr/lib/libdrm_nouveau.so.2.0.0
7f10562f6000-7f10564f5000 ---p 00006000 08:01 10247778                   /usr/lib/libdrm_nouveau.so.2.0.0
7f10564f5000-7f10564f6000 r--p 00005000 08:01 10247778                   /usr/lib/libdrm_nouveau.so.2.0.0
7f10564f6000-7f10564f7000 rw-p 00006000 08:01 10247778                   /usr/lib/libdrm_nouveau.so.2.0.0
7f10564f7000-7f1056518000 r-xp 00000000 08:01 10247777                   /usr/lib/libdrm_intel.so.1.0.0
7f1056518000-7f1056717000 ---p 00021000 08:01 10247777                   /usr/lib/libdrm_intel.so.1.0.0
7f1056717000-7f1056718000 r--p 00020000 08:01 10247777                   /usr/lib/libdrm_intel.so.1.0.0
7f1056718000-7f1056719000 rw-p 00021000 08:01 10247777                   /usr/lib/libdrm_intel.so.1.0.0
7f1056719000-7f10567f0000 r-xp 00000000 08:01 10234950                   /usr/lib/libgcrypt.so.20.0.3
7f10567f0000-7f10569f0000 ---p 000d7000 08:01 10234950                   /usr/lib/libgcrypt.so.20.0.3
7f10569f0000-7f10569f1000 r--p 000d7000 08:01 10234950                   /usr/lib/libgcrypt.so.20.0.3
7f10569f1000-7f10569fa000 rw-p 000d8000 08:01 10234950                   /usr/lib/libgcrypt.so.20.0.3
7f10569fa000-7f1056f8c000 r-xp 00000000 08:01 10756932                   /usr/lib/xorg/modules/dri/i965_dri.so
7f1056f8c000-7f105718b000 ---p 00592000 08:01 10756932                   /usr/lib/xorg/modules/dri/i965_dri.so
7f105718b000-7f10571b6000 r--p 00591000 08:01 10756932                   /usr/lib/xorg/modules/dri/i965_dri.so
7f10571b6000-7f10571bc000 rw-p 005bc000 08:01 10756932                   /usr/lib/xorg/modules/dri/i965_dri.so
7f10571bc000-7f10571c4000 rw-p 00000000 00:00 0 
7f10571c4000-7f10571c8000 r-xp 00000000 08:01 10229889                   /usr/lib/libattr.so.1.1.0
7f10571c8000-7f10573c7000 ---p 00004000 08:01 10229889                   /usr/lib/libattr.so.1.1.0
7f10573c7000-7f10573c8000 r--p 00003000 08:01 10229889                   /usr/lib/libattr.so.1.1.0
7f10573c8000-7f10573c9000 rw-p 00004000 08:01 10229889                   /usr/lib/libattr.so.1.1.0
7f10573c9000-7f10573cd000 r-xp 00000000 08:01 10230035                   /usr/lib/libcap.so.2.24
7f10573cd000-7f10575cc000 ---p 00004000 08:01 10230035                   /usr/lib/libcap.so.2.24
7f10575cc000-7f10575cd000 rw-p 00003000 08:01 10230035                   /usr/lib/libcap.so.2.24
7f10575cd000-7f10575e1000 r-xp 00000000 08:01 10226773                   /usr/lib/libresolv-2.21.so
7f10575e1000-7f10577e0000 ---p 00014000 08:01 10226773                   /usr/lib/libresolv-2.21.so
7f10577e0000-7f10577e1000 r--p 00013000 08:01 10226773                   /usr/lib/libresolv-2.21.so
7f10577e1000-7f10577e2000 rw-p 00014000 08:01 10226773                   /usr/lib/libresolv-2.21.so
7f10577e2000-7f10577e4000 rw-p 00000000 00:00 0 
7f10577e4000-7f10577f1000 r-xp 00000000 08:01 10247772                   /usr/lib/libdrm.so.2.4.0
7f10577f1000-7f10579f0000 ---p 0000d000 08:01 10247772                   /usr/lib/libdrm.so.2.4.0
7f10579f0000-7f10579f1000 r--p 0000c000 08:01 10247772                   /usr/lib/libdrm.so.2.4.0
7f10579f1000-7f10579f2000 rw-p 0000d000 08:01 10247772                   /usr/lib/libdrm.so.2.4.0
7f10579f2000-7f10579f3000 r-xp 00000000 08:01 10247936                   /usr/lib/libxshmfence.so.1.0.0
7f10579f3000-7f1057bf3000 ---p 00001000 08:01 10247936                   /usr/lib/libxshmfence.so.1.0.0
7f1057bf3000-7f1057bf4000 r--p 00001000 08:01 10247936                   /usr/lib/libxshmfence.so.1.0.0
7f1057bf4000-7f1057bf5000 rw-p 00002000 08:01 10247936                   /usr/lib/libxshmfence.so.1.0.0
7f1057bf5000-7f1057bfa000 r-xp 00000000 08:01 10246497                   /usr/lib/libxcb-sync.so.1.0.0
7f1057bfa000-7f1057dfa000 ---p 00005000 08:01 10246497                   /usr/lib/libxcb-sync.so.1.0.0
7f1057dfa000-7f1057dfb000 r--p 00005000 08:01 10246497                   /usr/lib/libxcb-sync.so.1.0.0
7f1057dfb000-7f1057dfc000 rw-p 00006000 08:01 10246497                   /usr/lib/libxcb-sync.so.1.0.0
7f1057dfc000-7f1057dff000 r-xp 00000000 08:01 10246466                   /usr/lib/libxcb-shape.so.0.0.0
7f1057dff000-7f1057ffe000 ---p 00003000 08:01 10246466                   /usr/lib/libxcb-shape.so.0.0.0
7f1057ffe000-7f1057fff000 r--p 00002000 08:01 10246466                   /usr/lib/libxcb-shape.so.0.0.0
7f1057fff000-7f1058000000 rw-p 00003000 08:01 10246466                   /usr/lib/libxcb-shape.so.0.0.0
7f1058000000-7f1058021000 rw-p 00000000 00:00 0 
7f1058021000-7f105c000000 ---p 00000000 00:00 0 
7f105c03e000-7f105c05c000 r-xp 00000000 08:01 10247526                   /usr/lib/libudev.so.1.6.4
7f105c05c000-7f105c05d000 r--p 0001d000 08:01 10247526                   /usr/lib/libudev.so.1.6.4
7f105c05d000-7f105c05e000 rw-p 0001e000 08:01 10247526                   /usr/lib/libudev.so.1.6.4
7f105c062000-7f105c072000 rw-s 10251c000 00:06 10922                     /dev/dri/card0
7f105c072000-7f105c082000 rw-s 10250c000 00:06 10922                     /dev/dri/card0
7f105c082000-7f105c08b000 r-xp 00000000 08:01 10246451                   /usr/lib/libxcb-render.so.0.0.0
7f105c08b000-7f105c28a000 ---p 00009000 08:01 10246451                   /usr/lib/libxcb-render.so.0.0.0
7f105c28a000-7f105c28b000 r--p 00008000 08:01 10246451                   /usr/lib/libxcb-render.so.0.0.0
7f105c28b000-7f105c28c000 rw-p 00009000 08:01 10246451                   /usr/lib/libxcb-render.so.0.0.0
7f105c28c000-7f105c292000 r-xp 00000000 08:01 10246448                   /usr/lib/libxcb-xfixes.so.0.0.0
7f105c292000-7f105c492000 ---p 00006000 08:01 10246448                   /usr/lib/libxcb-xfixes.so.0.0.0
7f105c492000-7f105c493000 r--p 00006000 08:01 10246448                   /usr/lib/libxcb-xfixes.so.0.0.0
7f105c493000-7f105c494000 rw-p 00007000 08:01 10246448                   /usr/lib/libxcb-xfixes.so.0.0.0
7f105c494000-7f105c4a1000 r-xp 00000000 08:01 10246505                   /usr/lib/libxcb-randr.so.0.1.0
7f105c4a1000-7f105c6a0000 ---p 0000d000 08:01 10246505                   /usr/lib/libxcb-randr.so.0.1.0
7f105c6a0000-7f105c6a1000 r--p 0000c000 08:01 10246505                   /usr/lib/libxcb-randr.so.0.1.0
7f105c6a1000-7f105c6a2000 rw-p 0000d000 08:01 10246505                   /usr/lib/libxcb-randr.so.0.1.0
7f105c6a2000-7f105c6a4000 r-xp 00000000 08:01 10246484                   /usr/lib/libxcb-present.so.0.0.0
7f105c6a4000-7f105c8a3000 ---p 00002000 08:01 10246484                   /usr/lib/libxcb-present.so.0.0.0
7f105c8a3000-7f105c8a4000 r--p 00001000 08:01 10246484                   /usr/lib/libxcb-present.so.0.0.0
7f105c8a4000-7f105c8a5000 rw-p 00002000 08:01 10246484                   /usr/lib/libxcb-present.so.0.0.0
7f105c8a5000-7f105c8a7000 r-xp 00000000 08:01 10246456                   /usr/lib/libxcb-dri3.so.0.0.0
7f105c8a7000-7f105caa6000 ---p 00002000 08:01 10246456                   /usr/lib/libxcb-dri3.so.0.0.0
7f105caa6000-7f105caa7000 r--p 00001000 08:01 10246456                   /usr/lib/libxcb-dri3.so.0.0.0
7f105caa7000-7f105caa8000 rw-p 00002000 08:01 10246456                   /usr/lib/libxcb-dri3.so.0.0.0
7f105caa8000-7f105caac000 r-xp 00000000 08:01 10246481                   /usr/lib/libxcb-dri2.so.0.0.0
7f105caac000-7f105ccab000 ---p 00004000 08:01 10246481                   /usr/lib/libxcb-dri2.so.0.0.0
7f105ccab000-7f105ccac000 r--p 00003000 08:01 10246481                   /usr/lib/libxcb-dri2.so.0.0.0
7f105ccac000-7f105ccad000 rw-p 00004000 08:01 10246481                   /usr/lib/libxcb-dri2.so.0.0.0
7f105ccad000-7f105ccc4000 r-xp 00000000 08:01 10246455                   /usr/lib/libxcb-glx.so.0.0.0
7f105ccc4000-7f105cec4000 ---p 00017000 08:01 10246455                   /usr/lib/libxcb-glx.so.0.0.0
7f105cec4000-7f105cec6000 r--p 00017000 08:01 10246455                   /usr/lib/libxcb-glx.so.0.0.0
7f105cec6000-7f105cec7000 rw-p 00019000 08:01 10246455                   /usr/lib/libxcb-glx.so.0.0.0
7f105cec7000-7f105cec8000 r-xp 00000000 08:01 10246551                   /usr/lib/libX11-xcb.so.1.0.0
7f105cec8000-7f105d0c7000 ---p 00001000 08:01 10246551                   /usr/lib/libX11-xcb.so.1.0.0
7f105d0c7000-7f105d0c8000 r--p 00000000 08:01 10246551                   /usr/lib/libX11-xcb.so.1.0.0
7f105d0c8000-7f105d0c9000 rw-p 00001000 08:01 10246551                   /usr/lib/libX11-xcb.so.1.0.0
7f105d0c9000-7f105d0cb000 r-xp 00000000 08:01 10247932                   /usr/lib/libXdamage.so.1.1.0
7f105d0cb000-7f105d2ca000 ---p 00002000 08:01 10247932                   /usr/lib/libXdamage.so.1.1.0
7f105d2ca000-7f105d2cb000 r--p 00001000 08:01 10247932                   /usr/lib/libXdamage.so.1.1.0
7f105d2cb000-7f105d2cc000 rw-p 00002000 08:01 10247932                   /usr/lib/libXdamage.so.1.1.0
7f105d2cc000-7f105d2f4000 r-xp 00000000 08:01 10248057                   /usr/lib/libglapi.so.0.0.0
7f105d2f4000-7f105d4f4000 ---p 00028000 08:01 10248057                   /usr/lib/libglapi.so.0.0.0
7f105d4f4000-7f105d4f8000 r--p 00028000 08:01 10248057                   /usr/lib/libglapi.so.0.0.0
7f105d4f8000-7f105d4f9000 rw-p 0002c000 08:01 10248057                   /usr/lib/libglapi.so.0.0.0
7f105d4f9000-7f105d4fa000 rw-p 00000000 00:00 0 
7f105d4fa000-7f105d521000 r-xp 00000000 08:01 10233727                   /usr/lib/libexpat.so.1.6.0
7f105d521000-7f105d720000 ---p 00027000 08:01 10233727                   /usr/lib/libexpat.so.1.6.0
7f105d720000-7f105d723000 r--p 00026000 08:01 10233727                   /usr/lib/libexpat.so.1.6.0
7f105d723000-7f105d724000 rw-p 00029000 08:01 10233727                   /usr/lib/libexpat.so.1.6.0
7f105d724000-7f105d7b8000 r-xp 00000000 08:01 10753234                   /usr/lib/mesa/libGL.so.1.2.0
7f105d7b8000-7f105d9b7000 ---p 00094000 08:01 10753234                   /usr/lib/mesa/libGL.so.1.2.0
7f105d9b7000-7f105d9ba000 r--p 00093000 08:01 10753234                   /usr/lib/mesa/libGL.so.1.2.0
7f105d9ba000-7f105d9bb000 rw-p 00096000 08:01 10753234                   /usr/lib/mesa/libGL.so.1.2.0
7f105d9bb000-7f105d9bc000 rw-p 00000000 00:00 0 
7f105d9c4000-7f105d9e0000 r--s 00393000 08:01 11146710                   /usr/lib/jvm/java-8-openjdk/jre/lib/ext/cldrdata.jar
7f105d9e0000-7f105d9e5000 r-xp 00000000 08:01 10247921                   /usr/lib/libXxf86vm.so.1.0.0
7f105d9e5000-7f105dbe4000 ---p 00005000 08:01 10247921                   /usr/lib/libXxf86vm.so.1.0.0
7f105dbe4000-7f105dbe5000 r--p 00004000 08:01 10247921                   /usr/lib/libXxf86vm.so.1.0.0
7f105dbe5000-7f105dbe6000 rw-p 00005000 08:01 10247921                   /usr/lib/libXxf86vm.so.1.0.0
7f105dbe6000-7f105dbf0000 r-xp 00000000 08:01 10248858                   /usr/lib/libXrandr.so.2.2.0
7f105dbf0000-7f105ddef000 ---p 0000a000 08:01 10248858                   /usr/lib/libXrandr.so.2.2.0
7f105ddef000-7f105ddf0000 r--p 00009000 08:01 10248858                   /usr/lib/libXrandr.so.2.2.0
7f105ddf0000-7f105ddf1000 rw-p 0000a000 08:01 10248858                   /usr/lib/libXrandr.so.2.2.0
7f105ddf1000-7f105de5d000 r-xp 00000000 08:01 16385623                   /home/michael/workspace/Slick2D-Project/lwjgl-2.9.3/native/linux/liblwjgl64.so
7f105de5d000-7f105e05c000 ---p 0006c000 08:01 16385623                   /home/michael/workspace/Slick2D-Project/lwjgl-2.9.3/native/linux/liblwjgl64.so
7f105e05c000-7f105e05e000 r--p 0006b000 08:01 16385623                   /home/michael/workspace/Slick2D-Project/lwjgl-2.9.3/native/linux/liblwjgl64.so
7f105e05e000-7f105e05f000 rw-p 0006d000 08:01 16385623                   /home/michael/workspace/Slick2D-Project/lwjgl-2.9.3/native/linux/liblwjgl64.so
7f105e05f000-7f105e060000 r-xp 00000000 08:01 11156074                   /usr/lib/jvm/java-8-openjdk/jre/lib/amd64/libjawt.so
7f105e060000-7f105e25f000 ---p 00001000 08:01 11156074                   /usr/lib/jvm/java-8-openjdk/jre/lib/amd64/libjawt.so
7f105e25f000-7f105e260000 rw-p 00000000 08:01 11156074                   /usr/lib/jvm/java-8-openjdk/jre/lib/amd64/libjawt.so
7f105e260000-7f105e263000 ---p 00000000 00:00 0 
7f105e263000-7f105e361000 rw-p 00000000 00:00 0                          [stack:8046]
7f105e361000-7f105e366000 r-xp 00000000 08:01 10247926                   /usr/lib/libXfixes.so.3.1.0
7f105e366000-7f105e565000 ---p 00005000 08:01 10247926                   /usr/lib/libXfixes.so.3.1.0
7f105e565000-7f105e566000 r--p 00004000 08:01 10247926                   /usr/lib/libXfixes.so.3.1.0
7f105e566000-7f105e567000 rw-p 00005000 08:01 10247926                   /usr/lib/libXfixes.so.3.1.0
7f105e567000-7f105e571000 r-xp 00000000 08:01 10248828                   /usr/lib/libXcursor.so.1.0.2
7f105e571000-7f105e770000 ---p 0000a000 08:01 10248828                   /usr/lib/libXcursor.so.1.0.2
7f105e770000-7f105e771000 r--p 00009000 08:01 10248828                   /usr/lib/libXcursor.so.1.0.2
7f105e771000-7f105e772000 rw-p 0000a000 08:01 10248828                   /usr/lib/libXcursor.so.1.0.2
7f105e772000-7f105e775000 ---p 00000000 00:00 0 
7f105e775000-7f105e873000 rw-p 00000000 00:00 0                          [stack:8045]
7f105e873000-7f105e8e1000 r-xp 00000000 08:01 10233756                   /usr/lib/libpcre.so.1.2.5
7f105e8e1000-7f105eae1000 ---p 0006e000 08:01 10233756                   /usr/lib/libpcre.so.1.2.5
7f105eae1000-7f105eae2000 r--p 0006e000 08:01 10233756                   /usr/lib/libpcre.so.1.2.5
7f105eae2000-7f105eae3000 rw-p 0006f000 08:01 10233756                   /usr/lib/libpcre.so.1.2.5
7f105eae3000-7f105eaff000 r-xp 00000000 08:01 10247519                   /usr/lib/libgraphite2.so.3.0.1
7f105eaff000-7f105ecfe000 ---p 0001c000 08:01 10247519                   /usr/lib/libgraphite2.so.3.0.1
7f105ecfe000-7f105ed00000 r--p 0001b000 08:01 10247519                   /usr/lib/libgraphite2.so.3.0.1
7f105ed00000-7f105ed01000 rw-p 0001d000 08:01 10247519                   /usr/lib/libgraphite2.so.3.0.1
7f105ed01000-7f105ee0d000 r-xp 00000000 08:01 10233950                   /usr/lib/libglib-2.0.so.0.4400.1
7f105ee0d000-7f105f00c000 ---p 0010c000 08:01 10233950                   /usr/lib/libglib-2.0.so.0.4400.1
7f105f00c000-7f105f00d000 r--p 0010b000 08:01 10233950                   /usr/lib/libglib-2.0.so.0.4400.1
7f105f00d000-7f105f00e000 rw-p 0010c000 08:01 10233950                   /usr/lib/libglib-2.0.so.0.4400.1
7f105f00e000-7f105f00f000 rw-p 00000000 00:00 0 
7f105f00f000-7f105f069000 r-xp 00000000 08:01 10233470                   /usr/lib/libharfbuzz.so.0.941.0
7f105f069000-7f105f269000 ---p 0005a000 08:01 10233470                   /usr/lib/libharfbuzz.so.0.941.0
7f105f269000-7f105f26a000 r--p 0005a000 08:01 10233470                   /usr/lib/libharfbuzz.so.0.941.0
7f105f26a000-7f105f26b000 rw-p 0005b000 08:01 10233470                   /usr/lib/libharfbuzz.so.0.941.0
7f105f26b000-7f105f2a0000 r-xp 00000000 08:01 10244029                   /usr/lib/libpng16.so.16.16.0
7f105f2a0000-7f105f49f000 ---p 00035000 08:01 10244029                   /usr/lib/libpng16.so.16.16.0
7f105f49f000-7f105f4a0000 r--p 00034000 08:01 10244029                   /usr/lib/libpng16.so.16.16.0
7f105f4a0000-7f105f4a1000 rw-p 00035000 08:01 10244029                   /usr/lib/libpng16.so.16.16.0
7f105f4a1000-7f105f4b0000 r-xp 00000000 08:01 10229879                   /usr/lib/libbz2.so.1.0.6
7f105f4b0000-7f105f6af000 ---p 0000f000 08:01 10229879                   /usr/lib/libbz2.so.1.0.6
7f105f6af000-7f105f6b1000 rw-p 0000e000 08:01 10229879                   /usr/lib/libbz2.so.1.0.6
7f105f6b1000-7f105f6c7000 r-xp 00000000 08:01 10227124                   /usr/lib/libgcc_s.so.1
7f105f6c7000-7f105f8c6000 ---p 00016000 08:01 10227124                   /usr/lib/libgcc_s.so.1
7f105f8c6000-7f105f8c7000 rw-p 00015000 08:01 10227124                   /usr/lib/libgcc_s.so.1
7f105f8c7000-7f105f97c000 r-xp 00000000 08:01 10233478                   /usr/lib/libfreetype.so.6.12.0
7f105f97c000-7f105fb7b000 ---p 000b5000 08:01 10233478                   /usr/lib/libfreetype.so.6.12.0
7f105fb7b000-7f105fb81000 r--p 000b4000 08:01 10233478                   /usr/lib/libfreetype.so.6.12.0
7f105fb81000-7f105fb82000 rw-p 000ba000 08:01 10233478                   /usr/lib/libfreetype.so.6.12.0
7f105fb82000-7f105fbe3000 r-xp 00000000 08:01 11156072                   /usr/lib/jvm/java-8-openjdk/jre/lib/amd64/libfontmanager.so
7f105fbe3000-7f105fde3000 ---p 00061000 08:01 11156072                   /usr/lib/jvm/java-8-openjdk/jre/lib/amd64/libfontmanager.so
7f105fde3000-7f105fde7000 rw-p 00061000 08:01 11156072                   /usr/lib/jvm/java-8-openjdk/jre/lib/amd64/libfontmanager.so
7f105fde7000-7f105fdfa000 rw-p 00000000 00:00 0 
7f105fdfa000-7f105fdff000 r-xp 00000000 08:01 10244175                   /usr/lib/libXdmcp.so.6.0.0
7f105fdff000-7f105fffe000 ---p 00005000 08:01 10244175                   /usr/lib/libXdmcp.so.6.0.0
7f105fffe000-7f105ffff000 r--p 00004000 08:01 10244175                   /usr/lib/libXdmcp.so.6.0.0
7f105ffff000-7f1060000000 rw-p 00005000 08:01 10244175                   /usr/lib/libXdmcp.so.6.0.0
7f1060000000-7f1060021000 rw-p 00000000 00:00 0 
7f1060021000-7f1064000000 ---p 00000000 00:00 0 
7f1064006000-7f106400e000 rw-s 00000000 00:05 162130                     /drm mm object (deleted)
7f106400e000-7f1064016000 rw-s 00000000 00:05 162128                     /drm mm object (deleted)
7f1064016000-7f1064019000 ---p 00000000 00:00 0 
7f1064019000-7f106404f000 rw-p 00000000 00:00 0                          [stack:8048]
7f106404f000-7f1064051000 r-xp 00000000 08:01 10244179                   /usr/lib/libXau.so.6.0.0
7f1064051000-7f1064251000 ---p 00002000 08:01 10244179                   /usr/lib/libXau.so.6.0.0
7f1064251000-7f1064252000 r--p 00002000 08:01 10244179                   /usr/lib/libXau.so.6.0.0
7f1064252000-7f1064253000 rw-p 00003000 08:01 10244179                   /usr/lib/libXau.so.6.0.0
7f1064253000-7f1064274000 r-xp 00000000 08:01 10246469                   /usr/lib/libxcb.so.1.1.0
7f1064274000-7f1064473000 ---p 00021000 08:01 10246469                   /usr/lib/libxcb.so.1.1.0
7f1064473000-7f1064474000 r--p 00020000 08:01 10246469                   /usr/lib/libxcb.so.1.1.0
7f1064474000-7f1064475000 rw-p 00021000 08:01 10246469                   /usr/lib/libxcb.so.1.1.0
7f1064475000-7f1064484000 r-xp 00000000 08:01 10248936                   /usr/lib/libXi.so.6.1.0
7f1064484000-7f1064684000 ---p 0000f000 08:01 10248936                   /usr/lib/libXi.so.6.1.0
7f1064684000-7f1064685000 r--p 0000f000 08:01 10248936                   /usr/lib/libXi.so.6.1.0
7f1064685000-7f1064686000 rw-p 00010000 08:01 10248936                   /usr/lib/libXi.so.6.1.0
7f1064686000-7f106468b000 r-xp 00000000 08:01 10249137                   /usr/lib/libXtst.so.6.1.0
7f106468b000-7f106488a000 ---p 00005000 08:01 10249137                   /usr/lib/libXtst.so.6.1.0
7f106488a000-7f106488b000 r--p 00004000 08:01 10249137                   /usr/lib/libXtst.so.6.1.0
7f106488b000-7f106488c000 rw-p 00005000 08:01 10249137                   /usr/lib/libXtst.so.6.1.0
7f106488c000-7f1064895000 r-xp 00000000 08:01 10247450                   /usr/lib/libXrender.so.1.3.0
7f1064895000-7f1064a94000 ---p 00009000 08:01 10247450                   /usr/lib/libXrender.so.1.3.0
7f1064a94000-7f1064a95000 r--p 00008000 08:01 10247450                   /usr/lib/libXrender.so.1.3.0
7f1064a95000-7f1064a96000 rw-p 00009000 08:01 10247450                   /usr/lib/libXrender.so.1.3.0
7f1064a96000-7f1064bd1000 r-xp 00000000 08:01 10246550                   /usr/lib/libX11.so.6.3.0
7f1064bd1000-7f1064dd0000 ---p 0013b000 08:01 10246550                   /usr/lib/libX11.so.6.3.0
7f1064dd0000-7f1064dd2000 r--p 0013a000 08:01 10246550                   /usr/lib/libX11.so.6.3.0
7f1064dd2000-7f1064dd7000 rw-p 0013c000 08:01 10246550                   /usr/lib/libX11.so.6.3.0
7f1064dd7000-7f1064dd8000 rw-p 00000000 00:00 0 
7f1064dd8000-7f1064de9000 r-xp 00000000 08:01 10247516                   /usr/lib/libXext.so.6.4.0
7f1064de9000-7f1064fe8000 ---p 00011000 08:01 10247516                   /usr/lib/libXext.so.6.4.0
7f1064fe8000-7f1064fe9000 r--p 00010000 08:01 10247516                   /usr/lib/libXext.so.6.4.0
7f1064fe9000-7f1064fea000 rw-p 00011000 08:01 10247516                   /usr/lib/libXext.so.6.4.0
7f1064fea000-7f1064feb000 rw-p 00000000 00:00 0 
7f1064feb000-7f1064ff0000 r--s 00094000 08:01 11146692                   /usr/lib/jvm/java-8-openjdk/jre/lib/jsse.jar
7f1064ff0000-7f1064ffb000 r--s 00116000 08:01 11146709                   /usr/lib/jvm/java-8-openjdk/jre/lib/ext/localedata.jar
7f1064ffb000-7f106500e000 r--s 00345000 08:01 11146687                   /usr/lib/jvm/java-8-openjdk/jre/lib/resources.jar
7f106500e000-7f1065061000 r-xp 00000000 08:01 11156073                   /usr/lib/jvm/java-8-openjdk/jre/lib/amd64/libawt_xawt.so
7f1065061000-7f1065260000 ---p 00053000 08:01 11156073                   /usr/lib/jvm/java-8-openjdk/jre/lib/amd64/libawt_xawt.so
7f1065260000-7f1065264000 rw-p 00052000 08:01 11156073                   /usr/lib/jvm/java-8-openjdk/jre/lib/amd64/libawt_xawt.so
7f1065264000-7f1065265000 rw-p 00000000 00:00 0 
7f1065265000-7f1065305000 r-xp 00000000 08:01 11156067                   /usr/lib/jvm/java-8-openjdk/jre/lib/amd64/libawt.so
7f1065305000-7f1065505000 ---p 000a0000 08:01 11156067                   /usr/lib/jvm/java-8-openjdk/jre/lib/amd64/libawt.so
7f1065505000-7f1065511000 rw-p 000a0000 08:01 11156067                   /usr/lib/jvm/java-8-openjdk/jre/lib/amd64/libawt.so
7f1065511000-7f1065535000 rw-p 00000000 00:00 0 
7f1065535000-7f1065543000 r--s 000f2000 08:01 16385036                   /home/michael/workspace/Slick2D-Project/Slick/lib/lwjgl.jar
7f1065543000-7f1065544000 ---p 00000000 00:00 0 
7f1065544000-7f1065644000 rw-p 00000000 00:00 0                          [stack:8044]
7f1065644000-7f1065647000 ---p 00000000 00:00 0 
7f1065647000-7f1065745000 rw-p 00000000 00:00 0                          [stack:8043]
7f1065745000-7f1065748000 ---p 00000000 00:00 0 
7f1065748000-7f1065846000 rw-p 00000000 00:00 0                          [stack:8042]
7f1065846000-7f1065849000 ---p 00000000 00:00 0 
7f1065849000-7f1065947000 rw-p 00000000 00:00 0                          [stack:8041]
7f1065947000-7f106594a000 ---p 00000000 00:00 0 
7f106594a000-7f1065a48000 rw-p 00000000 00:00 0                          [stack:8040]
7f1065a48000-7f1065a4b000 ---p 00000000 00:00 0 
7f1065a4b000-7f1065b49000 rw-p 00000000 00:00 0                          [stack:8039]
7f1065b49000-7f1065cd2000 r--p 00000000 08:01 10243821                   /usr/lib/locale/locale-archive
7f1065cd2000-7f1065cd5000 ---p 00000000 00:00 0 
7f1065cd5000-7f1065dd3000 rw-p 00000000 00:00 0                          [stack:8038]
7f1065dd3000-7f1065dd6000 ---p 00000000 00:00 0 
7f1065dd6000-7f1065ed4000 rw-p 00000000 00:00 0                          [stack:8037]
7f1065ed4000-7f1065ed5000 ---p 00000000 00:00 0 
7f1065ed5000-7f1069000000 rw-p 00000000 00:00 0                          [stack:8036]
7f1069000000-7f1069390000 rwxp 00000000 00:00 0 
7f1069390000-7f1078000000 ---p 00000000 00:00 0 
7f1078000000-7f1078c45000 rw-p 00000000 00:00 0 
7f1078c45000-7f107c000000 ---p 00000000 00:00 0 
7f107c000000-7f107c008000 rw-s 00000000 00:05 162124                     /drm mm object (deleted)
7f107c008000-7f107c013000 r--s 00099000 08:01 16385043                   /home/michael/workspace/Slick2D-Project/Slick/lib/slick.jar
7f107c013000-7f107c59c000 rw-p 00000000 00:00 0 
7f107c59c000-7f107c769000 r--s 03bd3000 08:01 11146689                   /usr/lib/jvm/java-8-openjdk/jre/lib/rt.jar
7f107c769000-7f107c9bf000 rw-p 00000000 00:00 0 
7f107c9bf000-7f107c9c0000 ---p 00000000 00:00 0 
7f107c9c0000-7f107cac0000 rw-p 00000000 00:00 0                          [stack:8035]
7f107cac0000-7f107cac1000 ---p 00000000 00:00 0 
7f107cac1000-7f107cbc1000 rw-p 00000000 00:00 0                          [stack:8034]
7f107cbc1000-7f107cbc2000 ---p 00000000 00:00 0 
7f107cbc2000-7f107ccc2000 rw-p 00000000 00:00 0                          [stack:8033]
7f107ccc2000-7f107ccc3000 ---p 00000000 00:00 0 
7f107ccc3000-7f107cdd7000 rw-p 00000000 00:00 0                          [stack:8032]
7f107cdd7000-7f107cf03000 ---p 00000000 00:00 0 
7f107cf03000-7f107cf17000 rw-p 00000000 00:00 0 
7f107cf17000-7f107d043000 ---p 00000000 00:00 0 
7f107d043000-7f107d055000 rw-p 00000000 00:00 0 
7f107d055000-7f107d0e3000 ---p 00000000 00:00 0 
7f107d0e3000-7f107d0f3000 rw-p 00000000 00:00 0 
7f107d0f3000-7f107d4a4000 ---p 00000000 00:00 0 
7f107d4a4000-7f107d4ac000 r-xp 00000000 08:01 11156054                   /usr/lib/jvm/java-8-openjdk/jre/lib/amd64/libzip.so
7f107d4ac000-7f107d6ab000 ---p 00008000 08:01 11156054                   /usr/lib/jvm/java-8-openjdk/jre/lib/amd64/libzip.so
7f107d6ab000-7f107d6ac000 rw-p 00007000 08:01 11156054                   /usr/lib/jvm/java-8-openjdk/jre/lib/amd64/libzip.so
7f107d6ac000-7f107d6b7000 r-xp 00000000 08:01 10226777                   /usr/lib/libnss_files-2.21.so
7f107d6b7000-7f107d8b7000 ---p 0000b000 08:01 10226777                   /usr/lib/libnss_files-2.21.so
7f107d8b7000-7f107d8b8000 r--p 0000b000 08:01 10226777                   /usr/lib/libnss_files-2.21.so
7f107d8b8000-7f107d8b9000 rw-p 0000c000 08:01 10226777                   /usr/lib/libnss_files-2.21.so
7f107d8b9000-7f107d8e6000 r-xp 00000000 08:01 11156055                   /usr/lib/jvm/java-8-openjdk/jre/lib/amd64/libjava.so
7f107d8e6000-7f107dae6000 ---p 0002d000 08:01 11156055                   /usr/lib/jvm/java-8-openjdk/jre/lib/amd64/libjava.so
7f107dae6000-7f107dae8000 rw-p 0002d000 08:01 11156055                   /usr/lib/jvm/java-8-openjdk/jre/lib/amd64/libjava.so
7f107dae8000-7f107daf5000 r-xp 00000000 08:01 11156046                   /usr/lib/jvm/java-8-openjdk/jre/lib/amd64/libverify.so
7f107daf5000-7f107dcf4000 ---p 0000d000 08:01 11156046                   /usr/lib/jvm/java-8-openjdk/jre/lib/amd64/libverify.so
7f107dcf4000-7f107dcf6000 rw-p 0000c000 08:01 11156046                   /usr/lib/jvm/java-8-openjdk/jre/lib/amd64/libverify.so
7f107dcf6000-7f107dcfd000 r-xp 00000000 08:01 10226809                   /usr/lib/librt-2.21.so
7f107dcfd000-7f107defc000 ---p 00007000 08:01 10226809                   /usr/lib/librt-2.21.so
7f107defc000-7f107defd000 r--p 00006000 08:01 10226809                   /usr/lib/librt-2.21.so
7f107defd000-7f107defe000 rw-p 00007000 08:01 10226809                   /usr/lib/librt-2.21.so
7f107defe000-7f107e001000 r-xp 00000000 08:01 10226836                   /usr/lib/libm-2.21.so
7f107e001000-7f107e200000 ---p 00103000 08:01 10226836                   /usr/lib/libm-2.21.so
7f107e200000-7f107e201000 r--p 00102000 08:01 10226836                   /usr/lib/libm-2.21.so
7f107e201000-7f107e202000 rw-p 00103000 08:01 10226836                   /usr/lib/libm-2.21.so
7f107e202000-7f107eea3000 r-xp 00000000 08:01 11156078                   /usr/lib/jvm/java-8-openjdk/jre/lib/amd64/server/libjvm.so
7f107eea3000-7f107f0a2000 ---p 00ca1000 08:01 11156078                   /usr/lib/jvm/java-8-openjdk/jre/lib/amd64/server/libjvm.so
7f107f0a2000-7f107f16e000 rw-p 00ca0000 08:01 11156078                   /usr/lib/jvm/java-8-openjdk/jre/lib/amd64/server/libjvm.so
7f107f16e000-7f107f1b0000 rw-p 00000000 00:00 0 
7f107f1b0000-7f107f349000 r-xp 00000000 08:01 10226788                   /usr/lib/libc-2.21.so
7f107f349000-7f107f548000 ---p 00199000 08:01 10226788                   /usr/lib/libc-2.21.so
7f107f548000-7f107f54c000 r--p 00198000 08:01 10226788                   /usr/lib/libc-2.21.so
7f107f54c000-7f107f54e000 rw-p 0019c000 08:01 10226788                   /usr/lib/libc-2.21.so
7f107f54e000-7f107f552000 rw-p 00000000 00:00 0 
7f107f552000-7f107f555000 r-xp 00000000 08:01 10226818                   /usr/lib/libdl-2.21.so
7f107f555000-7f107f754000 ---p 00003000 08:01 10226818                   /usr/lib/libdl-2.21.so
7f107f754000-7f107f755000 r--p 00002000 08:01 10226818                   /usr/lib/libdl-2.21.so
7f107f755000-7f107f756000 rw-p 00003000 08:01 10226818                   /usr/lib/libdl-2.21.so
7f107f756000-7f107f763000 r-xp 00000000 08:01 11156075                   /usr/lib/jvm/java-8-openjdk/jre/lib/amd64/jli/libjli.so
7f107f763000-7f107f963000 ---p 0000d000 08:01 11156075                   /usr/lib/jvm/java-8-openjdk/jre/lib/amd64/jli/libjli.so
7f107f963000-7f107f964000 rw-p 0000d000 08:01 11156075                   /usr/lib/jvm/java-8-openjdk/jre/lib/amd64/jli/libjli.so
7f107f964000-7f107f979000 r-xp 00000000 08:01 10230040                   /usr/lib/libz.so.1.2.8
7f107f979000-7f107fb78000 ---p 00015000 08:01 10230040                   /usr/lib/libz.so.1.2.8
7f107fb78000-7f107fb79000 r--p 00014000 08:01 10230040                   /usr/lib/libz.so.1.2.8
7f107fb79000-7f107fb7a000 rw-p 00015000 08:01 10230040                   /usr/lib/libz.so.1.2.8
7f107fb7a000-7f107fb92000 r-xp 00000000 08:01 10226808                   /usr/lib/libpthread-2.21.so
7f107fb92000-7f107fd91000 ---p 00018000 08:01 10226808                   /usr/lib/libpthread-2.21.so
7f107fd91000-7f107fd92000 r--p 00017000 08:01 10226808                   /usr/lib/libpthread-2.21.so
7f107fd92000-7f107fd93000 rw-p 00018000 08:01 10226808                   /usr/lib/libpthread-2.21.so
7f107fd93000-7f107fd97000 rw-p 00000000 00:00 0 
7f107fd97000-7f107fdb9000 r-xp 00000000 08:01 10226832                   /usr/lib/ld-2.21.so
7f107fdb9000-7f107fdba000 rwxp 00000000 00:00 0 
7f107fdba000-7f107fdbe000 r--s 00027000 08:01 16385037                   /home/michael/workspace/Slick2D-Project/Slick/lib/lwjgl_util.jar
7f107fdbe000-7f107fe8e000 rw-p 00000000 00:00 0 
7f107fe8e000-7f107fe91000 ---p 00000000 00:00 0 
7f107fe91000-7f107ff93000 rw-p 00000000 00:00 0                          [stack:8031]
7f107ff93000-7f107ff94000 rw-s 00000000 00:05 162125                     /drm mm object (deleted)
7f107ff94000-7f107ff95000 rw-s 1020eb000 00:06 10922                     /dev/dri/card0
7f107ff95000-7f107ff9a000 r--s 00030000 08:01 16385032                   /home/michael/workspace/Slick2D-Project/Slick/lib/jinput.jar
7f107ff9a000-7f107ffad000 rw-p 00000000 00:00 0 
7f107ffad000-7f107ffb5000 rw-s 00000000 00:1f 160209                     /tmp/hsperfdata_michael/8026
7f107ffb5000-7f107ffb6000 rw-p 00000000 00:00 0 
7f107ffb6000-7f107ffb7000 r--p 00000000 00:00 0 
7f107ffb7000-7f107ffb8000 rw-p 00000000 00:00 0 
7f107ffb8000-7f107ffb9000 r--p 00021000 08:01 10226832                   /usr/lib/ld-2.21.so
7f107ffb9000-7f107ffba000 rw-p 00022000 08:01 10226832                   /usr/lib/ld-2.21.so
7f107ffba000-7f107ffbb000 rw-p 00000000 00:00 0 
7ffdc63c5000-7ffdc63e6000 rw-p 00000000 00:00 0                          [stack]
7ffdc63ef000-7ffdc63f1000 r--p 00000000 00:00 0                          [vvar]
7ffdc63f1000-7ffdc63f3000 r-xp 00000000 00:00 0                          [vdso]
ffffffffff600000-ffffffffff601000 r-xp 00000000 00:00 0                  [vsyscall]

VM Arguments:
jvm_args: -Djava.library.path=/home/michael/workspace/Slick2D-Project/lwjgl-2.9.3/native/linux -Dfile.encoding=UTF-8 
java_command: driver.Driver
java_class_path (initial): /home/michael/workspace/Slick2D-Project/bin:/home/michael/workspace/Slick2D-Project/Slick/lib/slick.jar:/home/michael/workspace/Slick2D-Project/Slick/lib/jinput.jar:/home/michael/workspace/Slick2D-Project/Slick/lib/lwjgl_util.jar:/home/michael/workspace/Slick2D-Project/Slick/lib/lwjgl.jar
Launcher Type: SUN_STANDARD

Environment Variables:
PATH=/usr/local/sbin:/usr/local/bin:/usr/bin:/usr/lib/jvm/default/bin:/usr/bin/site_perl:/usr/bin/vendor_perl:/usr/bin/core_perl
SHELL=/usr/bin/zsh
DISPLAY=:0

Signal Handlers:
SIGSEGV: [libjvm.so+0xa90890], sa_mask[0]=11111111011111111101111111111110, sa_flags=SA_RESTART|SA_SIGINFO
SIGBUS: [libjvm.so+0xa90890], sa_mask[0]=11111111011111111101111111111110, sa_flags=SA_RESTART|SA_SIGINFO
SIGFPE: [libjvm.so+0x8dac20], sa_mask[0]=11111111011111111101111111111110, sa_flags=SA_RESTART|SA_SIGINFO
SIGPIPE: [libjvm.so+0x8dac20], sa_mask[0]=11111111011111111101111111111110, sa_flags=SA_RESTART|SA_SIGINFO
SIGXFSZ: [libjvm.so+0x8dac20], sa_mask[0]=11111111011111111101111111111110, sa_flags=SA_RESTART|SA_SIGINFO
SIGILL: [libjvm.so+0x8dac20], sa_mask[0]=11111111011111111101111111111110, sa_flags=SA_RESTART|SA_SIGINFO
SIGUSR1: SIG_DFL, sa_mask[0]=00000000000000000000000000000000, sa_flags=none
SIGUSR2: [libjvm.so+0x8daad0], sa_mask[0]=00100000000000000000000000000000, sa_flags=SA_RESTART|SA_SIGINFO
SIGHUP: [libjvm.so+0x8dacf0], sa_mask[0]=11111111011111111101111111111110, sa_flags=SA_RESTART|SA_SIGINFO
SIGINT: SIG_IGN, sa_mask[0]=00000000000000000000000000000000, sa_flags=none
SIGTERM: [libjvm.so+0x8dacf0], sa_mask[0]=11111111011111111101111111111110, sa_flags=SA_RESTART|SA_SIGINFO
SIGQUIT: [libjvm.so+0x8dacf0], sa_mask[0]=11111111011111111101111111111110, sa_flags=SA_RESTART|SA_SIGINFO


---------------  S Y S T E M  ---------------

OS:NAME="Arch Linux"
ID=arch
PRETTY_NAME="Arch Linux"
ANSI_COLOR="0;36"
HOME_URL="https://www.archlinux.org/"
SUPPORT_URL="https://bbs.archlinux.org/"
BUG_REPORT_URL="https://bugs.archlinux.org/"


uname:Linux 4.0.7-2-ARCH #1 SMP PREEMPT Tue Jun 30 07:50:21 UTC 2015 x86_64
libc:glibc 2.21 NPTL 2.21 
rlimit: STACK 8192k, CORE 0k, NPROC 15337, NOFILE 4096, AS infinity
load average:0.74 0.54 0.45

/proc/meminfo:
MemTotal:        3931796 kB
MemFree:          610240 kB
MemAvailable:    1301628 kB
Buffers:           68700 kB
Cached:          1172176 kB
SwapCached:            0 kB
Active:          2232136 kB
Inactive:         875356 kB
Active(anon):    1895836 kB
Inactive(anon):   403000 kB
Active(file):     336300 kB
Inactive(file):   472356 kB
Unevictable:           0 kB
Mlocked:               0 kB
SwapTotal:             0 kB
SwapFree:              0 kB
Dirty:               328 kB
Writeback:             0 kB
AnonPages:       1866700 kB
Mapped:           625692 kB
Shmem:            432224 kB
Slab:             127448 kB
SReclaimable:     103332 kB
SUnreclaim:        24116 kB
KernelStack:        5600 kB
PageTables:        23176 kB
NFS_Unstable:          0 kB
Bounce:                0 kB
WritebackTmp:          0 kB
CommitLimit:     1965896 kB
Committed_AS:    4518104 kB
VmallocTotal:   34359738367 kB
VmallocUsed:      367736 kB
VmallocChunk:   34359363016 kB
HardwareCorrupted:     0 kB
AnonHugePages:    677888 kB
HugePages_Total:       0
HugePages_Free:        0
HugePages_Rsvd:        0
HugePages_Surp:        0
Hugepagesize:       2048 kB
DirectMap4k:       97920 kB
DirectMap2M:     3977216 kB


CPU:total 4 (2 cores per cpu, 2 threads per core) family 6 model 42 stepping 7, cmov, cx8, fxsr, mmx, sse, sse2, sse3, ssse3, sse4.1, sse4.2, popcnt, avx, aes, clmul, ht, tsc, tscinvbit

/proc/cpuinfo:
processor	: 0
vendor_id	: GenuineIntel
cpu family	: 6
model		: 42
model name	: Intel(R) Core(TM) i5-2520M CPU @ 2.50GHz
stepping	: 7
microcode	: 0x25
cpu MHz		: 1294.335
cache size	: 3072 KB
physical id	: 0
siblings	: 4
core id		: 0
cpu cores	: 2
apicid		: 0
initial apicid	: 0
fpu		: yes
fpu_exception	: yes
cpuid level	: 13
wp		: yes
flags		: fpu vme de pse tsc msr pae mce cx8 apic sep mtrr pge mca cmov pat pse36 clflush dts acpi mmx fxsr sse sse2 ss ht tm pbe syscall nx rdtscp lm constant_tsc arch_perfmon pebs bts nopl xtopology nonstop_tsc aperfmperf eagerfpu pni pclmulqdq dtes64 monitor ds_cpl vmx smx est tm2 ssse3 cx16 xtpr pdcm pcid sse4_1 sse4_2 x2apic popcnt tsc_deadline_timer aes xsave avx lahf_lm ida arat epb pln pts dtherm tpr_shadow vnmi flexpriority ept vpid xsaveopt
bugs		:
bogomips	: 4985.48
clflush size	: 64
cache_alignment	: 64
address sizes	: 36 bits physical, 48 bits virtual
power management:

processor	: 1
vendor_id	: GenuineIntel
cpu family	: 6
model		: 42
model name	: Intel(R) Core(TM) i5-2520M CPU @ 2.50GHz
stepping	: 7
microcode	: 0x25
cpu MHz		: 1293.652
cache size	: 3072 KB
physical id	: 0
siblings	: 4
core id		: 0
cpu cores	: 2
apicid		: 1
initial apicid	: 1
fpu		: yes
fpu_exception	: yes
cpuid level	: 13
wp		: yes
flags		: fpu vme de pse tsc msr pae mce cx8 apic sep mtrr pge mca cmov pat pse36 clflush dts acpi mmx fxsr sse sse2 ss ht tm pbe syscall nx rdtscp lm constant_tsc arch_perfmon pebs bts nopl xtopology nonstop_tsc aperfmperf eagerfpu pni pclmulqdq dtes64 monitor ds_cpl vmx smx est tm2 ssse3 cx16 xtpr pdcm pcid sse4_1 sse4_2 x2apic popcnt tsc_deadline_timer aes xsave avx lahf_lm ida arat epb pln pts dtherm tpr_shadow vnmi flexpriority ept vpid xsaveopt
bugs		:
bogomips	: 4985.48
clflush size	: 64
cache_alignment	: 64
address sizes	: 36 bits physical, 48 bits virtual
power management:

processor	: 2
vendor_id	: GenuineIntel
cpu family	: 6
model		: 42
model name	: Intel(R) Core(TM) i5-2520M CPU @ 2.50GHz
stepping	: 7
microcode	: 0x25
cpu MHz		: 1293.066
cache size	: 3072 KB
physical id	: 0
siblings	: 4
core id		: 1
cpu cores	: 2
apicid		: 2
initial apicid	: 2
fpu		: yes
fpu_exception	: yes
cpuid level	: 13
wp		: yes
flags		: fpu vme de pse tsc msr pae mce cx8 apic sep mtrr pge mca cmov pat pse36 clflush dts acpi mmx fxsr sse sse2 ss ht tm pbe syscall nx rdtscp lm constant_tsc arch_perfmon pebs bts nopl xtopology nonstop_tsc aperfmperf eagerfpu pni pclmulqdq dtes64 monitor ds_cpl vmx smx est tm2 ssse3 cx16 xtpr pdcm pcid sse4_1 sse4_2 x2apic popcnt tsc_deadline_timer aes xsave avx lahf_lm ida arat epb pln pts dtherm tpr_shadow vnmi flexpriority ept vpid xsaveopt
bugs		:
bogomips	: 4985.48
clflush size	: 64
cache_alignment	: 64
address sizes	: 36 bits physical, 48 bits virtual
power management:

processor	: 3
vendor_id	: GenuineIntel
cpu family	: 6
model		: 42
model name	: Intel(R) Core(TM) i5-2520M CPU @ 2.50GHz
stepping	: 7
microcode	: 0x25
cpu MHz		: 1066.503
cache size	: 3072 KB
physical id	: 0
siblings	: 4
core id		: 1
cpu cores	: 2
apicid		: 3
initial apicid	: 3
fpu		: yes
fpu_exception	: yes
cpuid level	: 13
wp		: yes
flags		: fpu vme de pse tsc msr pae mce cx8 apic sep mtrr pge mca cmov pat pse36 clflush dts acpi mmx fxsr sse sse2 ss ht tm pbe syscall nx rdtscp lm constant_tsc arch_perfmon pebs bts nopl xtopology nonstop_tsc aperfmperf eagerfpu pni pclmulqdq dtes64 monitor ds_cpl vmx smx est tm2 ssse3 cx16 xtpr pdcm pcid sse4_1 sse4_2 x2apic popcnt tsc_deadline_timer aes xsave avx lahf_lm ida arat epb pln pts dtherm tpr_shadow vnmi flexpriority ept vpid xsaveopt
bugs		:
bogomips	: 4985.48
clflush size	: 64
cache_alignment	: 64
address sizes	: 36 bits physical, 48 bits virtual
power management:



Memory: 4k page, physical 3931796k(610240k free), swap 0k(0k free)

vm_info: OpenJDK 64-Bit Server VM (25.45-b02) for linux-amd64 JRE (1.8.0_45-b14), built on Apr 20 2015 17:04:34 by "builduser" with gcc 4.9.2 20150304 (prerelease)

time: Wed Jul 15 14:21:59 2015
elapsed time: 2 seconds (0d 0h 0m 2s)

