#
# A fatal error has been detected by the Java Runtime Environment:
#
#  SIGSEGV (0xb) at pc=0x00007fa9fd45c9cc, pid=11562, tid=140369639212800
#
# JRE version: OpenJDK Runtime Environment (8.0_45-b14) (build 1.8.0_45-b14)
# Java VM: OpenJDK 64-Bit Server VM (25.45-b02 mixed mode linux-amd64 compressed oops)
# Problematic frame:
# C  [i965_dri.so+0x39c9cc]
#
# Failed to write core dump. Core dumps have been disabled. To enable core dumping, try "ulimit -c unlimited" before starting Java again
#
# If you would like to submit a bug report, please visit:
#   http://bugreport.java.com/bugreport/crash.jsp
# The crash happened outside the Java Virtual Machine in native code.
# See problematic frame for where to report the bug.
#

---------------  T H R E A D  ---------------

Current thread (0x00007faa54008800):  JavaThread "main" [_thread_in_native, id=11567, stack(0x00007faa5a6b8000,0x00007faa5a7b9000)]

siginfo: si_signo: 11 (SIGSEGV), si_code: 1 (SEGV_MAPERR), si_addr: 0x0000000000000208

Registers:
RAX=0x0000000000000000, RBX=0x00007faa5446f830, RCX=0x0000000000000001, RDX=0x0000000000000006
RSP=0x00007faa5a7b75d0, RBP=0x00007faa54754798, RSI=0x00007faa54448d40, RDI=0x00007faa54754798
R8 =0x0000000000000001, R9 =0x0000000000000010, R10=0x000000000000000b, R11=0x000000005f991000
R12=0x0000000000000001, R13=0x00007faa54448d40, R14=0x00007faa54449100, R15=0x00007faa5446f8f0
RIP=0x00007fa9fd45c9cc, EFLAGS=0x0000000000010202, CSGSFS=0x0000000000000033, ERR=0x0000000000000004
  TRAPNO=0x000000000000000e

Top of Stack: (sp=0x00007faa5a7b75d0)
0x00007faa5a7b75d0:   0000000000000000 00000000542d0f90
0x00007faa5a7b75e0:   00007faa54449128 00007faa547560d0
0x00007faa5a7b75f0:   0000000200000002 00007fa9fd203338
0x00007faa5a7b7600:   0000000000000001 0000000000000000
0x00007faa5a7b7610:   00007faa54754798 0000000000004000
0x00007faa5a7b7620:   0000000000000000 00007fa9fd4af5ab
0x00007faa5a7b7630:   00000000c4365b80 0000000100000000
0x00007faa5a7b7640:   00007faa54754798 b8b1296fe8f31300
0x00007faa5a7b7650:   0000000000000000 00007faa54754798
0x00007faa5a7b7660:   0000000000000002 0000000000000000
0x00007faa5a7b7670:   00007faa54448d40 0000000000000002
0x00007faa5a7b7680:   00007faa5446f8f0 00007fa9fd3e80cc
0x00007faa5a7b7690:   00ffffff5475479c 00007faa544d3150
0x00007faa5a7b76a0:   00000000c4365b80 00007faa3debde98
0x00007faa5a7b76b0:   00007faa5a7b7738 0000000000000000
0x00007faa5a7b76c0:   00007faa3debde98 00007faa5a7b7768
0x00007faa5a7b76d0:   00007faa54008800 00007faa44c006d4
0x00007faa5a7b76e0:   00007faa5a7b7718 00007faa3de5aca8
0x00007faa5a7b76f0:   0000000000000000 00007faa5a7b76f8
0x00007faa5a7b7700:   0000000000000000 00007faa5a7b7768
0x00007faa5a7b7710:   00007faa3dedac28 0000000000000000
0x00007faa5a7b7720:   00007faa3debde98 0000000000000000
0x00007faa5a7b7730:   00007faa5a7b7770 00007faa5a7b7868
0x00007faa5a7b7740:   00007faa44fb928c 00000000ecf8a0d0
0x00007faa5a7b7750:   00007faa44bfa2b8 00007fa9ff91c280
0x00007faa5a7b7760:   00000000ecf08d70 00007faa00004100
0x00007faa5a7b7770:   00007faa5a7b77d0 00000000ec047eb0
0x00007faa5a7b7780:   00007faa44bf23d0 00000000ecf89aa8
0x00007faa5a7b7790:   00007faa5a7b7838 00007faa44f60e74
0x00007faa5a7b77a0:   0000000000000001 00000000c4365b80
0x00007faa5a7b77b0:   0000000000000000 00000000c4365b80
0x00007faa5a7b77c0:   0000000000000000 00007faa3dc25268 

Instructions: (pc=0x00007fa9fd45c9cc)
0x00007fa9fd45c9ac:   44 24 24 89 44 24 20 0f 84 9f 02 00 00 48 8b 83
0x00007fa9fd45c9bc:   88 00 00 00 8b 95 c8 3f 02 00 41 bc 01 00 00 00
0x00007fa9fd45c9cc:   8b 88 08 02 00 00 85 c9 74 0a 45 31 e4 83 fa 06
0x00007fa9fd45c9dc:   41 0f 9e c4 80 7c 24 33 00 8b 70 14 ba 01 00 00 

Register to memory mapping:

RAX=0x0000000000000000 is an unknown value
RBX=0x00007faa5446f830 is an unknown value
RCX=0x0000000000000001 is an unknown value
RDX=0x0000000000000006 is an unknown value
RSP=0x00007faa5a7b75d0 is pointing into the stack for thread: 0x00007faa54008800
RBP=0x00007faa54754798 is an unknown value
RSI=0x00007faa54448d40 is an unknown value
RDI=0x00007faa54754798 is an unknown value
R8 =0x0000000000000001 is an unknown value
R9 =0x0000000000000010 is an unknown value
R10=0x000000000000000b is an unknown value
R11=0x000000005f991000 is an unknown value
R12=0x0000000000000001 is an unknown value
R13=0x00007faa54448d40 is an unknown value
R14=0x00007faa54449100 is an unknown value
R15=0x00007faa5446f8f0 is an unknown value


Stack: [0x00007faa5a6b8000,0x00007faa5a7b9000],  sp=0x00007faa5a7b75d0,  free space=1021k
Native frames: (J=compiled Java code, j=interpreted, Vv=VM code, C=native code)
C  [i965_dri.so+0x39c9cc]

Java frames: (J=compiled Java code, j=interpreted, Vv=VM code)
j  org.lwjgl.opengl.GL11.nglClear(IJ)V+0
J 1061 C1 org.lwjgl.opengl.GL11.glClear(I)V (19 bytes) @ 0x00007faa44fb928c [0x00007faa44fb8e80+0x40c]
j  org.newdawn.slick.opengl.renderer.ImmediateModeOGLRenderer.glClear(I)V+1
j  org.newdawn.slick.GameContainer.updateAndRender(I)V+259
j  org.newdawn.slick.AppGameContainer.gameLoop()V+33
j  org.newdawn.slick.AppGameContainer.start()V+17
j  driver.Driver.main([Ljava/lang/String;)V+82
v  ~StubRoutines::call_stub

---------------  P R O C E S S  ---------------

Java Threads: ( => current thread )
  0x00007faa54a4c000 JavaThread "Thread-1" daemon [_thread_blocked, id=11587, stack(0x00007fa9f6b5c000,0x00007fa9f6c5d000)]
  0x00007faa5429d800 JavaThread "process reaper" daemon [_thread_blocked, id=11584, stack(0x00007faa3c00f000,0x00007faa3c048000)]
  0x00007faa5427c800 JavaThread "AWT-XAWT" daemon [_thread_in_native, id=11582, stack(0x00007faa34a9b000,0x00007faa34b9c000)]
  0x00007faa5425b800 JavaThread "Java2D Disposer" daemon [_thread_blocked, id=11581, stack(0x00007faa34fad000,0x00007faa350ae000)]
  0x00007faa540d0000 JavaThread "Service Thread" daemon [_thread_blocked, id=11579, stack(0x00007faa37dfe000,0x00007faa37eff000)]
  0x00007faa540bb000 JavaThread "C1 CompilerThread2" daemon [_thread_blocked, id=11578, stack(0x00007faa37eff000,0x00007faa38000000)]
  0x00007faa540b9800 JavaThread "C2 CompilerThread1" daemon [_thread_blocked, id=11577, stack(0x00007faa3c074000,0x00007faa3c175000)]
  0x00007faa540b6800 JavaThread "C2 CompilerThread0" daemon [_thread_blocked, id=11576, stack(0x00007faa3c175000,0x00007faa3c276000)]
  0x00007faa540b5000 JavaThread "Signal Dispatcher" daemon [_thread_blocked, id=11575, stack(0x00007faa3c276000,0x00007faa3c377000)]
  0x00007faa5407d000 JavaThread "Finalizer" daemon [_thread_blocked, id=11574, stack(0x00007faa3c500000,0x00007faa3c601000)]
  0x00007faa5407b000 JavaThread "Reference Handler" daemon [_thread_blocked, id=11573, stack(0x00007faa3c601000,0x00007faa3c702000)]
=>0x00007faa54008800 JavaThread "main" [_thread_in_native, id=11567, stack(0x00007faa5a6b8000,0x00007faa5a7b9000)]

Other Threads:
  0x00007faa54076000 VMThread [stack: 0x00007faa3c702000,0x00007faa3c803000] [id=11572]
  0x00007faa540d2800 WatcherThread [stack: 0x00007faa37cfd000,0x00007faa37dfe000] [id=11580]

VM state:not at safepoint (normal execution)

VM Mutex/Monitor currently owned by a thread: None

Heap:
 PSYoungGen      total 17920K, used 2041K [0x00000000ec000000, 0x00000000ee300000, 0x0000000100000000)
  eden space 15360K, 1% used [0x00000000ec000000,0x00000000ec04a750,0x00000000ecf00000)
  from space 2560K, 68% used [0x00000000ecf00000,0x00000000ed0b4010,0x00000000ed180000)
  to   space 2560K, 0% used [0x00000000ee080000,0x00000000ee080000,0x00000000ee300000)
 ParOldGen       total 40960K, used 7679K [0x00000000c4000000, 0x00000000c6800000, 0x00000000ec000000)
  object space 40960K, 18% used [0x00000000c4000000,0x00000000c477fdb8,0x00000000c6800000)
 Metaspace       used 10358K, capacity 10549K, committed 10624K, reserved 1058816K
  class space    used 1024K, capacity 1093K, committed 1152K, reserved 1048576K

Card table byte_map: [0x00007faa4464a000,0x00007faa4482b000] byte_map_base: 0x00007faa4402a000

Marking Bits: (ParMarkBitMap*) 0x00007faa599ac680
 Begin Bits: [0x00007faa3e200000, 0x00007faa3f100000)
 End Bits:   [0x00007faa3f100000, 0x00007faa40000000)

Polling page: 0x00007faa5a7e0000

CodeCache: size=245760Kb used=3994Kb max_used=3994Kb free=241765Kb
 bounds [0x00007faa44beb000, 0x00007faa44fdb000, 0x00007faa53beb000]
 total_blobs=1684 nmethods=1096 adapters=503
 compilation: enabled

Compilation events (10 events):
Event: 6.376 Thread 0x00007faa540bb000 1092       3       java.lang.ref.Finalizer::hasBeenFinalized (14 bytes)
Event: 6.376 Thread 0x00007faa540bb000 nmethod 1092 0x00007faa44fcc050 code [0x00007faa44fcc1c0, 0x00007faa44fcc370]
Event: 6.376 Thread 0x00007faa540bb000 1093   !   3       java.lang.ref.Finalizer::remove (94 bytes)
Event: 6.377 Thread 0x00007faa540bb000 nmethod 1093 0x00007faa44fd3a50 code [0x00007faa44fd3be0, 0x00007faa44fd40b0]
Event: 6.377 Thread 0x00007faa540bb000 1094       3       java.lang.System$2::invokeFinalize (5 bytes)
Event: 6.377 Thread 0x00007faa540bb000 nmethod 1094 0x00007faa44fcbc10 code [0x00007faa44fcbd80, 0x00007faa44fcbfa8]
Event: 6.447 Thread 0x00007faa540bb000 1095       1       org.newdawn.slick.AngelCodeFont::getLineHeight (5 bytes)
Event: 6.448 Thread 0x00007faa540bb000 nmethod 1095 0x00007faa44fcb950 code [0x00007faa44fcbaa0, 0x00007faa44fcbbb0]
Event: 6.481 Thread 0x00007faa540bb000 1096       3       org.newdawn.slick.geom.RoundedRectangle::getHeight (5 bytes)
Event: 6.482 Thread 0x00007faa540bb000 nmethod 1096 0x00007faa44fd4210 code [0x00007faa44fd4360, 0x00007faa44fd44b0]

GC Heap History (6 events):
Event: 0.670 GC heap before
{Heap before GC invocations=1 (full 0):
 PSYoungGen      total 17920K, used 15360K [0x00000000ec000000, 0x00000000ed400000, 0x0000000100000000)
  eden space 15360K, 100% used [0x00000000ec000000,0x00000000ecf00000,0x00000000ecf00000)
  from space 2560K, 0% used [0x00000000ed180000,0x00000000ed180000,0x00000000ed400000)
  to   space 2560K, 0% used [0x00000000ecf00000,0x00000000ecf00000,0x00000000ed180000)
 ParOldGen       total 40960K, used 0K [0x00000000c4000000, 0x00000000c6800000, 0x00000000ec000000)
  object space 40960K, 0% used [0x00000000c4000000,0x00000000c4000000,0x00000000c6800000)
 Metaspace       used 9959K, capacity 10133K, committed 10368K, reserved 1058816K
  class space    used 997K, capacity 1061K, committed 1152K, reserved 1048576K
Event: 0.674 GC heap after
Heap after GC invocations=1 (full 0):
 PSYoungGen      total 17920K, used 2544K [0x00000000ec000000, 0x00000000ed400000, 0x0000000100000000)
  eden space 15360K, 0% used [0x00000000ec000000,0x00000000ec000000,0x00000000ecf00000)
  from space 2560K, 99% used [0x00000000ecf00000,0x00000000ed17c020,0x00000000ed180000)
  to   space 2560K, 0% used [0x00000000ed180000,0x00000000ed180000,0x00000000ed400000)
 ParOldGen       total 40960K, used 4599K [0x00000000c4000000, 0x00000000c6800000, 0x00000000ec000000)
  object space 40960K, 11% used [0x00000000c4000000,0x00000000c447dd88,0x00000000c6800000)
 Metaspace       used 9959K, capacity 10133K, committed 10368K, reserved 1058816K
  class space    used 997K, capacity 1061K, committed 1152K, reserved 1048576K
}
Event: 0.756 GC heap before
{Heap before GC invocations=2 (full 0):
 PSYoungGen      total 17920K, used 17904K [0x00000000ec000000, 0x00000000ed400000, 0x0000000100000000)
  eden space 15360K, 100% used [0x00000000ec000000,0x00000000ecf00000,0x00000000ecf00000)
  from space 2560K, 99% used [0x00000000ecf00000,0x00000000ed17c020,0x00000000ed180000)
  to   space 2560K, 0% used [0x00000000ed180000,0x00000000ed180000,0x00000000ed400000)
 ParOldGen       total 40960K, used 4599K [0x00000000c4000000, 0x00000000c6800000, 0x00000000ec000000)
  object space 40960K, 11% used [0x00000000c4000000,0x00000000c447dd88,0x00000000c6800000)
 Metaspace       used 9982K, capacity 10133K, committed 10368K, reserved 1058816K
  class space    used 997K, capacity 1061K, committed 1152K, reserved 1048576K
Event: 0.759 GC heap after
Heap after GC invocations=2 (full 0):
 PSYoungGen      total 17920K, used 2496K [0x00000000ec000000, 0x00000000ee300000, 0x0000000100000000)
  eden space 15360K, 0% used [0x00000000ec000000,0x00000000ec000000,0x00000000ecf00000)
  from space 2560K, 97% used [0x00000000ed180000,0x00000000ed3f0010,0x00000000ed400000)
  to   space 2560K, 0% used [0x00000000ecf00000,0x00000000ecf00000,0x00000000ed180000)
 ParOldGen       total 40960K, used 7671K [0x00000000c4000000, 0x00000000c6800000, 0x00000000ec000000)
  object space 40960K, 18% used [0x00000000c4000000,0x00000000c477ddb8,0x00000000c6800000)
 Metaspace       used 9982K, capacity 10133K, committed 10368K, reserved 1058816K
  class space    used 997K, capacity 1061K, committed 1152K, reserved 1048576K
}
Event: 6.365 GC heap before
{Heap before GC invocations=3 (full 0):
 PSYoungGen      total 17920K, used 17856K [0x00000000ec000000, 0x00000000ee300000, 0x0000000100000000)
  eden space 15360K, 100% used [0x00000000ec000000,0x00000000ecf00000,0x00000000ecf00000)
  from space 2560K, 97% used [0x00000000ed180000,0x00000000ed3f0010,0x00000000ed400000)
  to   space 2560K, 0% used [0x00000000ecf00000,0x00000000ecf00000,0x00000000ed180000)
 ParOldGen       total 40960K, used 7671K [0x00000000c4000000, 0x00000000c6800000, 0x00000000ec000000)
  object space 40960K, 18% used [0x00000000c4000000,0x00000000c477ddb8,0x00000000c6800000)
 Metaspace       used 10355K, capacity 10549K, committed 10624K, reserved 1058816K
  class space    used 1024K, capacity 1093K, committed 1152K, reserved 1048576K
Event: 6.372 GC heap after
Heap after GC invocations=3 (full 0):
 PSYoungGen      total 17920K, used 1744K [0x00000000ec000000, 0x00000000ee300000, 0x0000000100000000)
  eden space 15360K, 0% used [0x00000000ec000000,0x00000000ec000000,0x00000000ecf00000)
  from space 2560K, 68% used [0x00000000ecf00000,0x00000000ed0b4010,0x00000000ed180000)
  to   space 2560K, 0% used [0x00000000ee080000,0x00000000ee080000,0x00000000ee300000)
 ParOldGen       total 40960K, used 7679K [0x00000000c4000000, 0x00000000c6800000, 0x00000000ec000000)
  object space 40960K, 18% used [0x00000000c4000000,0x00000000c477fdb8,0x00000000c6800000)
 Metaspace       used 10355K, capacity 10549K, committed 10624K, reserved 1058816K
  class space    used 1024K, capacity 1093K, committed 1152K, reserved 1048576K
}

Deoptimization events (5 events):
Event: 0.183 Thread 0x00007faa54008800 Uncommon trap: reason=unstable_if action=reinterpret pc=0x00007faa44d44544 method=java.lang.String.indexOf(II)I @ 49
Event: 0.265 Thread 0x00007faa54008800 Uncommon trap: reason=unstable_if action=reinterpret pc=0x00007faa44da02d4 method=java.lang.String.replace(CC)Ljava/lang/String; @ 26
Event: 0.540 Thread 0x00007faa54008800 Uncommon trap: reason=unstable_if action=reinterpret pc=0x00007faa44db3c94 method=java.lang.String.indexOf([CII[CIII)I @ 3
Event: 0.637 Thread 0x00007faa54008800 Uncommon trap: reason=unstable_if action=reinterpret pc=0x00007faa44eb00f4 method=sun.java2d.loops.GraphicsPrimitiveMgr.locate(Lsun/java2d/loops/GraphicsPrimitiveMgr$PrimitiveSpec;)Lsun/java2d/loops/GraphicsPrimitive; @ 85
Event: 1.784 Thread 0x00007faa54008800 Uncommon trap: reason=unstable_if action=reinterpret pc=0x00007faa44f5cac4 method=org.newdawn.slick.geom.NeatTriangulator.addEdge(III)V @ 22

Internal exceptions (10 events):
Event: 0.680 Thread 0x00007faa54a4c000 Exception <a 'java/io/IOException'> (0x00000000ec1515c0) thrown at [/build/java8-openjdk/src/jdk8u-jdk8u45-b14/hotspot/src/share/vm/prims/jni.cpp, line 709]
Event: 0.680 Thread 0x00007faa54a4c000 Exception <a 'java/io/IOException'> (0x00000000ec1517d0) thrown at [/build/java8-openjdk/src/jdk8u-jdk8u45-b14/hotspot/src/share/vm/prims/jni.cpp, line 709]
Event: 0.681 Thread 0x00007faa54a4c000 Exception <a 'java/io/IOException'> (0x00000000ec1519e0) thrown at [/build/java8-openjdk/src/jdk8u-jdk8u45-b14/hotspot/src/share/vm/prims/jni.cpp, line 709]
Event: 0.681 Thread 0x00007faa54a4c000 Exception <a 'java/io/IOException'> (0x00000000ec151bf0) thrown at [/build/java8-openjdk/src/jdk8u-jdk8u45-b14/hotspot/src/share/vm/prims/jni.cpp, line 709]
Event: 0.681 Thread 0x00007faa54a4c000 Exception <a 'java/io/IOException'> (0x00000000ec151e00) thrown at [/build/java8-openjdk/src/jdk8u-jdk8u45-b14/hotspot/src/share/vm/prims/jni.cpp, line 709]
Event: 0.681 Thread 0x00007faa54a4c000 Exception <a 'java/io/IOException'> (0x00000000ec152010) thrown at [/build/java8-openjdk/src/jdk8u-jdk8u45-b14/hotspot/src/share/vm/prims/jni.cpp, line 709]
Event: 0.681 Thread 0x00007faa54a4c000 Exception <a 'java/io/IOException'> (0x00000000ec152220) thrown at [/build/java8-openjdk/src/jdk8u-jdk8u45-b14/hotspot/src/share/vm/prims/jni.cpp, line 709]
Event: 0.681 Thread 0x00007faa54a4c000 Exception <a 'java/io/IOException'> (0x00000000ec152430) thrown at [/build/java8-openjdk/src/jdk8u-jdk8u45-b14/hotspot/src/share/vm/prims/jni.cpp, line 709]
Event: 0.681 Thread 0x00007faa54a4c000 Exception <a 'java/io/IOException'> (0x00000000ec152640) thrown at [/build/java8-openjdk/src/jdk8u-jdk8u45-b14/hotspot/src/share/vm/prims/jni.cpp, line 709]
Event: 0.769 Thread 0x00007faa54008800 Exception <a 'java/lang/ArrayIndexOutOfBoundsException': 6> (0x00000000ec1935e8) thrown at [/build/java8-openjdk/src/jdk8u-jdk8u45-b14/hotspot/src/share/vm/interpreter/interpreterRuntime.cpp, line 366]

Events (10 events):
Event: 2.280 loading class utils/Inventory
Event: 2.280 loading class utils/Inventory done
Event: 2.447 loading class org/lwjgl/opengl/LinuxKeycodes
Event: 2.447 loading class org/lwjgl/opengl/LinuxKeycodes done
Event: 4.012 Thread 0x00007faa54008800 DEOPT PACKING pc=0x00007faa44f777a3 sp=0x00007faa5a7b76e0
Event: 4.012 Thread 0x00007faa54008800 DEOPT UNPACKING pc=0x00007faa44c32373 sp=0x00007faa5a7b7510 mode 0
Event: 4.089 Executing VM operation: EnableBiasedLocking
Event: 4.089 Executing VM operation: EnableBiasedLocking done
Event: 6.364 Executing VM operation: ParallelGCFailedAllocation
Event: 6.372 Executing VM operation: ParallelGCFailedAllocation done


Dynamic libraries:
00400000-00401000 r-xp 00000000 08:01 11156087                           /usr/lib/jvm/java-8-openjdk/jre/bin/java
00600000-00601000 rw-p 00000000 08:01 11156087                           /usr/lib/jvm/java-8-openjdk/jre/bin/java
00e88000-00ea9000 rw-p 00000000 00:00 0                                  [heap]
c4000000-c6800000 rw-p 00000000 00:00 0 
c6800000-ec000000 ---p 00000000 00:00 0 
ec000000-ee300000 rw-p 00000000 00:00 0 
ee300000-100000000 ---p 00000000 00:00 0 
100000000-100120000 rw-p 00000000 00:00 0 
100120000-140000000 ---p 00000000 00:00 0 
7fa9f0000000-7fa9f0021000 rw-p 00000000 00:00 0 
7fa9f0021000-7fa9f4000000 ---p 00000000 00:00 0 
7fa9f5f29000-7fa9f6029000 rw-s 00000000 00:05 201376                     /drm mm object (deleted)
7fa9f612a000-7fa9f612f000 r-xp 00000000 08:01 10226819                   /usr/lib/libnss_dns-2.21.so
7fa9f612f000-7fa9f632e000 ---p 00005000 08:01 10226819                   /usr/lib/libnss_dns-2.21.so
7fa9f632e000-7fa9f632f000 r--p 00004000 08:01 10226819                   /usr/lib/libnss_dns-2.21.so
7fa9f632f000-7fa9f6330000 rw-p 00005000 08:01 10226819                   /usr/lib/libnss_dns-2.21.so
7fa9f6330000-7fa9f6470000 rw-p 00000000 00:00 0 
7fa9f6470000-7fa9f6530000 ---p 00000000 00:00 0 
7fa9f6530000-7fa9f6546000 r-xp 00000000 08:01 11156057                   /usr/lib/jvm/java-8-openjdk/jre/lib/amd64/libnet.so
7fa9f6546000-7fa9f6746000 ---p 00016000 08:01 11156057                   /usr/lib/jvm/java-8-openjdk/jre/lib/amd64/libnet.so
7fa9f6746000-7fa9f6747000 rw-p 00016000 08:01 11156057                   /usr/lib/jvm/java-8-openjdk/jre/lib/amd64/libnet.so
7fa9f6747000-7fa9f6758000 r-xp 00000000 08:01 11156068                   /usr/lib/jvm/java-8-openjdk/jre/lib/amd64/libnio.so
7fa9f6758000-7fa9f6957000 ---p 00011000 08:01 11156068                   /usr/lib/jvm/java-8-openjdk/jre/lib/amd64/libnio.so
7fa9f6957000-7fa9f6958000 rw-p 00010000 08:01 11156068                   /usr/lib/jvm/java-8-openjdk/jre/lib/amd64/libnio.so
7fa9f6958000-7fa9f695b000 r-xp 00000000 08:01 16385621                   /home/michael/workspace/Slick2D-Project/lwjgl-2.9.3/native/linux/libjinput-linux64.so
7fa9f695b000-7fa9f6b5a000 ---p 00003000 08:01 16385621                   /home/michael/workspace/Slick2D-Project/lwjgl-2.9.3/native/linux/libjinput-linux64.so
7fa9f6b5a000-7fa9f6b5b000 r--p 00002000 08:01 16385621                   /home/michael/workspace/Slick2D-Project/lwjgl-2.9.3/native/linux/libjinput-linux64.so
7fa9f6b5b000-7fa9f6b5c000 rw-p 00003000 08:01 16385621                   /home/michael/workspace/Slick2D-Project/lwjgl-2.9.3/native/linux/libjinput-linux64.so
7fa9f6b5c000-7fa9f6b5f000 ---p 00000000 00:00 0 
7fa9f6b5f000-7fa9f7dfb000 rw-p 00000000 00:00 0                          [stack:11587]
7fa9f7dfb000-7fa9f7dff000 r-xp 00000000 08:01 10248003                   /usr/lib/libtxc_dxtn.so
7fa9f7dff000-7fa9f7ffe000 ---p 00004000 08:01 10248003                   /usr/lib/libtxc_dxtn.so
7fa9f7ffe000-7fa9f7fff000 r--p 00003000 08:01 10248003                   /usr/lib/libtxc_dxtn.so
7fa9f7fff000-7fa9f8000000 rw-p 00004000 08:01 10248003                   /usr/lib/libtxc_dxtn.so
7fa9f8000000-7fa9f8021000 rw-p 00000000 00:00 0 
7fa9f8021000-7fa9fc000000 ---p 00000000 00:00 0 
7fa9fc00b000-7fa9fc013000 r-xp 00000000 08:01 10247759                   /usr/lib/libpciaccess.so.0.11.1
7fa9fc013000-7fa9fc213000 ---p 00008000 08:01 10247759                   /usr/lib/libpciaccess.so.0.11.1
7fa9fc213000-7fa9fc214000 r--p 00008000 08:01 10247759                   /usr/lib/libpciaccess.so.0.11.1
7fa9fc214000-7fa9fc215000 rw-p 00009000 08:01 10247759                   /usr/lib/libpciaccess.so.0.11.1
7fa9fc215000-7fa9fc227000 r-xp 00000000 08:01 10234919                   /usr/lib/libgpg-error.so.0.15.0
7fa9fc227000-7fa9fc426000 ---p 00012000 08:01 10234919                   /usr/lib/libgpg-error.so.0.15.0
7fa9fc426000-7fa9fc427000 r--p 00011000 08:01 10234919                   /usr/lib/libgpg-error.so.0.15.0
7fa9fc427000-7fa9fc428000 rw-p 00012000 08:01 10234919                   /usr/lib/libgpg-error.so.0.15.0
7fa9fc428000-7fa9fc59a000 r-xp 00000000 08:01 10227159                   /usr/lib/libstdc++.so.6.0.21
7fa9fc59a000-7fa9fc79a000 ---p 00172000 08:01 10227159                   /usr/lib/libstdc++.so.6.0.21
7fa9fc79a000-7fa9fc7a4000 r--p 00172000 08:01 10227159                   /usr/lib/libstdc++.so.6.0.21
7fa9fc7a4000-7fa9fc7a6000 rw-p 0017c000 08:01 10227159                   /usr/lib/libstdc++.so.6.0.21
7fa9fc7a6000-7fa9fc7aa000 rw-p 00000000 00:00 0 
7fa9fc7aa000-7fa9fc7b5000 r-xp 00000000 08:01 10247779                   /usr/lib/libdrm_radeon.so.1.0.1
7fa9fc7b5000-7fa9fc9b4000 ---p 0000b000 08:01 10247779                   /usr/lib/libdrm_radeon.so.1.0.1
7fa9fc9b4000-7fa9fc9b5000 r--p 0000a000 08:01 10247779                   /usr/lib/libdrm_radeon.so.1.0.1
7fa9fc9b5000-7fa9fc9b6000 rw-p 0000b000 08:01 10247779                   /usr/lib/libdrm_radeon.so.1.0.1
7fa9fc9b6000-7fa9fc9bc000 r-xp 00000000 08:01 10247778                   /usr/lib/libdrm_nouveau.so.2.0.0
7fa9fc9bc000-7fa9fcbbb000 ---p 00006000 08:01 10247778                   /usr/lib/libdrm_nouveau.so.2.0.0
7fa9fcbbb000-7fa9fcbbc000 r--p 00005000 08:01 10247778                   /usr/lib/libdrm_nouveau.so.2.0.0
7fa9fcbbc000-7fa9fcbbd000 rw-p 00006000 08:01 10247778                   /usr/lib/libdrm_nouveau.so.2.0.0
7fa9fcbbd000-7fa9fcbde000 r-xp 00000000 08:01 10247777                   /usr/lib/libdrm_intel.so.1.0.0
7fa9fcbde000-7fa9fcddd000 ---p 00021000 08:01 10247777                   /usr/lib/libdrm_intel.so.1.0.0
7fa9fcddd000-7fa9fcdde000 r--p 00020000 08:01 10247777                   /usr/lib/libdrm_intel.so.1.0.0
7fa9fcdde000-7fa9fcddf000 rw-p 00021000 08:01 10247777                   /usr/lib/libdrm_intel.so.1.0.0
7fa9fcddf000-7fa9fceb6000 r-xp 00000000 08:01 10234950                   /usr/lib/libgcrypt.so.20.0.3
7fa9fceb6000-7fa9fd0b6000 ---p 000d7000 08:01 10234950                   /usr/lib/libgcrypt.so.20.0.3
7fa9fd0b6000-7fa9fd0b7000 r--p 000d7000 08:01 10234950                   /usr/lib/libgcrypt.so.20.0.3
7fa9fd0b7000-7fa9fd0c0000 rw-p 000d8000 08:01 10234950                   /usr/lib/libgcrypt.so.20.0.3
7fa9fd0c0000-7fa9fd652000 r-xp 00000000 08:01 10756932                   /usr/lib/xorg/modules/dri/i965_dri.so
7fa9fd652000-7fa9fd851000 ---p 00592000 08:01 10756932                   /usr/lib/xorg/modules/dri/i965_dri.so
7fa9fd851000-7fa9fd87c000 r--p 00591000 08:01 10756932                   /usr/lib/xorg/modules/dri/i965_dri.so
7fa9fd87c000-7fa9fd882000 rw-p 005bc000 08:01 10756932                   /usr/lib/xorg/modules/dri/i965_dri.so
7fa9fd882000-7fa9fd88a000 rw-p 00000000 00:00 0 
7fa9fd88a000-7fa9fd88e000 r-xp 00000000 08:01 10229889                   /usr/lib/libattr.so.1.1.0
7fa9fd88e000-7fa9fda8d000 ---p 00004000 08:01 10229889                   /usr/lib/libattr.so.1.1.0
7fa9fda8d000-7fa9fda8e000 r--p 00003000 08:01 10229889                   /usr/lib/libattr.so.1.1.0
7fa9fda8e000-7fa9fda8f000 rw-p 00004000 08:01 10229889                   /usr/lib/libattr.so.1.1.0
7fa9fda8f000-7fa9fda93000 r-xp 00000000 08:01 10230035                   /usr/lib/libcap.so.2.24
7fa9fda93000-7fa9fdc92000 ---p 00004000 08:01 10230035                   /usr/lib/libcap.so.2.24
7fa9fdc92000-7fa9fdc93000 rw-p 00003000 08:01 10230035                   /usr/lib/libcap.so.2.24
7fa9fdc93000-7fa9fdca7000 r-xp 00000000 08:01 10226773                   /usr/lib/libresolv-2.21.so
7fa9fdca7000-7fa9fdea6000 ---p 00014000 08:01 10226773                   /usr/lib/libresolv-2.21.so
7fa9fdea6000-7fa9fdea7000 r--p 00013000 08:01 10226773                   /usr/lib/libresolv-2.21.so
7fa9fdea7000-7fa9fdea8000 rw-p 00014000 08:01 10226773                   /usr/lib/libresolv-2.21.so
7fa9fdea8000-7fa9fdeaa000 rw-p 00000000 00:00 0 
7fa9fdeaa000-7fa9fdeb7000 r-xp 00000000 08:01 10247772                   /usr/lib/libdrm.so.2.4.0
7fa9fdeb7000-7fa9fe0b6000 ---p 0000d000 08:01 10247772                   /usr/lib/libdrm.so.2.4.0
7fa9fe0b6000-7fa9fe0b7000 r--p 0000c000 08:01 10247772                   /usr/lib/libdrm.so.2.4.0
7fa9fe0b7000-7fa9fe0b8000 rw-p 0000d000 08:01 10247772                   /usr/lib/libdrm.so.2.4.0
7fa9fe0b8000-7fa9fe0b9000 r-xp 00000000 08:01 10247936                   /usr/lib/libxshmfence.so.1.0.0
7fa9fe0b9000-7fa9fe2b9000 ---p 00001000 08:01 10247936                   /usr/lib/libxshmfence.so.1.0.0
7fa9fe2b9000-7fa9fe2ba000 r--p 00001000 08:01 10247936                   /usr/lib/libxshmfence.so.1.0.0
7fa9fe2ba000-7fa9fe2bb000 rw-p 00002000 08:01 10247936                   /usr/lib/libxshmfence.so.1.0.0
7fa9fe2bb000-7fa9fe2c0000 r-xp 00000000 08:01 10246497                   /usr/lib/libxcb-sync.so.1.0.0
7fa9fe2c0000-7fa9fe4c0000 ---p 00005000 08:01 10246497                   /usr/lib/libxcb-sync.so.1.0.0
7fa9fe4c0000-7fa9fe4c1000 r--p 00005000 08:01 10246497                   /usr/lib/libxcb-sync.so.1.0.0
7fa9fe4c1000-7fa9fe4c2000 rw-p 00006000 08:01 10246497                   /usr/lib/libxcb-sync.so.1.0.0
7fa9fe4c2000-7fa9fe4c5000 r-xp 00000000 08:01 10246466                   /usr/lib/libxcb-shape.so.0.0.0
7fa9fe4c5000-7fa9fe6c4000 ---p 00003000 08:01 10246466                   /usr/lib/libxcb-shape.so.0.0.0
7fa9fe6c4000-7fa9fe6c5000 r--p 00002000 08:01 10246466                   /usr/lib/libxcb-shape.so.0.0.0
7fa9fe6c5000-7fa9fe6c6000 rw-p 00003000 08:01 10246466                   /usr/lib/libxcb-shape.so.0.0.0
7fa9fe6c6000-7fa9fe6cf000 r-xp 00000000 08:01 10246451                   /usr/lib/libxcb-render.so.0.0.0
7fa9fe6cf000-7fa9fe8ce000 ---p 00009000 08:01 10246451                   /usr/lib/libxcb-render.so.0.0.0
7fa9fe8ce000-7fa9fe8cf000 r--p 00008000 08:01 10246451                   /usr/lib/libxcb-render.so.0.0.0
7fa9fe8cf000-7fa9fe8d0000 rw-p 00009000 08:01 10246451                   /usr/lib/libxcb-render.so.0.0.0
7fa9fe8d0000-7fa9fe8d6000 r-xp 00000000 08:01 10246448                   /usr/lib/libxcb-xfixes.so.0.0.0
7fa9fe8d6000-7fa9fead6000 ---p 00006000 08:01 10246448                   /usr/lib/libxcb-xfixes.so.0.0.0
7fa9fead6000-7fa9fead7000 r--p 00006000 08:01 10246448                   /usr/lib/libxcb-xfixes.so.0.0.0
7fa9fead7000-7fa9fead8000 rw-p 00007000 08:01 10246448                   /usr/lib/libxcb-xfixes.so.0.0.0
7fa9fead8000-7fa9feae5000 r-xp 00000000 08:01 10246505                   /usr/lib/libxcb-randr.so.0.1.0
7fa9feae5000-7fa9fece4000 ---p 0000d000 08:01 10246505                   /usr/lib/libxcb-randr.so.0.1.0
7fa9fece4000-7fa9fece5000 r--p 0000c000 08:01 10246505                   /usr/lib/libxcb-randr.so.0.1.0
7fa9fece5000-7fa9fece6000 rw-p 0000d000 08:01 10246505                   /usr/lib/libxcb-randr.so.0.1.0
7fa9fece6000-7fa9fece8000 r-xp 00000000 08:01 10246484                   /usr/lib/libxcb-present.so.0.0.0
7fa9fece8000-7fa9feee7000 ---p 00002000 08:01 10246484                   /usr/lib/libxcb-present.so.0.0.0
7fa9feee7000-7fa9feee8000 r--p 00001000 08:01 10246484                   /usr/lib/libxcb-present.so.0.0.0
7fa9feee8000-7fa9feee9000 rw-p 00002000 08:01 10246484                   /usr/lib/libxcb-present.so.0.0.0
7fa9feee9000-7fa9feeeb000 r-xp 00000000 08:01 10246456                   /usr/lib/libxcb-dri3.so.0.0.0
7fa9feeeb000-7fa9ff0ea000 ---p 00002000 08:01 10246456                   /usr/lib/libxcb-dri3.so.0.0.0
7fa9ff0ea000-7fa9ff0eb000 r--p 00001000 08:01 10246456                   /usr/lib/libxcb-dri3.so.0.0.0
7fa9ff0eb000-7fa9ff0ec000 rw-p 00002000 08:01 10246456                   /usr/lib/libxcb-dri3.so.0.0.0
7fa9ff0ec000-7fa9ff0f0000 r-xp 00000000 08:01 10246481                   /usr/lib/libxcb-dri2.so.0.0.0
7fa9ff0f0000-7fa9ff2ef000 ---p 00004000 08:01 10246481                   /usr/lib/libxcb-dri2.so.0.0.0
7fa9ff2ef000-7fa9ff2f0000 r--p 00003000 08:01 10246481                   /usr/lib/libxcb-dri2.so.0.0.0
7fa9ff2f0000-7fa9ff2f1000 rw-p 00004000 08:01 10246481                   /usr/lib/libxcb-dri2.so.0.0.0
7fa9ff2f1000-7fa9ff308000 r-xp 00000000 08:01 10246455                   /usr/lib/libxcb-glx.so.0.0.0
7fa9ff308000-7fa9ff508000 ---p 00017000 08:01 10246455                   /usr/lib/libxcb-glx.so.0.0.0
7fa9ff508000-7fa9ff50a000 r--p 00017000 08:01 10246455                   /usr/lib/libxcb-glx.so.0.0.0
7fa9ff50a000-7fa9ff50b000 rw-p 00019000 08:01 10246455                   /usr/lib/libxcb-glx.so.0.0.0
7fa9ff50b000-7fa9ff50c000 r-xp 00000000 08:01 10246551                   /usr/lib/libX11-xcb.so.1.0.0
7fa9ff50c000-7fa9ff70b000 ---p 00001000 08:01 10246551                   /usr/lib/libX11-xcb.so.1.0.0
7fa9ff70b000-7fa9ff70c000 r--p 00000000 08:01 10246551                   /usr/lib/libX11-xcb.so.1.0.0
7fa9ff70c000-7fa9ff70d000 rw-p 00001000 08:01 10246551                   /usr/lib/libX11-xcb.so.1.0.0
7fa9ff70d000-7fa9ff70f000 r-xp 00000000 08:01 10247932                   /usr/lib/libXdamage.so.1.1.0
7fa9ff70f000-7fa9ff90e000 ---p 00002000 08:01 10247932                   /usr/lib/libXdamage.so.1.1.0
7fa9ff90e000-7fa9ff90f000 r--p 00001000 08:01 10247932                   /usr/lib/libXdamage.so.1.1.0
7fa9ff90f000-7fa9ff910000 rw-p 00002000 08:01 10247932                   /usr/lib/libXdamage.so.1.1.0
7fa9ff910000-7fa9ff938000 r-xp 00000000 08:01 10248057                   /usr/lib/libglapi.so.0.0.0
7fa9ff938000-7fa9ffb38000 ---p 00028000 08:01 10248057                   /usr/lib/libglapi.so.0.0.0
7fa9ffb38000-7fa9ffb3c000 r--p 00028000 08:01 10248057                   /usr/lib/libglapi.so.0.0.0
7fa9ffb3c000-7fa9ffb3d000 rw-p 0002c000 08:01 10248057                   /usr/lib/libglapi.so.0.0.0
7fa9ffb3d000-7fa9ffb3e000 rw-p 00000000 00:00 0 
7fa9ffb3e000-7fa9ffb65000 r-xp 00000000 08:01 10233727                   /usr/lib/libexpat.so.1.6.0
7fa9ffb65000-7fa9ffd64000 ---p 00027000 08:01 10233727                   /usr/lib/libexpat.so.1.6.0
7fa9ffd64000-7fa9ffd67000 r--p 00026000 08:01 10233727                   /usr/lib/libexpat.so.1.6.0
7fa9ffd67000-7fa9ffd68000 rw-p 00029000 08:01 10233727                   /usr/lib/libexpat.so.1.6.0
7fa9ffd68000-7fa9ffdfc000 r-xp 00000000 08:01 10753234                   /usr/lib/mesa/libGL.so.1.2.0
7fa9ffdfc000-7fa9ffffb000 ---p 00094000 08:01 10753234                   /usr/lib/mesa/libGL.so.1.2.0
7fa9ffffb000-7fa9ffffe000 r--p 00093000 08:01 10753234                   /usr/lib/mesa/libGL.so.1.2.0
7fa9ffffe000-7fa9fffff000 rw-p 00096000 08:01 10753234                   /usr/lib/mesa/libGL.so.1.2.0
7fa9fffff000-7faa00000000 rw-p 00000000 00:00 0 
7faa00000000-7faa00021000 rw-p 00000000 00:00 0 
7faa00021000-7faa04000000 ---p 00000000 00:00 0 
7faa04000000-7faa04021000 rw-p 00000000 00:00 0 
7faa04021000-7faa08000000 ---p 00000000 00:00 0 
7faa08000000-7faa08021000 rw-p 00000000 00:00 0 
7faa08021000-7faa0c000000 ---p 00000000 00:00 0 
7faa0c000000-7faa0c021000 rw-p 00000000 00:00 0 
7faa0c021000-7faa10000000 ---p 00000000 00:00 0 
7faa10000000-7faa10415000 rw-p 00000000 00:00 0 
7faa10415000-7faa14000000 ---p 00000000 00:00 0 
7faa14000000-7faa1434b000 rw-p 00000000 00:00 0 
7faa1434b000-7faa18000000 ---p 00000000 00:00 0 
7faa18000000-7faa18021000 rw-p 00000000 00:00 0 
7faa18021000-7faa1c000000 ---p 00000000 00:00 0 
7faa1c000000-7faa1c3c9000 rw-p 00000000 00:00 0 
7faa1c3c9000-7faa20000000 ---p 00000000 00:00 0 
7faa20000000-7faa20021000 rw-p 00000000 00:00 0 
7faa20021000-7faa24000000 ---p 00000000 00:00 0 
7faa24000000-7faa24021000 rw-p 00000000 00:00 0 
7faa24021000-7faa28000000 ---p 00000000 00:00 0 
7faa28000000-7faa28021000 rw-p 00000000 00:00 0 
7faa28021000-7faa2c000000 ---p 00000000 00:00 0 
7faa2c000000-7faa2c021000 rw-p 00000000 00:00 0 
7faa2c021000-7faa30000000 ---p 00000000 00:00 0 
7faa30000000-7faa30021000 rw-p 00000000 00:00 0 
7faa30021000-7faa34000000 ---p 00000000 00:00 0 
7faa340b0000-7faa34124000 rw-p 00000000 00:00 0 
7faa3416b000-7faa3417b000 rw-s 102d13000 00:06 10922                     /dev/dri/card0
7faa3417b000-7faa341bb000 rw-s 00000000 00:05 206850                     /drm mm object (deleted)
7faa341bb000-7faa341d9000 r-xp 00000000 08:01 10247526                   /usr/lib/libudev.so.1.6.4
7faa341d9000-7faa341da000 r--p 0001d000 08:01 10247526                   /usr/lib/libudev.so.1.6.4
7faa341da000-7faa341db000 rw-p 0001e000 08:01 10247526                   /usr/lib/libudev.so.1.6.4
7faa341df000-7faa341ef000 rw-s 102d03000 00:06 10922                     /dev/dri/card0
7faa341ef000-7faa341f7000 rw-s 00000000 00:05 206849                     /drm mm object (deleted)
7faa341f7000-7faa341ff000 rw-s 00000000 00:05 201375                     /drm mm object (deleted)
7faa341ff000-7faa3421b000 r--s 00393000 08:01 11146710                   /usr/lib/jvm/java-8-openjdk/jre/lib/ext/cldrdata.jar
7faa3421b000-7faa34220000 r-xp 00000000 08:01 10247921                   /usr/lib/libXxf86vm.so.1.0.0
7faa34220000-7faa3441f000 ---p 00005000 08:01 10247921                   /usr/lib/libXxf86vm.so.1.0.0
7faa3441f000-7faa34420000 r--p 00004000 08:01 10247921                   /usr/lib/libXxf86vm.so.1.0.0
7faa34420000-7faa34421000 rw-p 00005000 08:01 10247921                   /usr/lib/libXxf86vm.so.1.0.0
7faa34421000-7faa3442b000 r-xp 00000000 08:01 10248858                   /usr/lib/libXrandr.so.2.2.0
7faa3442b000-7faa3462a000 ---p 0000a000 08:01 10248858                   /usr/lib/libXrandr.so.2.2.0
7faa3462a000-7faa3462b000 r--p 00009000 08:01 10248858                   /usr/lib/libXrandr.so.2.2.0
7faa3462b000-7faa3462c000 rw-p 0000a000 08:01 10248858                   /usr/lib/libXrandr.so.2.2.0
7faa3462c000-7faa34698000 r-xp 00000000 08:01 16385623                   /home/michael/workspace/Slick2D-Project/lwjgl-2.9.3/native/linux/liblwjgl64.so
7faa34698000-7faa34897000 ---p 0006c000 08:01 16385623                   /home/michael/workspace/Slick2D-Project/lwjgl-2.9.3/native/linux/liblwjgl64.so
7faa34897000-7faa34899000 r--p 0006b000 08:01 16385623                   /home/michael/workspace/Slick2D-Project/lwjgl-2.9.3/native/linux/liblwjgl64.so
7faa34899000-7faa3489a000 rw-p 0006d000 08:01 16385623                   /home/michael/workspace/Slick2D-Project/lwjgl-2.9.3/native/linux/liblwjgl64.so
7faa3489a000-7faa3489b000 r-xp 00000000 08:01 11156074                   /usr/lib/jvm/java-8-openjdk/jre/lib/amd64/libjawt.so
7faa3489b000-7faa34a9a000 ---p 00001000 08:01 11156074                   /usr/lib/jvm/java-8-openjdk/jre/lib/amd64/libjawt.so
7faa34a9a000-7faa34a9b000 rw-p 00000000 08:01 11156074                   /usr/lib/jvm/java-8-openjdk/jre/lib/amd64/libjawt.so
7faa34a9b000-7faa34a9e000 ---p 00000000 00:00 0 
7faa34a9e000-7faa34b9c000 rw-p 00000000 00:00 0                          [stack:11582]
7faa34b9c000-7faa34ba1000 r-xp 00000000 08:01 10247926                   /usr/lib/libXfixes.so.3.1.0
7faa34ba1000-7faa34da0000 ---p 00005000 08:01 10247926                   /usr/lib/libXfixes.so.3.1.0
7faa34da0000-7faa34da1000 r--p 00004000 08:01 10247926                   /usr/lib/libXfixes.so.3.1.0
7faa34da1000-7faa34da2000 rw-p 00005000 08:01 10247926                   /usr/lib/libXfixes.so.3.1.0
7faa34da2000-7faa34dac000 r-xp 00000000 08:01 10248828                   /usr/lib/libXcursor.so.1.0.2
7faa34dac000-7faa34fab000 ---p 0000a000 08:01 10248828                   /usr/lib/libXcursor.so.1.0.2
7faa34fab000-7faa34fac000 r--p 00009000 08:01 10248828                   /usr/lib/libXcursor.so.1.0.2
7faa34fac000-7faa34fad000 rw-p 0000a000 08:01 10248828                   /usr/lib/libXcursor.so.1.0.2
7faa34fad000-7faa34fb0000 ---p 00000000 00:00 0 
7faa34fb0000-7faa350ae000 rw-p 00000000 00:00 0                          [stack:11581]
7faa350ae000-7faa3511c000 r-xp 00000000 08:01 10233756                   /usr/lib/libpcre.so.1.2.5
7faa3511c000-7faa3531c000 ---p 0006e000 08:01 10233756                   /usr/lib/libpcre.so.1.2.5
7faa3531c000-7faa3531d000 r--p 0006e000 08:01 10233756                   /usr/lib/libpcre.so.1.2.5
7faa3531d000-7faa3531e000 rw-p 0006f000 08:01 10233756                   /usr/lib/libpcre.so.1.2.5
7faa3531e000-7faa3533a000 r-xp 00000000 08:01 10247519                   /usr/lib/libgraphite2.so.3.0.1
7faa3533a000-7faa35539000 ---p 0001c000 08:01 10247519                   /usr/lib/libgraphite2.so.3.0.1
7faa35539000-7faa3553b000 r--p 0001b000 08:01 10247519                   /usr/lib/libgraphite2.so.3.0.1
7faa3553b000-7faa3553c000 rw-p 0001d000 08:01 10247519                   /usr/lib/libgraphite2.so.3.0.1
7faa3553c000-7faa35648000 r-xp 00000000 08:01 10233950                   /usr/lib/libglib-2.0.so.0.4400.1
7faa35648000-7faa35847000 ---p 0010c000 08:01 10233950                   /usr/lib/libglib-2.0.so.0.4400.1
7faa35847000-7faa35848000 r--p 0010b000 08:01 10233950                   /usr/lib/libglib-2.0.so.0.4400.1
7faa35848000-7faa35849000 rw-p 0010c000 08:01 10233950                   /usr/lib/libglib-2.0.so.0.4400.1
7faa35849000-7faa3584a000 rw-p 00000000 00:00 0 
7faa3584a000-7faa358a4000 r-xp 00000000 08:01 10233470                   /usr/lib/libharfbuzz.so.0.941.0
7faa358a4000-7faa35aa4000 ---p 0005a000 08:01 10233470                   /usr/lib/libharfbuzz.so.0.941.0
7faa35aa4000-7faa35aa5000 r--p 0005a000 08:01 10233470                   /usr/lib/libharfbuzz.so.0.941.0
7faa35aa5000-7faa35aa6000 rw-p 0005b000 08:01 10233470                   /usr/lib/libharfbuzz.so.0.941.0
7faa35aa6000-7faa35adb000 r-xp 00000000 08:01 10244029                   /usr/lib/libpng16.so.16.16.0
7faa35adb000-7faa35cda000 ---p 00035000 08:01 10244029                   /usr/lib/libpng16.so.16.16.0
7faa35cda000-7faa35cdb000 r--p 00034000 08:01 10244029                   /usr/lib/libpng16.so.16.16.0
7faa35cdb000-7faa35cdc000 rw-p 00035000 08:01 10244029                   /usr/lib/libpng16.so.16.16.0
7faa35cdc000-7faa35ceb000 r-xp 00000000 08:01 10229879                   /usr/lib/libbz2.so.1.0.6
7faa35ceb000-7faa35eea000 ---p 0000f000 08:01 10229879                   /usr/lib/libbz2.so.1.0.6
7faa35eea000-7faa35eec000 rw-p 0000e000 08:01 10229879                   /usr/lib/libbz2.so.1.0.6
7faa35eec000-7faa35f02000 r-xp 00000000 08:01 10227124                   /usr/lib/libgcc_s.so.1
7faa35f02000-7faa36101000 ---p 00016000 08:01 10227124                   /usr/lib/libgcc_s.so.1
7faa36101000-7faa36102000 rw-p 00015000 08:01 10227124                   /usr/lib/libgcc_s.so.1
7faa36102000-7faa361b7000 r-xp 00000000 08:01 10233478                   /usr/lib/libfreetype.so.6.12.0
7faa361b7000-7faa363b6000 ---p 000b5000 08:01 10233478                   /usr/lib/libfreetype.so.6.12.0
7faa363b6000-7faa363bc000 r--p 000b4000 08:01 10233478                   /usr/lib/libfreetype.so.6.12.0
7faa363bc000-7faa363bd000 rw-p 000ba000 08:01 10233478                   /usr/lib/libfreetype.so.6.12.0
7faa363bd000-7faa3641e000 r-xp 00000000 08:01 11156072                   /usr/lib/jvm/java-8-openjdk/jre/lib/amd64/libfontmanager.so
7faa3641e000-7faa3661e000 ---p 00061000 08:01 11156072                   /usr/lib/jvm/java-8-openjdk/jre/lib/amd64/libfontmanager.so
7faa3661e000-7faa36622000 rw-p 00061000 08:01 11156072                   /usr/lib/jvm/java-8-openjdk/jre/lib/amd64/libfontmanager.so
7faa36622000-7faa36635000 rw-p 00000000 00:00 0 
7faa36635000-7faa3663a000 r-xp 00000000 08:01 10244175                   /usr/lib/libXdmcp.so.6.0.0
7faa3663a000-7faa36839000 ---p 00005000 08:01 10244175                   /usr/lib/libXdmcp.so.6.0.0
7faa36839000-7faa3683a000 r--p 00004000 08:01 10244175                   /usr/lib/libXdmcp.so.6.0.0
7faa3683a000-7faa3683b000 rw-p 00005000 08:01 10244175                   /usr/lib/libXdmcp.so.6.0.0
7faa3683b000-7faa3683d000 r-xp 00000000 08:01 10244179                   /usr/lib/libXau.so.6.0.0
7faa3683d000-7faa36a3d000 ---p 00002000 08:01 10244179                   /usr/lib/libXau.so.6.0.0
7faa36a3d000-7faa36a3e000 r--p 00002000 08:01 10244179                   /usr/lib/libXau.so.6.0.0
7faa36a3e000-7faa36a3f000 rw-p 00003000 08:01 10244179                   /usr/lib/libXau.so.6.0.0
7faa36a3f000-7faa36a60000 r-xp 00000000 08:01 10246469                   /usr/lib/libxcb.so.1.1.0
7faa36a60000-7faa36c5f000 ---p 00021000 08:01 10246469                   /usr/lib/libxcb.so.1.1.0
7faa36c5f000-7faa36c60000 r--p 00020000 08:01 10246469                   /usr/lib/libxcb.so.1.1.0
7faa36c60000-7faa36c61000 rw-p 00021000 08:01 10246469                   /usr/lib/libxcb.so.1.1.0
7faa36c61000-7faa36c70000 r-xp 00000000 08:01 10248936                   /usr/lib/libXi.so.6.1.0
7faa36c70000-7faa36e70000 ---p 0000f000 08:01 10248936                   /usr/lib/libXi.so.6.1.0
7faa36e70000-7faa36e71000 r--p 0000f000 08:01 10248936                   /usr/lib/libXi.so.6.1.0
7faa36e71000-7faa36e72000 rw-p 00010000 08:01 10248936                   /usr/lib/libXi.so.6.1.0
7faa36e72000-7faa36e77000 r-xp 00000000 08:01 10249137                   /usr/lib/libXtst.so.6.1.0
7faa36e77000-7faa37076000 ---p 00005000 08:01 10249137                   /usr/lib/libXtst.so.6.1.0
7faa37076000-7faa37077000 r--p 00004000 08:01 10249137                   /usr/lib/libXtst.so.6.1.0
7faa37077000-7faa37078000 rw-p 00005000 08:01 10249137                   /usr/lib/libXtst.so.6.1.0
7faa37078000-7faa37081000 r-xp 00000000 08:01 10247450                   /usr/lib/libXrender.so.1.3.0
7faa37081000-7faa37280000 ---p 00009000 08:01 10247450                   /usr/lib/libXrender.so.1.3.0
7faa37280000-7faa37281000 r--p 00008000 08:01 10247450                   /usr/lib/libXrender.so.1.3.0
7faa37281000-7faa37282000 rw-p 00009000 08:01 10247450                   /usr/lib/libXrender.so.1.3.0
7faa37282000-7faa373bd000 r-xp 00000000 08:01 10246550                   /usr/lib/libX11.so.6.3.0
7faa373bd000-7faa375bc000 ---p 0013b000 08:01 10246550                   /usr/lib/libX11.so.6.3.0
7faa375bc000-7faa375be000 r--p 0013a000 08:01 10246550                   /usr/lib/libX11.so.6.3.0
7faa375be000-7faa375c3000 rw-p 0013c000 08:01 10246550                   /usr/lib/libX11.so.6.3.0
7faa375c3000-7faa375c4000 rw-p 00000000 00:00 0 
7faa375c4000-7faa375d5000 r-xp 00000000 08:01 10247516                   /usr/lib/libXext.so.6.4.0
7faa375d5000-7faa377d4000 ---p 00011000 08:01 10247516                   /usr/lib/libXext.so.6.4.0
7faa377d4000-7faa377d5000 r--p 00010000 08:01 10247516                   /usr/lib/libXext.so.6.4.0
7faa377d5000-7faa377d6000 rw-p 00011000 08:01 10247516                   /usr/lib/libXext.so.6.4.0
7faa377d6000-7faa37829000 r-xp 00000000 08:01 11156073                   /usr/lib/jvm/java-8-openjdk/jre/lib/amd64/libawt_xawt.so
7faa37829000-7faa37a28000 ---p 00053000 08:01 11156073                   /usr/lib/jvm/java-8-openjdk/jre/lib/amd64/libawt_xawt.so
7faa37a28000-7faa37a2c000 rw-p 00052000 08:01 11156073                   /usr/lib/jvm/java-8-openjdk/jre/lib/amd64/libawt_xawt.so
7faa37a2c000-7faa37a2d000 rw-p 00000000 00:00 0 
7faa37a2d000-7faa37acd000 r-xp 00000000 08:01 11156067                   /usr/lib/jvm/java-8-openjdk/jre/lib/amd64/libawt.so
7faa37acd000-7faa37ccd000 ---p 000a0000 08:01 11156067                   /usr/lib/jvm/java-8-openjdk/jre/lib/amd64/libawt.so
7faa37ccd000-7faa37cd9000 rw-p 000a0000 08:01 11156067                   /usr/lib/jvm/java-8-openjdk/jre/lib/amd64/libawt.so
7faa37cd9000-7faa37cfd000 rw-p 00000000 00:00 0 
7faa37cfd000-7faa37cfe000 ---p 00000000 00:00 0 
7faa37cfe000-7faa37dfe000 rw-p 00000000 00:00 0                          [stack:11580]
7faa37dfe000-7faa37e01000 ---p 00000000 00:00 0 
7faa37e01000-7faa37eff000 rw-p 00000000 00:00 0                          [stack:11579]
7faa37eff000-7faa37f02000 ---p 00000000 00:00 0 
7faa37f02000-7faa38000000 rw-p 00000000 00:00 0                          [stack:11578]
7faa38000000-7faa38021000 rw-p 00000000 00:00 0 
7faa38021000-7faa3c000000 ---p 00000000 00:00 0 
7faa3c004000-7faa3c00f000 r--s 00116000 08:01 11146709                   /usr/lib/jvm/java-8-openjdk/jre/lib/ext/localedata.jar
7faa3c00f000-7faa3c012000 ---p 00000000 00:00 0 
7faa3c012000-7faa3c048000 rw-p 00000000 00:00 0                          [stack:11584]
7faa3c048000-7faa3c05b000 r--s 00345000 08:01 11146687                   /usr/lib/jvm/java-8-openjdk/jre/lib/resources.jar
7faa3c05b000-7faa3c069000 r--s 000f2000 08:01 16385036                   /home/michael/workspace/Slick2D-Project/Slick/lib/lwjgl.jar
7faa3c069000-7faa3c074000 r--s 00099000 08:01 16385043                   /home/michael/workspace/Slick2D-Project/Slick/lib/slick.jar
7faa3c074000-7faa3c077000 ---p 00000000 00:00 0 
7faa3c077000-7faa3c175000 rw-p 00000000 00:00 0                          [stack:11577]
7faa3c175000-7faa3c178000 ---p 00000000 00:00 0 
7faa3c178000-7faa3c276000 rw-p 00000000 00:00 0                          [stack:11576]
7faa3c276000-7faa3c279000 ---p 00000000 00:00 0 
7faa3c279000-7faa3c377000 rw-p 00000000 00:00 0                          [stack:11575]
7faa3c377000-7faa3c500000 r--p 00000000 08:01 10243821                   /usr/lib/locale/locale-archive
7faa3c500000-7faa3c503000 ---p 00000000 00:00 0 
7faa3c503000-7faa3c601000 rw-p 00000000 00:00 0                          [stack:11574]
7faa3c601000-7faa3c604000 ---p 00000000 00:00 0 
7faa3c604000-7faa3c702000 rw-p 00000000 00:00 0                          [stack:11573]
7faa3c702000-7faa3c703000 ---p 00000000 00:00 0 
7faa3c703000-7faa3d653000 rw-p 00000000 00:00 0                          [stack:11572]
7faa3d653000-7faa3d820000 r--s 03bd3000 08:01 11146689                   /usr/lib/jvm/java-8-openjdk/jre/lib/rt.jar
7faa3d820000-7faa40000000 rw-p 00000000 00:00 0 
7faa40000000-7faa40021000 rw-p 00000000 00:00 0 
7faa40021000-7faa44000000 ---p 00000000 00:00 0 
7faa44000000-7faa44005000 r--s 00094000 08:01 11146692                   /usr/lib/jvm/java-8-openjdk/jre/lib/jsse.jar
7faa44005000-7faa44106000 rw-p 00000000 00:00 0 
7faa44106000-7faa44107000 ---p 00000000 00:00 0 
7faa44107000-7faa44207000 rw-p 00000000 00:00 0                          [stack:11571]
7faa44207000-7faa44208000 ---p 00000000 00:00 0 
7faa44208000-7faa44308000 rw-p 00000000 00:00 0                          [stack:11570]
7faa44308000-7faa44309000 ---p 00000000 00:00 0 
7faa44309000-7faa44409000 rw-p 00000000 00:00 0                          [stack:11569]
7faa44409000-7faa4440a000 ---p 00000000 00:00 0 
7faa4440a000-7faa4451e000 rw-p 00000000 00:00 0                          [stack:11568]
7faa4451e000-7faa4464a000 ---p 00000000 00:00 0 
7faa4464a000-7faa4465e000 rw-p 00000000 00:00 0 
7faa4465e000-7faa4478a000 ---p 00000000 00:00 0 
7faa4478a000-7faa4479c000 rw-p 00000000 00:00 0 
7faa4479c000-7faa4482a000 ---p 00000000 00:00 0 
7faa4482a000-7faa4483b000 rw-p 00000000 00:00 0 
7faa4483b000-7faa44beb000 ---p 00000000 00:00 0 
7faa44beb000-7faa44fdb000 rwxp 00000000 00:00 0 
7faa44fdb000-7faa53beb000 ---p 00000000 00:00 0 
7faa53beb000-7faa53bf3000 r-xp 00000000 08:01 11156054                   /usr/lib/jvm/java-8-openjdk/jre/lib/amd64/libzip.so
7faa53bf3000-7faa53df2000 ---p 00008000 08:01 11156054                   /usr/lib/jvm/java-8-openjdk/jre/lib/amd64/libzip.so
7faa53df2000-7faa53df3000 rw-p 00007000 08:01 11156054                   /usr/lib/jvm/java-8-openjdk/jre/lib/amd64/libzip.so
7faa53df3000-7faa53dfe000 r-xp 00000000 08:01 10226777                   /usr/lib/libnss_files-2.21.so
7faa53dfe000-7faa53ffe000 ---p 0000b000 08:01 10226777                   /usr/lib/libnss_files-2.21.so
7faa53ffe000-7faa53fff000 r--p 0000b000 08:01 10226777                   /usr/lib/libnss_files-2.21.so
7faa53fff000-7faa54000000 rw-p 0000c000 08:01 10226777                   /usr/lib/libnss_files-2.21.so
7faa54000000-7faa54c65000 rw-p 00000000 00:00 0 
7faa54c65000-7faa58000000 ---p 00000000 00:00 0 
7faa58001000-7faa58002000 rw-p 00000000 00:00 0 
7faa58002000-7faa5800a000 rw-s 00000000 00:05 201371                     /drm mm object (deleted)
7faa5800a000-7faa580e3000 rw-p 00000000 00:00 0 
7faa580e3000-7faa58110000 r-xp 00000000 08:01 11156055                   /usr/lib/jvm/java-8-openjdk/jre/lib/amd64/libjava.so
7faa58110000-7faa58310000 ---p 0002d000 08:01 11156055                   /usr/lib/jvm/java-8-openjdk/jre/lib/amd64/libjava.so
7faa58310000-7faa58312000 rw-p 0002d000 08:01 11156055                   /usr/lib/jvm/java-8-openjdk/jre/lib/amd64/libjava.so
7faa58312000-7faa5831f000 r-xp 00000000 08:01 11156046                   /usr/lib/jvm/java-8-openjdk/jre/lib/amd64/libverify.so
7faa5831f000-7faa5851e000 ---p 0000d000 08:01 11156046                   /usr/lib/jvm/java-8-openjdk/jre/lib/amd64/libverify.so
7faa5851e000-7faa58520000 rw-p 0000c000 08:01 11156046                   /usr/lib/jvm/java-8-openjdk/jre/lib/amd64/libverify.so
7faa58520000-7faa58527000 r-xp 00000000 08:01 10226809                   /usr/lib/librt-2.21.so
7faa58527000-7faa58726000 ---p 00007000 08:01 10226809                   /usr/lib/librt-2.21.so
7faa58726000-7faa58727000 r--p 00006000 08:01 10226809                   /usr/lib/librt-2.21.so
7faa58727000-7faa58728000 rw-p 00007000 08:01 10226809                   /usr/lib/librt-2.21.so
7faa58728000-7faa5882b000 r-xp 00000000 08:01 10226836                   /usr/lib/libm-2.21.so
7faa5882b000-7faa58a2a000 ---p 00103000 08:01 10226836                   /usr/lib/libm-2.21.so
7faa58a2a000-7faa58a2b000 r--p 00102000 08:01 10226836                   /usr/lib/libm-2.21.so
7faa58a2b000-7faa58a2c000 rw-p 00103000 08:01 10226836                   /usr/lib/libm-2.21.so
7faa58a2c000-7faa596cd000 r-xp 00000000 08:01 11156078                   /usr/lib/jvm/java-8-openjdk/jre/lib/amd64/server/libjvm.so
7faa596cd000-7faa598cc000 ---p 00ca1000 08:01 11156078                   /usr/lib/jvm/java-8-openjdk/jre/lib/amd64/server/libjvm.so
7faa598cc000-7faa59998000 rw-p 00ca0000 08:01 11156078                   /usr/lib/jvm/java-8-openjdk/jre/lib/amd64/server/libjvm.so
7faa59998000-7faa599da000 rw-p 00000000 00:00 0 
7faa599da000-7faa59b73000 r-xp 00000000 08:01 10226788                   /usr/lib/libc-2.21.so
7faa59b73000-7faa59d72000 ---p 00199000 08:01 10226788                   /usr/lib/libc-2.21.so
7faa59d72000-7faa59d76000 r--p 00198000 08:01 10226788                   /usr/lib/libc-2.21.so
7faa59d76000-7faa59d78000 rw-p 0019c000 08:01 10226788                   /usr/lib/libc-2.21.so
7faa59d78000-7faa59d7c000 rw-p 00000000 00:00 0 
7faa59d7c000-7faa59d7f000 r-xp 00000000 08:01 10226818                   /usr/lib/libdl-2.21.so
7faa59d7f000-7faa59f7e000 ---p 00003000 08:01 10226818                   /usr/lib/libdl-2.21.so
7faa59f7e000-7faa59f7f000 r--p 00002000 08:01 10226818                   /usr/lib/libdl-2.21.so
7faa59f7f000-7faa59f80000 rw-p 00003000 08:01 10226818                   /usr/lib/libdl-2.21.so
7faa59f80000-7faa59f8d000 r-xp 00000000 08:01 11156075                   /usr/lib/jvm/java-8-openjdk/jre/lib/amd64/jli/libjli.so
7faa59f8d000-7faa5a18d000 ---p 0000d000 08:01 11156075                   /usr/lib/jvm/java-8-openjdk/jre/lib/amd64/jli/libjli.so
7faa5a18d000-7faa5a18e000 rw-p 0000d000 08:01 11156075                   /usr/lib/jvm/java-8-openjdk/jre/lib/amd64/jli/libjli.so
7faa5a18e000-7faa5a1a3000 r-xp 00000000 08:01 10230040                   /usr/lib/libz.so.1.2.8
7faa5a1a3000-7faa5a3a2000 ---p 00015000 08:01 10230040                   /usr/lib/libz.so.1.2.8
7faa5a3a2000-7faa5a3a3000 r--p 00014000 08:01 10230040                   /usr/lib/libz.so.1.2.8
7faa5a3a3000-7faa5a3a4000 rw-p 00015000 08:01 10230040                   /usr/lib/libz.so.1.2.8
7faa5a3a4000-7faa5a3bc000 r-xp 00000000 08:01 10226808                   /usr/lib/libpthread-2.21.so
7faa5a3bc000-7faa5a5bb000 ---p 00018000 08:01 10226808                   /usr/lib/libpthread-2.21.so
7faa5a5bb000-7faa5a5bc000 r--p 00017000 08:01 10226808                   /usr/lib/libpthread-2.21.so
7faa5a5bc000-7faa5a5bd000 rw-p 00018000 08:01 10226808                   /usr/lib/libpthread-2.21.so
7faa5a5bd000-7faa5a5c1000 rw-p 00000000 00:00 0 
7faa5a5c1000-7faa5a5e3000 r-xp 00000000 08:01 10226832                   /usr/lib/ld-2.21.so
7faa5a5e3000-7faa5a5e4000 rwxp 00000000 00:00 0 
7faa5a5e4000-7faa5a5e8000 r--s 00027000 08:01 16385037                   /home/michael/workspace/Slick2D-Project/Slick/lib/lwjgl_util.jar
7faa5a5e8000-7faa5a6b8000 rw-p 00000000 00:00 0 
7faa5a6b8000-7faa5a6bb000 ---p 00000000 00:00 0 
7faa5a6bb000-7faa5a7bd000 rw-p 00000000 00:00 0                          [stack:11567]
7faa5a7bd000-7faa5a7be000 rw-s 00000000 00:05 201372                     /drm mm object (deleted)
7faa5a7be000-7faa5a7bf000 rw-s 1028e2000 00:06 10922                     /dev/dri/card0
7faa5a7bf000-7faa5a7c4000 r--s 00030000 08:01 16385032                   /home/michael/workspace/Slick2D-Project/Slick/lib/jinput.jar
7faa5a7c4000-7faa5a7d7000 rw-p 00000000 00:00 0 
7faa5a7d7000-7faa5a7df000 rw-s 00000000 00:1f 204781                     /tmp/hsperfdata_michael/11562
7faa5a7df000-7faa5a7e0000 rw-p 00000000 00:00 0 
7faa5a7e0000-7faa5a7e1000 r--p 00000000 00:00 0 
7faa5a7e1000-7faa5a7e2000 rw-p 00000000 00:00 0 
7faa5a7e2000-7faa5a7e3000 r--p 00021000 08:01 10226832                   /usr/lib/ld-2.21.so
7faa5a7e3000-7faa5a7e4000 rw-p 00022000 08:01 10226832                   /usr/lib/ld-2.21.so
7faa5a7e4000-7faa5a7e5000 rw-p 00000000 00:00 0 
7fffde53a000-7fffde55b000 rw-p 00000000 00:00 0                          [stack]
7fffde59a000-7fffde59c000 r--p 00000000 00:00 0                          [vvar]
7fffde59c000-7fffde59e000 r-xp 00000000 00:00 0                          [vdso]
ffffffffff600000-ffffffffff601000 r-xp 00000000 00:00 0                  [vsyscall]

VM Arguments:
jvm_args: -Djava.library.path=/home/michael/workspace/Slick2D-Project/lwjgl-2.9.3/native/linux -Dfile.encoding=UTF-8 
java_command: driver.Driver
java_class_path (initial): /home/michael/workspace/Slick2D-Project/bin:/home/michael/workspace/Slick2D-Project/Slick/lib/slick.jar:/home/michael/workspace/Slick2D-Project/Slick/lib/jinput.jar:/home/michael/workspace/Slick2D-Project/Slick/lib/lwjgl_util.jar:/home/michael/workspace/Slick2D-Project/Slick/lib/lwjgl.jar
Launcher Type: SUN_STANDARD

Environment Variables:
PATH=/usr/local/sbin:/usr/local/bin:/usr/bin:/usr/lib/jvm/default/bin:/usr/bin/site_perl:/usr/bin/vendor_perl:/usr/bin/core_perl
SHELL=/usr/bin/zsh
DISPLAY=:0

Signal Handlers:
SIGSEGV: [libjvm.so+0xa90890], sa_mask[0]=11111111011111111101111111111110, sa_flags=SA_RESTART|SA_SIGINFO
SIGBUS: [libjvm.so+0xa90890], sa_mask[0]=11111111011111111101111111111110, sa_flags=SA_RESTART|SA_SIGINFO
SIGFPE: [libjvm.so+0x8dac20], sa_mask[0]=11111111011111111101111111111110, sa_flags=SA_RESTART|SA_SIGINFO
SIGPIPE: [libjvm.so+0x8dac20], sa_mask[0]=11111111011111111101111111111110, sa_flags=SA_RESTART|SA_SIGINFO
SIGXFSZ: [libjvm.so+0x8dac20], sa_mask[0]=11111111011111111101111111111110, sa_flags=SA_RESTART|SA_SIGINFO
SIGILL: [libjvm.so+0x8dac20], sa_mask[0]=11111111011111111101111111111110, sa_flags=SA_RESTART|SA_SIGINFO
SIGUSR1: SIG_DFL, sa_mask[0]=00000000000000000000000000000000, sa_flags=none
SIGUSR2: [libjvm.so+0x8daad0], sa_mask[0]=00100000000000000000000000000000, sa_flags=SA_RESTART|SA_SIGINFO
SIGHUP: [libjvm.so+0x8dacf0], sa_mask[0]=11111111011111111101111111111110, sa_flags=SA_RESTART|SA_SIGINFO
SIGINT: SIG_IGN, sa_mask[0]=00000000000000000000000000000000, sa_flags=none
SIGTERM: [libjvm.so+0x8dacf0], sa_mask[0]=11111111011111111101111111111110, sa_flags=SA_RESTART|SA_SIGINFO
SIGQUIT: [libjvm.so+0x8dacf0], sa_mask[0]=11111111011111111101111111111110, sa_flags=SA_RESTART|SA_SIGINFO


---------------  S Y S T E M  ---------------

OS:NAME="Arch Linux"
ID=arch
PRETTY_NAME="Arch Linux"
ANSI_COLOR="0;36"
HOME_URL="https://www.archlinux.org/"
SUPPORT_URL="https://bbs.archlinux.org/"
BUG_REPORT_URL="https://bugs.archlinux.org/"


uname:Linux 4.0.7-2-ARCH #1 SMP PREEMPT Tue Jun 30 07:50:21 UTC 2015 x86_64
libc:glibc 2.21 NPTL 2.21 
rlimit: STACK 8192k, CORE 0k, NPROC 15337, NOFILE 4096, AS infinity
load average:0.19 0.18 0.24

/proc/meminfo:
MemTotal:        3931796 kB
MemFree:          505740 kB
MemAvailable:    1243308 kB
Buffers:           74240 kB
Cached:          1214708 kB
SwapCached:            0 kB
Active:          2271432 kB
Inactive:         908876 kB
Active(anon):    1920588 kB
Inactive(anon):   420276 kB
Active(file):     350844 kB
Inactive(file):   488600 kB
Unevictable:           0 kB
Mlocked:               0 kB
SwapTotal:             0 kB
SwapFree:              0 kB
Dirty:               280 kB
Writeback:             0 kB
AnonPages:       1891388 kB
Mapped:           643968 kB
Shmem:            449508 kB
Slab:             158408 kB
SReclaimable:     134120 kB
SUnreclaim:        24288 kB
KernelStack:        5616 kB
PageTables:        23468 kB
NFS_Unstable:          0 kB
Bounce:                0 kB
WritebackTmp:          0 kB
CommitLimit:     1965896 kB
Committed_AS:    4565396 kB
VmallocTotal:   34359738367 kB
VmallocUsed:      367736 kB
VmallocChunk:   34359363016 kB
HardwareCorrupted:     0 kB
AnonHugePages:    669696 kB
HugePages_Total:       0
HugePages_Free:        0
HugePages_Rsvd:        0
HugePages_Surp:        0
Hugepagesize:       2048 kB
DirectMap4k:      104064 kB
DirectMap2M:     3971072 kB


CPU:total 4 (2 cores per cpu, 2 threads per core) family 6 model 42 stepping 7, cmov, cx8, fxsr, mmx, sse, sse2, sse3, ssse3, sse4.1, sse4.2, popcnt, avx, aes, clmul, ht, tsc, tscinvbit

/proc/cpuinfo:
processor	: 0
vendor_id	: GenuineIntel
cpu family	: 6
model		: 42
model name	: Intel(R) Core(TM) i5-2520M CPU @ 2.50GHz
stepping	: 7
microcode	: 0x25
cpu MHz		: 891.015
cache size	: 3072 KB
physical id	: 0
siblings	: 4
core id		: 0
cpu cores	: 2
apicid		: 0
initial apicid	: 0
fpu		: yes
fpu_exception	: yes
cpuid level	: 13
wp		: yes
flags		: fpu vme de pse tsc msr pae mce cx8 apic sep mtrr pge mca cmov pat pse36 clflush dts acpi mmx fxsr sse sse2 ss ht tm pbe syscall nx rdtscp lm constant_tsc arch_perfmon pebs bts nopl xtopology nonstop_tsc aperfmperf eagerfpu pni pclmulqdq dtes64 monitor ds_cpl vmx smx est tm2 ssse3 cx16 xtpr pdcm pcid sse4_1 sse4_2 x2apic popcnt tsc_deadline_timer aes xsave avx lahf_lm ida arat epb pln pts dtherm tpr_shadow vnmi flexpriority ept vpid xsaveopt
bugs		:
bogomips	: 4985.48
clflush size	: 64
cache_alignment	: 64
address sizes	: 36 bits physical, 48 bits virtual
power management:

processor	: 1
vendor_id	: GenuineIntel
cpu family	: 6
model		: 42
model name	: Intel(R) Core(TM) i5-2520M CPU @ 2.50GHz
stepping	: 7
microcode	: 0x25
cpu MHz		: 1312.500
cache size	: 3072 KB
physical id	: 0
siblings	: 4
core id		: 0
cpu cores	: 2
apicid		: 1
initial apicid	: 1
fpu		: yes
fpu_exception	: yes
cpuid level	: 13
wp		: yes
flags		: fpu vme de pse tsc msr pae mce cx8 apic sep mtrr pge mca cmov pat pse36 clflush dts acpi mmx fxsr sse sse2 ss ht tm pbe syscall nx rdtscp lm constant_tsc arch_perfmon pebs bts nopl xtopology nonstop_tsc aperfmperf eagerfpu pni pclmulqdq dtes64 monitor ds_cpl vmx smx est tm2 ssse3 cx16 xtpr pdcm pcid sse4_1 sse4_2 x2apic popcnt tsc_deadline_timer aes xsave avx lahf_lm ida arat epb pln pts dtherm tpr_shadow vnmi flexpriority ept vpid xsaveopt
bugs		:
bogomips	: 4985.48
clflush size	: 64
cache_alignment	: 64
address sizes	: 36 bits physical, 48 bits virtual
power management:

processor	: 2
vendor_id	: GenuineIntel
cpu family	: 6
model		: 42
model name	: Intel(R) Core(TM) i5-2520M CPU @ 2.50GHz
stepping	: 7
microcode	: 0x25
cpu MHz		: 1187.500
cache size	: 3072 KB
physical id	: 0
siblings	: 4
core id		: 1
cpu cores	: 2
apicid		: 2
initial apicid	: 2
fpu		: yes
fpu_exception	: yes
cpuid level	: 13
wp		: yes
flags		: fpu vme de pse tsc msr pae mce cx8 apic sep mtrr pge mca cmov pat pse36 clflush dts acpi mmx fxsr sse sse2 ss ht tm pbe syscall nx rdtscp lm constant_tsc arch_perfmon pebs bts nopl xtopology nonstop_tsc aperfmperf eagerfpu pni pclmulqdq dtes64 monitor ds_cpl vmx smx est tm2 ssse3 cx16 xtpr pdcm pcid sse4_1 sse4_2 x2apic popcnt tsc_deadline_timer aes xsave avx lahf_lm ida arat epb pln pts dtherm tpr_shadow vnmi flexpriority ept vpid xsaveopt
bugs		:
bogomips	: 4985.48
clflush size	: 64
cache_alignment	: 64
address sizes	: 36 bits physical, 48 bits virtual
power management:

processor	: 3
vendor_id	: GenuineIntel
cpu family	: 6
model		: 42
model name	: Intel(R) Core(TM) i5-2520M CPU @ 2.50GHz
stepping	: 7
microcode	: 0x25
cpu MHz		: 1177.734
cache size	: 3072 KB
physical id	: 0
siblings	: 4
core id		: 1
cpu cores	: 2
apicid		: 3
initial apicid	: 3
fpu		: yes
fpu_exception	: yes
cpuid level	: 13
wp		: yes
flags		: fpu vme de pse tsc msr pae mce cx8 apic sep mtrr pge mca cmov pat pse36 clflush dts acpi mmx fxsr sse sse2 ss ht tm pbe syscall nx rdtscp lm constant_tsc arch_perfmon pebs bts nopl xtopology nonstop_tsc aperfmperf eagerfpu pni pclmulqdq dtes64 monitor ds_cpl vmx smx est tm2 ssse3 cx16 xtpr pdcm pcid sse4_1 sse4_2 x2apic popcnt tsc_deadline_timer aes xsave avx lahf_lm ida arat epb pln pts dtherm tpr_shadow vnmi flexpriority ept vpid xsaveopt
bugs		:
bogomips	: 4985.48
clflush size	: 64
cache_alignment	: 64
address sizes	: 36 bits physical, 48 bits virtual
power management:



Memory: 4k page, physical 3931796k(505740k free), swap 0k(0k free)

vm_info: OpenJDK 64-Bit Server VM (25.45-b02) for linux-amd64 JRE (1.8.0_45-b14), built on Apr 20 2015 17:04:34 by "builduser" with gcc 4.9.2 20150304 (prerelease)

time: Wed Jul 15 15:20:16 2015
elapsed time: 6 seconds (0d 0h 0m 6s)

