#
# A fatal error has been detected by the Java Runtime Environment:
#
#  SIGSEGV (0xb) at pc=0x00007f053fbd29cc, pid=7841, tid=139662088038144
#
# JRE version: OpenJDK Runtime Environment (8.0_45-b14) (build 1.8.0_45-b14)
# Java VM: OpenJDK 64-Bit Server VM (25.45-b02 mixed mode linux-amd64 compressed oops)
# Problematic frame:
# C  [i965_dri.so+0x39c9cc]
#
# Failed to write core dump. Core dumps have been disabled. To enable core dumping, try "ulimit -c unlimited" before starting Java again
#
# If you would like to submit a bug report, please visit:
#   http://bugreport.java.com/bugreport/crash.jsp
# The crash happened outside the Java Virtual Machine in native code.
# See problematic frame for where to report the bug.
#

---------------  T H R E A D  ---------------

Current thread (0x00007f0594008800):  JavaThread "main" [_thread_in_native, id=7847, stack(0x00007f059d156000,0x00007f059d257000)]

siginfo: si_signo: 11 (SIGSEGV), si_code: 1 (SEGV_MAPERR), si_addr: 0x0000000000000208

Registers:
RAX=0x0000000000000000, RBX=0x00007f0594276ba0, RCX=0x0000000000000001, RDX=0x0000000000000006
RSP=0x00007f059d255610, RBP=0x00007f05946fb428, RSI=0x00007f059448f3b0, RDI=0x00007f05946fb428
R8 =0x0000000000000001, R9 =0x0000000000000010, R10=0x000000000000000b, R11=0x000000005f991000
R12=0x0000000000000001, R13=0x00007f059448f3b0, R14=0x00007f059448f770, R15=0x00007f0594276c60
RIP=0x00007f053fbd29cc, EFLAGS=0x0000000000010202, CSGSFS=0x0000000000000033, ERR=0x0000000000000004
  TRAPNO=0x000000000000000e

Top of Stack: (sp=0x00007f059d255610)
0x00007f059d255610:   0000000000000000 0000000094277cb0
0x00007f059d255620:   00007f059448f798 00007f05946fcd60
0x00007f059d255630:   0000000200000002 00007f053f979338
0x00007f059d255640:   0000000000000001 0000000000000000
0x00007f059d255650:   00007f05946fb428 0000000000004000
0x00007f059d255660:   0000000000000000 00007f053fc255ab
0x00007f059d255670:   00007f05998d7308 0000000100000000
0x00007f059d255680:   00007f05946fb428 6a931df451212500
0x00007f059d255690:   0000000000000000 00007f05946fb428
0x00007f059d2556a0:   0000000000000002 0000000000000000
0x00007f059d2556b0:   00007f059448f3b0 0000000000000002
0x00007f059d2556c0:   00007f0594276c60 00007f053fb5e0cc
0x00007f059d2556d0:   00ffffff946fb42c 00007f0594425bf0
0x00007f059d2556e0:   00007f059d255718 00007f0599942e98
0x00007f059d2556f0:   00007f059d255780 0000000000000000
0x00007f059d255700:   00007f0599942e98 00007f059d2557b0
0x00007f059d255710:   00007f0594008800 00007f05850156d4
0x00007f059d255720:   00007f059d255720 00007f05996cf210
0x00007f059d255730:   00007f059d255838 00007f05853b0074
0x00007f059d255740:   00007f059d255740 0000000000000000
0x00007f059d255750:   00007f059d2557b0 00007f059995fc28
0x00007f059d255760:   0000000000000000 00007f0599942e98
0x00007f059d255770:   0000000000000000 00007f059d2557a0
0x00007f059d255780:   00007f059d2557f8 00007f058500798d
0x00007f059d255790:   00000000ecfc10b0 00007f058500f2b8
0x00007f059d2557a0:   00007f057650b280 00007f057650b280
0x00007f059d2557b0:   0000000000004100 00007f059d2557b8
0x00007f059d2557c0:   00007f0599942dd7 00007f059d255820
0x00007f059d2557d0:   00007f059995fc28 0000000000000000
0x00007f059d2557e0:   00007f0599942e10 00007f059d2557a0
0x00007f059d2557f0:   00007f059d255820 00007f059d255868
0x00007f059d255800:   00007f058500798d 00007f057650b280 

Instructions: (pc=0x00007f053fbd29cc)
0x00007f053fbd29ac:   44 24 24 89 44 24 20 0f 84 9f 02 00 00 48 8b 83
0x00007f053fbd29bc:   88 00 00 00 8b 95 c8 3f 02 00 41 bc 01 00 00 00
0x00007f053fbd29cc:   8b 88 08 02 00 00 85 c9 74 0a 45 31 e4 83 fa 06
0x00007f053fbd29dc:   41 0f 9e c4 80 7c 24 33 00 8b 70 14 ba 01 00 00 

Register to memory mapping:

RAX=0x0000000000000000 is an unknown value
RBX=0x00007f0594276ba0 is an unknown value
RCX=0x0000000000000001 is an unknown value
RDX=0x0000000000000006 is an unknown value
RSP=0x00007f059d255610 is pointing into the stack for thread: 0x00007f0594008800
RBP=0x00007f05946fb428 is an unknown value
RSI=0x00007f059448f3b0 is an unknown value
RDI=0x00007f05946fb428 is an unknown value
R8 =0x0000000000000001 is an unknown value
R9 =0x0000000000000010 is an unknown value
R10=0x000000000000000b is an unknown value
R11=0x000000005f991000 is an unknown value
R12=0x0000000000000001 is an unknown value
R13=0x00007f059448f3b0 is an unknown value
R14=0x00007f059448f770 is an unknown value
R15=0x00007f0594276c60 is an unknown value


Stack: [0x00007f059d156000,0x00007f059d257000],  sp=0x00007f059d255610,  free space=1021k
Native frames: (J=compiled Java code, j=interpreted, Vv=VM code, C=native code)
C  [i965_dri.so+0x39c9cc]

Java frames: (J=compiled Java code, j=interpreted, Vv=VM code)
j  org.lwjgl.opengl.GL11.nglClear(IJ)V+0
j  org.lwjgl.opengl.GL11.glClear(I)V+15
j  org.newdawn.slick.opengl.renderer.ImmediateModeOGLRenderer.glClear(I)V+1
j  org.newdawn.slick.GameContainer.updateAndRender(I)V+259
j  org.newdawn.slick.AppGameContainer.gameLoop()V+33
j  org.newdawn.slick.AppGameContainer.start()V+17
j  driver.Driver.main([Ljava/lang/String;)V+82
v  ~StubRoutines::call_stub

---------------  P R O C E S S  ---------------

Java Threads: ( => current thread )
  0x00007f05949dc000 JavaThread "Thread-1" daemon [_thread_blocked, id=7867, stack(0x00007f053d5be000,0x00007f053d6bf000)]
  0x00007f059422e800 JavaThread "process reaper" daemon [_thread_blocked, id=7864, stack(0x00007f059804b000,0x00007f0598084000)]
  0x00007f0594224800 JavaThread "AWT-XAWT" daemon [_thread_in_native, id=7862, stack(0x00007f057746f000,0x00007f0577570000)]
  0x00007f0594203800 JavaThread "Java2D Disposer" daemon [_thread_blocked, id=7861, stack(0x00007f0577981000,0x00007f0577a82000)]
  0x00007f05940c8000 JavaThread "Service Thread" daemon [_thread_blocked, id=7859, stack(0x00007f058466f000,0x00007f0584770000)]
  0x00007f05940bb000 JavaThread "C1 CompilerThread2" daemon [_thread_blocked, id=7858, stack(0x00007f0584770000,0x00007f0584871000)]
  0x00007f05940b9000 JavaThread "C2 CompilerThread1" daemon [_thread_blocked, id=7857, stack(0x00007f0584871000,0x00007f0584972000)]
  0x00007f05940b6800 JavaThread "C2 CompilerThread0" daemon [_thread_blocked, id=7856, stack(0x00007f0584972000,0x00007f0584a73000)]
  0x00007f05940b5000 JavaThread "Signal Dispatcher" daemon [_thread_blocked, id=7855, stack(0x00007f0584a73000,0x00007f0584b74000)]
  0x00007f059407d000 JavaThread "Finalizer" daemon [_thread_blocked, id=7854, stack(0x00007f0584cfd000,0x00007f0584dfe000)]
  0x00007f059407b000 JavaThread "Reference Handler" daemon [_thread_blocked, id=7853, stack(0x00007f0584dfe000,0x00007f0584eff000)]
=>0x00007f0594008800 JavaThread "main" [_thread_in_native, id=7847, stack(0x00007f059d156000,0x00007f059d257000)]

Other Threads:
  0x00007f0594076000 VMThread [stack: 0x00007f0584eff000,0x00007f0585000000] [id=7852]
  0x00007f05940ca800 WatcherThread [stack: 0x00007f058456e000,0x00007f058466f000] [id=7860]

VM state:not at safepoint (normal execution)

VM Mutex/Monitor currently owned by a thread: None

Heap:
 PSYoungGen      total 17920K, used 2148K [0x00000000ec000000, 0x00000000ee300000, 0x0000000100000000)
  eden space 15360K, 2% used [0x00000000ec000000,0x00000000ec05a978,0x00000000ecf00000)
  from space 2560K, 69% used [0x00000000ecf00000,0x00000000ed0be9b0,0x00000000ed180000)
  to   space 2560K, 0% used [0x00000000ee080000,0x00000000ee080000,0x00000000ee300000)
 ParOldGen       total 40960K, used 7692K [0x00000000c4000000, 0x00000000c6800000, 0x00000000ec000000)
  object space 40960K, 18% used [0x00000000c4000000,0x00000000c47830d8,0x00000000c6800000)
 Metaspace       used 10443K, capacity 10669K, committed 10880K, reserved 1058816K
  class space    used 1027K, capacity 1093K, committed 1152K, reserved 1048576K

Card table byte_map: [0x00007f059a1cb000,0x00007f059a3ac000] byte_map_base: 0x00007f0599bab000

Marking Bits: (ParMarkBitMap*) 0x00007f059c44a680
 Begin Bits: [0x00007f057e200000, 0x00007f057f100000)
 End Bits:   [0x00007f057f100000, 0x00007f0580000000)

Polling page: 0x00007f059d27e000

CodeCache: size=245760Kb used=4315Kb max_used=4315Kb free=241444Kb
 bounds [0x00007f0585000000, 0x00007f0585440000, 0x00007f0594000000]
 total_blobs=1728 nmethods=1139 adapters=504
 compilation: enabled

Compilation events (10 events):
Event: 6.430 Thread 0x00007f05940bb000 1136   !   3       java.lang.ref.Finalizer::remove (94 bytes)
Event: 6.430 Thread 0x00007f05940bb000 nmethod 1136 0x00007f058542de10 code [0x00007f058542dfa0, 0x00007f058542e470]
Event: 6.430 Thread 0x00007f05940bb000 1137       3       java.lang.System$2::invokeFinalize (5 bytes)
Event: 6.430 Thread 0x00007f05940bb000 nmethod 1137 0x00007f058542e5d0 code [0x00007f058542e740, 0x00007f058542e968]
Event: 6.471 Thread 0x00007f05940bb000 1139   !   3       java.lang.Integer::decode (244 bytes)
Event: 6.474 Thread 0x00007f05940bb000 nmethod 1139 0x00007f058542ea10 code [0x00007f058542ed80, 0x00007f0585430948]
Event: 6.474 Thread 0x00007f05940bb000 1138       3       utils.Camera::translate (213 bytes)
Event: 6.478 Thread 0x00007f05940bb000 nmethod 1138 0x00007f0585431690 code [0x00007f0585431a40, 0x00007f05854339f8]
Event: 6.478 Thread 0x00007f05940bb000 1140       3       utils.PauseMenu::draw (204 bytes)
Event: 6.482 Thread 0x00007f05940bb000 nmethod 1140 0x00007f0585434d10 code [0x00007f0585435300, 0x00007f0585437c28]

GC Heap History (6 events):
Event: 0.667 GC heap before
{Heap before GC invocations=1 (full 0):
 PSYoungGen      total 17920K, used 15360K [0x00000000ec000000, 0x00000000ed400000, 0x0000000100000000)
  eden space 15360K, 100% used [0x00000000ec000000,0x00000000ecf00000,0x00000000ecf00000)
  from space 2560K, 0% used [0x00000000ed180000,0x00000000ed180000,0x00000000ed400000)
  to   space 2560K, 0% used [0x00000000ecf00000,0x00000000ecf00000,0x00000000ed180000)
 ParOldGen       total 40960K, used 0K [0x00000000c4000000, 0x00000000c6800000, 0x00000000ec000000)
  object space 40960K, 0% used [0x00000000c4000000,0x00000000c4000000,0x00000000c6800000)
 Metaspace       used 9964K, capacity 10125K, committed 10368K, reserved 1058816K
  class space    used 997K, capacity 1061K, committed 1152K, reserved 1048576K
Event: 0.672 GC heap after
Heap after GC invocations=1 (full 0):
 PSYoungGen      total 17920K, used 2538K [0x00000000ec000000, 0x00000000ed400000, 0x0000000100000000)
  eden space 15360K, 0% used [0x00000000ec000000,0x00000000ec000000,0x00000000ecf00000)
  from space 2560K, 99% used [0x00000000ecf00000,0x00000000ed17a9b0,0x00000000ed180000)
  to   space 2560K, 0% used [0x00000000ed180000,0x00000000ed180000,0x00000000ed400000)
 ParOldGen       total 40960K, used 4604K [0x00000000c4000000, 0x00000000c6800000, 0x00000000ec000000)
  object space 40960K, 11% used [0x00000000c4000000,0x00000000c447f0a8,0x00000000c6800000)
 Metaspace       used 9964K, capacity 10125K, committed 10368K, reserved 1058816K
  class space    used 997K, capacity 1061K, committed 1152K, reserved 1048576K
}
Event: 0.747 GC heap before
{Heap before GC invocations=2 (full 0):
 PSYoungGen      total 17920K, used 17898K [0x00000000ec000000, 0x00000000ed400000, 0x0000000100000000)
  eden space 15360K, 100% used [0x00000000ec000000,0x00000000ecf00000,0x00000000ecf00000)
  from space 2560K, 99% used [0x00000000ecf00000,0x00000000ed17a9b0,0x00000000ed180000)
  to   space 2560K, 0% used [0x00000000ed180000,0x00000000ed180000,0x00000000ed400000)
 ParOldGen       total 40960K, used 4604K [0x00000000c4000000, 0x00000000c6800000, 0x00000000ec000000)
  object space 40960K, 11% used [0x00000000c4000000,0x00000000c447f0a8,0x00000000c6800000)
 Metaspace       used 9993K, capacity 10189K, committed 10368K, reserved 1058816K
  class space    used 997K, capacity 1061K, committed 1152K, reserved 1048576K
Event: 0.750 GC heap after
Heap after GC invocations=2 (full 0):
 PSYoungGen      total 17920K, used 2474K [0x00000000ec000000, 0x00000000ee300000, 0x0000000100000000)
  eden space 15360K, 0% used [0x00000000ec000000,0x00000000ec000000,0x00000000ecf00000)
  from space 2560K, 96% used [0x00000000ed180000,0x00000000ed3ea9d0,0x00000000ed400000)
  to   space 2560K, 0% used [0x00000000ecf00000,0x00000000ecf00000,0x00000000ed180000)
 ParOldGen       total 40960K, used 7684K [0x00000000c4000000, 0x00000000c6800000, 0x00000000ec000000)
  object space 40960K, 18% used [0x00000000c4000000,0x00000000c47810d8,0x00000000c6800000)
 Metaspace       used 9993K, capacity 10189K, committed 10368K, reserved 1058816K
  class space    used 997K, capacity 1061K, committed 1152K, reserved 1048576K
}
Event: 6.422 GC heap before
{Heap before GC invocations=3 (full 0):
 PSYoungGen      total 17920K, used 17834K [0x00000000ec000000, 0x00000000ee300000, 0x0000000100000000)
  eden space 15360K, 100% used [0x00000000ec000000,0x00000000ecf00000,0x00000000ecf00000)
  from space 2560K, 96% used [0x00000000ed180000,0x00000000ed3ea9d0,0x00000000ed400000)
  to   space 2560K, 0% used [0x00000000ecf00000,0x00000000ecf00000,0x00000000ed180000)
 ParOldGen       total 40960K, used 7684K [0x00000000c4000000, 0x00000000c6800000, 0x00000000ec000000)
  object space 40960K, 18% used [0x00000000c4000000,0x00000000c47810d8,0x00000000c6800000)
 Metaspace       used 10437K, capacity 10669K, committed 10880K, reserved 1058816K
  class space    used 1027K, capacity 1093K, committed 1152K, reserved 1048576K
Event: 6.427 GC heap after
Heap after GC invocations=3 (full 0):
 PSYoungGen      total 17920K, used 1786K [0x00000000ec000000, 0x00000000ee300000, 0x0000000100000000)
  eden space 15360K, 0% used [0x00000000ec000000,0x00000000ec000000,0x00000000ecf00000)
  from space 2560K, 69% used [0x00000000ecf00000,0x00000000ed0be9b0,0x00000000ed180000)
  to   space 2560K, 0% used [0x00000000ee080000,0x00000000ee080000,0x00000000ee300000)
 ParOldGen       total 40960K, used 7692K [0x00000000c4000000, 0x00000000c6800000, 0x00000000ec000000)
  object space 40960K, 18% used [0x00000000c4000000,0x00000000c47830d8,0x00000000c6800000)
 Metaspace       used 10437K, capacity 10669K, committed 10880K, reserved 1058816K
  class space    used 1027K, capacity 1093K, committed 1152K, reserved 1048576K
}

Deoptimization events (10 events):
Event: 0.164 Thread 0x00007f0594008800 Uncommon trap: reason=unstable_if action=reinterpret pc=0x00007f0585150ec4 method=java.lang.String.indexOf(II)I @ 49
Event: 0.253 Thread 0x00007f0594008800 Uncommon trap: reason=unstable_if action=reinterpret pc=0x00007f05851acb94 method=java.lang.String.replace(CC)Ljava/lang/String; @ 26
Event: 0.537 Thread 0x00007f0594008800 Uncommon trap: reason=unstable_if action=reinterpret pc=0x00007f05851bbf14 method=java.lang.String.indexOf([CII[CIII)I @ 3
Event: 0.635 Thread 0x00007f0594008800 Uncommon trap: reason=unstable_if action=reinterpret pc=0x00007f05852b5274 method=sun.java2d.loops.GraphicsPrimitiveMgr.locate(Lsun/java2d/loops/GraphicsPrimitiveMgr$PrimitiveSpec;)Lsun/java2d/loops/GraphicsPrimitive; @ 85
Event: 1.912 Thread 0x00007f0594008800 Uncommon trap: reason=unstable_if action=reinterpret pc=0x00007f05853614b8 method=org.newdawn.slick.geom.NeatTriangulator.addEdge(III)V @ 22
Event: 2.857 Thread 0x00007f0594008800 Uncommon trap: reason=class_check action=maybe_recompile pc=0x00007f0585360608 method=org.newdawn.slick.geom.Shape.checkPoints()V @ 8
Event: 2.858 Thread 0x00007f0594008800 Uncommon trap: reason=unstable_if action=reinterpret pc=0x00007f0585368714 method=org.newdawn.slick.geom.Shape.calculateTriangles()V @ 117
Event: 2.887 Thread 0x00007f0594008800 Uncommon trap: reason=class_check action=maybe_recompile pc=0x00007f0585360608 method=org.newdawn.slick.geom.Shape.checkPoints()V @ 8
Event: 2.921 Thread 0x00007f0594008800 Uncommon trap: reason=class_check action=maybe_recompile pc=0x00007f0585360608 method=org.newdawn.slick.geom.Shape.checkPoints()V @ 8
Event: 2.954 Thread 0x00007f0594008800 Uncommon trap: reason=class_check action=maybe_recompile pc=0x00007f0585360608 method=org.newdawn.slick.geom.Shape.checkPoints()V @ 8

Internal exceptions (10 events):
Event: 0.676 Thread 0x00007f05949dc000 Exception <a 'java/io/IOException'> (0x00000000ec0bdfd0) thrown at [/build/java8-openjdk/src/jdk8u-jdk8u45-b14/hotspot/src/share/vm/prims/jni.cpp, line 709]
Event: 0.676 Thread 0x00007f05949dc000 Exception <a 'java/io/IOException'> (0x00000000ec0be1e0) thrown at [/build/java8-openjdk/src/jdk8u-jdk8u45-b14/hotspot/src/share/vm/prims/jni.cpp, line 709]
Event: 0.676 Thread 0x00007f05949dc000 Exception <a 'java/io/IOException'> (0x00000000ec0be3f0) thrown at [/build/java8-openjdk/src/jdk8u-jdk8u45-b14/hotspot/src/share/vm/prims/jni.cpp, line 709]
Event: 0.676 Thread 0x00007f05949dc000 Exception <a 'java/io/IOException'> (0x00000000ec0be600) thrown at [/build/java8-openjdk/src/jdk8u-jdk8u45-b14/hotspot/src/share/vm/prims/jni.cpp, line 709]
Event: 0.676 Thread 0x00007f05949dc000 Exception <a 'java/io/IOException'> (0x00000000ec0be810) thrown at [/build/java8-openjdk/src/jdk8u-jdk8u45-b14/hotspot/src/share/vm/prims/jni.cpp, line 709]
Event: 0.676 Thread 0x00007f05949dc000 Exception <a 'java/io/IOException'> (0x00000000ec0bea20) thrown at [/build/java8-openjdk/src/jdk8u-jdk8u45-b14/hotspot/src/share/vm/prims/jni.cpp, line 709]
Event: 0.676 Thread 0x00007f05949dc000 Exception <a 'java/io/IOException'> (0x00000000ec0bec30) thrown at [/build/java8-openjdk/src/jdk8u-jdk8u45-b14/hotspot/src/share/vm/prims/jni.cpp, line 709]
Event: 0.676 Thread 0x00007f05949dc000 Exception <a 'java/io/IOException'> (0x00000000ec0bee40) thrown at [/build/java8-openjdk/src/jdk8u-jdk8u45-b14/hotspot/src/share/vm/prims/jni.cpp, line 709]
Event: 0.676 Thread 0x00007f05949dc000 Exception <a 'java/io/IOException'> (0x00000000ec0bf050) thrown at [/build/java8-openjdk/src/jdk8u-jdk8u45-b14/hotspot/src/share/vm/prims/jni.cpp, line 709]
Event: 0.758 Thread 0x00007f0594008800 Exception <a 'java/lang/ArrayIndexOutOfBoundsException': 6> (0x00000000ec1939c0) thrown at [/build/java8-openjdk/src/jdk8u-jdk8u45-b14/hotspot/src/share/vm/interpreter/interpreterRuntime.cpp, line 366]

Events (10 events):
Event: 2.954 Thread 0x00007f0594008800 DEOPT PACKING pc=0x00007f0585360608 sp=0x00007f059d255650
Event: 2.954 Thread 0x00007f0594008800 DEOPT UNPACKING pc=0x00007f0585004f69 sp=0x00007f059d255620 mode 2
Event: 3.570 Thread 0x00007f0594008800 DEOPT PACKING pc=0x00007f05853a6a93 sp=0x00007f059d2556e0
Event: 3.570 Thread 0x00007f0594008800 DEOPT UNPACKING pc=0x00007f0585047373 sp=0x00007f059d255510 mode 0
Event: 4.074 Executing VM operation: EnableBiasedLocking
Event: 4.074 Executing VM operation: EnableBiasedLocking done
Event: 4.355 loading class org/lwjgl/input/Cursor
Event: 4.355 loading class org/lwjgl/input/Cursor done
Event: 6.421 Executing VM operation: ParallelGCFailedAllocation
Event: 6.427 Executing VM operation: ParallelGCFailedAllocation done


Dynamic libraries:
00400000-00401000 r-xp 00000000 08:01 11156087                           /usr/lib/jvm/java-8-openjdk/jre/bin/java
00600000-00601000 rw-p 00000000 08:01 11156087                           /usr/lib/jvm/java-8-openjdk/jre/bin/java
022e2000-02303000 rw-p 00000000 00:00 0                                  [heap]
c4000000-c6800000 rw-p 00000000 00:00 0 
c6800000-ec000000 ---p 00000000 00:00 0 
ec000000-ee300000 rw-p 00000000 00:00 0 
ee300000-100000000 ---p 00000000 00:00 0 
100000000-100120000 rw-p 00000000 00:00 0 
100120000-140000000 ---p 00000000 00:00 0 
7f0534000000-7f0534021000 rw-p 00000000 00:00 0 
7f0534021000-7f0538000000 ---p 00000000 00:00 0 
7f0538000000-7f0538021000 rw-p 00000000 00:00 0 
7f0538021000-7f053c000000 ---p 00000000 00:00 0 
7f053c98b000-7f053ca8b000 rw-s 00000000 00:05 129352                     /drm mm object (deleted)
7f053cb8c000-7f053cb91000 r-xp 00000000 08:01 10226819                   /usr/lib/libnss_dns-2.21.so
7f053cb91000-7f053cd90000 ---p 00005000 08:01 10226819                   /usr/lib/libnss_dns-2.21.so
7f053cd90000-7f053cd91000 r--p 00004000 08:01 10226819                   /usr/lib/libnss_dns-2.21.so
7f053cd91000-7f053cd92000 rw-p 00005000 08:01 10226819                   /usr/lib/libnss_dns-2.21.so
7f053cd92000-7f053cf12000 rw-p 00000000 00:00 0 
7f053cf12000-7f053cf92000 ---p 00000000 00:00 0 
7f053cf92000-7f053cfa8000 r-xp 00000000 08:01 11156057                   /usr/lib/jvm/java-8-openjdk/jre/lib/amd64/libnet.so
7f053cfa8000-7f053d1a8000 ---p 00016000 08:01 11156057                   /usr/lib/jvm/java-8-openjdk/jre/lib/amd64/libnet.so
7f053d1a8000-7f053d1a9000 rw-p 00016000 08:01 11156057                   /usr/lib/jvm/java-8-openjdk/jre/lib/amd64/libnet.so
7f053d1a9000-7f053d1ba000 r-xp 00000000 08:01 11156068                   /usr/lib/jvm/java-8-openjdk/jre/lib/amd64/libnio.so
7f053d1ba000-7f053d3b9000 ---p 00011000 08:01 11156068                   /usr/lib/jvm/java-8-openjdk/jre/lib/amd64/libnio.so
7f053d3b9000-7f053d3ba000 rw-p 00010000 08:01 11156068                   /usr/lib/jvm/java-8-openjdk/jre/lib/amd64/libnio.so
7f053d3ba000-7f053d3bd000 r-xp 00000000 08:01 16385621                   /home/michael/workspace/Slick2D-Project/lwjgl-2.9.3/native/linux/libjinput-linux64.so
7f053d3bd000-7f053d5bc000 ---p 00003000 08:01 16385621                   /home/michael/workspace/Slick2D-Project/lwjgl-2.9.3/native/linux/libjinput-linux64.so
7f053d5bc000-7f053d5bd000 r--p 00002000 08:01 16385621                   /home/michael/workspace/Slick2D-Project/lwjgl-2.9.3/native/linux/libjinput-linux64.so
7f053d5bd000-7f053d5be000 rw-p 00003000 08:01 16385621                   /home/michael/workspace/Slick2D-Project/lwjgl-2.9.3/native/linux/libjinput-linux64.so
7f053d5be000-7f053d5c1000 ---p 00000000 00:00 0 
7f053d5c1000-7f053e85d000 rw-p 00000000 00:00 0                          [stack:7867]
7f053e85d000-7f053e861000 r-xp 00000000 08:01 10248003                   /usr/lib/libtxc_dxtn.so
7f053e861000-7f053ea60000 ---p 00004000 08:01 10248003                   /usr/lib/libtxc_dxtn.so
7f053ea60000-7f053ea61000 r--p 00003000 08:01 10248003                   /usr/lib/libtxc_dxtn.so
7f053ea61000-7f053ea62000 rw-p 00004000 08:01 10248003                   /usr/lib/libtxc_dxtn.so
7f053ea62000-7f053ea6a000 r-xp 00000000 08:01 10247759                   /usr/lib/libpciaccess.so.0.11.1
7f053ea6a000-7f053ec6a000 ---p 00008000 08:01 10247759                   /usr/lib/libpciaccess.so.0.11.1
7f053ec6a000-7f053ec6b000 r--p 00008000 08:01 10247759                   /usr/lib/libpciaccess.so.0.11.1
7f053ec6b000-7f053ec6c000 rw-p 00009000 08:01 10247759                   /usr/lib/libpciaccess.so.0.11.1
7f053ec6c000-7f053ec7e000 r-xp 00000000 08:01 10234919                   /usr/lib/libgpg-error.so.0.15.0
7f053ec7e000-7f053ee7d000 ---p 00012000 08:01 10234919                   /usr/lib/libgpg-error.so.0.15.0
7f053ee7d000-7f053ee7e000 r--p 00011000 08:01 10234919                   /usr/lib/libgpg-error.so.0.15.0
7f053ee7e000-7f053ee7f000 rw-p 00012000 08:01 10234919                   /usr/lib/libgpg-error.so.0.15.0
7f053ee7f000-7f053eff1000 r-xp 00000000 08:01 10227159                   /usr/lib/libstdc++.so.6.0.21
7f053eff1000-7f053f1f1000 ---p 00172000 08:01 10227159                   /usr/lib/libstdc++.so.6.0.21
7f053f1f1000-7f053f1fb000 r--p 00172000 08:01 10227159                   /usr/lib/libstdc++.so.6.0.21
7f053f1fb000-7f053f1fd000 rw-p 0017c000 08:01 10227159                   /usr/lib/libstdc++.so.6.0.21
7f053f1fd000-7f053f201000 rw-p 00000000 00:00 0 
7f053f201000-7f053f20c000 r-xp 00000000 08:01 10247779                   /usr/lib/libdrm_radeon.so.1.0.1
7f053f20c000-7f053f40b000 ---p 0000b000 08:01 10247779                   /usr/lib/libdrm_radeon.so.1.0.1
7f053f40b000-7f053f40c000 r--p 0000a000 08:01 10247779                   /usr/lib/libdrm_radeon.so.1.0.1
7f053f40c000-7f053f40d000 rw-p 0000b000 08:01 10247779                   /usr/lib/libdrm_radeon.so.1.0.1
7f053f40d000-7f053f413000 r-xp 00000000 08:01 10247778                   /usr/lib/libdrm_nouveau.so.2.0.0
7f053f413000-7f053f612000 ---p 00006000 08:01 10247778                   /usr/lib/libdrm_nouveau.so.2.0.0
7f053f612000-7f053f613000 r--p 00005000 08:01 10247778                   /usr/lib/libdrm_nouveau.so.2.0.0
7f053f613000-7f053f614000 rw-p 00006000 08:01 10247778                   /usr/lib/libdrm_nouveau.so.2.0.0
7f053f614000-7f053f635000 r-xp 00000000 08:01 10247777                   /usr/lib/libdrm_intel.so.1.0.0
7f053f635000-7f053f834000 ---p 00021000 08:01 10247777                   /usr/lib/libdrm_intel.so.1.0.0
7f053f834000-7f053f835000 r--p 00020000 08:01 10247777                   /usr/lib/libdrm_intel.so.1.0.0
7f053f835000-7f053f836000 rw-p 00021000 08:01 10247777                   /usr/lib/libdrm_intel.so.1.0.0
7f053f836000-7f053fdc8000 r-xp 00000000 08:01 10756932                   /usr/lib/xorg/modules/dri/i965_dri.so
7f053fdc8000-7f053ffc7000 ---p 00592000 08:01 10756932                   /usr/lib/xorg/modules/dri/i965_dri.so
7f053ffc7000-7f053fff2000 r--p 00591000 08:01 10756932                   /usr/lib/xorg/modules/dri/i965_dri.so
7f053fff2000-7f053fff8000 rw-p 005bc000 08:01 10756932                   /usr/lib/xorg/modules/dri/i965_dri.so
7f053fff8000-7f0540000000 rw-p 00000000 00:00 0 
7f0540000000-7f0540021000 rw-p 00000000 00:00 0 
7f0540021000-7f0544000000 ---p 00000000 00:00 0 
7f0544000000-7f0544021000 rw-p 00000000 00:00 0 
7f0544021000-7f0548000000 ---p 00000000 00:00 0 
7f0548000000-7f0548021000 rw-p 00000000 00:00 0 
7f0548021000-7f054c000000 ---p 00000000 00:00 0 
7f054c000000-7f054c021000 rw-p 00000000 00:00 0 
7f054c021000-7f0550000000 ---p 00000000 00:00 0 
7f0550000000-7f05504d0000 rw-p 00000000 00:00 0 
7f05504d0000-7f0554000000 ---p 00000000 00:00 0 
7f0554000000-7f05542c7000 rw-p 00000000 00:00 0 
7f05542c7000-7f0558000000 ---p 00000000 00:00 0 
7f0558000000-7f0558021000 rw-p 00000000 00:00 0 
7f0558021000-7f055c000000 ---p 00000000 00:00 0 
7f055c000000-7f055c457000 rw-p 00000000 00:00 0 
7f055c457000-7f0560000000 ---p 00000000 00:00 0 
7f0560000000-7f0560021000 rw-p 00000000 00:00 0 
7f0560021000-7f0564000000 ---p 00000000 00:00 0 
7f0564000000-7f0564021000 rw-p 00000000 00:00 0 
7f0564021000-7f0568000000 ---p 00000000 00:00 0 
7f0568000000-7f0568021000 rw-p 00000000 00:00 0 
7f0568021000-7f056c000000 ---p 00000000 00:00 0 
7f056c000000-7f056c021000 rw-p 00000000 00:00 0 
7f056c021000-7f0570000000 ---p 00000000 00:00 0 
7f0570000000-7f0570021000 rw-p 00000000 00:00 0 
7f0570021000-7f0574000000 ---p 00000000 00:00 0 
7f057404d000-7f05740c1000 rw-p 00000000 00:00 0 
7f0574188000-7f0574198000 rw-s 101438000 00:06 9426                      /dev/dri/card0
7f0574198000-7f057426f000 r-xp 00000000 08:01 10234950                   /usr/lib/libgcrypt.so.20.0.3
7f057426f000-7f057446f000 ---p 000d7000 08:01 10234950                   /usr/lib/libgcrypt.so.20.0.3
7f057446f000-7f0574470000 r--p 000d7000 08:01 10234950                   /usr/lib/libgcrypt.so.20.0.3
7f0574470000-7f0574479000 rw-p 000d8000 08:01 10234950                   /usr/lib/libgcrypt.so.20.0.3
7f0574479000-7f057447d000 r-xp 00000000 08:01 10229889                   /usr/lib/libattr.so.1.1.0
7f057447d000-7f057467c000 ---p 00004000 08:01 10229889                   /usr/lib/libattr.so.1.1.0
7f057467c000-7f057467d000 r--p 00003000 08:01 10229889                   /usr/lib/libattr.so.1.1.0
7f057467d000-7f057467e000 rw-p 00004000 08:01 10229889                   /usr/lib/libattr.so.1.1.0
7f057467e000-7f0574682000 r-xp 00000000 08:01 10230035                   /usr/lib/libcap.so.2.24
7f0574682000-7f0574881000 ---p 00004000 08:01 10230035                   /usr/lib/libcap.so.2.24
7f0574881000-7f0574882000 rw-p 00003000 08:01 10230035                   /usr/lib/libcap.so.2.24
7f0574882000-7f0574896000 r-xp 00000000 08:01 10226773                   /usr/lib/libresolv-2.21.so
7f0574896000-7f0574a95000 ---p 00014000 08:01 10226773                   /usr/lib/libresolv-2.21.so
7f0574a95000-7f0574a96000 r--p 00013000 08:01 10226773                   /usr/lib/libresolv-2.21.so
7f0574a96000-7f0574a97000 rw-p 00014000 08:01 10226773                   /usr/lib/libresolv-2.21.so
7f0574a97000-7f0574a99000 rw-p 00000000 00:00 0 
7f0574a99000-7f0574aa6000 r-xp 00000000 08:01 10247772                   /usr/lib/libdrm.so.2.4.0
7f0574aa6000-7f0574ca5000 ---p 0000d000 08:01 10247772                   /usr/lib/libdrm.so.2.4.0
7f0574ca5000-7f0574ca6000 r--p 0000c000 08:01 10247772                   /usr/lib/libdrm.so.2.4.0
7f0574ca6000-7f0574ca7000 rw-p 0000d000 08:01 10247772                   /usr/lib/libdrm.so.2.4.0
7f0574ca7000-7f0574ca8000 r-xp 00000000 08:01 10247936                   /usr/lib/libxshmfence.so.1.0.0
7f0574ca8000-7f0574ea8000 ---p 00001000 08:01 10247936                   /usr/lib/libxshmfence.so.1.0.0
7f0574ea8000-7f0574ea9000 r--p 00001000 08:01 10247936                   /usr/lib/libxshmfence.so.1.0.0
7f0574ea9000-7f0574eaa000 rw-p 00002000 08:01 10247936                   /usr/lib/libxshmfence.so.1.0.0
7f0574eaa000-7f0574eaf000 r-xp 00000000 08:01 10246497                   /usr/lib/libxcb-sync.so.1.0.0
7f0574eaf000-7f05750af000 ---p 00005000 08:01 10246497                   /usr/lib/libxcb-sync.so.1.0.0
7f05750af000-7f05750b0000 r--p 00005000 08:01 10246497                   /usr/lib/libxcb-sync.so.1.0.0
7f05750b0000-7f05750b1000 rw-p 00006000 08:01 10246497                   /usr/lib/libxcb-sync.so.1.0.0
7f05750b1000-7f05750b4000 r-xp 00000000 08:01 10246466                   /usr/lib/libxcb-shape.so.0.0.0
7f05750b4000-7f05752b3000 ---p 00003000 08:01 10246466                   /usr/lib/libxcb-shape.so.0.0.0
7f05752b3000-7f05752b4000 r--p 00002000 08:01 10246466                   /usr/lib/libxcb-shape.so.0.0.0
7f05752b4000-7f05752b5000 rw-p 00003000 08:01 10246466                   /usr/lib/libxcb-shape.so.0.0.0
7f05752b5000-7f05752be000 r-xp 00000000 08:01 10246451                   /usr/lib/libxcb-render.so.0.0.0
7f05752be000-7f05754bd000 ---p 00009000 08:01 10246451                   /usr/lib/libxcb-render.so.0.0.0
7f05754bd000-7f05754be000 r--p 00008000 08:01 10246451                   /usr/lib/libxcb-render.so.0.0.0
7f05754be000-7f05754bf000 rw-p 00009000 08:01 10246451                   /usr/lib/libxcb-render.so.0.0.0
7f05754bf000-7f05754c5000 r-xp 00000000 08:01 10246448                   /usr/lib/libxcb-xfixes.so.0.0.0
7f05754c5000-7f05756c5000 ---p 00006000 08:01 10246448                   /usr/lib/libxcb-xfixes.so.0.0.0
7f05756c5000-7f05756c6000 r--p 00006000 08:01 10246448                   /usr/lib/libxcb-xfixes.so.0.0.0
7f05756c6000-7f05756c7000 rw-p 00007000 08:01 10246448                   /usr/lib/libxcb-xfixes.so.0.0.0
7f05756c7000-7f05756d4000 r-xp 00000000 08:01 10246505                   /usr/lib/libxcb-randr.so.0.1.0
7f05756d4000-7f05758d3000 ---p 0000d000 08:01 10246505                   /usr/lib/libxcb-randr.so.0.1.0
7f05758d3000-7f05758d4000 r--p 0000c000 08:01 10246505                   /usr/lib/libxcb-randr.so.0.1.0
7f05758d4000-7f05758d5000 rw-p 0000d000 08:01 10246505                   /usr/lib/libxcb-randr.so.0.1.0
7f05758d5000-7f05758d7000 r-xp 00000000 08:01 10246484                   /usr/lib/libxcb-present.so.0.0.0
7f05758d7000-7f0575ad6000 ---p 00002000 08:01 10246484                   /usr/lib/libxcb-present.so.0.0.0
7f0575ad6000-7f0575ad7000 r--p 00001000 08:01 10246484                   /usr/lib/libxcb-present.so.0.0.0
7f0575ad7000-7f0575ad8000 rw-p 00002000 08:01 10246484                   /usr/lib/libxcb-present.so.0.0.0
7f0575ad8000-7f0575ada000 r-xp 00000000 08:01 10246456                   /usr/lib/libxcb-dri3.so.0.0.0
7f0575ada000-7f0575cd9000 ---p 00002000 08:01 10246456                   /usr/lib/libxcb-dri3.so.0.0.0
7f0575cd9000-7f0575cda000 r--p 00001000 08:01 10246456                   /usr/lib/libxcb-dri3.so.0.0.0
7f0575cda000-7f0575cdb000 rw-p 00002000 08:01 10246456                   /usr/lib/libxcb-dri3.so.0.0.0
7f0575cdb000-7f0575cdf000 r-xp 00000000 08:01 10246481                   /usr/lib/libxcb-dri2.so.0.0.0
7f0575cdf000-7f0575ede000 ---p 00004000 08:01 10246481                   /usr/lib/libxcb-dri2.so.0.0.0
7f0575ede000-7f0575edf000 r--p 00003000 08:01 10246481                   /usr/lib/libxcb-dri2.so.0.0.0
7f0575edf000-7f0575ee0000 rw-p 00004000 08:01 10246481                   /usr/lib/libxcb-dri2.so.0.0.0
7f0575ee0000-7f0575ef7000 r-xp 00000000 08:01 10246455                   /usr/lib/libxcb-glx.so.0.0.0
7f0575ef7000-7f05760f7000 ---p 00017000 08:01 10246455                   /usr/lib/libxcb-glx.so.0.0.0
7f05760f7000-7f05760f9000 r--p 00017000 08:01 10246455                   /usr/lib/libxcb-glx.so.0.0.0
7f05760f9000-7f05760fa000 rw-p 00019000 08:01 10246455                   /usr/lib/libxcb-glx.so.0.0.0
7f05760fa000-7f05760fb000 r-xp 00000000 08:01 10246551                   /usr/lib/libX11-xcb.so.1.0.0
7f05760fb000-7f05762fa000 ---p 00001000 08:01 10246551                   /usr/lib/libX11-xcb.so.1.0.0
7f05762fa000-7f05762fb000 r--p 00000000 08:01 10246551                   /usr/lib/libX11-xcb.so.1.0.0
7f05762fb000-7f05762fc000 rw-p 00001000 08:01 10246551                   /usr/lib/libX11-xcb.so.1.0.0
7f05762fc000-7f05762fe000 r-xp 00000000 08:01 10247932                   /usr/lib/libXdamage.so.1.1.0
7f05762fe000-7f05764fd000 ---p 00002000 08:01 10247932                   /usr/lib/libXdamage.so.1.1.0
7f05764fd000-7f05764fe000 r--p 00001000 08:01 10247932                   /usr/lib/libXdamage.so.1.1.0
7f05764fe000-7f05764ff000 rw-p 00002000 08:01 10247932                   /usr/lib/libXdamage.so.1.1.0
7f05764ff000-7f0576527000 r-xp 00000000 08:01 10248057                   /usr/lib/libglapi.so.0.0.0
7f0576527000-7f0576727000 ---p 00028000 08:01 10248057                   /usr/lib/libglapi.so.0.0.0
7f0576727000-7f057672b000 r--p 00028000 08:01 10248057                   /usr/lib/libglapi.so.0.0.0
7f057672b000-7f057672c000 rw-p 0002c000 08:01 10248057                   /usr/lib/libglapi.so.0.0.0
7f057672c000-7f057672d000 rw-p 00000000 00:00 0 
7f057672d000-7f0576754000 r-xp 00000000 08:01 10233727                   /usr/lib/libexpat.so.1.6.0
7f0576754000-7f0576953000 ---p 00027000 08:01 10233727                   /usr/lib/libexpat.so.1.6.0
7f0576953000-7f0576956000 r--p 00026000 08:01 10233727                   /usr/lib/libexpat.so.1.6.0
7f0576956000-7f0576957000 rw-p 00029000 08:01 10233727                   /usr/lib/libexpat.so.1.6.0
7f0576957000-7f05769eb000 r-xp 00000000 08:01 10753234                   /usr/lib/mesa/libGL.so.1.2.0
7f05769eb000-7f0576bea000 ---p 00094000 08:01 10753234                   /usr/lib/mesa/libGL.so.1.2.0
7f0576bea000-7f0576bed000 r--p 00093000 08:01 10753234                   /usr/lib/mesa/libGL.so.1.2.0
7f0576bed000-7f0576bee000 rw-p 00096000 08:01 10753234                   /usr/lib/mesa/libGL.so.1.2.0
7f0576bee000-7f0576bef000 rw-p 00000000 00:00 0 
7f0576bef000-7f0576bf4000 r-xp 00000000 08:01 10247921                   /usr/lib/libXxf86vm.so.1.0.0
7f0576bf4000-7f0576df3000 ---p 00005000 08:01 10247921                   /usr/lib/libXxf86vm.so.1.0.0
7f0576df3000-7f0576df4000 r--p 00004000 08:01 10247921                   /usr/lib/libXxf86vm.so.1.0.0
7f0576df4000-7f0576df5000 rw-p 00005000 08:01 10247921                   /usr/lib/libXxf86vm.so.1.0.0
7f0576df5000-7f0576dff000 r-xp 00000000 08:01 10248858                   /usr/lib/libXrandr.so.2.2.0
7f0576dff000-7f0576ffe000 ---p 0000a000 08:01 10248858                   /usr/lib/libXrandr.so.2.2.0
7f0576ffe000-7f0576fff000 r--p 00009000 08:01 10248858                   /usr/lib/libXrandr.so.2.2.0
7f0576fff000-7f0577000000 rw-p 0000a000 08:01 10248858                   /usr/lib/libXrandr.so.2.2.0
7f0577000000-7f057706c000 r-xp 00000000 08:01 16385623                   /home/michael/workspace/Slick2D-Project/lwjgl-2.9.3/native/linux/liblwjgl64.so
7f057706c000-7f057726b000 ---p 0006c000 08:01 16385623                   /home/michael/workspace/Slick2D-Project/lwjgl-2.9.3/native/linux/liblwjgl64.so
7f057726b000-7f057726d000 r--p 0006b000 08:01 16385623                   /home/michael/workspace/Slick2D-Project/lwjgl-2.9.3/native/linux/liblwjgl64.so
7f057726d000-7f057726e000 rw-p 0006d000 08:01 16385623                   /home/michael/workspace/Slick2D-Project/lwjgl-2.9.3/native/linux/liblwjgl64.so
7f057726e000-7f057726f000 r-xp 00000000 08:01 11156074                   /usr/lib/jvm/java-8-openjdk/jre/lib/amd64/libjawt.so
7f057726f000-7f057746e000 ---p 00001000 08:01 11156074                   /usr/lib/jvm/java-8-openjdk/jre/lib/amd64/libjawt.so
7f057746e000-7f057746f000 rw-p 00000000 08:01 11156074                   /usr/lib/jvm/java-8-openjdk/jre/lib/amd64/libjawt.so
7f057746f000-7f0577472000 ---p 00000000 00:00 0 
7f0577472000-7f0577570000 rw-p 00000000 00:00 0                          [stack:7862]
7f0577570000-7f0577575000 r-xp 00000000 08:01 10247926                   /usr/lib/libXfixes.so.3.1.0
7f0577575000-7f0577774000 ---p 00005000 08:01 10247926                   /usr/lib/libXfixes.so.3.1.0
7f0577774000-7f0577775000 r--p 00004000 08:01 10247926                   /usr/lib/libXfixes.so.3.1.0
7f0577775000-7f0577776000 rw-p 00005000 08:01 10247926                   /usr/lib/libXfixes.so.3.1.0
7f0577776000-7f0577780000 r-xp 00000000 08:01 10248828                   /usr/lib/libXcursor.so.1.0.2
7f0577780000-7f057797f000 ---p 0000a000 08:01 10248828                   /usr/lib/libXcursor.so.1.0.2
7f057797f000-7f0577980000 r--p 00009000 08:01 10248828                   /usr/lib/libXcursor.so.1.0.2
7f0577980000-7f0577981000 rw-p 0000a000 08:01 10248828                   /usr/lib/libXcursor.so.1.0.2
7f0577981000-7f0577984000 ---p 00000000 00:00 0 
7f0577984000-7f0577a82000 rw-p 00000000 00:00 0                          [stack:7861]
7f0577a82000-7f0577af0000 r-xp 00000000 08:01 10233756                   /usr/lib/libpcre.so.1.2.5
7f0577af0000-7f0577cf0000 ---p 0006e000 08:01 10233756                   /usr/lib/libpcre.so.1.2.5
7f0577cf0000-7f0577cf1000 r--p 0006e000 08:01 10233756                   /usr/lib/libpcre.so.1.2.5
7f0577cf1000-7f0577cf2000 rw-p 0006f000 08:01 10233756                   /usr/lib/libpcre.so.1.2.5
7f0577cf2000-7f0577dfe000 r-xp 00000000 08:01 10233950                   /usr/lib/libglib-2.0.so.0.4400.1
7f0577dfe000-7f0577ffd000 ---p 0010c000 08:01 10233950                   /usr/lib/libglib-2.0.so.0.4400.1
7f0577ffd000-7f0577ffe000 r--p 0010b000 08:01 10233950                   /usr/lib/libglib-2.0.so.0.4400.1
7f0577ffe000-7f0577fff000 rw-p 0010c000 08:01 10233950                   /usr/lib/libglib-2.0.so.0.4400.1
7f0577fff000-7f0578000000 rw-p 00000000 00:00 0 
7f0578000000-7f0578021000 rw-p 00000000 00:00 0 
7f0578021000-7f057c000000 ---p 00000000 00:00 0 
7f057c006000-7f057c016000 rw-s 101428000 00:06 9426                      /dev/dri/card0
7f057c016000-7f057c056000 rw-s 00000000 00:05 130091                     /drm mm object (deleted)
7f057c056000-7f057c072000 r-xp 00000000 08:01 10247519                   /usr/lib/libgraphite2.so.3.0.1
7f057c072000-7f057c271000 ---p 0001c000 08:01 10247519                   /usr/lib/libgraphite2.so.3.0.1
7f057c271000-7f057c273000 r--p 0001b000 08:01 10247519                   /usr/lib/libgraphite2.so.3.0.1
7f057c273000-7f057c274000 rw-p 0001d000 08:01 10247519                   /usr/lib/libgraphite2.so.3.0.1
7f057c274000-7f057c2ce000 r-xp 00000000 08:01 10233470                   /usr/lib/libharfbuzz.so.0.941.0
7f057c2ce000-7f057c4ce000 ---p 0005a000 08:01 10233470                   /usr/lib/libharfbuzz.so.0.941.0
7f057c4ce000-7f057c4cf000 r--p 0005a000 08:01 10233470                   /usr/lib/libharfbuzz.so.0.941.0
7f057c4cf000-7f057c4d0000 rw-p 0005b000 08:01 10233470                   /usr/lib/libharfbuzz.so.0.941.0
7f057c4d0000-7f057c505000 r-xp 00000000 08:01 10244029                   /usr/lib/libpng16.so.16.16.0
7f057c505000-7f057c704000 ---p 00035000 08:01 10244029                   /usr/lib/libpng16.so.16.16.0
7f057c704000-7f057c705000 r--p 00034000 08:01 10244029                   /usr/lib/libpng16.so.16.16.0
7f057c705000-7f057c706000 rw-p 00035000 08:01 10244029                   /usr/lib/libpng16.so.16.16.0
7f057c706000-7f057c715000 r-xp 00000000 08:01 10229879                   /usr/lib/libbz2.so.1.0.6
7f057c715000-7f057c914000 ---p 0000f000 08:01 10229879                   /usr/lib/libbz2.so.1.0.6
7f057c914000-7f057c916000 rw-p 0000e000 08:01 10229879                   /usr/lib/libbz2.so.1.0.6
7f057c916000-7f057c92c000 r-xp 00000000 08:01 10227124                   /usr/lib/libgcc_s.so.1
7f057c92c000-7f057cb2b000 ---p 00016000 08:01 10227124                   /usr/lib/libgcc_s.so.1
7f057cb2b000-7f057cb2c000 rw-p 00015000 08:01 10227124                   /usr/lib/libgcc_s.so.1
7f057cb2c000-7f057cbe1000 r-xp 00000000 08:01 10233478                   /usr/lib/libfreetype.so.6.12.0
7f057cbe1000-7f057cde0000 ---p 000b5000 08:01 10233478                   /usr/lib/libfreetype.so.6.12.0
7f057cde0000-7f057cde6000 r--p 000b4000 08:01 10233478                   /usr/lib/libfreetype.so.6.12.0
7f057cde6000-7f057cde7000 rw-p 000ba000 08:01 10233478                   /usr/lib/libfreetype.so.6.12.0
7f057cde7000-7f057ce48000 r-xp 00000000 08:01 11156072                   /usr/lib/jvm/java-8-openjdk/jre/lib/amd64/libfontmanager.so
7f057ce48000-7f057d048000 ---p 00061000 08:01 11156072                   /usr/lib/jvm/java-8-openjdk/jre/lib/amd64/libfontmanager.so
7f057d048000-7f057d04c000 rw-p 00061000 08:01 11156072                   /usr/lib/jvm/java-8-openjdk/jre/lib/amd64/libfontmanager.so
7f057d04c000-7f057d05f000 rw-p 00000000 00:00 0 
7f057d05f000-7f057d064000 r-xp 00000000 08:01 10244175                   /usr/lib/libXdmcp.so.6.0.0
7f057d064000-7f057d263000 ---p 00005000 08:01 10244175                   /usr/lib/libXdmcp.so.6.0.0
7f057d263000-7f057d264000 r--p 00004000 08:01 10244175                   /usr/lib/libXdmcp.so.6.0.0
7f057d264000-7f057d265000 rw-p 00005000 08:01 10244175                   /usr/lib/libXdmcp.so.6.0.0
7f057d265000-7f057d267000 r-xp 00000000 08:01 10244179                   /usr/lib/libXau.so.6.0.0
7f057d267000-7f057d467000 ---p 00002000 08:01 10244179                   /usr/lib/libXau.so.6.0.0
7f057d467000-7f057d468000 r--p 00002000 08:01 10244179                   /usr/lib/libXau.so.6.0.0
7f057d468000-7f057d469000 rw-p 00003000 08:01 10244179                   /usr/lib/libXau.so.6.0.0
7f057d469000-7f057d48a000 r-xp 00000000 08:01 10246469                   /usr/lib/libxcb.so.1.1.0
7f057d48a000-7f057d689000 ---p 00021000 08:01 10246469                   /usr/lib/libxcb.so.1.1.0
7f057d689000-7f057d68a000 r--p 00020000 08:01 10246469                   /usr/lib/libxcb.so.1.1.0
7f057d68a000-7f057d68b000 rw-p 00021000 08:01 10246469                   /usr/lib/libxcb.so.1.1.0
7f057d68b000-7f057d69a000 r-xp 00000000 08:01 10248936                   /usr/lib/libXi.so.6.1.0
7f057d69a000-7f057d89a000 ---p 0000f000 08:01 10248936                   /usr/lib/libXi.so.6.1.0
7f057d89a000-7f057d89b000 r--p 0000f000 08:01 10248936                   /usr/lib/libXi.so.6.1.0
7f057d89b000-7f057d89c000 rw-p 00010000 08:01 10248936                   /usr/lib/libXi.so.6.1.0
7f057d89c000-7f057d8a1000 r-xp 00000000 08:01 10249137                   /usr/lib/libXtst.so.6.1.0
7f057d8a1000-7f057daa0000 ---p 00005000 08:01 10249137                   /usr/lib/libXtst.so.6.1.0
7f057daa0000-7f057daa1000 r--p 00004000 08:01 10249137                   /usr/lib/libXtst.so.6.1.0
7f057daa1000-7f057daa2000 rw-p 00005000 08:01 10249137                   /usr/lib/libXtst.so.6.1.0
7f057daa2000-7f057daab000 r-xp 00000000 08:01 10247450                   /usr/lib/libXrender.so.1.3.0
7f057daab000-7f057dcaa000 ---p 00009000 08:01 10247450                   /usr/lib/libXrender.so.1.3.0
7f057dcaa000-7f057dcab000 r--p 00008000 08:01 10247450                   /usr/lib/libXrender.so.1.3.0
7f057dcab000-7f057dcac000 rw-p 00009000 08:01 10247450                   /usr/lib/libXrender.so.1.3.0
7f057dcac000-7f057dde7000 r-xp 00000000 08:01 10246550                   /usr/lib/libX11.so.6.3.0
7f057dde7000-7f057dfe6000 ---p 0013b000 08:01 10246550                   /usr/lib/libX11.so.6.3.0
7f057dfe6000-7f057dfe8000 r--p 0013a000 08:01 10246550                   /usr/lib/libX11.so.6.3.0
7f057dfe8000-7f057dfed000 rw-p 0013c000 08:01 10246550                   /usr/lib/libX11.so.6.3.0
7f057dfed000-7f057dfee000 rw-p 00000000 00:00 0 
7f057dfee000-7f057dfff000 r-xp 00000000 08:01 10247516                   /usr/lib/libXext.so.6.4.0
7f057dfff000-7f057e1fe000 ---p 00011000 08:01 10247516                   /usr/lib/libXext.so.6.4.0
7f057e1fe000-7f057e1ff000 r--p 00010000 08:01 10247516                   /usr/lib/libXext.so.6.4.0
7f057e1ff000-7f057e200000 rw-p 00011000 08:01 10247516                   /usr/lib/libXext.so.6.4.0
7f057e200000-7f0580000000 rw-p 00000000 00:00 0 
7f0580000000-7f0580021000 rw-p 00000000 00:00 0 
7f0580021000-7f0584000000 ---p 00000000 00:00 0 
7f0584007000-7f0584017000 rw-s 101418000 00:06 9426                      /dev/dri/card0
7f0584017000-7f0584027000 rw-s 101408000 00:06 9426                      /dev/dri/card0
7f0584027000-7f0584045000 r-xp 00000000 08:01 10247526                   /usr/lib/libudev.so.1.6.4
7f0584045000-7f0584046000 r--p 0001d000 08:01 10247526                   /usr/lib/libudev.so.1.6.4
7f0584046000-7f0584047000 rw-p 0001e000 08:01 10247526                   /usr/lib/libudev.so.1.6.4
7f0584047000-7f058409a000 r-xp 00000000 08:01 11156073                   /usr/lib/jvm/java-8-openjdk/jre/lib/amd64/libawt_xawt.so
7f058409a000-7f0584299000 ---p 00053000 08:01 11156073                   /usr/lib/jvm/java-8-openjdk/jre/lib/amd64/libawt_xawt.so
7f0584299000-7f058429d000 rw-p 00052000 08:01 11156073                   /usr/lib/jvm/java-8-openjdk/jre/lib/amd64/libawt_xawt.so
7f058429d000-7f058429e000 rw-p 00000000 00:00 0 
7f058429e000-7f058433e000 r-xp 00000000 08:01 11156067                   /usr/lib/jvm/java-8-openjdk/jre/lib/amd64/libawt.so
7f058433e000-7f058453e000 ---p 000a0000 08:01 11156067                   /usr/lib/jvm/java-8-openjdk/jre/lib/amd64/libawt.so
7f058453e000-7f058454a000 rw-p 000a0000 08:01 11156067                   /usr/lib/jvm/java-8-openjdk/jre/lib/amd64/libawt.so
7f058454a000-7f058456e000 rw-p 00000000 00:00 0 
7f058456e000-7f058456f000 ---p 00000000 00:00 0 
7f058456f000-7f058466f000 rw-p 00000000 00:00 0                          [stack:7860]
7f058466f000-7f0584672000 ---p 00000000 00:00 0 
7f0584672000-7f0584770000 rw-p 00000000 00:00 0                          [stack:7859]
7f0584770000-7f0584773000 ---p 00000000 00:00 0 
7f0584773000-7f0584871000 rw-p 00000000 00:00 0                          [stack:7858]
7f0584871000-7f0584874000 ---p 00000000 00:00 0 
7f0584874000-7f0584972000 rw-p 00000000 00:00 0                          [stack:7857]
7f0584972000-7f0584975000 ---p 00000000 00:00 0 
7f0584975000-7f0584a73000 rw-p 00000000 00:00 0                          [stack:7856]
7f0584a73000-7f0584a76000 ---p 00000000 00:00 0 
7f0584a76000-7f0584b74000 rw-p 00000000 00:00 0                          [stack:7855]
7f0584b74000-7f0584cfd000 r--p 00000000 08:01 10243821                   /usr/lib/locale/locale-archive
7f0584cfd000-7f0584d00000 ---p 00000000 00:00 0 
7f0584d00000-7f0584dfe000 rw-p 00000000 00:00 0                          [stack:7854]
7f0584dfe000-7f0584e01000 ---p 00000000 00:00 0 
7f0584e01000-7f0584eff000 rw-p 00000000 00:00 0                          [stack:7853]
7f0584eff000-7f0584f00000 ---p 00000000 00:00 0 
7f0584f00000-7f0585000000 rw-p 00000000 00:00 0                          [stack:7852]
7f0585000000-7f0585440000 rwxp 00000000 00:00 0 
7f0585440000-7f0594000000 ---p 00000000 00:00 0 
7f0594000000-7f0594c0d000 rw-p 00000000 00:00 0 
7f0594c0d000-7f0598000000 ---p 00000000 00:00 0 
7f0598006000-7f0598007000 rw-p 00000000 00:00 0 
7f0598007000-7f059800c000 r--s 00094000 08:01 11146692                   /usr/lib/jvm/java-8-openjdk/jre/lib/jsse.jar
7f059800c000-7f0598014000 rw-s 00000000 00:05 131277                     /drm mm object (deleted)
7f0598014000-7f059801c000 rw-s 00000000 00:05 129350                     /drm mm object (deleted)
7f059801c000-7f0598024000 rw-s 00000000 00:05 129346                     /drm mm object (deleted)
7f0598024000-7f0598040000 r--s 00393000 08:01 11146710                   /usr/lib/jvm/java-8-openjdk/jre/lib/ext/cldrdata.jar
7f0598040000-7f059804b000 r--s 00116000 08:01 11146709                   /usr/lib/jvm/java-8-openjdk/jre/lib/ext/localedata.jar
7f059804b000-7f059804e000 ---p 00000000 00:00 0 
7f059804e000-7f0598084000 rw-p 00000000 00:00 0                          [stack:7864]
7f0598084000-7f0598097000 r--s 00345000 08:01 11146687                   /usr/lib/jvm/java-8-openjdk/jre/lib/resources.jar
7f0598097000-7f05980a5000 r--s 000f2000 08:01 16385036                   /home/michael/workspace/Slick2D-Project/Slick/lib/lwjgl.jar
7f05980a5000-7f05980b0000 r--s 00099000 08:01 16385043                   /home/michael/workspace/Slick2D-Project/Slick/lib/slick.jar
7f05980b0000-7f0599064000 rw-p 00000000 00:00 0 
7f0599064000-7f0599231000 r--s 03bd3000 08:01 11146689                   /usr/lib/jvm/java-8-openjdk/jre/lib/rt.jar
7f0599231000-7f0599c87000 rw-p 00000000 00:00 0 
7f0599c87000-7f0599c88000 ---p 00000000 00:00 0 
7f0599c88000-7f0599d88000 rw-p 00000000 00:00 0                          [stack:7851]
7f0599d88000-7f0599d89000 ---p 00000000 00:00 0 
7f0599d89000-7f0599e89000 rw-p 00000000 00:00 0                          [stack:7850]
7f0599e89000-7f0599e8a000 ---p 00000000 00:00 0 
7f0599e8a000-7f0599f8a000 rw-p 00000000 00:00 0                          [stack:7849]
7f0599f8a000-7f0599f8b000 ---p 00000000 00:00 0 
7f0599f8b000-7f059a09f000 rw-p 00000000 00:00 0                          [stack:7848]
7f059a09f000-7f059a1cb000 ---p 00000000 00:00 0 
7f059a1cb000-7f059a1df000 rw-p 00000000 00:00 0 
7f059a1df000-7f059a30b000 ---p 00000000 00:00 0 
7f059a30b000-7f059a31d000 rw-p 00000000 00:00 0 
7f059a31d000-7f059a3ab000 ---p 00000000 00:00 0 
7f059a3ab000-7f059a3bd000 rw-p 00000000 00:00 0 
7f059a3bd000-7f059a76c000 ---p 00000000 00:00 0 
7f059a76c000-7f059a774000 r-xp 00000000 08:01 11156054                   /usr/lib/jvm/java-8-openjdk/jre/lib/amd64/libzip.so
7f059a774000-7f059a973000 ---p 00008000 08:01 11156054                   /usr/lib/jvm/java-8-openjdk/jre/lib/amd64/libzip.so
7f059a973000-7f059a974000 rw-p 00007000 08:01 11156054                   /usr/lib/jvm/java-8-openjdk/jre/lib/amd64/libzip.so
7f059a974000-7f059a97f000 r-xp 00000000 08:01 10226777                   /usr/lib/libnss_files-2.21.so
7f059a97f000-7f059ab7f000 ---p 0000b000 08:01 10226777                   /usr/lib/libnss_files-2.21.so
7f059ab7f000-7f059ab80000 r--p 0000b000 08:01 10226777                   /usr/lib/libnss_files-2.21.so
7f059ab80000-7f059ab81000 rw-p 0000c000 08:01 10226777                   /usr/lib/libnss_files-2.21.so
7f059ab81000-7f059abae000 r-xp 00000000 08:01 11156055                   /usr/lib/jvm/java-8-openjdk/jre/lib/amd64/libjava.so
7f059abae000-7f059adae000 ---p 0002d000 08:01 11156055                   /usr/lib/jvm/java-8-openjdk/jre/lib/amd64/libjava.so
7f059adae000-7f059adb0000 rw-p 0002d000 08:01 11156055                   /usr/lib/jvm/java-8-openjdk/jre/lib/amd64/libjava.so
7f059adb0000-7f059adbd000 r-xp 00000000 08:01 11156046                   /usr/lib/jvm/java-8-openjdk/jre/lib/amd64/libverify.so
7f059adbd000-7f059afbc000 ---p 0000d000 08:01 11156046                   /usr/lib/jvm/java-8-openjdk/jre/lib/amd64/libverify.so
7f059afbc000-7f059afbe000 rw-p 0000c000 08:01 11156046                   /usr/lib/jvm/java-8-openjdk/jre/lib/amd64/libverify.so
7f059afbe000-7f059afc5000 r-xp 00000000 08:01 10226809                   /usr/lib/librt-2.21.so
7f059afc5000-7f059b1c4000 ---p 00007000 08:01 10226809                   /usr/lib/librt-2.21.so
7f059b1c4000-7f059b1c5000 r--p 00006000 08:01 10226809                   /usr/lib/librt-2.21.so
7f059b1c5000-7f059b1c6000 rw-p 00007000 08:01 10226809                   /usr/lib/librt-2.21.so
7f059b1c6000-7f059b2c9000 r-xp 00000000 08:01 10226836                   /usr/lib/libm-2.21.so
7f059b2c9000-7f059b4c8000 ---p 00103000 08:01 10226836                   /usr/lib/libm-2.21.so
7f059b4c8000-7f059b4c9000 r--p 00102000 08:01 10226836                   /usr/lib/libm-2.21.so
7f059b4c9000-7f059b4ca000 rw-p 00103000 08:01 10226836                   /usr/lib/libm-2.21.so
7f059b4ca000-7f059c16b000 r-xp 00000000 08:01 11156078                   /usr/lib/jvm/java-8-openjdk/jre/lib/amd64/server/libjvm.so
7f059c16b000-7f059c36a000 ---p 00ca1000 08:01 11156078                   /usr/lib/jvm/java-8-openjdk/jre/lib/amd64/server/libjvm.so
7f059c36a000-7f059c436000 rw-p 00ca0000 08:01 11156078                   /usr/lib/jvm/java-8-openjdk/jre/lib/amd64/server/libjvm.so
7f059c436000-7f059c478000 rw-p 00000000 00:00 0 
7f059c478000-7f059c611000 r-xp 00000000 08:01 10226788                   /usr/lib/libc-2.21.so
7f059c611000-7f059c810000 ---p 00199000 08:01 10226788                   /usr/lib/libc-2.21.so
7f059c810000-7f059c814000 r--p 00198000 08:01 10226788                   /usr/lib/libc-2.21.so
7f059c814000-7f059c816000 rw-p 0019c000 08:01 10226788                   /usr/lib/libc-2.21.so
7f059c816000-7f059c81a000 rw-p 00000000 00:00 0 
7f059c81a000-7f059c81d000 r-xp 00000000 08:01 10226818                   /usr/lib/libdl-2.21.so
7f059c81d000-7f059ca1c000 ---p 00003000 08:01 10226818                   /usr/lib/libdl-2.21.so
7f059ca1c000-7f059ca1d000 r--p 00002000 08:01 10226818                   /usr/lib/libdl-2.21.so
7f059ca1d000-7f059ca1e000 rw-p 00003000 08:01 10226818                   /usr/lib/libdl-2.21.so
7f059ca1e000-7f059ca2b000 r-xp 00000000 08:01 11156075                   /usr/lib/jvm/java-8-openjdk/jre/lib/amd64/jli/libjli.so
7f059ca2b000-7f059cc2b000 ---p 0000d000 08:01 11156075                   /usr/lib/jvm/java-8-openjdk/jre/lib/amd64/jli/libjli.so
7f059cc2b000-7f059cc2c000 rw-p 0000d000 08:01 11156075                   /usr/lib/jvm/java-8-openjdk/jre/lib/amd64/jli/libjli.so
7f059cc2c000-7f059cc41000 r-xp 00000000 08:01 10230040                   /usr/lib/libz.so.1.2.8
7f059cc41000-7f059ce40000 ---p 00015000 08:01 10230040                   /usr/lib/libz.so.1.2.8
7f059ce40000-7f059ce41000 r--p 00014000 08:01 10230040                   /usr/lib/libz.so.1.2.8
7f059ce41000-7f059ce42000 rw-p 00015000 08:01 10230040                   /usr/lib/libz.so.1.2.8
7f059ce42000-7f059ce5a000 r-xp 00000000 08:01 10226808                   /usr/lib/libpthread-2.21.so
7f059ce5a000-7f059d059000 ---p 00018000 08:01 10226808                   /usr/lib/libpthread-2.21.so
7f059d059000-7f059d05a000 r--p 00017000 08:01 10226808                   /usr/lib/libpthread-2.21.so
7f059d05a000-7f059d05b000 rw-p 00018000 08:01 10226808                   /usr/lib/libpthread-2.21.so
7f059d05b000-7f059d05f000 rw-p 00000000 00:00 0 
7f059d05f000-7f059d081000 r-xp 00000000 08:01 10226832                   /usr/lib/ld-2.21.so
7f059d081000-7f059d082000 rwxp 00000000 00:00 0 
7f059d082000-7f059d086000 r--s 00027000 08:01 16385037                   /home/michael/workspace/Slick2D-Project/Slick/lib/lwjgl_util.jar
7f059d086000-7f059d156000 rw-p 00000000 00:00 0 
7f059d156000-7f059d159000 ---p 00000000 00:00 0 
7f059d159000-7f059d25b000 rw-p 00000000 00:00 0                          [stack:7847]
7f059d25b000-7f059d25c000 rw-s 00000000 00:05 129347                     /drm mm object (deleted)
7f059d25c000-7f059d25d000 rw-s 100fe7000 00:06 9426                      /dev/dri/card0
7f059d25d000-7f059d262000 r--s 00030000 08:01 16385032                   /home/michael/workspace/Slick2D-Project/Slick/lib/jinput.jar
7f059d262000-7f059d275000 rw-p 00000000 00:00 0 
7f059d275000-7f059d27d000 rw-s 00000000 00:1e 130076                     /tmp/hsperfdata_michael/7841
7f059d27d000-7f059d27e000 rw-p 00000000 00:00 0 
7f059d27e000-7f059d27f000 r--p 00000000 00:00 0 
7f059d27f000-7f059d280000 rw-p 00000000 00:00 0 
7f059d280000-7f059d281000 r--p 00021000 08:01 10226832                   /usr/lib/ld-2.21.so
7f059d281000-7f059d282000 rw-p 00022000 08:01 10226832                   /usr/lib/ld-2.21.so
7f059d282000-7f059d283000 rw-p 00000000 00:00 0 
7ffd497d4000-7ffd497f5000 rw-p 00000000 00:00 0                          [stack]
7ffd497fa000-7ffd497fc000 r--p 00000000 00:00 0                          [vvar]
7ffd497fc000-7ffd497fe000 r-xp 00000000 00:00 0                          [vdso]
ffffffffff600000-ffffffffff601000 r-xp 00000000 00:00 0                  [vsyscall]

VM Arguments:
jvm_args: -Djava.library.path=/home/michael/workspace/Slick2D-Project/lwjgl-2.9.3/native/linux -Dfile.encoding=UTF-8 
java_command: driver.Driver
java_class_path (initial): /home/michael/workspace/Slick2D-Project/bin:/home/michael/workspace/Slick2D-Project/Slick/lib/slick.jar:/home/michael/workspace/Slick2D-Project/Slick/lib/jinput.jar:/home/michael/workspace/Slick2D-Project/Slick/lib/lwjgl_util.jar:/home/michael/workspace/Slick2D-Project/Slick/lib/lwjgl.jar
Launcher Type: SUN_STANDARD

Environment Variables:
PATH=/usr/local/sbin:/usr/local/bin:/usr/bin:/usr/lib/jvm/default/bin:/usr/bin/site_perl:/usr/bin/vendor_perl:/usr/bin/core_perl
SHELL=/usr/bin/zsh
DISPLAY=:0

Signal Handlers:
SIGSEGV: [libjvm.so+0xa90890], sa_mask[0]=11111111011111111101111111111110, sa_flags=SA_RESTART|SA_SIGINFO
SIGBUS: [libjvm.so+0xa90890], sa_mask[0]=11111111011111111101111111111110, sa_flags=SA_RESTART|SA_SIGINFO
SIGFPE: [libjvm.so+0x8dac20], sa_mask[0]=11111111011111111101111111111110, sa_flags=SA_RESTART|SA_SIGINFO
SIGPIPE: [libjvm.so+0x8dac20], sa_mask[0]=11111111011111111101111111111110, sa_flags=SA_RESTART|SA_SIGINFO
SIGXFSZ: [libjvm.so+0x8dac20], sa_mask[0]=11111111011111111101111111111110, sa_flags=SA_RESTART|SA_SIGINFO
SIGILL: [libjvm.so+0x8dac20], sa_mask[0]=11111111011111111101111111111110, sa_flags=SA_RESTART|SA_SIGINFO
SIGUSR1: SIG_DFL, sa_mask[0]=00000000000000000000000000000000, sa_flags=none
SIGUSR2: [libjvm.so+0x8daad0], sa_mask[0]=00100000000000000000000000000000, sa_flags=SA_RESTART|SA_SIGINFO
SIGHUP: [libjvm.so+0x8dacf0], sa_mask[0]=11111111011111111101111111111110, sa_flags=SA_RESTART|SA_SIGINFO
SIGINT: SIG_IGN, sa_mask[0]=00000000000000000000000000000000, sa_flags=none
SIGTERM: [libjvm.so+0x8dacf0], sa_mask[0]=11111111011111111101111111111110, sa_flags=SA_RESTART|SA_SIGINFO
SIGQUIT: [libjvm.so+0x8dacf0], sa_mask[0]=11111111011111111101111111111110, sa_flags=SA_RESTART|SA_SIGINFO


---------------  S Y S T E M  ---------------

OS:NAME="Arch Linux"
ID=arch
PRETTY_NAME="Arch Linux"
ANSI_COLOR="0;36"
HOME_URL="https://www.archlinux.org/"
SUPPORT_URL="https://bbs.archlinux.org/"
BUG_REPORT_URL="https://bugs.archlinux.org/"


uname:Linux 4.0.7-2-ARCH #1 SMP PREEMPT Tue Jun 30 07:50:21 UTC 2015 x86_64
libc:glibc 2.21 NPTL 2.21 
rlimit: STACK 8192k, CORE 0k, NPROC 15337, NOFILE 4096, AS infinity
load average:0.44 0.41 0.37

/proc/meminfo:
MemTotal:        3931796 kB
MemFree:          959896 kB
MemAvailable:    1678320 kB
Buffers:           55448 kB
Cached:          1155324 kB
SwapCached:            0 kB
Active:          1910224 kB
Inactive:         871212 kB
Active(anon):    1601716 kB
Inactive(anon):   335048 kB
Active(file):     308508 kB
Inactive(file):   536164 kB
Unevictable:           0 kB
Mlocked:               0 kB
SwapTotal:             0 kB
SwapFree:              0 kB
Dirty:               292 kB
Writeback:             0 kB
AnonPages:       1570584 kB
Mapped:           584868 kB
Shmem:            366104 kB
Slab:             108788 kB
SReclaimable:      85372 kB
SUnreclaim:        23416 kB
KernelStack:        5152 kB
PageTables:        20104 kB
NFS_Unstable:          0 kB
Bounce:                0 kB
WritebackTmp:          0 kB
CommitLimit:     1965896 kB
Committed_AS:    4035736 kB
VmallocTotal:   34359738367 kB
VmallocUsed:      367712 kB
VmallocChunk:   34359362504 kB
HardwareCorrupted:     0 kB
AnonHugePages:    702464 kB
HugePages_Total:       0
HugePages_Free:        0
HugePages_Rsvd:        0
HugePages_Surp:        0
Hugepagesize:       2048 kB
DirectMap4k:      108160 kB
DirectMap2M:     3966976 kB


CPU:total 4 (2 cores per cpu, 2 threads per core) family 6 model 42 stepping 7, cmov, cx8, fxsr, mmx, sse, sse2, sse3, ssse3, sse4.1, sse4.2, popcnt, avx, aes, clmul, ht, tsc, tscinvbit

/proc/cpuinfo:
processor	: 0
vendor_id	: GenuineIntel
cpu family	: 6
model		: 42
model name	: Intel(R) Core(TM) i5-2520M CPU @ 2.50GHz
stepping	: 7
microcode	: 0x25
cpu MHz		: 1892.285
cache size	: 3072 KB
physical id	: 0
siblings	: 4
core id		: 0
cpu cores	: 2
apicid		: 0
initial apicid	: 0
fpu		: yes
fpu_exception	: yes
cpuid level	: 13
wp		: yes
flags		: fpu vme de pse tsc msr pae mce cx8 apic sep mtrr pge mca cmov pat pse36 clflush dts acpi mmx fxsr sse sse2 ss ht tm pbe syscall nx rdtscp lm constant_tsc arch_perfmon pebs bts nopl xtopology nonstop_tsc aperfmperf eagerfpu pni pclmulqdq dtes64 monitor ds_cpl vmx smx est tm2 ssse3 cx16 xtpr pdcm pcid sse4_1 sse4_2 x2apic popcnt tsc_deadline_timer aes xsave avx lahf_lm ida arat epb pln pts dtherm tpr_shadow vnmi flexpriority ept vpid xsaveopt
bugs		:
bogomips	: 4985.60
clflush size	: 64
cache_alignment	: 64
address sizes	: 36 bits physical, 48 bits virtual
power management:

processor	: 1
vendor_id	: GenuineIntel
cpu family	: 6
model		: 42
model name	: Intel(R) Core(TM) i5-2520M CPU @ 2.50GHz
stepping	: 7
microcode	: 0x25
cpu MHz		: 1956.250
cache size	: 3072 KB
physical id	: 0
siblings	: 4
core id		: 0
cpu cores	: 2
apicid		: 1
initial apicid	: 1
fpu		: yes
fpu_exception	: yes
cpuid level	: 13
wp		: yes
flags		: fpu vme de pse tsc msr pae mce cx8 apic sep mtrr pge mca cmov pat pse36 clflush dts acpi mmx fxsr sse sse2 ss ht tm pbe syscall nx rdtscp lm constant_tsc arch_perfmon pebs bts nopl xtopology nonstop_tsc aperfmperf eagerfpu pni pclmulqdq dtes64 monitor ds_cpl vmx smx est tm2 ssse3 cx16 xtpr pdcm pcid sse4_1 sse4_2 x2apic popcnt tsc_deadline_timer aes xsave avx lahf_lm ida arat epb pln pts dtherm tpr_shadow vnmi flexpriority ept vpid xsaveopt
bugs		:
bogomips	: 4985.60
clflush size	: 64
cache_alignment	: 64
address sizes	: 36 bits physical, 48 bits virtual
power management:

processor	: 2
vendor_id	: GenuineIntel
cpu family	: 6
model		: 42
model name	: Intel(R) Core(TM) i5-2520M CPU @ 2.50GHz
stepping	: 7
microcode	: 0x25
cpu MHz		: 1977.539
cache size	: 3072 KB
physical id	: 0
siblings	: 4
core id		: 1
cpu cores	: 2
apicid		: 2
initial apicid	: 2
fpu		: yes
fpu_exception	: yes
cpuid level	: 13
wp		: yes
flags		: fpu vme de pse tsc msr pae mce cx8 apic sep mtrr pge mca cmov pat pse36 clflush dts acpi mmx fxsr sse sse2 ss ht tm pbe syscall nx rdtscp lm constant_tsc arch_perfmon pebs bts nopl xtopology nonstop_tsc aperfmperf eagerfpu pni pclmulqdq dtes64 monitor ds_cpl vmx smx est tm2 ssse3 cx16 xtpr pdcm pcid sse4_1 sse4_2 x2apic popcnt tsc_deadline_timer aes xsave avx lahf_lm ida arat epb pln pts dtherm tpr_shadow vnmi flexpriority ept vpid xsaveopt
bugs		:
bogomips	: 4985.60
clflush size	: 64
cache_alignment	: 64
address sizes	: 36 bits physical, 48 bits virtual
power management:

processor	: 3
vendor_id	: GenuineIntel
cpu family	: 6
model		: 42
model name	: Intel(R) Core(TM) i5-2520M CPU @ 2.50GHz
stepping	: 7
microcode	: 0x25
cpu MHz		: 1360.839
cache size	: 3072 KB
physical id	: 0
siblings	: 4
core id		: 1
cpu cores	: 2
apicid		: 3
initial apicid	: 3
fpu		: yes
fpu_exception	: yes
cpuid level	: 13
wp		: yes
flags		: fpu vme de pse tsc msr pae mce cx8 apic sep mtrr pge mca cmov pat pse36 clflush dts acpi mmx fxsr sse sse2 ss ht tm pbe syscall nx rdtscp lm constant_tsc arch_perfmon pebs bts nopl xtopology nonstop_tsc aperfmperf eagerfpu pni pclmulqdq dtes64 monitor ds_cpl vmx smx est tm2 ssse3 cx16 xtpr pdcm pcid sse4_1 sse4_2 x2apic popcnt tsc_deadline_timer aes xsave avx lahf_lm ida arat epb pln pts dtherm tpr_shadow vnmi flexpriority ept vpid xsaveopt
bugs		:
bogomips	: 4985.60
clflush size	: 64
cache_alignment	: 64
address sizes	: 36 bits physical, 48 bits virtual
power management:



Memory: 4k page, physical 3931796k(959896k free), swap 0k(0k free)

vm_info: OpenJDK 64-Bit Server VM (25.45-b02) for linux-amd64 JRE (1.8.0_45-b14), built on Apr 20 2015 17:04:34 by "builduser" with gcc 4.9.2 20150304 (prerelease)

time: Thu Jul 16 11:11:20 2015
elapsed time: 6 seconds (0d 0h 0m 6s)

