#
# A fatal error has been detected by the Java Runtime Environment:
#
#  SIGSEGV (0xb) at pc=0x00007f2c877c932c, pid=6703, tid=139830793430784
#
# JRE version: OpenJDK Runtime Environment (8.0_45-b14) (build 1.8.0_45-b14)
# Java VM: OpenJDK 64-Bit Server VM (25.45-b02 mixed mode linux-amd64 compressed oops)
# Problematic frame:
# C  [i965_dri.so+0x39d32c]
#
# Failed to write core dump. Core dumps have been disabled. To enable core dumping, try "ulimit -c unlimited" before starting Java again
#
# If you would like to submit a bug report, please visit:
#   http://bugreport.java.com/bugreport/crash.jsp
# The crash happened outside the Java Virtual Machine in native code.
# See problematic frame for where to report the bug.
#

---------------  T H R E A D  ---------------

Current thread (0x00007f2cdc008800):  JavaThread "main" [_thread_in_native, id=6710, stack(0x00007f2ce4b56000,0x00007f2ce4c57000)]

siginfo: si_signo: 11 (SIGSEGV), si_code: 1 (SEGV_MAPERR), si_addr: 0x0000000000000208

Registers:
RAX=0x0000000000000000, RBX=0x00007f2cdc296a50, RCX=0x0000000000000001, RDX=0x0000000000000006
RSP=0x00007f2ce4c555d0, RBP=0x00007f2cdc718778, RSI=0x00007f2cdc3eb3b0, RDI=0x00007f2cdc718778
R8 =0x0000000000000001, R9 =0x0000000000000010, R10=0x000000000000000b, R11=0x000000005f991000
R12=0x0000000000000001, R13=0x00007f2cdc3eb3b0, R14=0x00007f2cdc3eb770, R15=0x00007f2cdc296b10
RIP=0x00007f2c877c932c, EFLAGS=0x0000000000010202, CSGSFS=0x002b000000000033, ERR=0x0000000000000004
  TRAPNO=0x000000000000000e

Top of Stack: (sp=0x00007f2ce4c555d0)
0x00007f2ce4c555d0:   0000000000000000 00000000dc556aa0
0x00007f2ce4c555e0:   00007f2cdc3eb798 00007f2cdc71a0b0
0x00007f2ce4c555f0:   0000000200000002 00007f2c8756f6d8
0x00007f2ce4c55600:   0000000000000001 0000000000000000
0x00007f2ce4c55610:   00007f2cdc718778 0000000000004000
0x00007f2ce4c55620:   0000000000000000 00007f2c8781bf6b
0x00007f2ce4c55630:   00000000c4258470 0000000100000000
0x00007f2ce4c55640:   00007f2cdc718778 5ed7a5d5ef969600
0x00007f2ce4c55650:   0000000000000000 00007f2cdc718778
0x00007f2ce4c55660:   0000000000000002 0000000000000000
0x00007f2ce4c55670:   00007f2cdc3eb3b0 0000000000000002
0x00007f2ce4c55680:   00007f2cdc296b10 00007f2c8775475c
0x00007f2ce4c55690:   00ffffffdc71877c 00007f2cdc559df0
0x00007f2ce4c556a0:   00000000c4258470 00007f2ce1345e98
0x00007f2ce4c556b0:   00007f2ce4c55738 0000000000000000
0x00007f2ce4c556c0:   00007f2ce1345e98 00007f2ce4c55768
0x00007f2ce4c556d0:   00007f2cdc008800 00007f2ccd0156d4
0x00007f2ce4c556e0:   00007f2ce4c55718 00007f2ce12e2dd0
0x00007f2ce4c556f0:   0000000000000000 00007f2ce4c556f8
0x00007f2ce4c55700:   0000000000000000 00007f2ce4c55768
0x00007f2ce4c55710:   00007f2ce1362c28 0000000000000000
0x00007f2ce4c55720:   00007f2ce1345e98 0000000000000000
0x00007f2ce4c55730:   00007f2ce4c55770 00007f2ce4c55868
0x00007f2ce4c55740:   00007f2ccd40c44c 00000000ed1d0580
0x00007f2ce4c55750:   00007f2ccd00f2b8 00007f2cbde5b280
0x00007f2ce4c55760:   00000000c4256ea0 00007f2c00004100
0x00007f2ce4c55770:   00007f2ce4c557d0 00000000ecedf920
0x00007f2ce4c55780:   00007f2ccd0073d0 00000000ed1c7f40
0x00007f2ce4c55790:   00007f2ce4c55838 00007f2ccd39f634
0x00007f2ce4c557a0:   0000000000000001 00000000c4258470
0x00007f2ce4c557b0:   0000000000000000 00000000c4258470
0x00007f2ce4c557c0:   0000000000000000 00007f2ce10ad268 

Instructions: (pc=0x00007f2c877c932c)
0x00007f2c877c930c:   44 24 24 89 44 24 20 0f 84 9f 02 00 00 48 8b 83
0x00007f2c877c931c:   88 00 00 00 8b 95 c8 3f 02 00 41 bc 01 00 00 00
0x00007f2c877c932c:   8b 88 08 02 00 00 85 c9 74 0a 45 31 e4 83 fa 06
0x00007f2c877c933c:   41 0f 9e c4 80 7c 24 33 00 8b 70 14 ba 01 00 00 

Register to memory mapping:

RAX=0x0000000000000000 is an unknown value
RBX=0x00007f2cdc296a50 is an unknown value
RCX=0x0000000000000001 is an unknown value
RDX=0x0000000000000006 is an unknown value
RSP=0x00007f2ce4c555d0 is pointing into the stack for thread: 0x00007f2cdc008800
RBP=0x00007f2cdc718778 is an unknown value
RSI=0x00007f2cdc3eb3b0 is an unknown value
RDI=0x00007f2cdc718778 is an unknown value
R8 =0x0000000000000001 is an unknown value
R9 =0x0000000000000010 is an unknown value
R10=0x000000000000000b is an unknown value
R11=0x000000005f991000 is an unknown value
R12=0x0000000000000001 is an unknown value
R13=0x00007f2cdc3eb3b0 is an unknown value
R14=0x00007f2cdc3eb770 is an unknown value
R15=0x00007f2cdc296b10 is an unknown value


Stack: [0x00007f2ce4b56000,0x00007f2ce4c57000],  sp=0x00007f2ce4c555d0,  free space=1021k
Native frames: (J=compiled Java code, j=interpreted, Vv=VM code, C=native code)
C  [i965_dri.so+0x39d32c]

Java frames: (J=compiled Java code, j=interpreted, Vv=VM code)
j  org.lwjgl.opengl.GL11.nglClear(IJ)V+0
J 1100 C1 org.lwjgl.opengl.GL11.glClear(I)V (19 bytes) @ 0x00007f2ccd40c44c [0x00007f2ccd40c040+0x40c]
j  org.newdawn.slick.opengl.renderer.ImmediateModeOGLRenderer.glClear(I)V+1
j  org.newdawn.slick.GameContainer.updateAndRender(I)V+259
j  org.newdawn.slick.AppGameContainer.gameLoop()V+33
j  org.newdawn.slick.AppGameContainer.start()V+17
j  driver.Driver.main([Ljava/lang/String;)V+82
v  ~StubRoutines::call_stub

---------------  P R O C E S S  ---------------

Java Threads: ( => current thread )
  0x00007f2cdca03000 JavaThread "Thread-1" daemon [_thread_blocked, id=6730, stack(0x00007f2cbc05d000,0x00007f2cbc15e000)]
  0x00007f2cdc24a000 JavaThread "process reaper" daemon [_thread_blocked, id=6727, stack(0x00007f2ce0052000,0x00007f2ce008b000)]
  0x00007f2cdc245000 JavaThread "AWT-XAWT" daemon [_thread_in_native, id=6725, stack(0x00007f2cbedbf000,0x00007f2cbeec0000)]
  0x00007f2cdc223800 JavaThread "Java2D Disposer" daemon [_thread_blocked, id=6724, stack(0x00007f2cbf2d1000,0x00007f2cbf3d2000)]
  0x00007f2cdc0c8000 JavaThread "Service Thread" daemon [_thread_blocked, id=6722, stack(0x00007f2ccc069000,0x00007f2ccc16a000)]
  0x00007f2cdc0bb000 JavaThread "C1 CompilerThread2" daemon [_thread_blocked, id=6721, stack(0x00007f2ccc16a000,0x00007f2ccc26b000)]
  0x00007f2cdc0b9800 JavaThread "C2 CompilerThread1" daemon [_thread_blocked, id=6720, stack(0x00007f2ccc26b000,0x00007f2ccc36c000)]
  0x00007f2cdc0b6800 JavaThread "C2 CompilerThread0" daemon [_thread_blocked, id=6719, stack(0x00007f2ccc36c000,0x00007f2ccc46d000)]
  0x00007f2cdc0b5000 JavaThread "Signal Dispatcher" daemon [_thread_blocked, id=6718, stack(0x00007f2ccc46d000,0x00007f2ccc56e000)]
  0x00007f2cdc07d000 JavaThread "Finalizer" daemon [_thread_blocked, id=6717, stack(0x00007f2ccc6f7000,0x00007f2ccc7f8000)]
  0x00007f2cdc07b000 JavaThread "Reference Handler" daemon [_thread_blocked, id=6716, stack(0x00007f2ccc7f8000,0x00007f2ccc8f9000)]
=>0x00007f2cdc008800 JavaThread "main" [_thread_in_native, id=6710, stack(0x00007f2ce4b56000,0x00007f2ce4c57000)]

Other Threads:
  0x00007f2cdc076000 VMThread [stack: 0x00007f2ccc8f9000,0x00007f2ccc9fa000] [id=6715]
  0x00007f2cdc0ca800 WatcherThread [stack: 0x00007f2cc60ff000,0x00007f2cc6200000] [id=6723]

VM state:not at safepoint (normal execution)

VM Mutex/Monitor currently owned by a thread: None

Heap:
 PSYoungGen      total 17920K, used 17856K [0x00000000ec000000, 0x00000000ee300000, 0x0000000100000000)
  eden space 15360K, 100% used [0x00000000ec000000,0x00000000ecf00000,0x00000000ecf00000)
  from space 2560K, 97% used [0x00000000ed180000,0x00000000ed3f0030,0x00000000ed400000)
  to   space 2560K, 0% used [0x00000000ecf00000,0x00000000ecf00000,0x00000000ed180000)
 ParOldGen       total 40960K, used 5632K [0x00000000c4000000, 0x00000000c6800000, 0x00000000ec000000)
  object space 40960K, 13% used [0x00000000c4000000,0x00000000c45803d8,0x00000000c6800000)
 Metaspace       used 10448K, capacity 10677K, committed 10880K, reserved 1058816K
  class space    used 1033K, capacity 1093K, committed 1152K, reserved 1048576K

Card table byte_map: [0x00007f2ce1bcc000,0x00007f2ce1dad000] byte_map_base: 0x00007f2ce15ac000

Marking Bits: (ParMarkBitMap*) 0x00007f2ce3e4b680
 Begin Bits: [0x00007f2cc6200000, 0x00007f2cc7100000)
 End Bits:   [0x00007f2cc7100000, 0x00007f2cc8000000)

Polling page: 0x00007f2ce4c7f000

CodeCache: size=245760Kb used=4212Kb max_used=4212Kb free=241547Kb
 bounds [0x00007f2ccd000000, 0x00007f2ccd420000, 0x00007f2cdc000000]
 total_blobs=1708 nmethods=1119 adapters=504
 compilation: enabled

Compilation events (10 events):
Event: 5.533 Thread 0x00007f2cdc0bb000 1114       3       java.util.concurrent.locks.AbstractQueuedSynchronizer::compareAndSetWaitStatus (13 bytes)
Event: 5.534 Thread 0x00007f2cdc0bb000 nmethod 1114 0x00007f2ccd41c310 code [0x00007f2ccd41c460, 0x00007f2ccd41c5b0]
Event: 5.584 Thread 0x00007f2cdc0bb000 1115       1       org.newdawn.slick.geom.Shape::getHeight (10 bytes)
Event: 5.584 Thread 0x00007f2cdc0bb000 nmethod 1115 0x00007f2ccd3d7790 code [0x00007f2ccd3d78e0, 0x00007f2ccd3d79f0]
Event: 5.584 Thread 0x00007f2cdc0bb000 1116       1       org.newdawn.slick.geom.Shape::getWidth (10 bytes)
Event: 5.585 Thread 0x00007f2cdc0bb000 nmethod 1116 0x00007f2ccd41c050 code [0x00007f2ccd41c1a0, 0x00007f2ccd41c2b0]
Event: 5.633 Thread 0x00007f2cdc0bb000 1117       3       java.util.concurrent.locks.AbstractQueuedSynchronizer::shouldParkAfterFailedAcquire (50 bytes)
Event: 5.633 Thread 0x00007f2cdc0bb000 nmethod 1117 0x00007f2ccd41f7d0 code [0x00007f2ccd41f960, 0x00007f2ccd41fc90]
Event: 5.634 Thread 0x00007f2cdc0bb000 1118       3       java.util.concurrent.locks.LockSupport::setBlocker (12 bytes)
Event: 5.634 Thread 0x00007f2cdc0bb000 nmethod 1118 0x00007f2ccd41b9d0 code [0x00007f2ccd41bb20, 0x00007f2ccd41bc70]

GC Heap History (4 events):
Event: 0.645 GC heap before
{Heap before GC invocations=1 (full 0):
 PSYoungGen      total 17920K, used 15360K [0x00000000ec000000, 0x00000000ed400000, 0x0000000100000000)
  eden space 15360K, 100% used [0x00000000ec000000,0x00000000ecf00000,0x00000000ecf00000)
  from space 2560K, 0% used [0x00000000ed180000,0x00000000ed180000,0x00000000ed400000)
  to   space 2560K, 0% used [0x00000000ecf00000,0x00000000ecf00000,0x00000000ed180000)
 ParOldGen       total 40960K, used 0K [0x00000000c4000000, 0x00000000c6800000, 0x00000000ec000000)
  object space 40960K, 0% used [0x00000000c4000000,0x00000000c4000000,0x00000000c6800000)
 Metaspace       used 9964K, capacity 10133K, committed 10368K, reserved 1058816K
  class space    used 1000K, capacity 1061K, committed 1152K, reserved 1048576K
Event: 0.652 GC heap after
Heap after GC invocations=1 (full 0):
 PSYoungGen      total 17920K, used 2544K [0x00000000ec000000, 0x00000000ed400000, 0x0000000100000000)
  eden space 15360K, 0% used [0x00000000ec000000,0x00000000ec000000,0x00000000ecf00000)
  from space 2560K, 99% used [0x00000000ecf00000,0x00000000ed17c020,0x00000000ed180000)
  to   space 2560K, 0% used [0x00000000ed180000,0x00000000ed180000,0x00000000ed400000)
 ParOldGen       total 40960K, used 3576K [0x00000000c4000000, 0x00000000c6800000, 0x00000000ec000000)
  object space 40960K, 8% used [0x00000000c4000000,0x00000000c437e3b8,0x00000000c6800000)
 Metaspace       used 9964K, capacity 10133K, committed 10368K, reserved 1058816K
  class space    used 1000K, capacity 1061K, committed 1152K, reserved 1048576K
}
Event: 0.710 GC heap before
{Heap before GC invocations=2 (full 0):
 PSYoungGen      total 17920K, used 17904K [0x00000000ec000000, 0x00000000ed400000, 0x0000000100000000)
  eden space 15360K, 100% used [0x00000000ec000000,0x00000000ecf00000,0x00000000ecf00000)
  from space 2560K, 99% used [0x00000000ecf00000,0x00000000ed17c020,0x00000000ed180000)
  to   space 2560K, 0% used [0x00000000ed180000,0x00000000ed180000,0x00000000ed400000)
 ParOldGen       total 40960K, used 3576K [0x00000000c4000000, 0x00000000c6800000, 0x00000000ec000000)
  object space 40960K, 8% used [0x00000000c4000000,0x00000000c437e3b8,0x00000000c6800000)
 Metaspace       used 9989K, capacity 10133K, committed 10368K, reserved 1058816K
  class space    used 1000K, capacity 1061K, committed 1152K, reserved 1048576K
Event: 0.714 GC heap after
Heap after GC invocations=2 (full 0):
 PSYoungGen      total 17920K, used 2496K [0x00000000ec000000, 0x00000000ee300000, 0x0000000100000000)
  eden space 15360K, 0% used [0x00000000ec000000,0x00000000ec000000,0x00000000ecf00000)
  from space 2560K, 97% used [0x00000000ed180000,0x00000000ed3f0030,0x00000000ed400000)
  to   space 2560K, 0% used [0x00000000ecf00000,0x00000000ecf00000,0x00000000ed180000)
 ParOldGen       total 40960K, used 5632K [0x00000000c4000000, 0x00000000c6800000, 0x00000000ec000000)
  object space 40960K, 13% used [0x00000000c4000000,0x00000000c45803d8,0x00000000c6800000)
 Metaspace       used 9989K, capacity 10133K, committed 10368K, reserved 1058816K
  class space    used 1000K, capacity 1061K, committed 1152K, reserved 1048576K
}

Deoptimization events (10 events):
Event: 0.512 Thread 0x00007f2cdc008800 Uncommon trap: reason=unstable_if action=reinterpret pc=0x00007f2ccd1bf554 method=java.lang.String.indexOf([CII[CIII)I @ 3
Event: 0.612 Thread 0x00007f2cdc008800 Uncommon trap: reason=unstable_if action=reinterpret pc=0x00007f2ccd2b8d34 method=sun.java2d.loops.GraphicsPrimitiveMgr.locate(Lsun/java2d/loops/GraphicsPrimitiveMgr$PrimitiveSpec;)Lsun/java2d/loops/GraphicsPrimitive; @ 85
Event: 1.853 Thread 0x00007f2cdc008800 Uncommon trap: reason=unstable_if action=reinterpret pc=0x00007f2ccd3692f8 method=org.newdawn.slick.geom.NeatTriangulator.addEdge(III)V @ 22
Event: 1.857 Thread 0x00007f2cdc008800 Uncommon trap: reason=class_check action=maybe_recompile pc=0x00007f2ccd35ddec method=org.newdawn.slick.geom.Shape.checkPoints()V @ 8
Event: 1.857 Thread 0x00007f2cdc008800 Uncommon trap: reason=unstable_if action=reinterpret pc=0x00007f2ccd369f64 method=org.newdawn.slick.geom.Shape.calculateTriangles()V @ 117
Event: 1.858 Thread 0x00007f2cdc008800 Uncommon trap: reason=class_check action=maybe_recompile pc=0x00007f2ccd35ddec method=org.newdawn.slick.geom.Shape.checkPoints()V @ 8
Event: 1.858 Thread 0x00007f2cdc008800 Uncommon trap: reason=class_check action=maybe_recompile pc=0x00007f2ccd35ddec method=org.newdawn.slick.geom.Shape.checkPoints()V @ 8
Event: 1.858 Thread 0x00007f2cdc008800 Uncommon trap: reason=class_check action=maybe_recompile pc=0x00007f2ccd35ddec method=org.newdawn.slick.geom.Shape.checkPoints()V @ 8
Event: 3.986 Thread 0x00007f2cdc008800 Uncommon trap: reason=bimorphic action=maybe_recompile pc=0x00007f2ccd36dc7c method=org.newdawn.slick.geom.Shape.checkPoints()V @ 8
Event: 5.017 Thread 0x00007f2cdc008800 Uncommon trap: reason=bimorphic action=maybe_recompile pc=0x00007f2ccd36dc7c method=org.newdawn.slick.geom.Shape.checkPoints()V @ 8

Internal exceptions (10 events):
Event: 0.657 Thread 0x00007f2cdca03000 Exception <a 'java/io/IOException'> (0x00000000ec109370) thrown at [/build/java8-openjdk/src/jdk8u-jdk8u45-b14/hotspot/src/share/vm/prims/jni.cpp, line 709]
Event: 0.657 Thread 0x00007f2cdca03000 Exception <a 'java/io/IOException'> (0x00000000ec109580) thrown at [/build/java8-openjdk/src/jdk8u-jdk8u45-b14/hotspot/src/share/vm/prims/jni.cpp, line 709]
Event: 0.657 Thread 0x00007f2cdca03000 Exception <a 'java/io/IOException'> (0x00000000ec109790) thrown at [/build/java8-openjdk/src/jdk8u-jdk8u45-b14/hotspot/src/share/vm/prims/jni.cpp, line 709]
Event: 0.657 Thread 0x00007f2cdca03000 Exception <a 'java/io/IOException'> (0x00000000ec1099a0) thrown at [/build/java8-openjdk/src/jdk8u-jdk8u45-b14/hotspot/src/share/vm/prims/jni.cpp, line 709]
Event: 0.657 Thread 0x00007f2cdca03000 Exception <a 'java/io/IOException'> (0x00000000ec109bb0) thrown at [/build/java8-openjdk/src/jdk8u-jdk8u45-b14/hotspot/src/share/vm/prims/jni.cpp, line 709]
Event: 0.657 Thread 0x00007f2cdca03000 Exception <a 'java/io/IOException'> (0x00000000ec109dc0) thrown at [/build/java8-openjdk/src/jdk8u-jdk8u45-b14/hotspot/src/share/vm/prims/jni.cpp, line 709]
Event: 0.658 Thread 0x00007f2cdca03000 Exception <a 'java/io/IOException'> (0x00000000ec109fd0) thrown at [/build/java8-openjdk/src/jdk8u-jdk8u45-b14/hotspot/src/share/vm/prims/jni.cpp, line 709]
Event: 0.658 Thread 0x00007f2cdca03000 Exception <a 'java/io/IOException'> (0x00000000ec10a1e0) thrown at [/build/java8-openjdk/src/jdk8u-jdk8u45-b14/hotspot/src/share/vm/prims/jni.cpp, line 709]
Event: 0.658 Thread 0x00007f2cdca03000 Exception <a 'java/io/IOException'> (0x00000000ec10a3f0) thrown at [/build/java8-openjdk/src/jdk8u-jdk8u45-b14/hotspot/src/share/vm/prims/jni.cpp, line 709]
Event: 0.725 Thread 0x00007f2cdc008800 Exception <a 'java/lang/ArrayIndexOutOfBoundsException': 6> (0x00000000ec193a40) thrown at [/build/java8-openjdk/src/jdk8u-jdk8u45-b14/hotspot/src/share/vm/interpreter/interpreterRuntime.cpp, line 366]

Events (10 events):
Event: 3.985 loading class entities/Bullet
Event: 3.985 loading class entities/Bullet done
Event: 3.986 Thread 0x00007f2cdc008800 Uncommon trap: trap_request=0xffffffc6 fr.pc=0x00007f2ccd36dc7c
Event: 3.986 Thread 0x00007f2cdc008800 DEOPT PACKING pc=0x00007f2ccd36dc7c sp=0x00007f2ce4c554a0
Event: 3.986 Thread 0x00007f2cdc008800 DEOPT UNPACKING pc=0x00007f2ccd004f69 sp=0x00007f2ce4c55470 mode 2
Event: 4.059 Executing VM operation: EnableBiasedLocking
Event: 4.059 Executing VM operation: EnableBiasedLocking done
Event: 5.017 Thread 0x00007f2cdc008800 Uncommon trap: trap_request=0xffffffc6 fr.pc=0x00007f2ccd36dc7c
Event: 5.017 Thread 0x00007f2cdc008800 DEOPT PACKING pc=0x00007f2ccd36dc7c sp=0x00007f2ce4c554a0
Event: 5.017 Thread 0x00007f2cdc008800 DEOPT UNPACKING pc=0x00007f2ccd004f69 sp=0x00007f2ce4c55470 mode 2


Dynamic libraries:
00400000-00401000 r-xp 00000000 08:01 11156087                           /usr/lib/jvm/java-8-openjdk/jre/bin/java
00600000-00601000 rw-p 00000000 08:01 11156087                           /usr/lib/jvm/java-8-openjdk/jre/bin/java
0156e000-0158f000 rw-p 00000000 00:00 0                                  [heap]
c4000000-c6800000 rw-p 00000000 00:00 0 
c6800000-ec000000 ---p 00000000 00:00 0 
ec000000-ee300000 rw-p 00000000 00:00 0 
ee300000-100000000 ---p 00000000 00:00 0 
100000000-100120000 rw-p 00000000 00:00 0 
100120000-140000000 ---p 00000000 00:00 0 
7f2c7c000000-7f2c7c021000 rw-p 00000000 00:00 0 
7f2c7c021000-7f2c80000000 ---p 00000000 00:00 0 
7f2c80000000-7f2c80021000 rw-p 00000000 00:00 0 
7f2c80021000-7f2c84000000 ---p 00000000 00:00 0 
7f2c84895000-7f2c84995000 rw-s 00000000 00:05 134867                     /drm mm object (deleted)
7f2c84995000-7f2c84a96000 rw-p 00000000 00:00 0 
7f2c84a96000-7f2c84a9b000 r-xp 00000000 08:01 10226819                   /usr/lib/libnss_dns-2.21.so
7f2c84a9b000-7f2c84c9a000 ---p 00005000 08:01 10226819                   /usr/lib/libnss_dns-2.21.so
7f2c84c9a000-7f2c84c9b000 r--p 00004000 08:01 10226819                   /usr/lib/libnss_dns-2.21.so
7f2c84c9b000-7f2c84c9c000 rw-p 00005000 08:01 10226819                   /usr/lib/libnss_dns-2.21.so
7f2c84c9c000-7f2c84e1c000 rw-p 00000000 00:00 0 
7f2c84e1c000-7f2c84e9c000 ---p 00000000 00:00 0 
7f2c84e9c000-7f2c84eb2000 r-xp 00000000 08:01 11156057                   /usr/lib/jvm/java-8-openjdk/jre/lib/amd64/libnet.so
7f2c84eb2000-7f2c850b2000 ---p 00016000 08:01 11156057                   /usr/lib/jvm/java-8-openjdk/jre/lib/amd64/libnet.so
7f2c850b2000-7f2c850b3000 rw-p 00016000 08:01 11156057                   /usr/lib/jvm/java-8-openjdk/jre/lib/amd64/libnet.so
7f2c850b3000-7f2c850c4000 r-xp 00000000 08:01 11156068                   /usr/lib/jvm/java-8-openjdk/jre/lib/amd64/libnio.so
7f2c850c4000-7f2c852c3000 ---p 00011000 08:01 11156068                   /usr/lib/jvm/java-8-openjdk/jre/lib/amd64/libnio.so
7f2c852c3000-7f2c852c4000 rw-p 00010000 08:01 11156068                   /usr/lib/jvm/java-8-openjdk/jre/lib/amd64/libnio.so
7f2c852c4000-7f2c852c7000 r-xp 00000000 08:01 16385621                   /home/michael/workspace/Slick2D-Project/lwjgl-2.9.3/native/linux/libjinput-linux64.so
7f2c852c7000-7f2c854c6000 ---p 00003000 08:01 16385621                   /home/michael/workspace/Slick2D-Project/lwjgl-2.9.3/native/linux/libjinput-linux64.so
7f2c854c6000-7f2c854c7000 r--p 00002000 08:01 16385621                   /home/michael/workspace/Slick2D-Project/lwjgl-2.9.3/native/linux/libjinput-linux64.so
7f2c854c7000-7f2c854c8000 rw-p 00003000 08:01 16385621                   /home/michael/workspace/Slick2D-Project/lwjgl-2.9.3/native/linux/libjinput-linux64.so
7f2c854c8000-7f2c86666000 rw-p 00000000 00:00 0 
7f2c86666000-7f2c8666a000 r-xp 00000000 08:01 10248003                   /usr/lib/libtxc_dxtn.so
7f2c8666a000-7f2c86869000 ---p 00004000 08:01 10248003                   /usr/lib/libtxc_dxtn.so
7f2c86869000-7f2c8686a000 r--p 00003000 08:01 10248003                   /usr/lib/libtxc_dxtn.so
7f2c8686a000-7f2c8686b000 rw-p 00004000 08:01 10248003                   /usr/lib/libtxc_dxtn.so
7f2c8686b000-7f2c86873000 r-xp 00000000 08:01 10247759                   /usr/lib/libpciaccess.so.0.11.1
7f2c86873000-7f2c86a73000 ---p 00008000 08:01 10247759                   /usr/lib/libpciaccess.so.0.11.1
7f2c86a73000-7f2c86a74000 r--p 00008000 08:01 10247759                   /usr/lib/libpciaccess.so.0.11.1
7f2c86a74000-7f2c86a75000 rw-p 00009000 08:01 10247759                   /usr/lib/libpciaccess.so.0.11.1
7f2c86a75000-7f2c86be7000 r-xp 00000000 08:01 10227159                   /usr/lib/libstdc++.so.6.0.21
7f2c86be7000-7f2c86de7000 ---p 00172000 08:01 10227159                   /usr/lib/libstdc++.so.6.0.21
7f2c86de7000-7f2c86df1000 r--p 00172000 08:01 10227159                   /usr/lib/libstdc++.so.6.0.21
7f2c86df1000-7f2c86df3000 rw-p 0017c000 08:01 10227159                   /usr/lib/libstdc++.so.6.0.21
7f2c86df3000-7f2c86df7000 rw-p 00000000 00:00 0 
7f2c86df7000-7f2c86e02000 r-xp 00000000 08:01 10247779                   /usr/lib/libdrm_radeon.so.1.0.1
7f2c86e02000-7f2c87001000 ---p 0000b000 08:01 10247779                   /usr/lib/libdrm_radeon.so.1.0.1
7f2c87001000-7f2c87002000 r--p 0000a000 08:01 10247779                   /usr/lib/libdrm_radeon.so.1.0.1
7f2c87002000-7f2c87003000 rw-p 0000b000 08:01 10247779                   /usr/lib/libdrm_radeon.so.1.0.1
7f2c87003000-7f2c87009000 r-xp 00000000 08:01 10247778                   /usr/lib/libdrm_nouveau.so.2.0.0
7f2c87009000-7f2c87208000 ---p 00006000 08:01 10247778                   /usr/lib/libdrm_nouveau.so.2.0.0
7f2c87208000-7f2c87209000 r--p 00005000 08:01 10247778                   /usr/lib/libdrm_nouveau.so.2.0.0
7f2c87209000-7f2c8720a000 rw-p 00006000 08:01 10247778                   /usr/lib/libdrm_nouveau.so.2.0.0
7f2c8720a000-7f2c8722b000 r-xp 00000000 08:01 10247777                   /usr/lib/libdrm_intel.so.1.0.0
7f2c8722b000-7f2c8742a000 ---p 00021000 08:01 10247777                   /usr/lib/libdrm_intel.so.1.0.0
7f2c8742a000-7f2c8742b000 r--p 00020000 08:01 10247777                   /usr/lib/libdrm_intel.so.1.0.0
7f2c8742b000-7f2c8742c000 rw-p 00021000 08:01 10247777                   /usr/lib/libdrm_intel.so.1.0.0
7f2c8742c000-7f2c879bf000 r-xp 00000000 08:01 10751843                   /usr/lib/xorg/modules/dri/i965_dri.so
7f2c879bf000-7f2c87bbe000 ---p 00593000 08:01 10751843                   /usr/lib/xorg/modules/dri/i965_dri.so
7f2c87bbe000-7f2c87be9000 r--p 00592000 08:01 10751843                   /usr/lib/xorg/modules/dri/i965_dri.so
7f2c87be9000-7f2c87bef000 rw-p 005bd000 08:01 10751843                   /usr/lib/xorg/modules/dri/i965_dri.so
7f2c87bef000-7f2c87bf7000 rw-p 00000000 00:00 0 
7f2c87bf7000-7f2c87bfb000 r-xp 00000000 08:01 10229889                   /usr/lib/libattr.so.1.1.0
7f2c87bfb000-7f2c87dfa000 ---p 00004000 08:01 10229889                   /usr/lib/libattr.so.1.1.0
7f2c87dfa000-7f2c87dfb000 r--p 00003000 08:01 10229889                   /usr/lib/libattr.so.1.1.0
7f2c87dfb000-7f2c87dfc000 rw-p 00004000 08:01 10229889                   /usr/lib/libattr.so.1.1.0
7f2c87dfc000-7f2c87e00000 r-xp 00000000 08:01 10230035                   /usr/lib/libcap.so.2.24
7f2c87e00000-7f2c87fff000 ---p 00004000 08:01 10230035                   /usr/lib/libcap.so.2.24
7f2c87fff000-7f2c88000000 rw-p 00003000 08:01 10230035                   /usr/lib/libcap.so.2.24
7f2c88000000-7f2c88021000 rw-p 00000000 00:00 0 
7f2c88021000-7f2c8c000000 ---p 00000000 00:00 0 
7f2c8c000000-7f2c8c021000 rw-p 00000000 00:00 0 
7f2c8c021000-7f2c90000000 ---p 00000000 00:00 0 
7f2c90000000-7f2c90021000 rw-p 00000000 00:00 0 
7f2c90021000-7f2c94000000 ---p 00000000 00:00 0 
7f2c94000000-7f2c94021000 rw-p 00000000 00:00 0 
7f2c94021000-7f2c98000000 ---p 00000000 00:00 0 
7f2c98000000-7f2c983cf000 rw-p 00000000 00:00 0 
7f2c983cf000-7f2c9c000000 ---p 00000000 00:00 0 
7f2c9c000000-7f2c9c371000 rw-p 00000000 00:00 0 
7f2c9c371000-7f2ca0000000 ---p 00000000 00:00 0 
7f2ca0000000-7f2ca0021000 rw-p 00000000 00:00 0 
7f2ca0021000-7f2ca4000000 ---p 00000000 00:00 0 
7f2ca4000000-7f2ca44c4000 rw-p 00000000 00:00 0 
7f2ca44c4000-7f2ca8000000 ---p 00000000 00:00 0 
7f2ca8000000-7f2ca8021000 rw-p 00000000 00:00 0 
7f2ca8021000-7f2cac000000 ---p 00000000 00:00 0 
7f2cac000000-7f2cac021000 rw-p 00000000 00:00 0 
7f2cac021000-7f2cb0000000 ---p 00000000 00:00 0 
7f2cb0000000-7f2cb0021000 rw-p 00000000 00:00 0 
7f2cb0021000-7f2cb4000000 ---p 00000000 00:00 0 
7f2cb4000000-7f2cb4021000 rw-p 00000000 00:00 0 
7f2cb4021000-7f2cb8000000 ---p 00000000 00:00 0 
7f2cb8000000-7f2cb8021000 rw-p 00000000 00:00 0 
7f2cb8021000-7f2cbc000000 ---p 00000000 00:00 0 
7f2cbc05d000-7f2cbc060000 ---p 00000000 00:00 0 
7f2cbc060000-7f2cbc15e000 rw-p 00000000 00:00 0                          [stack:6730]
7f2cbc15e000-7f2cbc1d2000 rw-p 00000000 00:00 0 
7f2cbc1d2000-7f2cbc1e6000 r-xp 00000000 08:01 10226773                   /usr/lib/libresolv-2.21.so
7f2cbc1e6000-7f2cbc3e5000 ---p 00014000 08:01 10226773                   /usr/lib/libresolv-2.21.so
7f2cbc3e5000-7f2cbc3e6000 r--p 00013000 08:01 10226773                   /usr/lib/libresolv-2.21.so
7f2cbc3e6000-7f2cbc3e7000 rw-p 00014000 08:01 10226773                   /usr/lib/libresolv-2.21.so
7f2cbc3e7000-7f2cbc3e9000 rw-p 00000000 00:00 0 
7f2cbc3e9000-7f2cbc3f6000 r-xp 00000000 08:01 10247772                   /usr/lib/libdrm.so.2.4.0
7f2cbc3f6000-7f2cbc5f5000 ---p 0000d000 08:01 10247772                   /usr/lib/libdrm.so.2.4.0
7f2cbc5f5000-7f2cbc5f6000 r--p 0000c000 08:01 10247772                   /usr/lib/libdrm.so.2.4.0
7f2cbc5f6000-7f2cbc5f7000 rw-p 0000d000 08:01 10247772                   /usr/lib/libdrm.so.2.4.0
7f2cbc5f7000-7f2cbc5f8000 r-xp 00000000 08:01 10247936                   /usr/lib/libxshmfence.so.1.0.0
7f2cbc5f8000-7f2cbc7f8000 ---p 00001000 08:01 10247936                   /usr/lib/libxshmfence.so.1.0.0
7f2cbc7f8000-7f2cbc7f9000 r--p 00001000 08:01 10247936                   /usr/lib/libxshmfence.so.1.0.0
7f2cbc7f9000-7f2cbc7fa000 rw-p 00002000 08:01 10247936                   /usr/lib/libxshmfence.so.1.0.0
7f2cbc7fa000-7f2cbc7ff000 r-xp 00000000 08:01 10246497                   /usr/lib/libxcb-sync.so.1.0.0
7f2cbc7ff000-7f2cbc9ff000 ---p 00005000 08:01 10246497                   /usr/lib/libxcb-sync.so.1.0.0
7f2cbc9ff000-7f2cbca00000 r--p 00005000 08:01 10246497                   /usr/lib/libxcb-sync.so.1.0.0
7f2cbca00000-7f2cbca01000 rw-p 00006000 08:01 10246497                   /usr/lib/libxcb-sync.so.1.0.0
7f2cbca01000-7f2cbca04000 r-xp 00000000 08:01 10246466                   /usr/lib/libxcb-shape.so.0.0.0
7f2cbca04000-7f2cbcc03000 ---p 00003000 08:01 10246466                   /usr/lib/libxcb-shape.so.0.0.0
7f2cbcc03000-7f2cbcc04000 r--p 00002000 08:01 10246466                   /usr/lib/libxcb-shape.so.0.0.0
7f2cbcc04000-7f2cbcc05000 rw-p 00003000 08:01 10246466                   /usr/lib/libxcb-shape.so.0.0.0
7f2cbcc05000-7f2cbcc0e000 r-xp 00000000 08:01 10246451                   /usr/lib/libxcb-render.so.0.0.0
7f2cbcc0e000-7f2cbce0d000 ---p 00009000 08:01 10246451                   /usr/lib/libxcb-render.so.0.0.0
7f2cbce0d000-7f2cbce0e000 r--p 00008000 08:01 10246451                   /usr/lib/libxcb-render.so.0.0.0
7f2cbce0e000-7f2cbce0f000 rw-p 00009000 08:01 10246451                   /usr/lib/libxcb-render.so.0.0.0
7f2cbce0f000-7f2cbce15000 r-xp 00000000 08:01 10246448                   /usr/lib/libxcb-xfixes.so.0.0.0
7f2cbce15000-7f2cbd015000 ---p 00006000 08:01 10246448                   /usr/lib/libxcb-xfixes.so.0.0.0
7f2cbd015000-7f2cbd016000 r--p 00006000 08:01 10246448                   /usr/lib/libxcb-xfixes.so.0.0.0
7f2cbd016000-7f2cbd017000 rw-p 00007000 08:01 10246448                   /usr/lib/libxcb-xfixes.so.0.0.0
7f2cbd017000-7f2cbd024000 r-xp 00000000 08:01 10246505                   /usr/lib/libxcb-randr.so.0.1.0
7f2cbd024000-7f2cbd223000 ---p 0000d000 08:01 10246505                   /usr/lib/libxcb-randr.so.0.1.0
7f2cbd223000-7f2cbd224000 r--p 0000c000 08:01 10246505                   /usr/lib/libxcb-randr.so.0.1.0
7f2cbd224000-7f2cbd225000 rw-p 0000d000 08:01 10246505                   /usr/lib/libxcb-randr.so.0.1.0
7f2cbd225000-7f2cbd227000 r-xp 00000000 08:01 10246484                   /usr/lib/libxcb-present.so.0.0.0
7f2cbd227000-7f2cbd426000 ---p 00002000 08:01 10246484                   /usr/lib/libxcb-present.so.0.0.0
7f2cbd426000-7f2cbd427000 r--p 00001000 08:01 10246484                   /usr/lib/libxcb-present.so.0.0.0
7f2cbd427000-7f2cbd428000 rw-p 00002000 08:01 10246484                   /usr/lib/libxcb-present.so.0.0.0
7f2cbd428000-7f2cbd42a000 r-xp 00000000 08:01 10246456                   /usr/lib/libxcb-dri3.so.0.0.0
7f2cbd42a000-7f2cbd629000 ---p 00002000 08:01 10246456                   /usr/lib/libxcb-dri3.so.0.0.0
7f2cbd629000-7f2cbd62a000 r--p 00001000 08:01 10246456                   /usr/lib/libxcb-dri3.so.0.0.0
7f2cbd62a000-7f2cbd62b000 rw-p 00002000 08:01 10246456                   /usr/lib/libxcb-dri3.so.0.0.0
7f2cbd62b000-7f2cbd62f000 r-xp 00000000 08:01 10246481                   /usr/lib/libxcb-dri2.so.0.0.0
7f2cbd62f000-7f2cbd82e000 ---p 00004000 08:01 10246481                   /usr/lib/libxcb-dri2.so.0.0.0
7f2cbd82e000-7f2cbd82f000 r--p 00003000 08:01 10246481                   /usr/lib/libxcb-dri2.so.0.0.0
7f2cbd82f000-7f2cbd830000 rw-p 00004000 08:01 10246481                   /usr/lib/libxcb-dri2.so.0.0.0
7f2cbd830000-7f2cbd847000 r-xp 00000000 08:01 10246455                   /usr/lib/libxcb-glx.so.0.0.0
7f2cbd847000-7f2cbda47000 ---p 00017000 08:01 10246455                   /usr/lib/libxcb-glx.so.0.0.0
7f2cbda47000-7f2cbda49000 r--p 00017000 08:01 10246455                   /usr/lib/libxcb-glx.so.0.0.0
7f2cbda49000-7f2cbda4a000 rw-p 00019000 08:01 10246455                   /usr/lib/libxcb-glx.so.0.0.0
7f2cbda4a000-7f2cbda4b000 r-xp 00000000 08:01 10246551                   /usr/lib/libX11-xcb.so.1.0.0
7f2cbda4b000-7f2cbdc4a000 ---p 00001000 08:01 10246551                   /usr/lib/libX11-xcb.so.1.0.0
7f2cbdc4a000-7f2cbdc4b000 r--p 00000000 08:01 10246551                   /usr/lib/libX11-xcb.so.1.0.0
7f2cbdc4b000-7f2cbdc4c000 rw-p 00001000 08:01 10246551                   /usr/lib/libX11-xcb.so.1.0.0
7f2cbdc4c000-7f2cbdc4e000 r-xp 00000000 08:01 10247932                   /usr/lib/libXdamage.so.1.1.0
7f2cbdc4e000-7f2cbde4d000 ---p 00002000 08:01 10247932                   /usr/lib/libXdamage.so.1.1.0
7f2cbde4d000-7f2cbde4e000 r--p 00001000 08:01 10247932                   /usr/lib/libXdamage.so.1.1.0
7f2cbde4e000-7f2cbde4f000 rw-p 00002000 08:01 10247932                   /usr/lib/libXdamage.so.1.1.0
7f2cbde4f000-7f2cbde77000 r-xp 00000000 08:01 10248059                   /usr/lib/libglapi.so.0.0.0
7f2cbde77000-7f2cbe077000 ---p 00028000 08:01 10248059                   /usr/lib/libglapi.so.0.0.0
7f2cbe077000-7f2cbe07b000 r--p 00028000 08:01 10248059                   /usr/lib/libglapi.so.0.0.0
7f2cbe07b000-7f2cbe07c000 rw-p 0002c000 08:01 10248059                   /usr/lib/libglapi.so.0.0.0
7f2cbe07c000-7f2cbe07d000 rw-p 00000000 00:00 0 
7f2cbe07d000-7f2cbe0a4000 r-xp 00000000 08:01 10233727                   /usr/lib/libexpat.so.1.6.0
7f2cbe0a4000-7f2cbe2a3000 ---p 00027000 08:01 10233727                   /usr/lib/libexpat.so.1.6.0
7f2cbe2a3000-7f2cbe2a6000 r--p 00026000 08:01 10233727                   /usr/lib/libexpat.so.1.6.0
7f2cbe2a6000-7f2cbe2a7000 rw-p 00029000 08:01 10233727                   /usr/lib/libexpat.so.1.6.0
7f2cbe2a7000-7f2cbe33b000 r-xp 00000000 08:01 10751836                   /usr/lib/mesa/libGL.so.1.2.0
7f2cbe33b000-7f2cbe53a000 ---p 00094000 08:01 10751836                   /usr/lib/mesa/libGL.so.1.2.0
7f2cbe53a000-7f2cbe53d000 r--p 00093000 08:01 10751836                   /usr/lib/mesa/libGL.so.1.2.0
7f2cbe53d000-7f2cbe53e000 rw-p 00096000 08:01 10751836                   /usr/lib/mesa/libGL.so.1.2.0
7f2cbe53e000-7f2cbe53f000 rw-p 00000000 00:00 0 
7f2cbe53f000-7f2cbe544000 r-xp 00000000 08:01 10247921                   /usr/lib/libXxf86vm.so.1.0.0
7f2cbe544000-7f2cbe743000 ---p 00005000 08:01 10247921                   /usr/lib/libXxf86vm.so.1.0.0
7f2cbe743000-7f2cbe744000 r--p 00004000 08:01 10247921                   /usr/lib/libXxf86vm.so.1.0.0
7f2cbe744000-7f2cbe745000 rw-p 00005000 08:01 10247921                   /usr/lib/libXxf86vm.so.1.0.0
7f2cbe745000-7f2cbe74f000 r-xp 00000000 08:01 10248858                   /usr/lib/libXrandr.so.2.2.0
7f2cbe74f000-7f2cbe94e000 ---p 0000a000 08:01 10248858                   /usr/lib/libXrandr.so.2.2.0
7f2cbe94e000-7f2cbe94f000 r--p 00009000 08:01 10248858                   /usr/lib/libXrandr.so.2.2.0
7f2cbe94f000-7f2cbe950000 rw-p 0000a000 08:01 10248858                   /usr/lib/libXrandr.so.2.2.0
7f2cbe950000-7f2cbe9bc000 r-xp 00000000 08:01 16385623                   /home/michael/workspace/Slick2D-Project/lwjgl-2.9.3/native/linux/liblwjgl64.so
7f2cbe9bc000-7f2cbebbb000 ---p 0006c000 08:01 16385623                   /home/michael/workspace/Slick2D-Project/lwjgl-2.9.3/native/linux/liblwjgl64.so
7f2cbebbb000-7f2cbebbd000 r--p 0006b000 08:01 16385623                   /home/michael/workspace/Slick2D-Project/lwjgl-2.9.3/native/linux/liblwjgl64.so
7f2cbebbd000-7f2cbebbe000 rw-p 0006d000 08:01 16385623                   /home/michael/workspace/Slick2D-Project/lwjgl-2.9.3/native/linux/liblwjgl64.so
7f2cbebbe000-7f2cbebbf000 r-xp 00000000 08:01 11156074                   /usr/lib/jvm/java-8-openjdk/jre/lib/amd64/libjawt.so
7f2cbebbf000-7f2cbedbe000 ---p 00001000 08:01 11156074                   /usr/lib/jvm/java-8-openjdk/jre/lib/amd64/libjawt.so
7f2cbedbe000-7f2cbedbf000 rw-p 00000000 08:01 11156074                   /usr/lib/jvm/java-8-openjdk/jre/lib/amd64/libjawt.so
7f2cbedbf000-7f2cbedc2000 ---p 00000000 00:00 0 
7f2cbedc2000-7f2cbeec0000 rw-p 00000000 00:00 0                          [stack:6725]
7f2cbeec0000-7f2cbeec5000 r-xp 00000000 08:01 10247926                   /usr/lib/libXfixes.so.3.1.0
7f2cbeec5000-7f2cbf0c4000 ---p 00005000 08:01 10247926                   /usr/lib/libXfixes.so.3.1.0
7f2cbf0c4000-7f2cbf0c5000 r--p 00004000 08:01 10247926                   /usr/lib/libXfixes.so.3.1.0
7f2cbf0c5000-7f2cbf0c6000 rw-p 00005000 08:01 10247926                   /usr/lib/libXfixes.so.3.1.0
7f2cbf0c6000-7f2cbf0d0000 r-xp 00000000 08:01 10248828                   /usr/lib/libXcursor.so.1.0.2
7f2cbf0d0000-7f2cbf2cf000 ---p 0000a000 08:01 10248828                   /usr/lib/libXcursor.so.1.0.2
7f2cbf2cf000-7f2cbf2d0000 r--p 00009000 08:01 10248828                   /usr/lib/libXcursor.so.1.0.2
7f2cbf2d0000-7f2cbf2d1000 rw-p 0000a000 08:01 10248828                   /usr/lib/libXcursor.so.1.0.2
7f2cbf2d1000-7f2cbf2d4000 ---p 00000000 00:00 0 
7f2cbf2d4000-7f2cbf3d2000 rw-p 00000000 00:00 0                          [stack:6724]
7f2cbf3d2000-7f2cbf440000 r-xp 00000000 08:01 10233756                   /usr/lib/libpcre.so.1.2.5
7f2cbf440000-7f2cbf640000 ---p 0006e000 08:01 10233756                   /usr/lib/libpcre.so.1.2.5
7f2cbf640000-7f2cbf641000 r--p 0006e000 08:01 10233756                   /usr/lib/libpcre.so.1.2.5
7f2cbf641000-7f2cbf642000 rw-p 0006f000 08:01 10233756                   /usr/lib/libpcre.so.1.2.5
7f2cbf642000-7f2cbf65e000 r-xp 00000000 08:01 10247519                   /usr/lib/libgraphite2.so.3.0.1
7f2cbf65e000-7f2cbf85d000 ---p 0001c000 08:01 10247519                   /usr/lib/libgraphite2.so.3.0.1
7f2cbf85d000-7f2cbf85f000 r--p 0001b000 08:01 10247519                   /usr/lib/libgraphite2.so.3.0.1
7f2cbf85f000-7f2cbf860000 rw-p 0001d000 08:01 10247519                   /usr/lib/libgraphite2.so.3.0.1
7f2cbf860000-7f2cbf96c000 r-xp 00000000 08:01 10233950                   /usr/lib/libglib-2.0.so.0.4400.1
7f2cbf96c000-7f2cbfb6b000 ---p 0010c000 08:01 10233950                   /usr/lib/libglib-2.0.so.0.4400.1
7f2cbfb6b000-7f2cbfb6c000 r--p 0010b000 08:01 10233950                   /usr/lib/libglib-2.0.so.0.4400.1
7f2cbfb6c000-7f2cbfb6d000 rw-p 0010c000 08:01 10233950                   /usr/lib/libglib-2.0.so.0.4400.1
7f2cbfb6d000-7f2cbfb6e000 rw-p 00000000 00:00 0 
7f2cbfb6e000-7f2cbfbc8000 r-xp 00000000 08:01 10233470                   /usr/lib/libharfbuzz.so.0.941.0
7f2cbfbc8000-7f2cbfdc8000 ---p 0005a000 08:01 10233470                   /usr/lib/libharfbuzz.so.0.941.0
7f2cbfdc8000-7f2cbfdc9000 r--p 0005a000 08:01 10233470                   /usr/lib/libharfbuzz.so.0.941.0
7f2cbfdc9000-7f2cbfdca000 rw-p 0005b000 08:01 10233470                   /usr/lib/libharfbuzz.so.0.941.0
7f2cbfdca000-7f2cbfdff000 r-xp 00000000 08:01 10244029                   /usr/lib/libpng16.so.16.16.0
7f2cbfdff000-7f2cbfffe000 ---p 00035000 08:01 10244029                   /usr/lib/libpng16.so.16.16.0
7f2cbfffe000-7f2cbffff000 r--p 00034000 08:01 10244029                   /usr/lib/libpng16.so.16.16.0
7f2cbffff000-7f2cc0000000 rw-p 00035000 08:01 10244029                   /usr/lib/libpng16.so.16.16.0
7f2cc0000000-7f2cc0021000 rw-p 00000000 00:00 0 
7f2cc0021000-7f2cc4000000 ---p 00000000 00:00 0 
7f2cc408e000-7f2cc409e000 rw-s 101978000 00:06 8670                      /dev/dri/card0
7f2cc409e000-7f2cc40ae000 rw-s 101968000 00:06 8670                      /dev/dri/card0
7f2cc40ae000-7f2cc40be000 rw-s 101958000 00:06 8670                      /dev/dri/card0
7f2cc40be000-7f2cc40ce000 rw-s 101948000 00:06 8670                      /dev/dri/card0
7f2cc40ce000-7f2cc40de000 rw-s 101938000 00:06 8670                      /dev/dri/card0
7f2cc40de000-7f2cc40ed000 r-xp 00000000 08:01 10229879                   /usr/lib/libbz2.so.1.0.6
7f2cc40ed000-7f2cc42ec000 ---p 0000f000 08:01 10229879                   /usr/lib/libbz2.so.1.0.6
7f2cc42ec000-7f2cc42ee000 rw-p 0000e000 08:01 10229879                   /usr/lib/libbz2.so.1.0.6
7f2cc42ee000-7f2cc4304000 r-xp 00000000 08:01 10227124                   /usr/lib/libgcc_s.so.1
7f2cc4304000-7f2cc4503000 ---p 00016000 08:01 10227124                   /usr/lib/libgcc_s.so.1
7f2cc4503000-7f2cc4504000 rw-p 00015000 08:01 10227124                   /usr/lib/libgcc_s.so.1
7f2cc4504000-7f2cc45b9000 r-xp 00000000 08:01 10233478                   /usr/lib/libfreetype.so.6.12.0
7f2cc45b9000-7f2cc47b8000 ---p 000b5000 08:01 10233478                   /usr/lib/libfreetype.so.6.12.0
7f2cc47b8000-7f2cc47be000 r--p 000b4000 08:01 10233478                   /usr/lib/libfreetype.so.6.12.0
7f2cc47be000-7f2cc47bf000 rw-p 000ba000 08:01 10233478                   /usr/lib/libfreetype.so.6.12.0
7f2cc47bf000-7f2cc4820000 r-xp 00000000 08:01 11156072                   /usr/lib/jvm/java-8-openjdk/jre/lib/amd64/libfontmanager.so
7f2cc4820000-7f2cc4a20000 ---p 00061000 08:01 11156072                   /usr/lib/jvm/java-8-openjdk/jre/lib/amd64/libfontmanager.so
7f2cc4a20000-7f2cc4a24000 rw-p 00061000 08:01 11156072                   /usr/lib/jvm/java-8-openjdk/jre/lib/amd64/libfontmanager.so
7f2cc4a24000-7f2cc4a37000 rw-p 00000000 00:00 0 
7f2cc4a37000-7f2cc4a3c000 r-xp 00000000 08:01 10244175                   /usr/lib/libXdmcp.so.6.0.0
7f2cc4a3c000-7f2cc4c3b000 ---p 00005000 08:01 10244175                   /usr/lib/libXdmcp.so.6.0.0
7f2cc4c3b000-7f2cc4c3c000 r--p 00004000 08:01 10244175                   /usr/lib/libXdmcp.so.6.0.0
7f2cc4c3c000-7f2cc4c3d000 rw-p 00005000 08:01 10244175                   /usr/lib/libXdmcp.so.6.0.0
7f2cc4c3d000-7f2cc4c3f000 r-xp 00000000 08:01 10244179                   /usr/lib/libXau.so.6.0.0
7f2cc4c3f000-7f2cc4e3f000 ---p 00002000 08:01 10244179                   /usr/lib/libXau.so.6.0.0
7f2cc4e3f000-7f2cc4e40000 r--p 00002000 08:01 10244179                   /usr/lib/libXau.so.6.0.0
7f2cc4e40000-7f2cc4e41000 rw-p 00003000 08:01 10244179                   /usr/lib/libXau.so.6.0.0
7f2cc4e41000-7f2cc4e62000 r-xp 00000000 08:01 10246469                   /usr/lib/libxcb.so.1.1.0
7f2cc4e62000-7f2cc5061000 ---p 00021000 08:01 10246469                   /usr/lib/libxcb.so.1.1.0
7f2cc5061000-7f2cc5062000 r--p 00020000 08:01 10246469                   /usr/lib/libxcb.so.1.1.0
7f2cc5062000-7f2cc5063000 rw-p 00021000 08:01 10246469                   /usr/lib/libxcb.so.1.1.0
7f2cc5063000-7f2cc5072000 r-xp 00000000 08:01 10248936                   /usr/lib/libXi.so.6.1.0
7f2cc5072000-7f2cc5272000 ---p 0000f000 08:01 10248936                   /usr/lib/libXi.so.6.1.0
7f2cc5272000-7f2cc5273000 r--p 0000f000 08:01 10248936                   /usr/lib/libXi.so.6.1.0
7f2cc5273000-7f2cc5274000 rw-p 00010000 08:01 10248936                   /usr/lib/libXi.so.6.1.0
7f2cc5274000-7f2cc5279000 r-xp 00000000 08:01 10249137                   /usr/lib/libXtst.so.6.1.0
7f2cc5279000-7f2cc5478000 ---p 00005000 08:01 10249137                   /usr/lib/libXtst.so.6.1.0
7f2cc5478000-7f2cc5479000 r--p 00004000 08:01 10249137                   /usr/lib/libXtst.so.6.1.0
7f2cc5479000-7f2cc547a000 rw-p 00005000 08:01 10249137                   /usr/lib/libXtst.so.6.1.0
7f2cc547a000-7f2cc5483000 r-xp 00000000 08:01 10247450                   /usr/lib/libXrender.so.1.3.0
7f2cc5483000-7f2cc5682000 ---p 00009000 08:01 10247450                   /usr/lib/libXrender.so.1.3.0
7f2cc5682000-7f2cc5683000 r--p 00008000 08:01 10247450                   /usr/lib/libXrender.so.1.3.0
7f2cc5683000-7f2cc5684000 rw-p 00009000 08:01 10247450                   /usr/lib/libXrender.so.1.3.0
7f2cc5684000-7f2cc57bf000 r-xp 00000000 08:01 10246550                   /usr/lib/libX11.so.6.3.0
7f2cc57bf000-7f2cc59be000 ---p 0013b000 08:01 10246550                   /usr/lib/libX11.so.6.3.0
7f2cc59be000-7f2cc59c0000 r--p 0013a000 08:01 10246550                   /usr/lib/libX11.so.6.3.0
7f2cc59c0000-7f2cc59c5000 rw-p 0013c000 08:01 10246550                   /usr/lib/libX11.so.6.3.0
7f2cc59c5000-7f2cc59c6000 rw-p 00000000 00:00 0 
7f2cc59c6000-7f2cc59d7000 r-xp 00000000 08:01 10247516                   /usr/lib/libXext.so.6.4.0
7f2cc59d7000-7f2cc5bd6000 ---p 00011000 08:01 10247516                   /usr/lib/libXext.so.6.4.0
7f2cc5bd6000-7f2cc5bd7000 r--p 00010000 08:01 10247516                   /usr/lib/libXext.so.6.4.0
7f2cc5bd7000-7f2cc5bd8000 rw-p 00011000 08:01 10247516                   /usr/lib/libXext.so.6.4.0
7f2cc5bd8000-7f2cc5c2b000 r-xp 00000000 08:01 11156073                   /usr/lib/jvm/java-8-openjdk/jre/lib/amd64/libawt_xawt.so
7f2cc5c2b000-7f2cc5e2a000 ---p 00053000 08:01 11156073                   /usr/lib/jvm/java-8-openjdk/jre/lib/amd64/libawt_xawt.so
7f2cc5e2a000-7f2cc5e2e000 rw-p 00052000 08:01 11156073                   /usr/lib/jvm/java-8-openjdk/jre/lib/amd64/libawt_xawt.so
7f2cc5e2e000-7f2cc5e2f000 rw-p 00000000 00:00 0 
7f2cc5e2f000-7f2cc5ecf000 r-xp 00000000 08:01 11156067                   /usr/lib/jvm/java-8-openjdk/jre/lib/amd64/libawt.so
7f2cc5ecf000-7f2cc60cf000 ---p 000a0000 08:01 11156067                   /usr/lib/jvm/java-8-openjdk/jre/lib/amd64/libawt.so
7f2cc60cf000-7f2cc60db000 rw-p 000a0000 08:01 11156067                   /usr/lib/jvm/java-8-openjdk/jre/lib/amd64/libawt.so
7f2cc60db000-7f2cc60ff000 rw-p 00000000 00:00 0 
7f2cc60ff000-7f2cc6100000 ---p 00000000 00:00 0 
7f2cc6100000-7f2cc8000000 rw-p 00000000 00:00 0                          [stack:6723]
7f2cc8000000-7f2cc8021000 rw-p 00000000 00:00 0 
7f2cc8021000-7f2ccc000000 ---p 00000000 00:00 0 
7f2ccc009000-7f2ccc049000 rw-s 00000000 00:05 133972                     /drm mm object (deleted)
7f2ccc049000-7f2ccc067000 r-xp 00000000 08:01 10247526                   /usr/lib/libudev.so.1.6.4
7f2ccc067000-7f2ccc068000 r--p 0001d000 08:01 10247526                   /usr/lib/libudev.so.1.6.4
7f2ccc068000-7f2ccc069000 rw-p 0001e000 08:01 10247526                   /usr/lib/libudev.so.1.6.4
7f2ccc069000-7f2ccc06c000 ---p 00000000 00:00 0 
7f2ccc06c000-7f2ccc16a000 rw-p 00000000 00:00 0                          [stack:6722]
7f2ccc16a000-7f2ccc16d000 ---p 00000000 00:00 0 
7f2ccc16d000-7f2ccc26b000 rw-p 00000000 00:00 0                          [stack:6721]
7f2ccc26b000-7f2ccc26e000 ---p 00000000 00:00 0 
7f2ccc26e000-7f2ccc36c000 rw-p 00000000 00:00 0                          [stack:6720]
7f2ccc36c000-7f2ccc36f000 ---p 00000000 00:00 0 
7f2ccc36f000-7f2ccc46d000 rw-p 00000000 00:00 0                          [stack:6719]
7f2ccc46d000-7f2ccc470000 ---p 00000000 00:00 0 
7f2ccc470000-7f2ccc56e000 rw-p 00000000 00:00 0                          [stack:6718]
7f2ccc56e000-7f2ccc6f7000 r--p 00000000 08:01 10243821                   /usr/lib/locale/locale-archive
7f2ccc6f7000-7f2ccc6fa000 ---p 00000000 00:00 0 
7f2ccc6fa000-7f2ccc7f8000 rw-p 00000000 00:00 0                          [stack:6717]
7f2ccc7f8000-7f2ccc7fb000 ---p 00000000 00:00 0 
7f2ccc7fb000-7f2ccc8f9000 rw-p 00000000 00:00 0                          [stack:6716]
7f2ccc8f9000-7f2ccc8fa000 ---p 00000000 00:00 0 
7f2ccc8fa000-7f2ccd000000 rw-p 00000000 00:00 0                          [stack:6715]
7f2ccd000000-7f2ccd420000 rwxp 00000000 00:00 0 
7f2ccd420000-7f2cdc000000 ---p 00000000 00:00 0 
7f2cdc000000-7f2cdcc2d000 rw-p 00000000 00:00 0 
7f2cdcc2d000-7f2ce0000000 ---p 00000000 00:00 0 
7f2ce000d000-7f2ce000e000 rw-p 00000000 00:00 0 
7f2ce000e000-7f2ce0013000 r--s 00094000 08:01 11146692                   /usr/lib/jvm/java-8-openjdk/jre/lib/jsse.jar
7f2ce0013000-7f2ce001b000 rw-s 00000000 00:05 133971                     /drm mm object (deleted)
7f2ce001b000-7f2ce0023000 rw-s 00000000 00:05 133964                     /drm mm object (deleted)
7f2ce0023000-7f2ce002b000 rw-s 00000000 00:05 133960                     /drm mm object (deleted)
7f2ce002b000-7f2ce0047000 r--s 00393000 08:01 11146710                   /usr/lib/jvm/java-8-openjdk/jre/lib/ext/cldrdata.jar
7f2ce0047000-7f2ce0052000 r--s 00116000 08:01 11146709                   /usr/lib/jvm/java-8-openjdk/jre/lib/ext/localedata.jar
7f2ce0052000-7f2ce0055000 ---p 00000000 00:00 0 
7f2ce0055000-7f2ce008b000 rw-p 00000000 00:00 0                          [stack:6727]
7f2ce008b000-7f2ce009e000 r--s 00345000 08:01 11146687                   /usr/lib/jvm/java-8-openjdk/jre/lib/resources.jar
7f2ce009e000-7f2ce00ac000 r--s 000f2000 08:01 16385036                   /home/michael/workspace/Slick2D-Project/Slick/lib/lwjgl.jar
7f2ce00ac000-7f2ce00b7000 r--s 00099000 08:01 16385043                   /home/michael/workspace/Slick2D-Project/Slick/lib/slick.jar
7f2ce00b7000-7f2ce0a65000 rw-p 00000000 00:00 0 
7f2ce0a65000-7f2ce0c32000 r--s 03bd3000 08:01 11146689                   /usr/lib/jvm/java-8-openjdk/jre/lib/rt.jar
7f2ce0c32000-7f2ce1688000 rw-p 00000000 00:00 0 
7f2ce1688000-7f2ce1689000 ---p 00000000 00:00 0 
7f2ce1689000-7f2ce1789000 rw-p 00000000 00:00 0                          [stack:6714]
7f2ce1789000-7f2ce178a000 ---p 00000000 00:00 0 
7f2ce178a000-7f2ce188a000 rw-p 00000000 00:00 0                          [stack:6713]
7f2ce188a000-7f2ce188b000 ---p 00000000 00:00 0 
7f2ce188b000-7f2ce198b000 rw-p 00000000 00:00 0                          [stack:6712]
7f2ce198b000-7f2ce198c000 ---p 00000000 00:00 0 
7f2ce198c000-7f2ce1aa0000 rw-p 00000000 00:00 0                          [stack:6711]
7f2ce1aa0000-7f2ce1bcc000 ---p 00000000 00:00 0 
7f2ce1bcc000-7f2ce1be0000 rw-p 00000000 00:00 0 
7f2ce1be0000-7f2ce1d0c000 ---p 00000000 00:00 0 
7f2ce1d0c000-7f2ce1d1e000 rw-p 00000000 00:00 0 
7f2ce1d1e000-7f2ce1dac000 ---p 00000000 00:00 0 
7f2ce1dac000-7f2ce1dbe000 rw-p 00000000 00:00 0 
7f2ce1dbe000-7f2ce216d000 ---p 00000000 00:00 0 
7f2ce216d000-7f2ce2175000 r-xp 00000000 08:01 11156054                   /usr/lib/jvm/java-8-openjdk/jre/lib/amd64/libzip.so
7f2ce2175000-7f2ce2374000 ---p 00008000 08:01 11156054                   /usr/lib/jvm/java-8-openjdk/jre/lib/amd64/libzip.so
7f2ce2374000-7f2ce2375000 rw-p 00007000 08:01 11156054                   /usr/lib/jvm/java-8-openjdk/jre/lib/amd64/libzip.so
7f2ce2375000-7f2ce2380000 r-xp 00000000 08:01 10226777                   /usr/lib/libnss_files-2.21.so
7f2ce2380000-7f2ce2580000 ---p 0000b000 08:01 10226777                   /usr/lib/libnss_files-2.21.so
7f2ce2580000-7f2ce2581000 r--p 0000b000 08:01 10226777                   /usr/lib/libnss_files-2.21.so
7f2ce2581000-7f2ce2582000 rw-p 0000c000 08:01 10226777                   /usr/lib/libnss_files-2.21.so
7f2ce2582000-7f2ce25af000 r-xp 00000000 08:01 11156055                   /usr/lib/jvm/java-8-openjdk/jre/lib/amd64/libjava.so
7f2ce25af000-7f2ce27af000 ---p 0002d000 08:01 11156055                   /usr/lib/jvm/java-8-openjdk/jre/lib/amd64/libjava.so
7f2ce27af000-7f2ce27b1000 rw-p 0002d000 08:01 11156055                   /usr/lib/jvm/java-8-openjdk/jre/lib/amd64/libjava.so
7f2ce27b1000-7f2ce27be000 r-xp 00000000 08:01 11156046                   /usr/lib/jvm/java-8-openjdk/jre/lib/amd64/libverify.so
7f2ce27be000-7f2ce29bd000 ---p 0000d000 08:01 11156046                   /usr/lib/jvm/java-8-openjdk/jre/lib/amd64/libverify.so
7f2ce29bd000-7f2ce29bf000 rw-p 0000c000 08:01 11156046                   /usr/lib/jvm/java-8-openjdk/jre/lib/amd64/libverify.so
7f2ce29bf000-7f2ce29c6000 r-xp 00000000 08:01 10226809                   /usr/lib/librt-2.21.so
7f2ce29c6000-7f2ce2bc5000 ---p 00007000 08:01 10226809                   /usr/lib/librt-2.21.so
7f2ce2bc5000-7f2ce2bc6000 r--p 00006000 08:01 10226809                   /usr/lib/librt-2.21.so
7f2ce2bc6000-7f2ce2bc7000 rw-p 00007000 08:01 10226809                   /usr/lib/librt-2.21.so
7f2ce2bc7000-7f2ce2cca000 r-xp 00000000 08:01 10226836                   /usr/lib/libm-2.21.so
7f2ce2cca000-7f2ce2ec9000 ---p 00103000 08:01 10226836                   /usr/lib/libm-2.21.so
7f2ce2ec9000-7f2ce2eca000 r--p 00102000 08:01 10226836                   /usr/lib/libm-2.21.so
7f2ce2eca000-7f2ce2ecb000 rw-p 00103000 08:01 10226836                   /usr/lib/libm-2.21.so
7f2ce2ecb000-7f2ce3b6c000 r-xp 00000000 08:01 11156078                   /usr/lib/jvm/java-8-openjdk/jre/lib/amd64/server/libjvm.so
7f2ce3b6c000-7f2ce3d6b000 ---p 00ca1000 08:01 11156078                   /usr/lib/jvm/java-8-openjdk/jre/lib/amd64/server/libjvm.so
7f2ce3d6b000-7f2ce3e37000 rw-p 00ca0000 08:01 11156078                   /usr/lib/jvm/java-8-openjdk/jre/lib/amd64/server/libjvm.so
7f2ce3e37000-7f2ce3e79000 rw-p 00000000 00:00 0 
7f2ce3e79000-7f2ce4012000 r-xp 00000000 08:01 10226788                   /usr/lib/libc-2.21.so
7f2ce4012000-7f2ce4211000 ---p 00199000 08:01 10226788                   /usr/lib/libc-2.21.so
7f2ce4211000-7f2ce4215000 r--p 00198000 08:01 10226788                   /usr/lib/libc-2.21.so
7f2ce4215000-7f2ce4217000 rw-p 0019c000 08:01 10226788                   /usr/lib/libc-2.21.so
7f2ce4217000-7f2ce421b000 rw-p 00000000 00:00 0 
7f2ce421b000-7f2ce421e000 r-xp 00000000 08:01 10226818                   /usr/lib/libdl-2.21.so
7f2ce421e000-7f2ce441d000 ---p 00003000 08:01 10226818                   /usr/lib/libdl-2.21.so
7f2ce441d000-7f2ce441e000 r--p 00002000 08:01 10226818                   /usr/lib/libdl-2.21.so
7f2ce441e000-7f2ce441f000 rw-p 00003000 08:01 10226818                   /usr/lib/libdl-2.21.so
7f2ce441f000-7f2ce442c000 r-xp 00000000 08:01 11156075                   /usr/lib/jvm/java-8-openjdk/jre/lib/amd64/jli/libjli.so
7f2ce442c000-7f2ce462c000 ---p 0000d000 08:01 11156075                   /usr/lib/jvm/java-8-openjdk/jre/lib/amd64/jli/libjli.so
7f2ce462c000-7f2ce462d000 rw-p 0000d000 08:01 11156075                   /usr/lib/jvm/java-8-openjdk/jre/lib/amd64/jli/libjli.so
7f2ce462d000-7f2ce4642000 r-xp 00000000 08:01 10230040                   /usr/lib/libz.so.1.2.8
7f2ce4642000-7f2ce4841000 ---p 00015000 08:01 10230040                   /usr/lib/libz.so.1.2.8
7f2ce4841000-7f2ce4842000 r--p 00014000 08:01 10230040                   /usr/lib/libz.so.1.2.8
7f2ce4842000-7f2ce4843000 rw-p 00015000 08:01 10230040                   /usr/lib/libz.so.1.2.8
7f2ce4843000-7f2ce485b000 r-xp 00000000 08:01 10226808                   /usr/lib/libpthread-2.21.so
7f2ce485b000-7f2ce4a5a000 ---p 00018000 08:01 10226808                   /usr/lib/libpthread-2.21.so
7f2ce4a5a000-7f2ce4a5b000 r--p 00017000 08:01 10226808                   /usr/lib/libpthread-2.21.so
7f2ce4a5b000-7f2ce4a5c000 rw-p 00018000 08:01 10226808                   /usr/lib/libpthread-2.21.so
7f2ce4a5c000-7f2ce4a60000 rw-p 00000000 00:00 0 
7f2ce4a60000-7f2ce4a82000 r-xp 00000000 08:01 10226832                   /usr/lib/ld-2.21.so
7f2ce4a82000-7f2ce4a86000 r--s 00027000 08:01 16385037                   /home/michael/workspace/Slick2D-Project/Slick/lib/lwjgl_util.jar
7f2ce4a86000-7f2ce4b56000 rw-p 00000000 00:00 0 
7f2ce4b56000-7f2ce4b59000 ---p 00000000 00:00 0 
7f2ce4b59000-7f2ce4c5b000 rw-p 00000000 00:00 0                          [stack:6710]
7f2ce4c5b000-7f2ce4c5c000 rwxp 00000000 00:00 0 
7f2ce4c5c000-7f2ce4c5d000 rw-s 00000000 00:05 133961                     /drm mm object (deleted)
7f2ce4c5d000-7f2ce4c5e000 rw-s 10099d000 00:06 8670                      /dev/dri/card0
7f2ce4c5e000-7f2ce4c63000 r--s 00030000 08:01 16385032                   /home/michael/workspace/Slick2D-Project/Slick/lib/jinput.jar
7f2ce4c63000-7f2ce4c76000 rw-p 00000000 00:00 0 
7f2ce4c76000-7f2ce4c7e000 rw-s 00000000 00:21 136599                     /tmp/hsperfdata_michael/6703
7f2ce4c7e000-7f2ce4c7f000 rw-p 00000000 00:00 0 
7f2ce4c7f000-7f2ce4c80000 r--p 00000000 00:00 0 
7f2ce4c80000-7f2ce4c81000 rw-p 00000000 00:00 0 
7f2ce4c81000-7f2ce4c82000 r--p 00021000 08:01 10226832                   /usr/lib/ld-2.21.so
7f2ce4c82000-7f2ce4c83000 rw-p 00022000 08:01 10226832                   /usr/lib/ld-2.21.so
7f2ce4c83000-7f2ce4c84000 rw-p 00000000 00:00 0 
7fff53e05000-7fff53e26000 rw-p 00000000 00:00 0                          [stack]
7fff53fb6000-7fff53fb8000 r--p 00000000 00:00 0                          [vvar]
7fff53fb8000-7fff53fba000 r-xp 00000000 00:00 0                          [vdso]
ffffffffff600000-ffffffffff601000 r-xp 00000000 00:00 0                  [vsyscall]

VM Arguments:
jvm_args: -Djava.library.path=/home/michael/workspace/Slick2D-Project/lwjgl-2.9.3/native/linux -Dfile.encoding=UTF-8 
java_command: driver.Driver
java_class_path (initial): /home/michael/workspace/Slick2D-Project/bin:/home/michael/workspace/Slick2D-Project/Slick/lib/slick.jar:/home/michael/workspace/Slick2D-Project/Slick/lib/jinput.jar:/home/michael/workspace/Slick2D-Project/Slick/lib/lwjgl_util.jar:/home/michael/workspace/Slick2D-Project/Slick/lib/lwjgl.jar
Launcher Type: SUN_STANDARD

Environment Variables:
PATH=/usr/local/sbin:/usr/local/bin:/usr/bin:/usr/lib/jvm/default/bin:/usr/bin/site_perl:/usr/bin/vendor_perl:/usr/bin/core_perl
SHELL=/usr/bin/zsh
DISPLAY=:0

Signal Handlers:
SIGSEGV: [libjvm.so+0xa90890], sa_mask[0]=11111111011111111101111111111110, sa_flags=SA_RESTART|SA_SIGINFO
SIGBUS: [libjvm.so+0xa90890], sa_mask[0]=11111111011111111101111111111110, sa_flags=SA_RESTART|SA_SIGINFO
SIGFPE: [libjvm.so+0x8dac20], sa_mask[0]=11111111011111111101111111111110, sa_flags=SA_RESTART|SA_SIGINFO
SIGPIPE: [libjvm.so+0x8dac20], sa_mask[0]=11111111011111111101111111111110, sa_flags=SA_RESTART|SA_SIGINFO
SIGXFSZ: [libjvm.so+0x8dac20], sa_mask[0]=11111111011111111101111111111110, sa_flags=SA_RESTART|SA_SIGINFO
SIGILL: [libjvm.so+0x8dac20], sa_mask[0]=11111111011111111101111111111110, sa_flags=SA_RESTART|SA_SIGINFO
SIGUSR1: SIG_DFL, sa_mask[0]=00000000000000000000000000000000, sa_flags=none
SIGUSR2: [libjvm.so+0x8daad0], sa_mask[0]=00100000000000000000000000000000, sa_flags=SA_RESTART|SA_SIGINFO
SIGHUP: [libjvm.so+0x8dacf0], sa_mask[0]=11111111011111111101111111111110, sa_flags=SA_RESTART|SA_SIGINFO
SIGINT: SIG_IGN, sa_mask[0]=00000000000000000000000000000000, sa_flags=none
SIGTERM: [libjvm.so+0x8dacf0], sa_mask[0]=11111111011111111101111111111110, sa_flags=SA_RESTART|SA_SIGINFO
SIGQUIT: [libjvm.so+0x8dacf0], sa_mask[0]=11111111011111111101111111111110, sa_flags=SA_RESTART|SA_SIGINFO


---------------  S Y S T E M  ---------------

OS:NAME="Arch Linux"
ID=arch
PRETTY_NAME="Arch Linux"
ANSI_COLOR="0;36"
HOME_URL="https://www.archlinux.org/"
SUPPORT_URL="https://bbs.archlinux.org/"
BUG_REPORT_URL="https://bugs.archlinux.org/"


uname:Linux 4.1.2-2-ARCH #1 SMP PREEMPT Wed Jul 15 08:30:32 UTC 2015 x86_64
libc:glibc 2.21 NPTL 2.21 
rlimit: STACK 8192k, CORE 0k, NPROC 15336, NOFILE 4096, AS infinity
load average:0.28 0.34 0.35

/proc/meminfo:
MemTotal:        3931668 kB
MemFree:          826160 kB
MemAvailable:    1718960 kB
Buffers:           60808 kB
Cached:          1219228 kB
SwapCached:            0 kB
Active:          1975120 kB
Inactive:         949936 kB
Active(anon):    1672208 kB
Inactive(anon):   403420 kB
Active(file):     302912 kB
Inactive(file):   546516 kB
Unevictable:           0 kB
Mlocked:               0 kB
SwapTotal:             0 kB
SwapFree:              0 kB
Dirty:               404 kB
Writeback:             0 kB
AnonPages:       1644992 kB
Mapped:           686216 kB
Shmem:            430612 kB
Slab:              95192 kB
SReclaimable:      72676 kB
SUnreclaim:        22516 kB
KernelStack:        5376 kB
PageTables:        22376 kB
NFS_Unstable:          0 kB
Bounce:                0 kB
WritebackTmp:          0 kB
CommitLimit:     1965832 kB
Committed_AS:    4002392 kB
VmallocTotal:   34359738367 kB
VmallocUsed:      367744 kB
VmallocChunk:   34358947836 kB
HardwareCorrupted:     0 kB
AnonHugePages:    845824 kB
HugePages_Total:       0
HugePages_Free:        0
HugePages_Rsvd:        0
HugePages_Surp:        0
Hugepagesize:       2048 kB
DirectMap4k:      106112 kB
DirectMap2M:     3969024 kB


CPU:total 4 (2 cores per cpu, 2 threads per core) family 6 model 42 stepping 7, cmov, cx8, fxsr, mmx, sse, sse2, sse3, ssse3, sse4.1, sse4.2, popcnt, avx, aes, clmul, ht, tsc, tscinvbit

/proc/cpuinfo:
processor	: 0
vendor_id	: GenuineIntel
cpu family	: 6
model		: 42
model name	: Intel(R) Core(TM) i5-2520M CPU @ 2.50GHz
stepping	: 7
microcode	: 0x25
cpu MHz		: 1001.660
cache size	: 3072 KB
physical id	: 0
siblings	: 4
core id		: 0
cpu cores	: 2
apicid		: 0
initial apicid	: 0
fpu		: yes
fpu_exception	: yes
cpuid level	: 13
wp		: yes
flags		: fpu vme de pse tsc msr pae mce cx8 apic sep mtrr pge mca cmov pat pse36 clflush dts acpi mmx fxsr sse sse2 ss ht tm pbe syscall nx rdtscp lm constant_tsc arch_perfmon pebs bts nopl xtopology nonstop_tsc aperfmperf eagerfpu pni pclmulqdq dtes64 monitor ds_cpl vmx smx est tm2 ssse3 cx16 xtpr pdcm pcid sse4_1 sse4_2 x2apic popcnt tsc_deadline_timer aes xsave avx lahf_lm ida arat epb pln pts dtherm tpr_shadow vnmi flexpriority ept vpid xsaveopt
bugs		:
bogomips	: 4985.56
clflush size	: 64
cache_alignment	: 64
address sizes	: 36 bits physical, 48 bits virtual
power management:

processor	: 1
vendor_id	: GenuineIntel
cpu family	: 6
model		: 42
model name	: Intel(R) Core(TM) i5-2520M CPU @ 2.50GHz
stepping	: 7
microcode	: 0x25
cpu MHz		: 1540.527
cache size	: 3072 KB
physical id	: 0
siblings	: 4
core id		: 0
cpu cores	: 2
apicid		: 1
initial apicid	: 1
fpu		: yes
fpu_exception	: yes
cpuid level	: 13
wp		: yes
flags		: fpu vme de pse tsc msr pae mce cx8 apic sep mtrr pge mca cmov pat pse36 clflush dts acpi mmx fxsr sse sse2 ss ht tm pbe syscall nx rdtscp lm constant_tsc arch_perfmon pebs bts nopl xtopology nonstop_tsc aperfmperf eagerfpu pni pclmulqdq dtes64 monitor ds_cpl vmx smx est tm2 ssse3 cx16 xtpr pdcm pcid sse4_1 sse4_2 x2apic popcnt tsc_deadline_timer aes xsave avx lahf_lm ida arat epb pln pts dtherm tpr_shadow vnmi flexpriority ept vpid xsaveopt
bugs		:
bogomips	: 4985.56
clflush size	: 64
cache_alignment	: 64
address sizes	: 36 bits physical, 48 bits virtual
power management:

processor	: 2
vendor_id	: GenuineIntel
cpu family	: 6
model		: 42
model name	: Intel(R) Core(TM) i5-2520M CPU @ 2.50GHz
stepping	: 7
microcode	: 0x25
cpu MHz		: 807.226
cache size	: 3072 KB
physical id	: 0
siblings	: 4
core id		: 1
cpu cores	: 2
apicid		: 2
initial apicid	: 2
fpu		: yes
fpu_exception	: yes
cpuid level	: 13
wp		: yes
flags		: fpu vme de pse tsc msr pae mce cx8 apic sep mtrr pge mca cmov pat pse36 clflush dts acpi mmx fxsr sse sse2 ss ht tm pbe syscall nx rdtscp lm constant_tsc arch_perfmon pebs bts nopl xtopology nonstop_tsc aperfmperf eagerfpu pni pclmulqdq dtes64 monitor ds_cpl vmx smx est tm2 ssse3 cx16 xtpr pdcm pcid sse4_1 sse4_2 x2apic popcnt tsc_deadline_timer aes xsave avx lahf_lm ida arat epb pln pts dtherm tpr_shadow vnmi flexpriority ept vpid xsaveopt
bugs		:
bogomips	: 4985.56
clflush size	: 64
cache_alignment	: 64
address sizes	: 36 bits physical, 48 bits virtual
power management:

processor	: 3
vendor_id	: GenuineIntel
cpu family	: 6
model		: 42
model name	: Intel(R) Core(TM) i5-2520M CPU @ 2.50GHz
stepping	: 7
microcode	: 0x25
cpu MHz		: 1172.558
cache size	: 3072 KB
physical id	: 0
siblings	: 4
core id		: 1
cpu cores	: 2
apicid		: 3
initial apicid	: 3
fpu		: yes
fpu_exception	: yes
cpuid level	: 13
wp		: yes
flags		: fpu vme de pse tsc msr pae mce cx8 apic sep mtrr pge mca cmov pat pse36 clflush dts acpi mmx fxsr sse sse2 ss ht tm pbe syscall nx rdtscp lm constant_tsc arch_perfmon pebs bts nopl xtopology nonstop_tsc aperfmperf eagerfpu pni pclmulqdq dtes64 monitor ds_cpl vmx smx est tm2 ssse3 cx16 xtpr pdcm pcid sse4_1 sse4_2 x2apic popcnt tsc_deadline_timer aes xsave avx lahf_lm ida arat epb pln pts dtherm tpr_shadow vnmi flexpriority ept vpid xsaveopt
bugs		:
bogomips	: 4985.56
clflush size	: 64
cache_alignment	: 64
address sizes	: 36 bits physical, 48 bits virtual
power management:



Memory: 4k page, physical 3931668k(826160k free), swap 0k(0k free)

vm_info: OpenJDK 64-Bit Server VM (25.45-b02) for linux-amd64 JRE (1.8.0_45-b14), built on Apr 20 2015 17:04:34 by "builduser" with gcc 4.9.2 20150304 (prerelease)

time: Mon Jul 20 14:09:41 2015
elapsed time: 6 seconds (0d 0h 0m 6s)

