#
# A fatal error has been detected by the Java Runtime Environment:
#
#  SIGSEGV (0xb) at pc=0x00007fcbf145c9cc, pid=3635, tid=140515465365248
#
# JRE version: OpenJDK Runtime Environment (8.0_45-b14) (build 1.8.0_45-b14)
# Java VM: OpenJDK 64-Bit Server VM (25.45-b02 mixed mode linux-amd64 compressed oops)
# Problematic frame:
# C  [i965_dri.so+0x39c9cc]
#
# Failed to write core dump. Core dumps have been disabled. To enable core dumping, try "ulimit -c unlimited" before starting Java again
#
# If you would like to submit a bug report, please visit:
#   http://bugreport.java.com/bugreport/crash.jsp
# The crash happened outside the Java Virtual Machine in native code.
# See problematic frame for where to report the bug.
#

---------------  T H R E A D  ---------------

Current thread (0x00007fcc48008800):  JavaThread "main" [_thread_in_native, id=3638, stack(0x00007fcc4e560000,0x00007fcc4e661000)]

siginfo: si_signo: 11 (SIGSEGV), si_code: 1 (SEGV_MAPERR), si_addr: 0x0000000000000208

Registers:
RAX=0x0000000000000000, RBX=0x00007fcc48481490, RCX=0x0000000000000001, RDX=0x0000000000000006
RSP=0x00007fcc4e65f610, RBP=0x00007fcc48743e18, RSI=0x00007fcc484a41d0, RDI=0x00007fcc48743e18
R8 =0x0000000000000001, R9 =0x0000000000000010, R10=0x000000000000000b, R11=0x000000005f991000
R12=0x0000000000000001, R13=0x00007fcc484a41d0, R14=0x00007fcc484a4590, R15=0x00007fcc48481550
RIP=0x00007fcbf145c9cc, EFLAGS=0x0000000000010202, CSGSFS=0x0000000000000033, ERR=0x0000000000000004
  TRAPNO=0x000000000000000e

Top of Stack: (sp=0x00007fcc4e65f610)
0x00007fcc4e65f610:   0000000000000000 00000000484b3440
0x00007fcc4e65f620:   00007fcc484a45b8 00007fcc48745750
0x00007fcc4e65f630:   0000000200000002 00007fcbf1203338
0x00007fcc4e65f640:   0000000000000001 0000000000000000
0x00007fcc4e65f650:   00007fcc48743e18 0000000000004000
0x00007fcc4e65f660:   0000000000000000 00007fcbf14af5ab
0x00007fcc4e65f670:   00007fcc4e65f670 0000000100000000
0x00007fcc4e65f680:   00007fcc48743e18 c7e6950312a90100
0x00007fcc4e65f690:   0000000000000000 00007fcc48743e18
0x00007fcc4e65f6a0:   0000000000000002 0000000000000000
0x00007fcc4e65f6b0:   00007fcc484a41d0 0000000000000002
0x00007fcc4e65f6c0:   00007fcc48481550 00007fcbf13e80cc
0x00007fcc4e65f6d0:   00ffffff48743e1c 00007fcc484ce3f0
0x00007fcc4e65f6e0:   00007fcc4e65f758 00007fcbf391c280
0x00007fcc4e65f6f0:   00007fcc4e65f760 0000000000000000
0x00007fcc4e65f700:   00007fcc4e65f820 00007fcc4e65f750
0x00007fcc4e65f710:   00007fcc48008800 00007fcc38dd18b6
0x00007fcc4e65f720:   00007fcbea2eb94f 00007fcc4e65f780
0x00007fcc4e65f730:   00007fcbea2ebef0 0000000000000000
0x00007fcc4e65f740:   00007fcbea2eb998 0000000000000000
0x00007fcc4e65f750:   00000000ed242e30 00007fcc4e65f7c8
0x00007fcc4e65f760:   00007fcc4e65f868 00007fcc38dd418c
0x00007fcc4e65f770:   00000000000001b6 0000000000000233
0x00007fcc4e65f780:   00000000ec1e4af0 00007fcc4e65f788
0x00007fcc4e65f790:   00007fcc31f853d2 00007fcc4e65f810
0x00007fcc4e65f7a0:   00007fcc31f8fd60 0000000000000000
0x00007fcc4e65f7b0:   00007fcc4e65f7b0 00007fcc31c240b0
0x00007fcc4e65f7c0:   00007fcc4e65f810 00007fcc31c25d80
0x00007fcc4e65f7d0:   0000000000000000 00007fcc00004100
0x00007fcc4e65f7e0:   0000000000000011 00000000ed25a8a8
0x00007fcc4e65f7f0:   0000000000000000 00000000ed25a8a8
0x00007fcc4e65f800:   00007fcc4e65f868 00007fcc389c398d 

Instructions: (pc=0x00007fcbf145c9cc)
0x00007fcbf145c9ac:   44 24 24 89 44 24 20 0f 84 9f 02 00 00 48 8b 83
0x00007fcbf145c9bc:   88 00 00 00 8b 95 c8 3f 02 00 41 bc 01 00 00 00
0x00007fcbf145c9cc:   8b 88 08 02 00 00 85 c9 74 0a 45 31 e4 83 fa 06
0x00007fcbf145c9dc:   41 0f 9e c4 80 7c 24 33 00 8b 70 14 ba 01 00 00 

Register to memory mapping:

RAX=0x0000000000000000 is an unknown value
RBX=0x00007fcc48481490 is an unknown value
RCX=0x0000000000000001 is an unknown value
RDX=0x0000000000000006 is an unknown value
RSP=0x00007fcc4e65f610 is pointing into the stack for thread: 0x00007fcc48008800
RBP=0x00007fcc48743e18 is an unknown value
RSI=0x00007fcc484a41d0 is an unknown value
RDI=0x00007fcc48743e18 is an unknown value
R8 =0x0000000000000001 is an unknown value
R9 =0x0000000000000010 is an unknown value
R10=0x000000000000000b is an unknown value
R11=0x000000005f991000 is an unknown value
R12=0x0000000000000001 is an unknown value
R13=0x00007fcc484a41d0 is an unknown value
R14=0x00007fcc484a4590 is an unknown value
R15=0x00007fcc48481550 is an unknown value


Stack: [0x00007fcc4e560000,0x00007fcc4e661000],  sp=0x00007fcc4e65f610,  free space=1021k
Native frames: (J=compiled Java code, j=interpreted, Vv=VM code, C=native code)
C  [i965_dri.so+0x39c9cc]

Java frames: (J=compiled Java code, j=interpreted, Vv=VM code)
J 1096  org.lwjgl.opengl.GL11.nglClear(IJ)V (0 bytes) @ 0x00007fcc38dd1844 [0x00007fcc38dd1800+0x44]
J 1095 C1 org.lwjgl.opengl.GL11.glClear(I)V (19 bytes) @ 0x00007fcc38dd418c [0x00007fcc38dd3d80+0x40c]
j  org.newdawn.slick.opengl.renderer.ImmediateModeOGLRenderer.glClear(I)V+1
j  org.newdawn.slick.GameContainer.updateAndRender(I)V+259
j  org.newdawn.slick.AppGameContainer.gameLoop()V+33
j  org.newdawn.slick.AppGameContainer.start()V+17
j  driver.Driver.main([Ljava/lang/String;)V+82
v  ~StubRoutines::call_stub

---------------  P R O C E S S  ---------------

Java Threads: ( => current thread )
  0x00007fcc48a54800 JavaThread "Thread-1" daemon [_thread_blocked, id=3662, stack(0x00007fcbeaa11000,0x00007fcbeab12000)]
  0x00007fcc48296000 JavaThread "process reaper" daemon [_thread_blocked, id=3658, stack(0x00007fcc28099000,0x00007fcc280d2000)]
  0x00007fcc48275000 JavaThread "AWT-XAWT" daemon [_thread_in_native, id=3656, stack(0x00007fcc28952000,0x00007fcc28a53000)]
  0x00007fcc48253800 JavaThread "Java2D Disposer" daemon [_thread_blocked, id=3655, stack(0x00007fcc28e64000,0x00007fcc28f65000)]
  0x00007fcc480c0000 JavaThread "Service Thread" daemon [_thread_blocked, id=3653, stack(0x00007fcc2bcfd000,0x00007fcc2bdfe000)]
  0x00007fcc480bb000 JavaThread "C1 CompilerThread2" daemon [_thread_blocked, id=3652, stack(0x00007fcc2bdfe000,0x00007fcc2beff000)]
  0x00007fcc480b9800 JavaThread "C2 CompilerThread1" daemon [_thread_blocked, id=3651, stack(0x00007fcc2beff000,0x00007fcc2c000000)]
  0x00007fcc480b6800 JavaThread "C2 CompilerThread0" daemon [_thread_blocked, id=3650, stack(0x00007fcc30011000,0x00007fcc30112000)]
  0x00007fcc480b5000 JavaThread "Signal Dispatcher" daemon [_thread_blocked, id=3649, stack(0x00007fcc30112000,0x00007fcc30213000)]
  0x00007fcc4807d000 JavaThread "Finalizer" daemon [_thread_blocked, id=3648, stack(0x00007fcc3039c000,0x00007fcc3049d000)]
  0x00007fcc4807b000 JavaThread "Reference Handler" daemon [_thread_blocked, id=3647, stack(0x00007fcc3049d000,0x00007fcc3059e000)]
=>0x00007fcc48008800 JavaThread "main" [_thread_in_native, id=3638, stack(0x00007fcc4e560000,0x00007fcc4e661000)]

Other Threads:
  0x00007fcc48076000 VMThread [stack: 0x00007fcc3059e000,0x00007fcc3069f000] [id=3646]
  0x00007fcc480c2800 WatcherThread [stack: 0x00007fcc2bbfc000,0x00007fcc2bcfd000] [id=3654]

VM state:not at safepoint (normal execution)

VM Mutex/Monitor currently owned by a thread: None

Heap:
 PSYoungGen      total 17920K, used 15291K [0x00000000ec000000, 0x00000000ee300000, 0x0000000100000000)
  eden space 15360K, 83% used [0x00000000ec000000,0x00000000ecc844a0,0x00000000ecf00000)
  from space 2560K, 96% used [0x00000000ed180000,0x00000000ed3ea9b0,0x00000000ed400000)
  to   space 2560K, 0% used [0x00000000ecf00000,0x00000000ecf00000,0x00000000ed180000)
 ParOldGen       total 40960K, used 5674K [0x00000000c4000000, 0x00000000c6800000, 0x00000000ec000000)
  object space 40960K, 13% used [0x00000000c4000000,0x00000000c458a888,0x00000000c6800000)
 Metaspace       used 10405K, capacity 10549K, committed 10624K, reserved 1058816K
  class space    used 1025K, capacity 1093K, committed 1152K, reserved 1048576K

Card table byte_map: [0x00007fcc3841b000,0x00007fcc385fc000] byte_map_base: 0x00007fcc37dfb000

Marking Bits: (ParMarkBitMap*) 0x00007fcc4d854680
 Begin Bits: [0x00007fcc32200000, 0x00007fcc33100000)
 End Bits:   [0x00007fcc33100000, 0x00007fcc34000000)

Polling page: 0x00007fcc4e688000

CodeCache: size=245760Kb used=4241Kb max_used=4241Kb free=241518Kb
 bounds [0x00007fcc389bc000, 0x00007fcc38dec000, 0x00007fcc479bc000]
 total_blobs=1693 nmethods=1105 adapters=503
 compilation: enabled

Compilation events (10 events):
Event: 5.007 Thread 0x00007fcc480bb000 1101   !   3       org.lwjgl.opengl.Display::processMessages (44 bytes)
Event: 5.010 Thread 0x00007fcc480bb000 nmethod 1101 0x00007fcc38ddb250 code [0x00007fcc38ddb720, 0x00007fcc38dde358]
Event: 5.010 Thread 0x00007fcc480bb000 1102   !   3       org.lwjgl.opengl.LinuxDisplay::update (24 bytes)
Event: 5.011 Thread 0x00007fcc480bb000 nmethod 1102 0x00007fcc38de0090 code [0x00007fcc38de0440, 0x00007fcc38de2178]
Event: 5.021 Thread 0x00007fcc480bb000 1103       3       org.newdawn.slick.GameContainer::updateFPS (48 bytes)
Event: 5.022 Thread 0x00007fcc480bb000 nmethod 1103 0x00007fcc38dd1a10 code [0x00007fcc38dd1be0, 0x00007fcc38dd2510]
Event: 5.022 Thread 0x00007fcc480bb000 1104   !   3       org.lwjgl.opengl.Display::isCloseRequested (38 bytes)
Event: 5.022 Thread 0x00007fcc480bb000 nmethod 1104 0x00007fcc38de2f90 code [0x00007fcc38de3140, 0x00007fcc38de3748]
Event: 5.022 Thread 0x00007fcc480bb000 1105       3       org.lwjgl.opengl.LinuxDisplay::isCloseRequested (12 bytes)
Event: 5.023 Thread 0x00007fcc480bb000 nmethod 1105 0x00007fcc38de3a10 code [0x00007fcc38de3b60, 0x00007fcc38de3cb0]

GC Heap History (4 events):
Event: 0.649 GC heap before
{Heap before GC invocations=1 (full 0):
 PSYoungGen      total 17920K, used 15360K [0x00000000ec000000, 0x00000000ed400000, 0x0000000100000000)
  eden space 15360K, 100% used [0x00000000ec000000,0x00000000ecf00000,0x00000000ecf00000)
  from space 2560K, 0% used [0x00000000ed180000,0x00000000ed180000,0x00000000ed400000)
  to   space 2560K, 0% used [0x00000000ecf00000,0x00000000ecf00000,0x00000000ed180000)
 ParOldGen       total 40960K, used 0K [0x00000000c4000000, 0x00000000c6800000, 0x00000000ec000000)
  object space 40960K, 0% used [0x00000000c4000000,0x00000000c4000000,0x00000000c6800000)
 Metaspace       used 9962K, capacity 10133K, committed 10368K, reserved 1058816K
  class space    used 998K, capacity 1061K, committed 1152K, reserved 1048576K
Event: 0.656 GC heap after
Heap after GC invocations=1 (full 0):
 PSYoungGen      total 17920K, used 2538K [0x00000000ec000000, 0x00000000ed400000, 0x0000000100000000)
  eden space 15360K, 0% used [0x00000000ec000000,0x00000000ec000000,0x00000000ecf00000)
  from space 2560K, 99% used [0x00000000ecf00000,0x00000000ed17a9b0,0x00000000ed180000)
  to   space 2560K, 0% used [0x00000000ed180000,0x00000000ed180000,0x00000000ed400000)
 ParOldGen       total 40960K, used 2594K [0x00000000c4000000, 0x00000000c6800000, 0x00000000ec000000)
  object space 40960K, 6% used [0x00000000c4000000,0x00000000c4288858,0x00000000c6800000)
 Metaspace       used 9962K, capacity 10133K, committed 10368K, reserved 1058816K
  class space    used 998K, capacity 1061K, committed 1152K, reserved 1048576K
}
Event: 0.721 GC heap before
{Heap before GC invocations=2 (full 0):
 PSYoungGen      total 17920K, used 17898K [0x00000000ec000000, 0x00000000ed400000, 0x0000000100000000)
  eden space 15360K, 100% used [0x00000000ec000000,0x00000000ecf00000,0x00000000ecf00000)
  from space 2560K, 99% used [0x00000000ecf00000,0x00000000ed17a9b0,0x00000000ed180000)
  to   space 2560K, 0% used [0x00000000ed180000,0x00000000ed180000,0x00000000ed400000)
 ParOldGen       total 40960K, used 2594K [0x00000000c4000000, 0x00000000c6800000, 0x00000000ec000000)
  object space 40960K, 6% used [0x00000000c4000000,0x00000000c4288858,0x00000000c6800000)
 Metaspace       used 9988K, capacity 10133K, committed 10368K, reserved 1058816K
  class space    used 998K, capacity 1061K, committed 1152K, reserved 1048576K
Event: 0.726 GC heap after
Heap after GC invocations=2 (full 0):
 PSYoungGen      total 17920K, used 2474K [0x00000000ec000000, 0x00000000ee300000, 0x0000000100000000)
  eden space 15360K, 0% used [0x00000000ec000000,0x00000000ec000000,0x00000000ecf00000)
  from space 2560K, 96% used [0x00000000ed180000,0x00000000ed3ea9b0,0x00000000ed400000)
  to   space 2560K, 0% used [0x00000000ecf00000,0x00000000ecf00000,0x00000000ed180000)
 ParOldGen       total 40960K, used 5674K [0x00000000c4000000, 0x00000000c6800000, 0x00000000ec000000)
  object space 40960K, 13% used [0x00000000c4000000,0x00000000c458a888,0x00000000c6800000)
 Metaspace       used 9988K, capacity 10133K, committed 10368K, reserved 1058816K
  class space    used 998K, capacity 1061K, committed 1152K, reserved 1048576K
}

Deoptimization events (9 events):
Event: 0.159 Thread 0x00007fcc48008800 Uncommon trap: reason=unstable_if action=reinterpret pc=0x00007fcc38b15144 method=java.lang.String.indexOf(II)I @ 49
Event: 0.232 Thread 0x00007fcc48008800 Uncommon trap: reason=unstable_if action=reinterpret pc=0x00007fcc38b6e454 method=java.lang.String.replace(CC)Ljava/lang/String; @ 26
Event: 0.511 Thread 0x00007fcc48008800 Uncommon trap: reason=unstable_if action=reinterpret pc=0x00007fcc38b7e694 method=java.lang.String.indexOf([CII[CIII)I @ 3
Event: 0.619 Thread 0x00007fcc48008800 Uncommon trap: reason=unstable_if action=reinterpret pc=0x00007fcc38c78d74 method=sun.java2d.loops.GraphicsPrimitiveMgr.locate(Lsun/java2d/loops/GraphicsPrimitiveMgr$PrimitiveSpec;)Lsun/java2d/loops/GraphicsPrimitive; @ 85
Event: 1.823 Thread 0x00007fcc48008800 Uncommon trap: reason=unstable_if action=reinterpret pc=0x00007fcc38d24b44 method=org.newdawn.slick.geom.NeatTriangulator.addEdge(III)V @ 22
Event: 2.291 Thread 0x00007fcc48008800 Uncommon trap: reason=class_check action=maybe_recompile pc=0x00007fcc38d1fbac method=org.newdawn.slick.geom.Shape.checkPoints()V @ 8
Event: 2.322 Thread 0x00007fcc48008800 Uncommon trap: reason=class_check action=maybe_recompile pc=0x00007fcc38d1fbac method=org.newdawn.slick.geom.Shape.checkPoints()V @ 8
Event: 2.356 Thread 0x00007fcc48008800 Uncommon trap: reason=class_check action=maybe_recompile pc=0x00007fcc38d1fbac method=org.newdawn.slick.geom.Shape.checkPoints()V @ 8
Event: 2.389 Thread 0x00007fcc48008800 Uncommon trap: reason=class_check action=maybe_recompile pc=0x00007fcc38d1fbac method=org.newdawn.slick.geom.Shape.checkPoints()V @ 8

Internal exceptions (10 events):
Event: 0.661 Thread 0x00007fcc48a54800 Exception <a 'java/io/IOException'> (0x00000000ec109ea0) thrown at [/build/java8-openjdk/src/jdk8u-jdk8u45-b14/hotspot/src/share/vm/prims/jni.cpp, line 709]
Event: 0.661 Thread 0x00007fcc48a54800 Exception <a 'java/io/IOException'> (0x00000000ec10a0b0) thrown at [/build/java8-openjdk/src/jdk8u-jdk8u45-b14/hotspot/src/share/vm/prims/jni.cpp, line 709]
Event: 0.661 Thread 0x00007fcc48a54800 Exception <a 'java/io/IOException'> (0x00000000ec10a2c0) thrown at [/build/java8-openjdk/src/jdk8u-jdk8u45-b14/hotspot/src/share/vm/prims/jni.cpp, line 709]
Event: 0.662 Thread 0x00007fcc48a54800 Exception <a 'java/io/IOException'> (0x00000000ec10a4d0) thrown at [/build/java8-openjdk/src/jdk8u-jdk8u45-b14/hotspot/src/share/vm/prims/jni.cpp, line 709]
Event: 0.662 Thread 0x00007fcc48a54800 Exception <a 'java/io/IOException'> (0x00000000ec10a6e0) thrown at [/build/java8-openjdk/src/jdk8u-jdk8u45-b14/hotspot/src/share/vm/prims/jni.cpp, line 709]
Event: 0.662 Thread 0x00007fcc48a54800 Exception <a 'java/io/IOException'> (0x00000000ec10a8f0) thrown at [/build/java8-openjdk/src/jdk8u-jdk8u45-b14/hotspot/src/share/vm/prims/jni.cpp, line 709]
Event: 0.662 Thread 0x00007fcc48a54800 Exception <a 'java/io/IOException'> (0x00000000ec10ab00) thrown at [/build/java8-openjdk/src/jdk8u-jdk8u45-b14/hotspot/src/share/vm/prims/jni.cpp, line 709]
Event: 0.662 Thread 0x00007fcc48a54800 Exception <a 'java/io/IOException'> (0x00000000ec10ad10) thrown at [/build/java8-openjdk/src/jdk8u-jdk8u45-b14/hotspot/src/share/vm/prims/jni.cpp, line 709]
Event: 0.662 Thread 0x00007fcc48a54800 Exception <a 'java/io/IOException'> (0x00000000ec10af20) thrown at [/build/java8-openjdk/src/jdk8u-jdk8u45-b14/hotspot/src/share/vm/prims/jni.cpp, line 709]
Event: 0.737 Thread 0x00007fcc48008800 Exception <a 'java/lang/ArrayIndexOutOfBoundsException': 6> (0x00000000ec1937c0) thrown at [/build/java8-openjdk/src/jdk8u-jdk8u45-b14/hotspot/src/share/vm/interpreter/interpreterRuntime.cpp, line 366]

Events (10 events):
Event: 2.356 Thread 0x00007fcc48008800 Uncommon trap: trap_request=0xffffffde fr.pc=0x00007fcc38d1fbac
Event: 2.356 Thread 0x00007fcc48008800 DEOPT PACKING pc=0x00007fcc38d1fbac sp=0x00007fcc4e65f660
Event: 2.356 Thread 0x00007fcc48008800 DEOPT UNPACKING pc=0x00007fcc389c0f69 sp=0x00007fcc4e65f630 mode 2
Event: 2.389 Thread 0x00007fcc48008800 Uncommon trap: trap_request=0xffffffde fr.pc=0x00007fcc38d1fbac
Event: 2.389 Thread 0x00007fcc48008800 DEOPT PACKING pc=0x00007fcc38d1fbac sp=0x00007fcc4e65f660
Event: 2.389 Thread 0x00007fcc48008800 DEOPT UNPACKING pc=0x00007fcc389c0f69 sp=0x00007fcc4e65f630 mode 2
Event: 3.605 Thread 0x00007fcc48008800 DEOPT PACKING pc=0x00007fcc38d69fa3 sp=0x00007fcc4e65f6e0
Event: 3.605 Thread 0x00007fcc48008800 DEOPT UNPACKING pc=0x00007fcc38a03373 sp=0x00007fcc4e65f510 mode 0
Event: 4.083 Executing VM operation: EnableBiasedLocking
Event: 4.083 Executing VM operation: EnableBiasedLocking done


Dynamic libraries:
00400000-00401000 r-xp 00000000 08:01 11156087                           /usr/lib/jvm/java-8-openjdk/jre/bin/java
00600000-00601000 rw-p 00000000 08:01 11156087                           /usr/lib/jvm/java-8-openjdk/jre/bin/java
01fb2000-01fd3000 rw-p 00000000 00:00 0                                  [heap]
c4000000-c6800000 rw-p 00000000 00:00 0 
c6800000-ec000000 ---p 00000000 00:00 0 
ec000000-ee300000 rw-p 00000000 00:00 0 
ee300000-100000000 ---p 00000000 00:00 0 
100000000-100120000 rw-p 00000000 00:00 0 
100120000-140000000 ---p 00000000 00:00 0 
7fcbe4000000-7fcbe4021000 rw-p 00000000 00:00 0 
7fcbe4021000-7fcbe8000000 ---p 00000000 00:00 0 
7fcbe9dde000-7fcbe9ede000 rw-s 00000000 00:05 58339                      /drm mm object (deleted)
7fcbe9ede000-7fcbe9fdf000 rw-p 00000000 00:00 0 
7fcbe9fdf000-7fcbe9fe4000 r-xp 00000000 08:01 10226819                   /usr/lib/libnss_dns-2.21.so
7fcbe9fe4000-7fcbea1e3000 ---p 00005000 08:01 10226819                   /usr/lib/libnss_dns-2.21.so
7fcbea1e3000-7fcbea1e4000 r--p 00004000 08:01 10226819                   /usr/lib/libnss_dns-2.21.so
7fcbea1e4000-7fcbea1e5000 rw-p 00005000 08:01 10226819                   /usr/lib/libnss_dns-2.21.so
7fcbea1e5000-7fcbea325000 rw-p 00000000 00:00 0 
7fcbea325000-7fcbea3e5000 ---p 00000000 00:00 0 
7fcbea3e5000-7fcbea3fb000 r-xp 00000000 08:01 11156057                   /usr/lib/jvm/java-8-openjdk/jre/lib/amd64/libnet.so
7fcbea3fb000-7fcbea5fb000 ---p 00016000 08:01 11156057                   /usr/lib/jvm/java-8-openjdk/jre/lib/amd64/libnet.so
7fcbea5fb000-7fcbea5fc000 rw-p 00016000 08:01 11156057                   /usr/lib/jvm/java-8-openjdk/jre/lib/amd64/libnet.so
7fcbea5fc000-7fcbea60d000 r-xp 00000000 08:01 11156068                   /usr/lib/jvm/java-8-openjdk/jre/lib/amd64/libnio.so
7fcbea60d000-7fcbea80c000 ---p 00011000 08:01 11156068                   /usr/lib/jvm/java-8-openjdk/jre/lib/amd64/libnio.so
7fcbea80c000-7fcbea80d000 rw-p 00010000 08:01 11156068                   /usr/lib/jvm/java-8-openjdk/jre/lib/amd64/libnio.so
7fcbea80d000-7fcbea810000 r-xp 00000000 08:01 16385621                   /home/michael/workspace/Slick2D-Project/lwjgl-2.9.3/native/linux/libjinput-linux64.so
7fcbea810000-7fcbeaa0f000 ---p 00003000 08:01 16385621                   /home/michael/workspace/Slick2D-Project/lwjgl-2.9.3/native/linux/libjinput-linux64.so
7fcbeaa0f000-7fcbeaa10000 r--p 00002000 08:01 16385621                   /home/michael/workspace/Slick2D-Project/lwjgl-2.9.3/native/linux/libjinput-linux64.so
7fcbeaa10000-7fcbeaa11000 rw-p 00003000 08:01 16385621                   /home/michael/workspace/Slick2D-Project/lwjgl-2.9.3/native/linux/libjinput-linux64.so
7fcbeaa11000-7fcbeaa14000 ---p 00000000 00:00 0 
7fcbeaa14000-7fcbebcb0000 rw-p 00000000 00:00 0                          [stack:3662]
7fcbebcb0000-7fcbebcb4000 r-xp 00000000 08:01 10248003                   /usr/lib/libtxc_dxtn.so
7fcbebcb4000-7fcbebeb3000 ---p 00004000 08:01 10248003                   /usr/lib/libtxc_dxtn.so
7fcbebeb3000-7fcbebeb4000 r--p 00003000 08:01 10248003                   /usr/lib/libtxc_dxtn.so
7fcbebeb4000-7fcbebeb5000 rw-p 00004000 08:01 10248003                   /usr/lib/libtxc_dxtn.so
7fcbebeb5000-7fcbebf29000 rw-p 00000000 00:00 0 
7fcbebff0000-7fcbec000000 rw-s 101bd9000 00:06 9426                      /dev/dri/card0
7fcbec000000-7fcbec021000 rw-p 00000000 00:00 0 
7fcbec021000-7fcbf0000000 ---p 00000000 00:00 0 
7fcbf000b000-7fcbf0013000 r-xp 00000000 08:01 10247759                   /usr/lib/libpciaccess.so.0.11.1
7fcbf0013000-7fcbf0213000 ---p 00008000 08:01 10247759                   /usr/lib/libpciaccess.so.0.11.1
7fcbf0213000-7fcbf0214000 r--p 00008000 08:01 10247759                   /usr/lib/libpciaccess.so.0.11.1
7fcbf0214000-7fcbf0215000 rw-p 00009000 08:01 10247759                   /usr/lib/libpciaccess.so.0.11.1
7fcbf0215000-7fcbf0227000 r-xp 00000000 08:01 10234919                   /usr/lib/libgpg-error.so.0.15.0
7fcbf0227000-7fcbf0426000 ---p 00012000 08:01 10234919                   /usr/lib/libgpg-error.so.0.15.0
7fcbf0426000-7fcbf0427000 r--p 00011000 08:01 10234919                   /usr/lib/libgpg-error.so.0.15.0
7fcbf0427000-7fcbf0428000 rw-p 00012000 08:01 10234919                   /usr/lib/libgpg-error.so.0.15.0
7fcbf0428000-7fcbf059a000 r-xp 00000000 08:01 10227159                   /usr/lib/libstdc++.so.6.0.21
7fcbf059a000-7fcbf079a000 ---p 00172000 08:01 10227159                   /usr/lib/libstdc++.so.6.0.21
7fcbf079a000-7fcbf07a4000 r--p 00172000 08:01 10227159                   /usr/lib/libstdc++.so.6.0.21
7fcbf07a4000-7fcbf07a6000 rw-p 0017c000 08:01 10227159                   /usr/lib/libstdc++.so.6.0.21
7fcbf07a6000-7fcbf07aa000 rw-p 00000000 00:00 0 
7fcbf07aa000-7fcbf07b5000 r-xp 00000000 08:01 10247779                   /usr/lib/libdrm_radeon.so.1.0.1
7fcbf07b5000-7fcbf09b4000 ---p 0000b000 08:01 10247779                   /usr/lib/libdrm_radeon.so.1.0.1
7fcbf09b4000-7fcbf09b5000 r--p 0000a000 08:01 10247779                   /usr/lib/libdrm_radeon.so.1.0.1
7fcbf09b5000-7fcbf09b6000 rw-p 0000b000 08:01 10247779                   /usr/lib/libdrm_radeon.so.1.0.1
7fcbf09b6000-7fcbf09bc000 r-xp 00000000 08:01 10247778                   /usr/lib/libdrm_nouveau.so.2.0.0
7fcbf09bc000-7fcbf0bbb000 ---p 00006000 08:01 10247778                   /usr/lib/libdrm_nouveau.so.2.0.0
7fcbf0bbb000-7fcbf0bbc000 r--p 00005000 08:01 10247778                   /usr/lib/libdrm_nouveau.so.2.0.0
7fcbf0bbc000-7fcbf0bbd000 rw-p 00006000 08:01 10247778                   /usr/lib/libdrm_nouveau.so.2.0.0
7fcbf0bbd000-7fcbf0bde000 r-xp 00000000 08:01 10247777                   /usr/lib/libdrm_intel.so.1.0.0
7fcbf0bde000-7fcbf0ddd000 ---p 00021000 08:01 10247777                   /usr/lib/libdrm_intel.so.1.0.0
7fcbf0ddd000-7fcbf0dde000 r--p 00020000 08:01 10247777                   /usr/lib/libdrm_intel.so.1.0.0
7fcbf0dde000-7fcbf0ddf000 rw-p 00021000 08:01 10247777                   /usr/lib/libdrm_intel.so.1.0.0
7fcbf0ddf000-7fcbf0eb6000 r-xp 00000000 08:01 10234950                   /usr/lib/libgcrypt.so.20.0.3
7fcbf0eb6000-7fcbf10b6000 ---p 000d7000 08:01 10234950                   /usr/lib/libgcrypt.so.20.0.3
7fcbf10b6000-7fcbf10b7000 r--p 000d7000 08:01 10234950                   /usr/lib/libgcrypt.so.20.0.3
7fcbf10b7000-7fcbf10c0000 rw-p 000d8000 08:01 10234950                   /usr/lib/libgcrypt.so.20.0.3
7fcbf10c0000-7fcbf1652000 r-xp 00000000 08:01 10756932                   /usr/lib/xorg/modules/dri/i965_dri.so
7fcbf1652000-7fcbf1851000 ---p 00592000 08:01 10756932                   /usr/lib/xorg/modules/dri/i965_dri.so
7fcbf1851000-7fcbf187c000 r--p 00591000 08:01 10756932                   /usr/lib/xorg/modules/dri/i965_dri.so
7fcbf187c000-7fcbf1882000 rw-p 005bc000 08:01 10756932                   /usr/lib/xorg/modules/dri/i965_dri.so
7fcbf1882000-7fcbf188a000 rw-p 00000000 00:00 0 
7fcbf188a000-7fcbf188e000 r-xp 00000000 08:01 10229889                   /usr/lib/libattr.so.1.1.0
7fcbf188e000-7fcbf1a8d000 ---p 00004000 08:01 10229889                   /usr/lib/libattr.so.1.1.0
7fcbf1a8d000-7fcbf1a8e000 r--p 00003000 08:01 10229889                   /usr/lib/libattr.so.1.1.0
7fcbf1a8e000-7fcbf1a8f000 rw-p 00004000 08:01 10229889                   /usr/lib/libattr.so.1.1.0
7fcbf1a8f000-7fcbf1a93000 r-xp 00000000 08:01 10230035                   /usr/lib/libcap.so.2.24
7fcbf1a93000-7fcbf1c92000 ---p 00004000 08:01 10230035                   /usr/lib/libcap.so.2.24
7fcbf1c92000-7fcbf1c93000 rw-p 00003000 08:01 10230035                   /usr/lib/libcap.so.2.24
7fcbf1c93000-7fcbf1ca7000 r-xp 00000000 08:01 10226773                   /usr/lib/libresolv-2.21.so
7fcbf1ca7000-7fcbf1ea6000 ---p 00014000 08:01 10226773                   /usr/lib/libresolv-2.21.so
7fcbf1ea6000-7fcbf1ea7000 r--p 00013000 08:01 10226773                   /usr/lib/libresolv-2.21.so
7fcbf1ea7000-7fcbf1ea8000 rw-p 00014000 08:01 10226773                   /usr/lib/libresolv-2.21.so
7fcbf1ea8000-7fcbf1eaa000 rw-p 00000000 00:00 0 
7fcbf1eaa000-7fcbf1eb7000 r-xp 00000000 08:01 10247772                   /usr/lib/libdrm.so.2.4.0
7fcbf1eb7000-7fcbf20b6000 ---p 0000d000 08:01 10247772                   /usr/lib/libdrm.so.2.4.0
7fcbf20b6000-7fcbf20b7000 r--p 0000c000 08:01 10247772                   /usr/lib/libdrm.so.2.4.0
7fcbf20b7000-7fcbf20b8000 rw-p 0000d000 08:01 10247772                   /usr/lib/libdrm.so.2.4.0
7fcbf20b8000-7fcbf20b9000 r-xp 00000000 08:01 10247936                   /usr/lib/libxshmfence.so.1.0.0
7fcbf20b9000-7fcbf22b9000 ---p 00001000 08:01 10247936                   /usr/lib/libxshmfence.so.1.0.0
7fcbf22b9000-7fcbf22ba000 r--p 00001000 08:01 10247936                   /usr/lib/libxshmfence.so.1.0.0
7fcbf22ba000-7fcbf22bb000 rw-p 00002000 08:01 10247936                   /usr/lib/libxshmfence.so.1.0.0
7fcbf22bb000-7fcbf22c0000 r-xp 00000000 08:01 10246497                   /usr/lib/libxcb-sync.so.1.0.0
7fcbf22c0000-7fcbf24c0000 ---p 00005000 08:01 10246497                   /usr/lib/libxcb-sync.so.1.0.0
7fcbf24c0000-7fcbf24c1000 r--p 00005000 08:01 10246497                   /usr/lib/libxcb-sync.so.1.0.0
7fcbf24c1000-7fcbf24c2000 rw-p 00006000 08:01 10246497                   /usr/lib/libxcb-sync.so.1.0.0
7fcbf24c2000-7fcbf24c5000 r-xp 00000000 08:01 10246466                   /usr/lib/libxcb-shape.so.0.0.0
7fcbf24c5000-7fcbf26c4000 ---p 00003000 08:01 10246466                   /usr/lib/libxcb-shape.so.0.0.0
7fcbf26c4000-7fcbf26c5000 r--p 00002000 08:01 10246466                   /usr/lib/libxcb-shape.so.0.0.0
7fcbf26c5000-7fcbf26c6000 rw-p 00003000 08:01 10246466                   /usr/lib/libxcb-shape.so.0.0.0
7fcbf26c6000-7fcbf26cf000 r-xp 00000000 08:01 10246451                   /usr/lib/libxcb-render.so.0.0.0
7fcbf26cf000-7fcbf28ce000 ---p 00009000 08:01 10246451                   /usr/lib/libxcb-render.so.0.0.0
7fcbf28ce000-7fcbf28cf000 r--p 00008000 08:01 10246451                   /usr/lib/libxcb-render.so.0.0.0
7fcbf28cf000-7fcbf28d0000 rw-p 00009000 08:01 10246451                   /usr/lib/libxcb-render.so.0.0.0
7fcbf28d0000-7fcbf28d6000 r-xp 00000000 08:01 10246448                   /usr/lib/libxcb-xfixes.so.0.0.0
7fcbf28d6000-7fcbf2ad6000 ---p 00006000 08:01 10246448                   /usr/lib/libxcb-xfixes.so.0.0.0
7fcbf2ad6000-7fcbf2ad7000 r--p 00006000 08:01 10246448                   /usr/lib/libxcb-xfixes.so.0.0.0
7fcbf2ad7000-7fcbf2ad8000 rw-p 00007000 08:01 10246448                   /usr/lib/libxcb-xfixes.so.0.0.0
7fcbf2ad8000-7fcbf2ae5000 r-xp 00000000 08:01 10246505                   /usr/lib/libxcb-randr.so.0.1.0
7fcbf2ae5000-7fcbf2ce4000 ---p 0000d000 08:01 10246505                   /usr/lib/libxcb-randr.so.0.1.0
7fcbf2ce4000-7fcbf2ce5000 r--p 0000c000 08:01 10246505                   /usr/lib/libxcb-randr.so.0.1.0
7fcbf2ce5000-7fcbf2ce6000 rw-p 0000d000 08:01 10246505                   /usr/lib/libxcb-randr.so.0.1.0
7fcbf2ce6000-7fcbf2ce8000 r-xp 00000000 08:01 10246484                   /usr/lib/libxcb-present.so.0.0.0
7fcbf2ce8000-7fcbf2ee7000 ---p 00002000 08:01 10246484                   /usr/lib/libxcb-present.so.0.0.0
7fcbf2ee7000-7fcbf2ee8000 r--p 00001000 08:01 10246484                   /usr/lib/libxcb-present.so.0.0.0
7fcbf2ee8000-7fcbf2ee9000 rw-p 00002000 08:01 10246484                   /usr/lib/libxcb-present.so.0.0.0
7fcbf2ee9000-7fcbf2eeb000 r-xp 00000000 08:01 10246456                   /usr/lib/libxcb-dri3.so.0.0.0
7fcbf2eeb000-7fcbf30ea000 ---p 00002000 08:01 10246456                   /usr/lib/libxcb-dri3.so.0.0.0
7fcbf30ea000-7fcbf30eb000 r--p 00001000 08:01 10246456                   /usr/lib/libxcb-dri3.so.0.0.0
7fcbf30eb000-7fcbf30ec000 rw-p 00002000 08:01 10246456                   /usr/lib/libxcb-dri3.so.0.0.0
7fcbf30ec000-7fcbf30f0000 r-xp 00000000 08:01 10246481                   /usr/lib/libxcb-dri2.so.0.0.0
7fcbf30f0000-7fcbf32ef000 ---p 00004000 08:01 10246481                   /usr/lib/libxcb-dri2.so.0.0.0
7fcbf32ef000-7fcbf32f0000 r--p 00003000 08:01 10246481                   /usr/lib/libxcb-dri2.so.0.0.0
7fcbf32f0000-7fcbf32f1000 rw-p 00004000 08:01 10246481                   /usr/lib/libxcb-dri2.so.0.0.0
7fcbf32f1000-7fcbf3308000 r-xp 00000000 08:01 10246455                   /usr/lib/libxcb-glx.so.0.0.0
7fcbf3308000-7fcbf3508000 ---p 00017000 08:01 10246455                   /usr/lib/libxcb-glx.so.0.0.0
7fcbf3508000-7fcbf350a000 r--p 00017000 08:01 10246455                   /usr/lib/libxcb-glx.so.0.0.0
7fcbf350a000-7fcbf350b000 rw-p 00019000 08:01 10246455                   /usr/lib/libxcb-glx.so.0.0.0
7fcbf350b000-7fcbf350c000 r-xp 00000000 08:01 10246551                   /usr/lib/libX11-xcb.so.1.0.0
7fcbf350c000-7fcbf370b000 ---p 00001000 08:01 10246551                   /usr/lib/libX11-xcb.so.1.0.0
7fcbf370b000-7fcbf370c000 r--p 00000000 08:01 10246551                   /usr/lib/libX11-xcb.so.1.0.0
7fcbf370c000-7fcbf370d000 rw-p 00001000 08:01 10246551                   /usr/lib/libX11-xcb.so.1.0.0
7fcbf370d000-7fcbf370f000 r-xp 00000000 08:01 10247932                   /usr/lib/libXdamage.so.1.1.0
7fcbf370f000-7fcbf390e000 ---p 00002000 08:01 10247932                   /usr/lib/libXdamage.so.1.1.0
7fcbf390e000-7fcbf390f000 r--p 00001000 08:01 10247932                   /usr/lib/libXdamage.so.1.1.0
7fcbf390f000-7fcbf3910000 rw-p 00002000 08:01 10247932                   /usr/lib/libXdamage.so.1.1.0
7fcbf3910000-7fcbf3938000 r-xp 00000000 08:01 10248057                   /usr/lib/libglapi.so.0.0.0
7fcbf3938000-7fcbf3b38000 ---p 00028000 08:01 10248057                   /usr/lib/libglapi.so.0.0.0
7fcbf3b38000-7fcbf3b3c000 r--p 00028000 08:01 10248057                   /usr/lib/libglapi.so.0.0.0
7fcbf3b3c000-7fcbf3b3d000 rw-p 0002c000 08:01 10248057                   /usr/lib/libglapi.so.0.0.0
7fcbf3b3d000-7fcbf3b3e000 rw-p 00000000 00:00 0 
7fcbf3b3e000-7fcbf3b65000 r-xp 00000000 08:01 10233727                   /usr/lib/libexpat.so.1.6.0
7fcbf3b65000-7fcbf3d64000 ---p 00027000 08:01 10233727                   /usr/lib/libexpat.so.1.6.0
7fcbf3d64000-7fcbf3d67000 r--p 00026000 08:01 10233727                   /usr/lib/libexpat.so.1.6.0
7fcbf3d67000-7fcbf3d68000 rw-p 00029000 08:01 10233727                   /usr/lib/libexpat.so.1.6.0
7fcbf3d68000-7fcbf3dfc000 r-xp 00000000 08:01 10753234                   /usr/lib/mesa/libGL.so.1.2.0
7fcbf3dfc000-7fcbf3ffb000 ---p 00094000 08:01 10753234                   /usr/lib/mesa/libGL.so.1.2.0
7fcbf3ffb000-7fcbf3ffe000 r--p 00093000 08:01 10753234                   /usr/lib/mesa/libGL.so.1.2.0
7fcbf3ffe000-7fcbf3fff000 rw-p 00096000 08:01 10753234                   /usr/lib/mesa/libGL.so.1.2.0
7fcbf3fff000-7fcbf4000000 rw-p 00000000 00:00 0 
7fcbf4000000-7fcbf4021000 rw-p 00000000 00:00 0 
7fcbf4021000-7fcbf8000000 ---p 00000000 00:00 0 
7fcbf8000000-7fcbf8021000 rw-p 00000000 00:00 0 
7fcbf8021000-7fcbfc000000 ---p 00000000 00:00 0 
7fcbfc000000-7fcbfc021000 rw-p 00000000 00:00 0 
7fcbfc021000-7fcc00000000 ---p 00000000 00:00 0 
7fcc00000000-7fcc00021000 rw-p 00000000 00:00 0 
7fcc00021000-7fcc04000000 ---p 00000000 00:00 0 
7fcc04000000-7fcc0434f000 rw-p 00000000 00:00 0 
7fcc0434f000-7fcc08000000 ---p 00000000 00:00 0 
7fcc08000000-7fcc0836e000 rw-p 00000000 00:00 0 
7fcc0836e000-7fcc0c000000 ---p 00000000 00:00 0 
7fcc0c000000-7fcc0c021000 rw-p 00000000 00:00 0 
7fcc0c021000-7fcc10000000 ---p 00000000 00:00 0 
7fcc10000000-7fcc10544000 rw-p 00000000 00:00 0 
7fcc10544000-7fcc14000000 ---p 00000000 00:00 0 
7fcc14000000-7fcc14021000 rw-p 00000000 00:00 0 
7fcc14021000-7fcc18000000 ---p 00000000 00:00 0 
7fcc18000000-7fcc18021000 rw-p 00000000 00:00 0 
7fcc18021000-7fcc1c000000 ---p 00000000 00:00 0 
7fcc1c000000-7fcc1c021000 rw-p 00000000 00:00 0 
7fcc1c021000-7fcc20000000 ---p 00000000 00:00 0 
7fcc20000000-7fcc20021000 rw-p 00000000 00:00 0 
7fcc20021000-7fcc24000000 ---p 00000000 00:00 0 
7fcc24000000-7fcc24021000 rw-p 00000000 00:00 0 
7fcc24021000-7fcc28000000 ---p 00000000 00:00 0 
7fcc28005000-7fcc28015000 rw-s 101bc9000 00:06 9426                      /dev/dri/card0
7fcc28015000-7fcc28055000 rw-s 00000000 00:05 58695                      /drm mm object (deleted)
7fcc28055000-7fcc28073000 r-xp 00000000 08:01 10247526                   /usr/lib/libudev.so.1.6.4
7fcc28073000-7fcc28074000 r--p 0001d000 08:01 10247526                   /usr/lib/libudev.so.1.6.4
7fcc28074000-7fcc28075000 rw-p 0001e000 08:01 10247526                   /usr/lib/libudev.so.1.6.4
7fcc28084000-7fcc28094000 rw-s 101bb9000 00:06 9426                      /dev/dri/card0
7fcc28094000-7fcc28099000 r--s 00094000 08:01 11146692                   /usr/lib/jvm/java-8-openjdk/jre/lib/jsse.jar
7fcc28099000-7fcc2809c000 ---p 00000000 00:00 0 
7fcc2809c000-7fcc280d2000 rw-p 00000000 00:00 0                          [stack:3658]
7fcc280d2000-7fcc280d7000 r-xp 00000000 08:01 10247921                   /usr/lib/libXxf86vm.so.1.0.0
7fcc280d7000-7fcc282d6000 ---p 00005000 08:01 10247921                   /usr/lib/libXxf86vm.so.1.0.0
7fcc282d6000-7fcc282d7000 r--p 00004000 08:01 10247921                   /usr/lib/libXxf86vm.so.1.0.0
7fcc282d7000-7fcc282d8000 rw-p 00005000 08:01 10247921                   /usr/lib/libXxf86vm.so.1.0.0
7fcc282d8000-7fcc282e2000 r-xp 00000000 08:01 10248858                   /usr/lib/libXrandr.so.2.2.0
7fcc282e2000-7fcc284e1000 ---p 0000a000 08:01 10248858                   /usr/lib/libXrandr.so.2.2.0
7fcc284e1000-7fcc284e2000 r--p 00009000 08:01 10248858                   /usr/lib/libXrandr.so.2.2.0
7fcc284e2000-7fcc284e3000 rw-p 0000a000 08:01 10248858                   /usr/lib/libXrandr.so.2.2.0
7fcc284e3000-7fcc2854f000 r-xp 00000000 08:01 16385623                   /home/michael/workspace/Slick2D-Project/lwjgl-2.9.3/native/linux/liblwjgl64.so
7fcc2854f000-7fcc2874e000 ---p 0006c000 08:01 16385623                   /home/michael/workspace/Slick2D-Project/lwjgl-2.9.3/native/linux/liblwjgl64.so
7fcc2874e000-7fcc28750000 r--p 0006b000 08:01 16385623                   /home/michael/workspace/Slick2D-Project/lwjgl-2.9.3/native/linux/liblwjgl64.so
7fcc28750000-7fcc28751000 rw-p 0006d000 08:01 16385623                   /home/michael/workspace/Slick2D-Project/lwjgl-2.9.3/native/linux/liblwjgl64.so
7fcc28751000-7fcc28752000 r-xp 00000000 08:01 11156074                   /usr/lib/jvm/java-8-openjdk/jre/lib/amd64/libjawt.so
7fcc28752000-7fcc28951000 ---p 00001000 08:01 11156074                   /usr/lib/jvm/java-8-openjdk/jre/lib/amd64/libjawt.so
7fcc28951000-7fcc28952000 rw-p 00000000 08:01 11156074                   /usr/lib/jvm/java-8-openjdk/jre/lib/amd64/libjawt.so
7fcc28952000-7fcc28955000 ---p 00000000 00:00 0 
7fcc28955000-7fcc28a53000 rw-p 00000000 00:00 0                          [stack:3656]
7fcc28a53000-7fcc28a58000 r-xp 00000000 08:01 10247926                   /usr/lib/libXfixes.so.3.1.0
7fcc28a58000-7fcc28c57000 ---p 00005000 08:01 10247926                   /usr/lib/libXfixes.so.3.1.0
7fcc28c57000-7fcc28c58000 r--p 00004000 08:01 10247926                   /usr/lib/libXfixes.so.3.1.0
7fcc28c58000-7fcc28c59000 rw-p 00005000 08:01 10247926                   /usr/lib/libXfixes.so.3.1.0
7fcc28c59000-7fcc28c63000 r-xp 00000000 08:01 10248828                   /usr/lib/libXcursor.so.1.0.2
7fcc28c63000-7fcc28e62000 ---p 0000a000 08:01 10248828                   /usr/lib/libXcursor.so.1.0.2
7fcc28e62000-7fcc28e63000 r--p 00009000 08:01 10248828                   /usr/lib/libXcursor.so.1.0.2
7fcc28e63000-7fcc28e64000 rw-p 0000a000 08:01 10248828                   /usr/lib/libXcursor.so.1.0.2
7fcc28e64000-7fcc28e67000 ---p 00000000 00:00 0 
7fcc28e67000-7fcc28f65000 rw-p 00000000 00:00 0                          [stack:3655]
7fcc28f65000-7fcc28fd3000 r-xp 00000000 08:01 10233756                   /usr/lib/libpcre.so.1.2.5
7fcc28fd3000-7fcc291d3000 ---p 0006e000 08:01 10233756                   /usr/lib/libpcre.so.1.2.5
7fcc291d3000-7fcc291d4000 r--p 0006e000 08:01 10233756                   /usr/lib/libpcre.so.1.2.5
7fcc291d4000-7fcc291d5000 rw-p 0006f000 08:01 10233756                   /usr/lib/libpcre.so.1.2.5
7fcc291d5000-7fcc291f1000 r-xp 00000000 08:01 10247519                   /usr/lib/libgraphite2.so.3.0.1
7fcc291f1000-7fcc293f0000 ---p 0001c000 08:01 10247519                   /usr/lib/libgraphite2.so.3.0.1
7fcc293f0000-7fcc293f2000 r--p 0001b000 08:01 10247519                   /usr/lib/libgraphite2.so.3.0.1
7fcc293f2000-7fcc293f3000 rw-p 0001d000 08:01 10247519                   /usr/lib/libgraphite2.so.3.0.1
7fcc293f3000-7fcc294ff000 r-xp 00000000 08:01 10233950                   /usr/lib/libglib-2.0.so.0.4400.1
7fcc294ff000-7fcc296fe000 ---p 0010c000 08:01 10233950                   /usr/lib/libglib-2.0.so.0.4400.1
7fcc296fe000-7fcc296ff000 r--p 0010b000 08:01 10233950                   /usr/lib/libglib-2.0.so.0.4400.1
7fcc296ff000-7fcc29700000 rw-p 0010c000 08:01 10233950                   /usr/lib/libglib-2.0.so.0.4400.1
7fcc29700000-7fcc29701000 rw-p 00000000 00:00 0 
7fcc29701000-7fcc2975b000 r-xp 00000000 08:01 10233470                   /usr/lib/libharfbuzz.so.0.941.0
7fcc2975b000-7fcc2995b000 ---p 0005a000 08:01 10233470                   /usr/lib/libharfbuzz.so.0.941.0
7fcc2995b000-7fcc2995c000 r--p 0005a000 08:01 10233470                   /usr/lib/libharfbuzz.so.0.941.0
7fcc2995c000-7fcc2995d000 rw-p 0005b000 08:01 10233470                   /usr/lib/libharfbuzz.so.0.941.0
7fcc2995d000-7fcc29992000 r-xp 00000000 08:01 10244029                   /usr/lib/libpng16.so.16.16.0
7fcc29992000-7fcc29b91000 ---p 00035000 08:01 10244029                   /usr/lib/libpng16.so.16.16.0
7fcc29b91000-7fcc29b92000 r--p 00034000 08:01 10244029                   /usr/lib/libpng16.so.16.16.0
7fcc29b92000-7fcc29b93000 rw-p 00035000 08:01 10244029                   /usr/lib/libpng16.so.16.16.0
7fcc29b93000-7fcc29ba2000 r-xp 00000000 08:01 10229879                   /usr/lib/libbz2.so.1.0.6
7fcc29ba2000-7fcc29da1000 ---p 0000f000 08:01 10229879                   /usr/lib/libbz2.so.1.0.6
7fcc29da1000-7fcc29da3000 rw-p 0000e000 08:01 10229879                   /usr/lib/libbz2.so.1.0.6
7fcc29da3000-7fcc29db9000 r-xp 00000000 08:01 10227124                   /usr/lib/libgcc_s.so.1
7fcc29db9000-7fcc29fb8000 ---p 00016000 08:01 10227124                   /usr/lib/libgcc_s.so.1
7fcc29fb8000-7fcc29fb9000 rw-p 00015000 08:01 10227124                   /usr/lib/libgcc_s.so.1
7fcc29fb9000-7fcc2a06e000 r-xp 00000000 08:01 10233478                   /usr/lib/libfreetype.so.6.12.0
7fcc2a06e000-7fcc2a26d000 ---p 000b5000 08:01 10233478                   /usr/lib/libfreetype.so.6.12.0
7fcc2a26d000-7fcc2a273000 r--p 000b4000 08:01 10233478                   /usr/lib/libfreetype.so.6.12.0
7fcc2a273000-7fcc2a274000 rw-p 000ba000 08:01 10233478                   /usr/lib/libfreetype.so.6.12.0
7fcc2a274000-7fcc2a27c000 rw-s 00000000 00:05 58694                      /drm mm object (deleted)
7fcc2a27c000-7fcc2a298000 r--s 00393000 08:01 11146710                   /usr/lib/jvm/java-8-openjdk/jre/lib/ext/cldrdata.jar
7fcc2a298000-7fcc2a2f9000 r-xp 00000000 08:01 11156072                   /usr/lib/jvm/java-8-openjdk/jre/lib/amd64/libfontmanager.so
7fcc2a2f9000-7fcc2a4f9000 ---p 00061000 08:01 11156072                   /usr/lib/jvm/java-8-openjdk/jre/lib/amd64/libfontmanager.so
7fcc2a4f9000-7fcc2a4fd000 rw-p 00061000 08:01 11156072                   /usr/lib/jvm/java-8-openjdk/jre/lib/amd64/libfontmanager.so
7fcc2a4fd000-7fcc2a510000 rw-p 00000000 00:00 0 
7fcc2a510000-7fcc2a515000 r-xp 00000000 08:01 10244175                   /usr/lib/libXdmcp.so.6.0.0
7fcc2a515000-7fcc2a714000 ---p 00005000 08:01 10244175                   /usr/lib/libXdmcp.so.6.0.0
7fcc2a714000-7fcc2a715000 r--p 00004000 08:01 10244175                   /usr/lib/libXdmcp.so.6.0.0
7fcc2a715000-7fcc2a716000 rw-p 00005000 08:01 10244175                   /usr/lib/libXdmcp.so.6.0.0
7fcc2a716000-7fcc2a718000 r-xp 00000000 08:01 10244179                   /usr/lib/libXau.so.6.0.0
7fcc2a718000-7fcc2a918000 ---p 00002000 08:01 10244179                   /usr/lib/libXau.so.6.0.0
7fcc2a918000-7fcc2a919000 r--p 00002000 08:01 10244179                   /usr/lib/libXau.so.6.0.0
7fcc2a919000-7fcc2a91a000 rw-p 00003000 08:01 10244179                   /usr/lib/libXau.so.6.0.0
7fcc2a91a000-7fcc2a93b000 r-xp 00000000 08:01 10246469                   /usr/lib/libxcb.so.1.1.0
7fcc2a93b000-7fcc2ab3a000 ---p 00021000 08:01 10246469                   /usr/lib/libxcb.so.1.1.0
7fcc2ab3a000-7fcc2ab3b000 r--p 00020000 08:01 10246469                   /usr/lib/libxcb.so.1.1.0
7fcc2ab3b000-7fcc2ab3c000 rw-p 00021000 08:01 10246469                   /usr/lib/libxcb.so.1.1.0
7fcc2ab3c000-7fcc2ab4b000 r-xp 00000000 08:01 10248936                   /usr/lib/libXi.so.6.1.0
7fcc2ab4b000-7fcc2ad4b000 ---p 0000f000 08:01 10248936                   /usr/lib/libXi.so.6.1.0
7fcc2ad4b000-7fcc2ad4c000 r--p 0000f000 08:01 10248936                   /usr/lib/libXi.so.6.1.0
7fcc2ad4c000-7fcc2ad4d000 rw-p 00010000 08:01 10248936                   /usr/lib/libXi.so.6.1.0
7fcc2ad4d000-7fcc2ad52000 r-xp 00000000 08:01 10249137                   /usr/lib/libXtst.so.6.1.0
7fcc2ad52000-7fcc2af51000 ---p 00005000 08:01 10249137                   /usr/lib/libXtst.so.6.1.0
7fcc2af51000-7fcc2af52000 r--p 00004000 08:01 10249137                   /usr/lib/libXtst.so.6.1.0
7fcc2af52000-7fcc2af53000 rw-p 00005000 08:01 10249137                   /usr/lib/libXtst.so.6.1.0
7fcc2af53000-7fcc2af5c000 r-xp 00000000 08:01 10247450                   /usr/lib/libXrender.so.1.3.0
7fcc2af5c000-7fcc2b15b000 ---p 00009000 08:01 10247450                   /usr/lib/libXrender.so.1.3.0
7fcc2b15b000-7fcc2b15c000 r--p 00008000 08:01 10247450                   /usr/lib/libXrender.so.1.3.0
7fcc2b15c000-7fcc2b15d000 rw-p 00009000 08:01 10247450                   /usr/lib/libXrender.so.1.3.0
7fcc2b15d000-7fcc2b298000 r-xp 00000000 08:01 10246550                   /usr/lib/libX11.so.6.3.0
7fcc2b298000-7fcc2b497000 ---p 0013b000 08:01 10246550                   /usr/lib/libX11.so.6.3.0
7fcc2b497000-7fcc2b499000 r--p 0013a000 08:01 10246550                   /usr/lib/libX11.so.6.3.0
7fcc2b499000-7fcc2b49e000 rw-p 0013c000 08:01 10246550                   /usr/lib/libX11.so.6.3.0
7fcc2b49e000-7fcc2b49f000 rw-p 00000000 00:00 0 
7fcc2b49f000-7fcc2b4b0000 r-xp 00000000 08:01 10247516                   /usr/lib/libXext.so.6.4.0
7fcc2b4b0000-7fcc2b6af000 ---p 00011000 08:01 10247516                   /usr/lib/libXext.so.6.4.0
7fcc2b6af000-7fcc2b6b0000 r--p 00010000 08:01 10247516                   /usr/lib/libXext.so.6.4.0
7fcc2b6b0000-7fcc2b6b1000 rw-p 00011000 08:01 10247516                   /usr/lib/libXext.so.6.4.0
7fcc2b6b2000-7fcc2b6ba000 rw-s 00000000 00:05 58336                      /drm mm object (deleted)
7fcc2b6ba000-7fcc2b6c2000 rw-s 00000000 00:05 58332                      /drm mm object (deleted)
7fcc2b6c2000-7fcc2b6d5000 r--s 00345000 08:01 11146687                   /usr/lib/jvm/java-8-openjdk/jre/lib/resources.jar
7fcc2b6d5000-7fcc2b728000 r-xp 00000000 08:01 11156073                   /usr/lib/jvm/java-8-openjdk/jre/lib/amd64/libawt_xawt.so
7fcc2b728000-7fcc2b927000 ---p 00053000 08:01 11156073                   /usr/lib/jvm/java-8-openjdk/jre/lib/amd64/libawt_xawt.so
7fcc2b927000-7fcc2b92b000 rw-p 00052000 08:01 11156073                   /usr/lib/jvm/java-8-openjdk/jre/lib/amd64/libawt_xawt.so
7fcc2b92b000-7fcc2b92c000 rw-p 00000000 00:00 0 
7fcc2b92c000-7fcc2b9cc000 r-xp 00000000 08:01 11156067                   /usr/lib/jvm/java-8-openjdk/jre/lib/amd64/libawt.so
7fcc2b9cc000-7fcc2bbcc000 ---p 000a0000 08:01 11156067                   /usr/lib/jvm/java-8-openjdk/jre/lib/amd64/libawt.so
7fcc2bbcc000-7fcc2bbd8000 rw-p 000a0000 08:01 11156067                   /usr/lib/jvm/java-8-openjdk/jre/lib/amd64/libawt.so
7fcc2bbd8000-7fcc2bbfc000 rw-p 00000000 00:00 0 
7fcc2bbfc000-7fcc2bbfd000 ---p 00000000 00:00 0 
7fcc2bbfd000-7fcc2bcfd000 rw-p 00000000 00:00 0                          [stack:3654]
7fcc2bcfd000-7fcc2bd00000 ---p 00000000 00:00 0 
7fcc2bd00000-7fcc2bdfe000 rw-p 00000000 00:00 0                          [stack:3653]
7fcc2bdfe000-7fcc2be01000 ---p 00000000 00:00 0 
7fcc2be01000-7fcc2beff000 rw-p 00000000 00:00 0                          [stack:3652]
7fcc2beff000-7fcc2bf02000 ---p 00000000 00:00 0 
7fcc2bf02000-7fcc2c000000 rw-p 00000000 00:00 0                          [stack:3651]
7fcc2c000000-7fcc2c021000 rw-p 00000000 00:00 0 
7fcc2c021000-7fcc30000000 ---p 00000000 00:00 0 
7fcc30003000-7fcc30011000 r--s 000f2000 08:01 16385036                   /home/michael/workspace/Slick2D-Project/Slick/lib/lwjgl.jar
7fcc30011000-7fcc30014000 ---p 00000000 00:00 0 
7fcc30014000-7fcc30112000 rw-p 00000000 00:00 0                          [stack:3650]
7fcc30112000-7fcc30115000 ---p 00000000 00:00 0 
7fcc30115000-7fcc30213000 rw-p 00000000 00:00 0                          [stack:3649]
7fcc30213000-7fcc3039c000 r--p 00000000 08:01 10243821                   /usr/lib/locale/locale-archive
7fcc3039c000-7fcc3039f000 ---p 00000000 00:00 0 
7fcc3039f000-7fcc3049d000 rw-p 00000000 00:00 0                          [stack:3648]
7fcc3049d000-7fcc304a0000 ---p 00000000 00:00 0 
7fcc304a0000-7fcc3059e000 rw-p 00000000 00:00 0                          [stack:3647]
7fcc3059e000-7fcc3059f000 ---p 00000000 00:00 0 
7fcc3059f000-7fcc31653000 rw-p 00000000 00:00 0                          [stack:3646]
7fcc31653000-7fcc31820000 r--s 03bd3000 08:01 11146689                   /usr/lib/jvm/java-8-openjdk/jre/lib/rt.jar
7fcc31820000-7fcc34000000 rw-p 00000000 00:00 0 
7fcc34000000-7fcc34021000 rw-p 00000000 00:00 0 
7fcc34021000-7fcc38000000 ---p 00000000 00:00 0 
7fcc38001000-7fcc3800c000 r--s 00116000 08:01 11146709                   /usr/lib/jvm/java-8-openjdk/jre/lib/ext/localedata.jar
7fcc3800c000-7fcc38017000 r--s 00099000 08:01 16385043                   /home/michael/workspace/Slick2D-Project/Slick/lib/slick.jar
7fcc38017000-7fcc38018000 ---p 00000000 00:00 0 
7fcc38018000-7fcc38118000 rw-p 00000000 00:00 0                          [stack:3643]
7fcc38118000-7fcc38119000 ---p 00000000 00:00 0 
7fcc38119000-7fcc38219000 rw-p 00000000 00:00 0                          [stack:3642]
7fcc38219000-7fcc3821a000 ---p 00000000 00:00 0 
7fcc3821a000-7fcc3831a000 rw-p 00000000 00:00 0                          [stack:3641]
7fcc3831a000-7fcc3831b000 ---p 00000000 00:00 0 
7fcc3831b000-7fcc3842f000 rw-p 00000000 00:00 0                          [stack:3640]
7fcc3842f000-7fcc3855b000 ---p 00000000 00:00 0 
7fcc3855b000-7fcc3856d000 rw-p 00000000 00:00 0 
7fcc3856d000-7fcc385fb000 ---p 00000000 00:00 0 
7fcc385fb000-7fcc3860d000 rw-p 00000000 00:00 0 
7fcc3860d000-7fcc389bc000 ---p 00000000 00:00 0 
7fcc389bc000-7fcc38dec000 rwxp 00000000 00:00 0 
7fcc38dec000-7fcc479bc000 ---p 00000000 00:00 0 
7fcc479bc000-7fcc479c4000 r-xp 00000000 08:01 11156054                   /usr/lib/jvm/java-8-openjdk/jre/lib/amd64/libzip.so
7fcc479c4000-7fcc47bc3000 ---p 00008000 08:01 11156054                   /usr/lib/jvm/java-8-openjdk/jre/lib/amd64/libzip.so
7fcc47bc3000-7fcc47bc4000 rw-p 00007000 08:01 11156054                   /usr/lib/jvm/java-8-openjdk/jre/lib/amd64/libzip.so
7fcc47bc4000-7fcc47bcf000 r-xp 00000000 08:01 10226777                   /usr/lib/libnss_files-2.21.so
7fcc47bcf000-7fcc47dcf000 ---p 0000b000 08:01 10226777                   /usr/lib/libnss_files-2.21.so
7fcc47dcf000-7fcc47dd0000 r--p 0000b000 08:01 10226777                   /usr/lib/libnss_files-2.21.so
7fcc47dd0000-7fcc47dd1000 rw-p 0000c000 08:01 10226777                   /usr/lib/libnss_files-2.21.so
7fcc47dd1000-7fcc47dfe000 r-xp 00000000 08:01 11156055                   /usr/lib/jvm/java-8-openjdk/jre/lib/amd64/libjava.so
7fcc47dfe000-7fcc47ffe000 ---p 0002d000 08:01 11156055                   /usr/lib/jvm/java-8-openjdk/jre/lib/amd64/libjava.so
7fcc47ffe000-7fcc48000000 rw-p 0002d000 08:01 11156055                   /usr/lib/jvm/java-8-openjdk/jre/lib/amd64/libjava.so
7fcc48000000-7fcc48c5d000 rw-p 00000000 00:00 0 
7fcc48c5d000-7fcc4c000000 ---p 00000000 00:00 0 
7fcc4c003000-7fcc4c08e000 rw-p 00000000 00:00 0 
7fcc4c08e000-7fcc4c1ba000 ---p 00000000 00:00 0 
7fcc4c1ba000-7fcc4c1c7000 r-xp 00000000 08:01 11156046                   /usr/lib/jvm/java-8-openjdk/jre/lib/amd64/libverify.so
7fcc4c1c7000-7fcc4c3c6000 ---p 0000d000 08:01 11156046                   /usr/lib/jvm/java-8-openjdk/jre/lib/amd64/libverify.so
7fcc4c3c6000-7fcc4c3c8000 rw-p 0000c000 08:01 11156046                   /usr/lib/jvm/java-8-openjdk/jre/lib/amd64/libverify.so
7fcc4c3c8000-7fcc4c3cf000 r-xp 00000000 08:01 10226809                   /usr/lib/librt-2.21.so
7fcc4c3cf000-7fcc4c5ce000 ---p 00007000 08:01 10226809                   /usr/lib/librt-2.21.so
7fcc4c5ce000-7fcc4c5cf000 r--p 00006000 08:01 10226809                   /usr/lib/librt-2.21.so
7fcc4c5cf000-7fcc4c5d0000 rw-p 00007000 08:01 10226809                   /usr/lib/librt-2.21.so
7fcc4c5d0000-7fcc4c6d3000 r-xp 00000000 08:01 10226836                   /usr/lib/libm-2.21.so
7fcc4c6d3000-7fcc4c8d2000 ---p 00103000 08:01 10226836                   /usr/lib/libm-2.21.so
7fcc4c8d2000-7fcc4c8d3000 r--p 00102000 08:01 10226836                   /usr/lib/libm-2.21.so
7fcc4c8d3000-7fcc4c8d4000 rw-p 00103000 08:01 10226836                   /usr/lib/libm-2.21.so
7fcc4c8d4000-7fcc4d575000 r-xp 00000000 08:01 11156078                   /usr/lib/jvm/java-8-openjdk/jre/lib/amd64/server/libjvm.so
7fcc4d575000-7fcc4d774000 ---p 00ca1000 08:01 11156078                   /usr/lib/jvm/java-8-openjdk/jre/lib/amd64/server/libjvm.so
7fcc4d774000-7fcc4d840000 rw-p 00ca0000 08:01 11156078                   /usr/lib/jvm/java-8-openjdk/jre/lib/amd64/server/libjvm.so
7fcc4d840000-7fcc4d882000 rw-p 00000000 00:00 0 
7fcc4d882000-7fcc4da1b000 r-xp 00000000 08:01 10226788                   /usr/lib/libc-2.21.so
7fcc4da1b000-7fcc4dc1a000 ---p 00199000 08:01 10226788                   /usr/lib/libc-2.21.so
7fcc4dc1a000-7fcc4dc1e000 r--p 00198000 08:01 10226788                   /usr/lib/libc-2.21.so
7fcc4dc1e000-7fcc4dc20000 rw-p 0019c000 08:01 10226788                   /usr/lib/libc-2.21.so
7fcc4dc20000-7fcc4dc24000 rw-p 00000000 00:00 0 
7fcc4dc24000-7fcc4dc27000 r-xp 00000000 08:01 10226818                   /usr/lib/libdl-2.21.so
7fcc4dc27000-7fcc4de26000 ---p 00003000 08:01 10226818                   /usr/lib/libdl-2.21.so
7fcc4de26000-7fcc4de27000 r--p 00002000 08:01 10226818                   /usr/lib/libdl-2.21.so
7fcc4de27000-7fcc4de28000 rw-p 00003000 08:01 10226818                   /usr/lib/libdl-2.21.so
7fcc4de28000-7fcc4de35000 r-xp 00000000 08:01 11156075                   /usr/lib/jvm/java-8-openjdk/jre/lib/amd64/jli/libjli.so
7fcc4de35000-7fcc4e035000 ---p 0000d000 08:01 11156075                   /usr/lib/jvm/java-8-openjdk/jre/lib/amd64/jli/libjli.so
7fcc4e035000-7fcc4e036000 rw-p 0000d000 08:01 11156075                   /usr/lib/jvm/java-8-openjdk/jre/lib/amd64/jli/libjli.so
7fcc4e036000-7fcc4e04b000 r-xp 00000000 08:01 10230040                   /usr/lib/libz.so.1.2.8
7fcc4e04b000-7fcc4e24a000 ---p 00015000 08:01 10230040                   /usr/lib/libz.so.1.2.8
7fcc4e24a000-7fcc4e24b000 r--p 00014000 08:01 10230040                   /usr/lib/libz.so.1.2.8
7fcc4e24b000-7fcc4e24c000 rw-p 00015000 08:01 10230040                   /usr/lib/libz.so.1.2.8
7fcc4e24c000-7fcc4e264000 r-xp 00000000 08:01 10226808                   /usr/lib/libpthread-2.21.so
7fcc4e264000-7fcc4e463000 ---p 00018000 08:01 10226808                   /usr/lib/libpthread-2.21.so
7fcc4e463000-7fcc4e464000 r--p 00017000 08:01 10226808                   /usr/lib/libpthread-2.21.so
7fcc4e464000-7fcc4e465000 rw-p 00018000 08:01 10226808                   /usr/lib/libpthread-2.21.so
7fcc4e465000-7fcc4e469000 rw-p 00000000 00:00 0 
7fcc4e469000-7fcc4e48b000 r-xp 00000000 08:01 10226832                   /usr/lib/ld-2.21.so
7fcc4e48b000-7fcc4e48c000 rwxp 00000000 00:00 0 
7fcc4e48c000-7fcc4e490000 r--s 00027000 08:01 16385037                   /home/michael/workspace/Slick2D-Project/Slick/lib/lwjgl_util.jar
7fcc4e490000-7fcc4e560000 rw-p 00000000 00:00 0 
7fcc4e560000-7fcc4e563000 ---p 00000000 00:00 0 
7fcc4e563000-7fcc4e665000 rw-p 00000000 00:00 0                          [stack:3638]
7fcc4e665000-7fcc4e666000 rw-s 00000000 00:05 58333                      /drm mm object (deleted)
7fcc4e666000-7fcc4e667000 rw-s 101798000 00:06 9426                      /dev/dri/card0
7fcc4e667000-7fcc4e66c000 r--s 00030000 08:01 16385032                   /home/michael/workspace/Slick2D-Project/Slick/lib/jinput.jar
7fcc4e66c000-7fcc4e67f000 rw-p 00000000 00:00 0 
7fcc4e67f000-7fcc4e687000 rw-s 00000000 00:1e 58299                      /tmp/hsperfdata_michael/3635
7fcc4e687000-7fcc4e688000 rw-p 00000000 00:00 0 
7fcc4e688000-7fcc4e689000 r--p 00000000 00:00 0 
7fcc4e689000-7fcc4e68a000 rw-p 00000000 00:00 0 
7fcc4e68a000-7fcc4e68b000 r--p 00021000 08:01 10226832                   /usr/lib/ld-2.21.so
7fcc4e68b000-7fcc4e68c000 rw-p 00022000 08:01 10226832                   /usr/lib/ld-2.21.so
7fcc4e68c000-7fcc4e68d000 rw-p 00000000 00:00 0 
7fff34131000-7fff34152000 rw-p 00000000 00:00 0                          [stack]
7fff341a0000-7fff341a2000 r--p 00000000 00:00 0                          [vvar]
7fff341a2000-7fff341a4000 r-xp 00000000 00:00 0                          [vdso]
ffffffffff600000-ffffffffff601000 r-xp 00000000 00:00 0                  [vsyscall]

VM Arguments:
jvm_args: -Djava.library.path=/home/michael/workspace/Slick2D-Project/lwjgl-2.9.3/native/linux -Dfile.encoding=UTF-8 
java_command: driver.Driver
java_class_path (initial): /home/michael/workspace/Slick2D-Project/bin:/home/michael/workspace/Slick2D-Project/Slick/lib/slick.jar:/home/michael/workspace/Slick2D-Project/Slick/lib/jinput.jar:/home/michael/workspace/Slick2D-Project/Slick/lib/lwjgl_util.jar:/home/michael/workspace/Slick2D-Project/Slick/lib/lwjgl.jar
Launcher Type: SUN_STANDARD

Environment Variables:
PATH=/usr/local/sbin:/usr/local/bin:/usr/bin:/usr/lib/jvm/default/bin:/usr/bin/site_perl:/usr/bin/vendor_perl:/usr/bin/core_perl
SHELL=/usr/bin/zsh
DISPLAY=:0

Signal Handlers:
SIGSEGV: [libjvm.so+0xa90890], sa_mask[0]=11111111011111111101111111111110, sa_flags=SA_RESTART|SA_SIGINFO
SIGBUS: [libjvm.so+0xa90890], sa_mask[0]=11111111011111111101111111111110, sa_flags=SA_RESTART|SA_SIGINFO
SIGFPE: [libjvm.so+0x8dac20], sa_mask[0]=11111111011111111101111111111110, sa_flags=SA_RESTART|SA_SIGINFO
SIGPIPE: [libjvm.so+0x8dac20], sa_mask[0]=11111111011111111101111111111110, sa_flags=SA_RESTART|SA_SIGINFO
SIGXFSZ: [libjvm.so+0x8dac20], sa_mask[0]=11111111011111111101111111111110, sa_flags=SA_RESTART|SA_SIGINFO
SIGILL: [libjvm.so+0x8dac20], sa_mask[0]=11111111011111111101111111111110, sa_flags=SA_RESTART|SA_SIGINFO
SIGUSR1: SIG_DFL, sa_mask[0]=00000000000000000000000000000000, sa_flags=none
SIGUSR2: [libjvm.so+0x8daad0], sa_mask[0]=00100000000000000000000000000000, sa_flags=SA_RESTART|SA_SIGINFO
SIGHUP: [libjvm.so+0x8dacf0], sa_mask[0]=11111111011111111101111111111110, sa_flags=SA_RESTART|SA_SIGINFO
SIGINT: SIG_IGN, sa_mask[0]=00000000000000000000000000000000, sa_flags=none
SIGTERM: [libjvm.so+0x8dacf0], sa_mask[0]=11111111011111111101111111111110, sa_flags=SA_RESTART|SA_SIGINFO
SIGQUIT: [libjvm.so+0x8dacf0], sa_mask[0]=11111111011111111101111111111110, sa_flags=SA_RESTART|SA_SIGINFO


---------------  S Y S T E M  ---------------

OS:NAME="Arch Linux"
ID=arch
PRETTY_NAME="Arch Linux"
ANSI_COLOR="0;36"
HOME_URL="https://www.archlinux.org/"
SUPPORT_URL="https://bbs.archlinux.org/"
BUG_REPORT_URL="https://bugs.archlinux.org/"


uname:Linux 4.0.7-2-ARCH #1 SMP PREEMPT Tue Jun 30 07:50:21 UTC 2015 x86_64
libc:glibc 2.21 NPTL 2.21 
rlimit: STACK 8192k, CORE 0k, NPROC 15337, NOFILE 4096, AS infinity
load average:0.53 0.35 0.34

/proc/meminfo:
MemTotal:        3931796 kB
MemFree:          607424 kB
MemAvailable:    1214096 kB
Buffers:           44412 kB
Cached:          1132460 kB
SwapCached:            0 kB
Active:          2242508 kB
Inactive:         907104 kB
Active(anon):    2003724 kB
Inactive(anon):   399884 kB
Active(file):     238784 kB
Inactive(file):   507220 kB
Unevictable:           0 kB
Mlocked:               0 kB
SwapTotal:             0 kB
SwapFree:              0 kB
Dirty:               316 kB
Writeback:             0 kB
AnonPages:       1972804 kB
Mapped:           626208 kB
Shmem:            430872 kB
Slab:              82892 kB
SReclaimable:      59208 kB
SUnreclaim:        23684 kB
KernelStack:        6144 kB
PageTables:        26580 kB
NFS_Unstable:          0 kB
Bounce:                0 kB
WritebackTmp:          0 kB
CommitLimit:     1965896 kB
Committed_AS:    5208012 kB
VmallocTotal:   34359738367 kB
VmallocUsed:      367784 kB
VmallocChunk:   34359362504 kB
HardwareCorrupted:     0 kB
AnonHugePages:    882688 kB
HugePages_Total:       0
HugePages_Free:        0
HugePages_Rsvd:        0
HugePages_Surp:        0
Hugepagesize:       2048 kB
DirectMap4k:       99968 kB
DirectMap2M:     3975168 kB


CPU:total 4 (2 cores per cpu, 2 threads per core) family 6 model 42 stepping 7, cmov, cx8, fxsr, mmx, sse, sse2, sse3, ssse3, sse4.1, sse4.2, popcnt, avx, aes, clmul, ht, tsc, tscinvbit

/proc/cpuinfo:
processor	: 0
vendor_id	: GenuineIntel
cpu family	: 6
model		: 42
model name	: Intel(R) Core(TM) i5-2520M CPU @ 2.50GHz
stepping	: 7
microcode	: 0x25
cpu MHz		: 2629.003
cache size	: 3072 KB
physical id	: 0
siblings	: 4
core id		: 0
cpu cores	: 2
apicid		: 0
initial apicid	: 0
fpu		: yes
fpu_exception	: yes
cpuid level	: 13
wp		: yes
flags		: fpu vme de pse tsc msr pae mce cx8 apic sep mtrr pge mca cmov pat pse36 clflush dts acpi mmx fxsr sse sse2 ss ht tm pbe syscall nx rdtscp lm constant_tsc arch_perfmon pebs bts nopl xtopology nonstop_tsc aperfmperf eagerfpu pni pclmulqdq dtes64 monitor ds_cpl vmx smx est tm2 ssse3 cx16 xtpr pdcm pcid sse4_1 sse4_2 x2apic popcnt tsc_deadline_timer aes xsave avx lahf_lm ida arat epb pln pts dtherm tpr_shadow vnmi flexpriority ept vpid xsaveopt
bugs		:
bogomips	: 4985.60
clflush size	: 64
cache_alignment	: 64
address sizes	: 36 bits physical, 48 bits virtual
power management:

processor	: 1
vendor_id	: GenuineIntel
cpu family	: 6
model		: 42
model name	: Intel(R) Core(TM) i5-2520M CPU @ 2.50GHz
stepping	: 7
microcode	: 0x25
cpu MHz		: 2707.812
cache size	: 3072 KB
physical id	: 0
siblings	: 4
core id		: 0
cpu cores	: 2
apicid		: 1
initial apicid	: 1
fpu		: yes
fpu_exception	: yes
cpuid level	: 13
wp		: yes
flags		: fpu vme de pse tsc msr pae mce cx8 apic sep mtrr pge mca cmov pat pse36 clflush dts acpi mmx fxsr sse sse2 ss ht tm pbe syscall nx rdtscp lm constant_tsc arch_perfmon pebs bts nopl xtopology nonstop_tsc aperfmperf eagerfpu pni pclmulqdq dtes64 monitor ds_cpl vmx smx est tm2 ssse3 cx16 xtpr pdcm pcid sse4_1 sse4_2 x2apic popcnt tsc_deadline_timer aes xsave avx lahf_lm ida arat epb pln pts dtherm tpr_shadow vnmi flexpriority ept vpid xsaveopt
bugs		:
bogomips	: 4985.60
clflush size	: 64
cache_alignment	: 64
address sizes	: 36 bits physical, 48 bits virtual
power management:

processor	: 2
vendor_id	: GenuineIntel
cpu family	: 6
model		: 42
model name	: Intel(R) Core(TM) i5-2520M CPU @ 2.50GHz
stepping	: 7
microcode	: 0x25
cpu MHz		: 2646.386
cache size	: 3072 KB
physical id	: 0
siblings	: 4
core id		: 1
cpu cores	: 2
apicid		: 2
initial apicid	: 2
fpu		: yes
fpu_exception	: yes
cpuid level	: 13
wp		: yes
flags		: fpu vme de pse tsc msr pae mce cx8 apic sep mtrr pge mca cmov pat pse36 clflush dts acpi mmx fxsr sse sse2 ss ht tm pbe syscall nx rdtscp lm constant_tsc arch_perfmon pebs bts nopl xtopology nonstop_tsc aperfmperf eagerfpu pni pclmulqdq dtes64 monitor ds_cpl vmx smx est tm2 ssse3 cx16 xtpr pdcm pcid sse4_1 sse4_2 x2apic popcnt tsc_deadline_timer aes xsave avx lahf_lm ida arat epb pln pts dtherm tpr_shadow vnmi flexpriority ept vpid xsaveopt
bugs		:
bogomips	: 4985.60
clflush size	: 64
cache_alignment	: 64
address sizes	: 36 bits physical, 48 bits virtual
power management:

processor	: 3
vendor_id	: GenuineIntel
cpu family	: 6
model		: 42
model name	: Intel(R) Core(TM) i5-2520M CPU @ 2.50GHz
stepping	: 7
microcode	: 0x25
cpu MHz		: 2257.519
cache size	: 3072 KB
physical id	: 0
siblings	: 4
core id		: 1
cpu cores	: 2
apicid		: 3
initial apicid	: 3
fpu		: yes
fpu_exception	: yes
cpuid level	: 13
wp		: yes
flags		: fpu vme de pse tsc msr pae mce cx8 apic sep mtrr pge mca cmov pat pse36 clflush dts acpi mmx fxsr sse sse2 ss ht tm pbe syscall nx rdtscp lm constant_tsc arch_perfmon pebs bts nopl xtopology nonstop_tsc aperfmperf eagerfpu pni pclmulqdq dtes64 monitor ds_cpl vmx smx est tm2 ssse3 cx16 xtpr pdcm pcid sse4_1 sse4_2 x2apic popcnt tsc_deadline_timer aes xsave avx lahf_lm ida arat epb pln pts dtherm tpr_shadow vnmi flexpriority ept vpid xsaveopt
bugs		:
bogomips	: 4985.60
clflush size	: 64
cache_alignment	: 64
address sizes	: 36 bits physical, 48 bits virtual
power management:



Memory: 4k page, physical 3931796k(607424k free), swap 0k(0k free)

vm_info: OpenJDK 64-Bit Server VM (25.45-b02) for linux-amd64 JRE (1.8.0_45-b14), built on Apr 20 2015 17:04:34 by "builduser" with gcc 4.9.2 20150304 (prerelease)

time: Thu Jul 16 09:38:53 2015
elapsed time: 5 seconds (0d 0h 0m 5s)

